Warning:  apex was installed without --cpp_ext.  Falling back to Python flatten and unflatten.
Warning:  apex was installed without --cuda_ext. Fused syncbn kernels will be unavailable.  Python fallbacks will be used instead.
Warning:  apex was installed without --cuda_ext.  FusedAdam will be unavailable.
Warning:  apex was installed without --cuda_ext.  FusedLayerNorm will be unavailable.
Namespace(config_file='experiments_xlmr/H1.05/fewshot_0.5_sien/run4/config.json', num_gpus=1)
Epoch  0

Calculating results on dev set(s)...

Saving best dev results to: experiments_xlmr/H1.05/fewshot_0.5_sien/run4/si_en.dev.best.scores

Calculating results on test set(s)...
Saving best test results to: experiments_xlmr/H1.05/fewshot_0.5_sien/run4/si_en.test.best.scores

Calculating results on dev set(s)...

Saving best dev results to: experiments_xlmr/H1.05/fewshot_0.5_sien/run4/si_en.dev.best.scores

Calculating results on test set(s)...
Saving best test results to: experiments_xlmr/H1.05/fewshot_0.5_sien/run4/si_en.test.best.scores

Calculating results on dev set(s)...

Saving best dev results to: experiments_xlmr/H1.05/fewshot_0.5_sien/run4/si_en.dev.best.scores

Calculating results on test set(s)...
Saving best test results to: experiments_xlmr/H1.05/fewshot_0.5_sien/run4/si_en.test.best.scores

Calculating results on dev set(s)...

Saving best dev results to: experiments_xlmr/H1.05/fewshot_0.5_sien/run4/si_en.dev.best.scores

Calculating results on test set(s)...
Saving best test results to: experiments_xlmr/H1.05/fewshot_0.5_sien/run4/si_en.test.best.scores

Calculating results on dev set(s)...

Saving best dev results to: experiments_xlmr/H1.05/fewshot_0.5_sien/run4/si_en.dev.best.scores

Calculating results on test set(s)...
Saving best test results to: experiments_xlmr/H1.05/fewshot_0.5_sien/run4/si_en.test.best.scores

Calculating results on dev set(s)...

Saving best dev results to: experiments_xlmr/H1.05/fewshot_0.5_sien/run4/si_en.dev.best.scores

Calculating results on test set(s)...
Saving best test results to: experiments_xlmr/H1.05/fewshot_0.5_sien/run4/si_en.test.best.scores

Calculating results on dev set(s)...
Epoch  1

Calculating results on dev set(s)...

Saving best dev results to: experiments_xlmr/H1.05/fewshot_0.5_sien/run4/si_en.dev.best.scores

Calculating results on test set(s)...
Saving best test results to: experiments_xlmr/H1.05/fewshot_0.5_sien/run4/si_en.test.best.scores

Calculating results on dev set(s)...

Calculating results on dev set(s)...

Calculating results on dev set(s)...

Saving best dev results to: experiments_xlmr/H1.05/fewshot_0.5_sien/run4/si_en.dev.best.scores

Calculating results on test set(s)...
Saving best test results to: experiments_xlmr/H1.05/fewshot_0.5_sien/run4/si_en.test.best.scores

Calculating results on dev set(s)...

Saving best dev results to: experiments_xlmr/H1.05/fewshot_0.5_sien/run4/si_en.dev.best.scores

Calculating results on test set(s)...
Saving best test results to: experiments_xlmr/H1.05/fewshot_0.5_sien/run4/si_en.test.best.scores

Calculating results on dev set(s)...

Saving best dev results to: experiments_xlmr/H1.05/fewshot_0.5_sien/run4/si_en.dev.best.scores

Calculating results on test set(s)...
Saving best test results to: experiments_xlmr/H1.05/fewshot_0.5_sien/run4/si_en.test.best.scores

Calculating results on dev set(s)...

Saving best dev results to: experiments_xlmr/H1.05/fewshot_0.5_sien/run4/si_en.dev.best.scores

Calculating results on test set(s)...
Saving best test results to: experiments_xlmr/H1.05/fewshot_0.5_sien/run4/si_en.test.best.scores

Calculating results on dev set(s)...

Saving best dev results to: experiments_xlmr/H1.05/fewshot_0.5_sien/run4/si_en.dev.best.scores

Calculating results on test set(s)...
Saving best test results to: experiments_xlmr/H1.05/fewshot_0.5_sien/run4/si_en.test.best.scores
Epoch  2

Calculating results on dev set(s)...

Calculating results on dev set(s)...

Saving best dev results to: experiments_xlmr/H1.05/fewshot_0.5_sien/run4/si_en.dev.best.scores

Calculating results on test set(s)...
Saving best test results to: experiments_xlmr/H1.05/fewshot_0.5_sien/run4/si_en.test.best.scores

Calculating results on dev set(s)...

Calculating results on dev set(s)...

Calculating results on dev set(s)...

Calculating results on dev set(s)...

Calculating results on dev set(s)...
Epoch  3

Calculating results on dev set(s)...

Saving best dev results to: experiments_xlmr/H1.05/fewshot_0.5_sien/run4/si_en.dev.best.scores

Calculating results on test set(s)...
Saving best test results to: experiments_xlmr/H1.05/fewshot_0.5_sien/run4/si_en.test.best.scores

Calculating results on dev set(s)...

Saving best dev results to: experiments_xlmr/H1.05/fewshot_0.5_sien/run4/si_en.dev.best.scores

Calculating results on test set(s)...
Saving best test results to: experiments_xlmr/H1.05/fewshot_0.5_sien/run4/si_en.test.best.scores

Calculating results on dev set(s)...

Saving best dev results to: experiments_xlmr/H1.05/fewshot_0.5_sien/run4/si_en.dev.best.scores

Calculating results on test set(s)...
Saving best test results to: experiments_xlmr/H1.05/fewshot_0.5_sien/run4/si_en.test.best.scores

Calculating results on dev set(s)...

Calculating results on dev set(s)...

Calculating results on dev set(s)...

Calculating results on dev set(s)...

Calculating results on dev set(s)...
Epoch  4

Calculating results on dev set(s)...

Saving best dev results to: experiments_xlmr/H1.05/fewshot_0.5_sien/run4/si_en.dev.best.scores

Calculating results on test set(s)...
Saving best test results to: experiments_xlmr/H1.05/fewshot_0.5_sien/run4/si_en.test.best.scores

Calculating results on dev set(s)...

Calculating results on dev set(s)...

Calculating results on dev set(s)...

Calculating results on dev set(s)...

Calculating results on dev set(s)...

Calculating results on dev set(s)...
Epoch  5

Calculating results on dev set(s)...

Calculating results on dev set(s)...

Calculating results on dev set(s)...

Calculating results on dev set(s)...

Calculating results on dev set(s)...

Calculating results on dev set(s)...

Calculating results on dev set(s)...

Calculating results on dev set(s)...
Epoch  6

Calculating results on dev set(s)...

Calculating results on dev set(s)...

Calculating results on dev set(s)...

Calculating results on dev set(s)...

Calculating results on dev set(s)...

Calculating results on dev set(s)...

Calculating results on dev set(s)...
Epoch  7

Calculating results on dev set(s)...

Calculating results on dev set(s)...

Calculating results on dev set(s)...

Calculating results on dev set(s)...

Calculating results on dev set(s)...

Calculating results on dev set(s)...

Calculating results on dev set(s)...

Calculating results on dev set(s)...
Epoch  8

Calculating results on dev set(s)...

Calculating results on dev set(s)...

Calculating results on dev set(s)...

Calculating results on dev set(s)...

Calculating results on dev set(s)...

Calculating results on dev set(s)...

Calculating results on dev set(s)...
Epoch  9

Calculating results on dev set(s)...

Calculating results on dev set(s)...

Calculating results on dev set(s)...

Calculating results on dev set(s)...

Calculating results on dev set(s)...

Calculating results on dev set(s)...

Calculating results on dev set(s)...

Calculating results on dev set(s)...
Epoch  10

Calculating results on dev set(s)...

Calculating results on dev set(s)...

Calculating results on dev set(s)...

Calculating results on dev set(s)...

Calculating results on dev set(s)...

Calculating results on dev set(s)...

Calculating results on dev set(s)...
Epoch  11

Calculating results on dev set(s)...

Calculating results on dev set(s)...

Calculating results on dev set(s)...

Calculating results on dev set(s)...

Calculating results on dev set(s)...

Calculating results on dev set(s)...

Calculating results on dev set(s)...

Calculating results on dev set(s)...
Epoch  12

Calculating results on dev set(s)...

Calculating results on dev set(s)...

Calculating results on dev set(s)...

Calculating results on dev set(s)...

Calculating results on dev set(s)...

Calculating results on dev set(s)...

Calculating results on dev set(s)...
Epoch  13

Calculating results on dev set(s)...

Calculating results on dev set(s)...

Calculating results on dev set(s)...

Calculating results on dev set(s)...

Calculating results on dev set(s)...

Calculating results on dev set(s)...

Calculating results on dev set(s)...

Calculating results on dev set(s)...
Epoch  14

Calculating results on dev set(s)...

Calculating results on dev set(s)...

Calculating results on dev set(s)...

Calculating results on dev set(s)...

Calculating results on dev set(s)...

Calculating results on dev set(s)...

Calculating results on dev set(s)...
Epoch  15

Calculating results on dev set(s)...

Calculating results on dev set(s)...

Calculating results on dev set(s)...

Calculating results on dev set(s)...

Calculating results on dev set(s)...

Calculating results on dev set(s)...

Calculating results on dev set(s)...

Calculating results on dev set(s)...
Epoch  16

Calculating results on dev set(s)...

Calculating results on dev set(s)...

Calculating results on dev set(s)...

Calculating results on dev set(s)...

Calculating results on dev set(s)...

Calculating results on dev set(s)...

Calculating results on dev set(s)...
Epoch  17

Calculating results on dev set(s)...

Calculating results on dev set(s)...

Calculating results on dev set(s)...

Calculating results on dev set(s)...

Calculating results on dev set(s)...

Calculating results on dev set(s)...

Calculating results on dev set(s)...

Calculating results on dev set(s)...
Epoch  18

Calculating results on dev set(s)...

Calculating results on dev set(s)...

Calculating results on dev set(s)...

Calculating results on dev set(s)...

Calculating results on dev set(s)...

Calculating results on dev set(s)...

Calculating results on dev set(s)...
Epoch  19

Calculating results on dev set(s)...

Calculating results on dev set(s)...

Calculating results on dev set(s)...

Calculating results on dev set(s)...

Calculating results on dev set(s)...

Calculating results on dev set(s)...

Calculating results on dev set(s)...

Calculating results on dev set(s)...
