Epoch 0 Global steps: 100 Train loss: 232.1484
en-de Dev loss: 0.5589 r:0.0643
en-zh Dev loss: 0.5390 r:0.0563
ro-en Dev loss: 0.9063 r:0.2259
et-en Dev loss: 0.7554 r:-0.1040
si-en Dev loss: 0.6319 r:0.0296
ne-en Dev loss: 0.7011 r:-0.0001
Current avg r:0.0453 Best avg r: 0.0453
Epoch 0 Global steps: 200 Train loss: 444.5856
en-de Dev loss: 0.5576 r:0.1394
en-zh Dev loss: 0.5294 r:0.1286
ro-en Dev loss: 0.8951 r:0.4311
et-en Dev loss: 0.7490 r:0.0779
si-en Dev loss: 0.6287 r:0.1080
ne-en Dev loss: 0.6932 r:0.2502
Current avg r:0.1892 Best avg r: 0.1892
Epoch 0 Global steps: 300 Train loss: 674.0367
en-de Dev loss: 0.5585 r:0.1954
en-zh Dev loss: 0.5188 r:0.1890
ro-en Dev loss: 0.8799 r:0.5467
et-en Dev loss: 0.7421 r:0.2062
si-en Dev loss: 0.6260 r:0.1496
ne-en Dev loss: 0.6808 r:0.4246
Current avg r:0.2852 Best avg r: 0.2852
Epoch 0 Global steps: 400 Train loss: 887.7197
en-de Dev loss: 0.5614 r:0.2373
en-zh Dev loss: 0.5068 r:0.2323
ro-en Dev loss: 0.8577 r:0.6011
et-en Dev loss: 0.7328 r:0.2959
si-en Dev loss: 0.6253 r:0.1265
ne-en Dev loss: 0.6611 r:0.4923
Current avg r:0.3309 Best avg r: 0.3309
Epoch 0 Global steps: 500 Train loss: 1100.4002
en-de Dev loss: 0.5507 r:0.2691
en-zh Dev loss: 0.5046 r:0.2671
ro-en Dev loss: 0.7724 r:0.6613
et-en Dev loss: 0.6866 r:0.3913
si-en Dev loss: 0.6133 r:0.2077
ne-en Dev loss: 0.6164 r:0.5372
Current avg r:0.3890 Best avg r: 0.3890
Epoch 0 Global steps: 600 Train loss: 1316.1277
en-de Dev loss: 0.5596 r:0.2764
en-zh Dev loss: 0.4801 r:0.2910
ro-en Dev loss: 0.7462 r:0.6695
et-en Dev loss: 0.6660 r:0.4607
si-en Dev loss: 0.5921 r:0.3050
ne-en Dev loss: 0.5287 r:0.5450
Current avg r:0.4246 Best avg r: 0.4246
Epoch 0 Global steps: 700 Train loss: 1507.3250
en-de Dev loss: 0.5353 r:0.2812
en-zh Dev loss: 0.4857 r:0.3026
ro-en Dev loss: 0.6392 r:0.6758
et-en Dev loss: 0.5728 r:0.5181
si-en Dev loss: 0.5689 r:0.3366
ne-en Dev loss: 0.5062 r:0.5415
Current avg r:0.4426 Best avg r: 0.4426
Epoch 0 Global steps: 800 Train loss: 1712.0721
en-de Dev loss: 0.5265 r:0.2860
en-zh Dev loss: 0.4857 r:0.3157
ro-en Dev loss: 0.6019 r:0.6808
et-en Dev loss: 0.5521 r:0.5490
si-en Dev loss: 0.5545 r:0.3687
ne-en Dev loss: 0.5044 r:0.5368
Current avg r:0.4561 Best avg r: 0.4561
Epoch 0 Global steps: 900 Train loss: 1920.9270
en-de Dev loss: 0.5218 r:0.2921
en-zh Dev loss: 0.4780 r:0.3257
ro-en Dev loss: 0.5379 r:0.6769
et-en Dev loss: 0.5199 r:0.5621
si-en Dev loss: 0.5482 r:0.3832
ne-en Dev loss: 0.5048 r:0.5357
Current avg r:0.4626 Best avg r: 0.4626
Epoch 0 Global steps: 1000 Train loss: 2112.1045
en-de Dev loss: 0.5180 r:0.3007
en-zh Dev loss: 0.4714 r:0.3307
ro-en Dev loss: 0.5090 r:0.6903
et-en Dev loss: 0.5103 r:0.5692
si-en Dev loss: 0.5412 r:0.3957
ne-en Dev loss: 0.4957 r:0.5492
Current avg r:0.4726 Best avg r: 0.4726
Epoch 0 Global steps: 1100 Train loss: 2292.4031
en-de Dev loss: 0.5123 r:0.3070
en-zh Dev loss: 0.4727 r:0.3409
ro-en Dev loss: 0.5024 r:0.6987
et-en Dev loss: 0.5069 r:0.5732
si-en Dev loss: 0.5335 r:0.4025
ne-en Dev loss: 0.4886 r:0.5573
Current avg r:0.4800 Best avg r: 0.4800
Epoch 0 Global steps: 1200 Train loss: 2504.9621
en-de Dev loss: 0.5104 r:0.3147
en-zh Dev loss: 0.4686 r:0.3449
ro-en Dev loss: 0.4923 r:0.7114
et-en Dev loss: 0.4972 r:0.5846
si-en Dev loss: 0.5328 r:0.4180
ne-en Dev loss: 0.4929 r:0.5465
Current avg r:0.4867 Best avg r: 0.4867
Epoch 0 Global steps: 1300 Train loss: 2709.8164
en-de Dev loss: 0.5094 r:0.3194
en-zh Dev loss: 0.4623 r:0.3472
ro-en Dev loss: 0.5056 r:0.7181
et-en Dev loss: 0.5057 r:0.5931
si-en Dev loss: 0.5355 r:0.4226
ne-en Dev loss: 0.4978 r:0.5435
Current avg r:0.4907 Best avg r: 0.4907
Epoch 0 Global steps: 1400 Train loss: 2893.0450
en-de Dev loss: 0.5073 r:0.3235
en-zh Dev loss: 0.4617 r:0.3513
ro-en Dev loss: 0.4982 r:0.7182
et-en Dev loss: 0.4857 r:0.6001
si-en Dev loss: 0.5415 r:0.4252
ne-en Dev loss: 0.4673 r:0.5832
Current avg r:0.5002 Best avg r: 0.5002
Epoch 0 Global steps: 1500 Train loss: 3058.2260
en-de Dev loss: 0.5064 r:0.3311
en-zh Dev loss: 0.4540 r:0.3600
ro-en Dev loss: 0.4925 r:0.7246
et-en Dev loss: 0.4839 r:0.6026
si-en Dev loss: 0.5252 r:0.4174
ne-en Dev loss: 0.4602 r:0.5900
Current avg r:0.5043 Best avg r: 0.5043
Epoch 0 Global steps: 1600 Train loss: 3244.8368
en-de Dev loss: 0.5104 r:0.3358
en-zh Dev loss: 0.4468 r:0.3650
ro-en Dev loss: 0.5127 r:0.7348
et-en Dev loss: 0.5089 r:0.6057
si-en Dev loss: 0.5230 r:0.4290
ne-en Dev loss: 0.4636 r:0.5847
Current avg r:0.5092 Best avg r: 0.5092
Epoch 0 Global steps: 1700 Train loss: 3428.9204
en-de Dev loss: 0.5049 r:0.3335
en-zh Dev loss: 0.4445 r:0.3729
ro-en Dev loss: 0.4780 r:0.7408
et-en Dev loss: 0.4954 r:0.6069
si-en Dev loss: 0.5168 r:0.4384
ne-en Dev loss: 0.4517 r:0.5970
Current avg r:0.5150 Best avg r: 0.5150
Epoch 0 Global steps: 1800 Train loss: 3604.4946
en-de Dev loss: 0.5085 r:0.3354
en-zh Dev loss: 0.4407 r:0.3731
ro-en Dev loss: 0.4559 r:0.7428
et-en Dev loss: 0.4857 r:0.6083
si-en Dev loss: 0.5226 r:0.4393
ne-en Dev loss: 0.4489 r:0.5998
Current avg r:0.5164 Best avg r: 0.5164
Epoch 0 Global steps: 1900 Train loss: 3820.4069
en-de Dev loss: 0.4992 r:0.3415
en-zh Dev loss: 0.4468 r:0.3796
ro-en Dev loss: 0.5060 r:0.7501
et-en Dev loss: 0.5359 r:0.6061
si-en Dev loss: 0.5254 r:0.4506
ne-en Dev loss: 0.4644 r:0.5947
Current avg r:0.5204 Best avg r: 0.5204
Epoch 0 Global steps: 2000 Train loss: 4012.5921
en-de Dev loss: 0.4971 r:0.3498
en-zh Dev loss: 0.4410 r:0.3815
ro-en Dev loss: 0.4280 r:0.7478
et-en Dev loss: 0.4706 r:0.6163
si-en Dev loss: 0.5181 r:0.4497
ne-en Dev loss: 0.4435 r:0.6094
Current avg r:0.5258 Best avg r: 0.5258
Epoch 0 Global steps: 2100 Train loss: 4195.2736
en-de Dev loss: 0.4984 r:0.3527
en-zh Dev loss: 0.4394 r:0.3827
ro-en Dev loss: 0.4732 r:0.7583
et-en Dev loss: 0.5024 r:0.6197
si-en Dev loss: 0.5136 r:0.4543
ne-en Dev loss: 0.4707 r:0.5975
Current avg r:0.5275 Best avg r: 0.5275
Epoch 0 Global steps: 2200 Train loss: 4368.1293
en-de Dev loss: 0.4953 r:0.3564
en-zh Dev loss: 0.4401 r:0.3880
ro-en Dev loss: 0.4344 r:0.7570
et-en Dev loss: 0.4643 r:0.6287
si-en Dev loss: 0.5037 r:0.4553
ne-en Dev loss: 0.4366 r:0.6151
Current avg r:0.5334 Best avg r: 0.5334
Epoch 0 Global steps: 2300 Train loss: 4551.0955
en-de Dev loss: 0.5099 r:0.3586
en-zh Dev loss: 0.4306 r:0.3838
ro-en Dev loss: 0.4347 r:0.7628
et-en Dev loss: 0.4689 r:0.6303
si-en Dev loss: 0.5244 r:0.4594
ne-en Dev loss: 0.4504 r:0.6099
Current avg r:0.5341 Best avg r: 0.5341
Epoch 0 Global steps: 2400 Train loss: 4721.4207
en-de Dev loss: 0.5028 r:0.3594
en-zh Dev loss: 0.4328 r:0.3913
ro-en Dev loss: 0.4507 r:0.7677
et-en Dev loss: 0.4828 r:0.6300
si-en Dev loss: 0.4982 r:0.4635
ne-en Dev loss: 0.4486 r:0.6105
Current avg r:0.5371 Best avg r: 0.5371
Epoch 0 Global steps: 2500 Train loss: 4897.1520
en-de Dev loss: 0.5000 r:0.3606
en-zh Dev loss: 0.4327 r:0.3942
ro-en Dev loss: 0.4424 r:0.7680
et-en Dev loss: 0.5017 r:0.6308
si-en Dev loss: 0.4983 r:0.4690
ne-en Dev loss: 0.4487 r:0.6084
Current avg r:0.5385 Best avg r: 0.5385
Epoch 0 Global steps: 2600 Train loss: 5085.1230
en-de Dev loss: 0.4945 r:0.3627
en-zh Dev loss: 0.4314 r:0.3972
ro-en Dev loss: 0.3946 r:0.7673
et-en Dev loss: 0.4628 r:0.6351
si-en Dev loss: 0.4944 r:0.4677
ne-en Dev loss: 0.4384 r:0.6153
Current avg r:0.5409 Best avg r: 0.5409
Epoch 1 Global steps: 2700 Train loss: 127.9005
en-de Dev loss: 0.4979 r:0.3662
en-zh Dev loss: 0.4283 r:0.3956
ro-en Dev loss: 0.4418 r:0.7706
et-en Dev loss: 0.4983 r:0.6339
si-en Dev loss: 0.4930 r:0.4699
ne-en Dev loss: 0.4495 r:0.6115
Current avg r:0.5413 Best avg r: 0.5413
Epoch 1 Global steps: 2800 Train loss: 289.7388
en-de Dev loss: 0.4996 r:0.3707
en-zh Dev loss: 0.4328 r:0.3978
ro-en Dev loss: 0.4015 r:0.7718
et-en Dev loss: 0.4578 r:0.6395
si-en Dev loss: 0.4955 r:0.4701
ne-en Dev loss: 0.4274 r:0.6260
Current avg r:0.5460 Best avg r: 0.5460
Epoch 1 Global steps: 2900 Train loss: 465.1011
en-de Dev loss: 0.4952 r:0.3702
en-zh Dev loss: 0.4371 r:0.3982
ro-en Dev loss: 0.4121 r:0.7752
et-en Dev loss: 0.4767 r:0.6375
si-en Dev loss: 0.5077 r:0.4746
ne-en Dev loss: 0.4430 r:0.6187
Current avg r:0.5457 Best avg r: 0.5460
Epoch 1 Global steps: 3000 Train loss: 641.3379
en-de Dev loss: 0.4921 r:0.3729
en-zh Dev loss: 0.4332 r:0.4011
ro-en Dev loss: 0.4533 r:0.7776
et-en Dev loss: 0.5252 r:0.6301
si-en Dev loss: 0.4937 r:0.4763
ne-en Dev loss: 0.4759 r:0.6049
Current avg r:0.5438 Best avg r: 0.5460
Epoch 1 Global steps: 3100 Train loss: 817.5426
en-de Dev loss: 0.4840 r:0.3759
en-zh Dev loss: 0.4438 r:0.4084
ro-en Dev loss: 0.4061 r:0.7779
et-en Dev loss: 0.4758 r:0.6376
si-en Dev loss: 0.4925 r:0.4754
ne-en Dev loss: 0.4368 r:0.6215
Current avg r:0.5494 Best avg r: 0.5494
Epoch 1 Global steps: 3200 Train loss: 992.8905
en-de Dev loss: 0.4968 r:0.3752
en-zh Dev loss: 0.4194 r:0.4094
ro-en Dev loss: 0.4280 r:0.7840
et-en Dev loss: 0.5226 r:0.6302
si-en Dev loss: 0.5245 r:0.4760
ne-en Dev loss: 0.4463 r:0.6187
Current avg r:0.5489 Best avg r: 0.5494
Epoch 1 Global steps: 3300 Train loss: 1168.2246
en-de Dev loss: 0.4877 r:0.3765
en-zh Dev loss: 0.4166 r:0.4140
ro-en Dev loss: 0.3763 r:0.7860
et-en Dev loss: 0.4719 r:0.6355
si-en Dev loss: 0.4908 r:0.4770
ne-en Dev loss: 0.4318 r:0.6242
Current avg r:0.5522 Best avg r: 0.5522
Epoch 1 Global steps: 3400 Train loss: 1342.7627
en-de Dev loss: 0.4908 r:0.3813
en-zh Dev loss: 0.4179 r:0.4168
ro-en Dev loss: 0.3752 r:0.7837
et-en Dev loss: 0.4592 r:0.6444
si-en Dev loss: 0.4927 r:0.4770
ne-en Dev loss: 0.4194 r:0.6425
Current avg r:0.5576 Best avg r: 0.5576
Epoch 1 Global steps: 3500 Train loss: 1497.6340
en-de Dev loss: 0.4985 r:0.3830
en-zh Dev loss: 0.4181 r:0.4177
ro-en Dev loss: 0.3808 r:0.7854
et-en Dev loss: 0.4530 r:0.6468
si-en Dev loss: 0.4901 r:0.4766
ne-en Dev loss: 0.4126 r:0.6452
Current avg r:0.5591 Best avg r: 0.5591
Epoch 1 Global steps: 3600 Train loss: 1660.2886
en-de Dev loss: 0.4897 r:0.3843
en-zh Dev loss: 0.4154 r:0.4182
ro-en Dev loss: 0.4086 r:0.7876
et-en Dev loss: 0.4734 r:0.6453
si-en Dev loss: 0.4940 r:0.4854
ne-en Dev loss: 0.4166 r:0.6436
Current avg r:0.5607 Best avg r: 0.5607
Epoch 1 Global steps: 3700 Train loss: 1835.1621
en-de Dev loss: 0.4962 r:0.3817
en-zh Dev loss: 0.4179 r:0.4159
ro-en Dev loss: 0.4243 r:0.7877
et-en Dev loss: 0.4912 r:0.6472
si-en Dev loss: 0.5101 r:0.4907
ne-en Dev loss: 0.4169 r:0.6461
Current avg r:0.5616 Best avg r: 0.5616
Epoch 1 Global steps: 3800 Train loss: 2003.4189
en-de Dev loss: 0.4914 r:0.3889
en-zh Dev loss: 0.4209 r:0.4184
ro-en Dev loss: 0.3951 r:0.7902
et-en Dev loss: 0.4468 r:0.6555
si-en Dev loss: 0.5033 r:0.4943
ne-en Dev loss: 0.4133 r:0.6478
Current avg r:0.5659 Best avg r: 0.5659
Epoch 1 Global steps: 3900 Train loss: 2162.6941
en-de Dev loss: 0.5047 r:0.3877
en-zh Dev loss: 0.4160 r:0.4177
ro-en Dev loss: 0.4394 r:0.7919
et-en Dev loss: 0.4816 r:0.6547
si-en Dev loss: 0.5111 r:0.4942
ne-en Dev loss: 0.4384 r:0.6391
Current avg r:0.5642 Best avg r: 0.5659
Epoch 1 Global steps: 4000 Train loss: 2319.8298
en-de Dev loss: 0.5160 r:0.3870
en-zh Dev loss: 0.4209 r:0.4152
ro-en Dev loss: 0.4584 r:0.7920
et-en Dev loss: 0.4967 r:0.6543
si-en Dev loss: 0.4890 r:0.4943
ne-en Dev loss: 0.4346 r:0.6426
Current avg r:0.5642 Best avg r: 0.5659
Epoch 1 Global steps: 4100 Train loss: 2495.5898
en-de Dev loss: 0.4850 r:0.3893
en-zh Dev loss: 0.4227 r:0.4239
ro-en Dev loss: 0.3713 r:0.7943
et-en Dev loss: 0.4344 r:0.6617
si-en Dev loss: 0.4759 r:0.4987
ne-en Dev loss: 0.4058 r:0.6496
Current avg r:0.5696 Best avg r: 0.5696
Epoch 1 Global steps: 4200 Train loss: 2690.7667
en-de Dev loss: 0.4767 r:0.3931
en-zh Dev loss: 0.4341 r:0.4254
ro-en Dev loss: 0.3581 r:0.7967
et-en Dev loss: 0.4320 r:0.6634
si-en Dev loss: 0.4742 r:0.5037
ne-en Dev loss: 0.4037 r:0.6522
Current avg r:0.5724 Best avg r: 0.5724
Epoch 1 Global steps: 4300 Train loss: 2878.1720
en-de Dev loss: 0.4769 r:0.3924
en-zh Dev loss: 0.4213 r:0.4275
ro-en Dev loss: 0.3818 r:0.7988
et-en Dev loss: 0.4614 r:0.6598
si-en Dev loss: 0.4883 r:0.5002
ne-en Dev loss: 0.4295 r:0.6465
Current avg r:0.5709 Best avg r: 0.5724
Epoch 1 Global steps: 4400 Train loss: 3031.5960
en-de Dev loss: 0.4829 r:0.3941
en-zh Dev loss: 0.4123 r:0.4285
ro-en Dev loss: 0.3877 r:0.7997
et-en Dev loss: 0.4557 r:0.6623
si-en Dev loss: 0.4859 r:0.5002
ne-en Dev loss: 0.4204 r:0.6505
Current avg r:0.5726 Best avg r: 0.5726
Epoch 1 Global steps: 4500 Train loss: 3204.3216
en-de Dev loss: 0.4796 r:0.3945
en-zh Dev loss: 0.4241 r:0.4288
ro-en Dev loss: 0.3743 r:0.7995
et-en Dev loss: 0.4424 r:0.6641
si-en Dev loss: 0.4878 r:0.4996
ne-en Dev loss: 0.3971 r:0.6586
Current avg r:0.5742 Best avg r: 0.5742
Epoch 1 Global steps: 4600 Train loss: 3351.2347
en-de Dev loss: 0.4881 r:0.3929
en-zh Dev loss: 0.4175 r:0.4241
ro-en Dev loss: 0.3788 r:0.8003
et-en Dev loss: 0.4375 r:0.6636
si-en Dev loss: 0.4834 r:0.4973
ne-en Dev loss: 0.3947 r:0.6624
Current avg r:0.5734 Best avg r: 0.5742
Epoch 1 Global steps: 4700 Train loss: 3524.0676
en-de Dev loss: 0.4821 r:0.3878
en-zh Dev loss: 0.4200 r:0.4293
ro-en Dev loss: 0.4065 r:0.8000
et-en Dev loss: 0.4522 r:0.6646
si-en Dev loss: 0.4901 r:0.5032
ne-en Dev loss: 0.4197 r:0.6525
Current avg r:0.5729 Best avg r: 0.5742
Epoch 1 Global steps: 4800 Train loss: 3677.6925
en-de Dev loss: 0.4895 r:0.3894
en-zh Dev loss: 0.4131 r:0.4296
ro-en Dev loss: 0.4177 r:0.8004
et-en Dev loss: 0.4795 r:0.6639
si-en Dev loss: 0.5150 r:0.5038
ne-en Dev loss: 0.4192 r:0.6563
Current avg r:0.5739 Best avg r: 0.5742
Epoch 1 Global steps: 4900 Train loss: 3835.3789
en-de Dev loss: 0.4857 r:0.3938
en-zh Dev loss: 0.4094 r:0.4347
ro-en Dev loss: 0.3999 r:0.8014
et-en Dev loss: 0.4750 r:0.6655
si-en Dev loss: 0.4803 r:0.5059
ne-en Dev loss: 0.4129 r:0.6598
Current avg r:0.5769 Best avg r: 0.5769
Epoch 1 Global steps: 5000 Train loss: 4017.6534
en-de Dev loss: 0.4849 r:0.3949
en-zh Dev loss: 0.4153 r:0.4307
ro-en Dev loss: 0.4273 r:0.8026
et-en Dev loss: 0.4954 r:0.6657
si-en Dev loss: 0.4856 r:0.5077
ne-en Dev loss: 0.4590 r:0.6543
Current avg r:0.5760 Best avg r: 0.5769
Epoch 1 Global steps: 5100 Train loss: 4188.7790
en-de Dev loss: 0.4808 r:0.3986
en-zh Dev loss: 0.4121 r:0.4351
ro-en Dev loss: 0.3647 r:0.8050
et-en Dev loss: 0.4361 r:0.6704
si-en Dev loss: 0.4745 r:0.5097
ne-en Dev loss: 0.4176 r:0.6605
Current avg r:0.5799 Best avg r: 0.5799
Epoch 1 Global steps: 5200 Train loss: 4349.6616
en-de Dev loss: 0.4831 r:0.3954
en-zh Dev loss: 0.4098 r:0.4376
ro-en Dev loss: 0.3741 r:0.8053
et-en Dev loss: 0.4472 r:0.6715
si-en Dev loss: 0.4744 r:0.5102
ne-en Dev loss: 0.3998 r:0.6689
Current avg r:0.5815 Best avg r: 0.5815
Epoch 2 Global steps: 5300 Train loss: 80.4894
en-de Dev loss: 0.4857 r:0.3947
en-zh Dev loss: 0.4101 r:0.4374
ro-en Dev loss: 0.3884 r:0.8053
et-en Dev loss: 0.4702 r:0.6686
si-en Dev loss: 0.4868 r:0.5088
ne-en Dev loss: 0.4140 r:0.6653
Current avg r:0.5800 Best avg r: 0.5815
Epoch 2 Global steps: 5400 Train loss: 257.2704
en-de Dev loss: 0.4862 r:0.3970
en-zh Dev loss: 0.4193 r:0.4364
ro-en Dev loss: 0.3752 r:0.8054
et-en Dev loss: 0.4594 r:0.6692
si-en Dev loss: 0.5028 r:0.5073
ne-en Dev loss: 0.3953 r:0.6717
Current avg r:0.5812 Best avg r: 0.5815
Epoch 2 Global steps: 5500 Train loss: 414.7102
en-de Dev loss: 0.4811 r:0.3947
en-zh Dev loss: 0.4156 r:0.4395
ro-en Dev loss: 0.3686 r:0.8070
et-en Dev loss: 0.4643 r:0.6703
si-en Dev loss: 0.4897 r:0.5087
ne-en Dev loss: 0.4133 r:0.6667
Current avg r:0.5811 Best avg r: 0.5815
Epoch 2 Global steps: 5600 Train loss: 559.1308
en-de Dev loss: 0.4835 r:0.3980
en-zh Dev loss: 0.4172 r:0.4434
ro-en Dev loss: 0.3907 r:0.8072
et-en Dev loss: 0.4890 r:0.6699
si-en Dev loss: 0.4816 r:0.5091
ne-en Dev loss: 0.4198 r:0.6669
Current avg r:0.5824 Best avg r: 0.5824
Epoch 2 Global steps: 5700 Train loss: 718.3962
en-de Dev loss: 0.4873 r:0.3973
en-zh Dev loss: 0.4157 r:0.4385
ro-en Dev loss: 0.3698 r:0.8104
et-en Dev loss: 0.4674 r:0.6707
si-en Dev loss: 0.4875 r:0.5092
ne-en Dev loss: 0.4296 r:0.6635
Current avg r:0.5816 Best avg r: 0.5824
Epoch 2 Global steps: 5800 Train loss: 876.2079
en-de Dev loss: 0.4778 r:0.4015
en-zh Dev loss: 0.4178 r:0.4410
ro-en Dev loss: 0.3264 r:0.8106
et-en Dev loss: 0.4114 r:0.6782
si-en Dev loss: 0.4698 r:0.5140
ne-en Dev loss: 0.3847 r:0.6771
Current avg r:0.5871 Best avg r: 0.5871
Epoch 2 Global steps: 5900 Train loss: 1044.7412
en-de Dev loss: 0.4750 r:0.4001
en-zh Dev loss: 0.4200 r:0.4433
ro-en Dev loss: 0.3455 r:0.8096
et-en Dev loss: 0.4241 r:0.6771
si-en Dev loss: 0.4654 r:0.5143
ne-en Dev loss: 0.3839 r:0.6740
Current avg r:0.5864 Best avg r: 0.5871
Epoch 2 Global steps: 6000 Train loss: 1196.0273
en-de Dev loss: 0.4909 r:0.4022
en-zh Dev loss: 0.4212 r:0.4385
ro-en Dev loss: 0.3944 r:0.8079
et-en Dev loss: 0.4666 r:0.6718
si-en Dev loss: 0.5098 r:0.5133
ne-en Dev loss: 0.3998 r:0.6706
Current avg r:0.5841 Best avg r: 0.5871
Epoch 2 Global steps: 6100 Train loss: 1359.4632
en-de Dev loss: 0.4842 r:0.4072
en-zh Dev loss: 0.4266 r:0.4365
ro-en Dev loss: 0.3831 r:0.8098
et-en Dev loss: 0.4550 r:0.6755
si-en Dev loss: 0.4713 r:0.5162
ne-en Dev loss: 0.4123 r:0.6675
Current avg r:0.5854 Best avg r: 0.5871
Epoch 2 Global steps: 6200 Train loss: 1509.3461
en-de Dev loss: 0.4924 r:0.4045
en-zh Dev loss: 0.4230 r:0.4346
ro-en Dev loss: 0.3551 r:0.8127
et-en Dev loss: 0.4371 r:0.6771
si-en Dev loss: 0.4693 r:0.5163
ne-en Dev loss: 0.4166 r:0.6689
Current avg r:0.5857 Best avg r: 0.5871
Epoch 2 Global steps: 6300 Train loss: 1656.1731
en-de Dev loss: 0.4925 r:0.4062
en-zh Dev loss: 0.4307 r:0.4353
ro-en Dev loss: 0.4004 r:0.8116
et-en Dev loss: 0.4679 r:0.6764
si-en Dev loss: 0.4818 r:0.5143
ne-en Dev loss: 0.4367 r:0.6691
Current avg r:0.5855 Best avg r: 0.5871
Epoch 2 Global steps: 6400 Train loss: 1812.6026
en-de Dev loss: 0.4985 r:0.3999
en-zh Dev loss: 0.4295 r:0.4334
ro-en Dev loss: 0.4037 r:0.8119
et-en Dev loss: 0.4990 r:0.6737
si-en Dev loss: 0.4815 r:0.5140
ne-en Dev loss: 0.4606 r:0.6645
Current avg r:0.5829 Best avg r: 0.5871
Epoch 2 Global steps: 6500 Train loss: 1964.3043
en-de Dev loss: 0.4926 r:0.3976
en-zh Dev loss: 0.4212 r:0.4346
ro-en Dev loss: 0.3388 r:0.8134
et-en Dev loss: 0.4336 r:0.6791
si-en Dev loss: 0.4676 r:0.5154
ne-en Dev loss: 0.4119 r:0.6693
Current avg r:0.5849 Best avg r: 0.5871
Epoch 2 Global steps: 6600 Train loss: 2119.7527
en-de Dev loss: 0.4882 r:0.3937
en-zh Dev loss: 0.4161 r:0.4402
ro-en Dev loss: 0.3752 r:0.8135
et-en Dev loss: 0.4792 r:0.6793
si-en Dev loss: 0.4818 r:0.5139
ne-en Dev loss: 0.4508 r:0.6650
Current avg r:0.5843 Best avg r: 0.5871
Epoch 2 Global steps: 6700 Train loss: 2270.1031
en-de Dev loss: 0.4936 r:0.3913
en-zh Dev loss: 0.4163 r:0.4374
ro-en Dev loss: 0.3803 r:0.8120
et-en Dev loss: 0.4591 r:0.6813
si-en Dev loss: 0.4804 r:0.5176
ne-en Dev loss: 0.4117 r:0.6722
Current avg r:0.5853 Best avg r: 0.5871
Epoch 2 Global steps: 6800 Train loss: 2430.2537
en-de Dev loss: 0.4920 r:0.3794
en-zh Dev loss: 0.4098 r:0.4381
ro-en Dev loss: 0.4018 r:0.8097
et-en Dev loss: 0.5011 r:0.6779
si-en Dev loss: 0.4969 r:0.5159
ne-en Dev loss: 0.4454 r:0.6664
Current avg r:0.5812 Best avg r: 0.5871
Epoch 2 Global steps: 6900 Train loss: 2578.0611
en-de Dev loss: 0.4941 r:0.3885
en-zh Dev loss: 0.4133 r:0.4394
ro-en Dev loss: 0.4010 r:0.8123
et-en Dev loss: 0.4951 r:0.6813
si-en Dev loss: 0.4982 r:0.5174
ne-en Dev loss: 0.4140 r:0.6741
Current avg r:0.5855 Best avg r: 0.5871
Epoch 2 Global steps: 7000 Train loss: 2730.4351
en-de Dev loss: 0.4873 r:0.3937
en-zh Dev loss: 0.4096 r:0.4443
ro-en Dev loss: 0.3893 r:0.8123
et-en Dev loss: 0.4880 r:0.6775
si-en Dev loss: 0.4902 r:0.5163
ne-en Dev loss: 0.4150 r:0.6743
Current avg r:0.5864 Best avg r: 0.5871
Epoch 2 Global steps: 7100 Train loss: 2886.2316
en-de Dev loss: 0.4837 r:0.4007
en-zh Dev loss: 0.4091 r:0.4467
ro-en Dev loss: 0.3906 r:0.8118
et-en Dev loss: 0.4762 r:0.6752
si-en Dev loss: 0.4717 r:0.5180
ne-en Dev loss: 0.4125 r:0.6756
Current avg r:0.5880 Best avg r: 0.5880
Epoch 2 Global steps: 7200 Train loss: 3039.2954
en-de Dev loss: 0.4730 r:0.4036
en-zh Dev loss: 0.4170 r:0.4506
ro-en Dev loss: 0.3429 r:0.8162
et-en Dev loss: 0.4302 r:0.6798
si-en Dev loss: 0.4666 r:0.5176
ne-en Dev loss: 0.3811 r:0.6824
Current avg r:0.5917 Best avg r: 0.5917
Epoch 2 Global steps: 7300 Train loss: 3220.0941
en-de Dev loss: 0.4700 r:0.4098
en-zh Dev loss: 0.4179 r:0.4571
ro-en Dev loss: 0.3342 r:0.8174
et-en Dev loss: 0.4142 r:0.6814
si-en Dev loss: 0.4605 r:0.5216
ne-en Dev loss: 0.3934 r:0.6801
Current avg r:0.5946 Best avg r: 0.5946
Epoch 2 Global steps: 7400 Train loss: 3374.4809
en-de Dev loss: 0.4765 r:0.4046
en-zh Dev loss: 0.4143 r:0.4512
ro-en Dev loss: 0.3566 r:0.8172
et-en Dev loss: 0.4240 r:0.6821
si-en Dev loss: 0.4754 r:0.5184
ne-en Dev loss: 0.3791 r:0.6841
Current avg r:0.5929 Best avg r: 0.5946
Epoch 2 Global steps: 7500 Train loss: 3535.6125
en-de Dev loss: 0.4890 r:0.3998
en-zh Dev loss: 0.4159 r:0.4464
ro-en Dev loss: 0.3868 r:0.8168
et-en Dev loss: 0.4492 r:0.6817
si-en Dev loss: 0.5141 r:0.5182
ne-en Dev loss: 0.3908 r:0.6820
Current avg r:0.5908 Best avg r: 0.5946
Epoch 2 Global steps: 7600 Train loss: 3690.1889
en-de Dev loss: 0.5021 r:0.3976
en-zh Dev loss: 0.4262 r:0.4404
ro-en Dev loss: 0.3635 r:0.8188
et-en Dev loss: 0.4463 r:0.6804
si-en Dev loss: 0.5035 r:0.5188
ne-en Dev loss: 0.4036 r:0.6795
Current avg r:0.5893 Best avg r: 0.5946
Epoch 2 Global steps: 7700 Train loss: 3854.3074
en-de Dev loss: 0.4890 r:0.3998
en-zh Dev loss: 0.4104 r:0.4496
ro-en Dev loss: 0.3287 r:0.8213
et-en Dev loss: 0.4254 r:0.6818
si-en Dev loss: 0.4644 r:0.5244
ne-en Dev loss: 0.3786 r:0.6856
Current avg r:0.5938 Best avg r: 0.5946
Epoch 2 Global steps: 7800 Train loss: 4007.4185
en-de Dev loss: 0.4933 r:0.3968
en-zh Dev loss: 0.4165 r:0.4527
ro-en Dev loss: 0.4197 r:0.8185
et-en Dev loss: 0.4690 r:0.6782
si-en Dev loss: 0.5010 r:0.5171
ne-en Dev loss: 0.4235 r:0.6804
Current avg r:0.5906 Best avg r: 0.5946
Epoch 3 Global steps: 7900 Train loss: 35.9859
en-de Dev loss: 0.4751 r:0.4032
en-zh Dev loss: 0.4071 r:0.4616
ro-en Dev loss: 0.3354 r:0.8208
et-en Dev loss: 0.4151 r:0.6829
si-en Dev loss: 0.4602 r:0.5252
ne-en Dev loss: 0.3765 r:0.6869
Current avg r:0.5968 Best avg r: 0.5968
Epoch 3 Global steps: 8000 Train loss: 200.9881
en-de Dev loss: 0.4849 r:0.4032
en-zh Dev loss: 0.4139 r:0.4540
ro-en Dev loss: 0.3905 r:0.8195
et-en Dev loss: 0.4596 r:0.6803
si-en Dev loss: 0.4747 r:0.5255
ne-en Dev loss: 0.4102 r:0.6836
Current avg r:0.5944 Best avg r: 0.5968
Epoch 3 Global steps: 8100 Train loss: 338.8296
en-de Dev loss: 0.4806 r:0.4023
en-zh Dev loss: 0.4109 r:0.4551
ro-en Dev loss: 0.3579 r:0.8207
et-en Dev loss: 0.4289 r:0.6825
si-en Dev loss: 0.4625 r:0.5243
ne-en Dev loss: 0.3980 r:0.6848
Current avg r:0.5949 Best avg r: 0.5968
Epoch 3 Global steps: 8200 Train loss: 484.6477
en-de Dev loss: 0.4860 r:0.4024
en-zh Dev loss: 0.4142 r:0.4523
ro-en Dev loss: 0.3609 r:0.8205
et-en Dev loss: 0.4361 r:0.6812
si-en Dev loss: 0.4641 r:0.5249
ne-en Dev loss: 0.3804 r:0.6851
Current avg r:0.5944 Best avg r: 0.5968
Epoch 3 Global steps: 8300 Train loss: 633.2452
en-de Dev loss: 0.4857 r:0.3941
en-zh Dev loss: 0.4095 r:0.4516
ro-en Dev loss: 0.3594 r:0.8200
et-en Dev loss: 0.4425 r:0.6815
si-en Dev loss: 0.4727 r:0.5247
ne-en Dev loss: 0.4035 r:0.6799
Current avg r:0.5920 Best avg r: 0.5968
Epoch 3 Global steps: 8400 Train loss: 782.5906
en-de Dev loss: 0.4859 r:0.3955
en-zh Dev loss: 0.4094 r:0.4536
ro-en Dev loss: 0.3471 r:0.8198
et-en Dev loss: 0.4316 r:0.6841
si-en Dev loss: 0.4779 r:0.5283
ne-en Dev loss: 0.3881 r:0.6830
Current avg r:0.5940 Best avg r: 0.5968
Epoch 3 Global steps: 8500 Train loss: 930.4602
en-de Dev loss: 0.4941 r:0.3976
en-zh Dev loss: 0.4123 r:0.4526
ro-en Dev loss: 0.3588 r:0.8211
et-en Dev loss: 0.4508 r:0.6850
si-en Dev loss: 0.4666 r:0.5298
ne-en Dev loss: 0.3910 r:0.6856
Current avg r:0.5953 Best avg r: 0.5968
Epoch 3 Global steps: 8600 Train loss: 1081.9917
en-de Dev loss: 0.4874 r:0.3966
en-zh Dev loss: 0.4108 r:0.4546
ro-en Dev loss: 0.3709 r:0.8209
et-en Dev loss: 0.4820 r:0.6814
si-en Dev loss: 0.4948 r:0.5278
ne-en Dev loss: 0.3949 r:0.6851
Current avg r:0.5944 Best avg r: 0.5968
Epoch 3 Global steps: 8700 Train loss: 1231.7560
en-de Dev loss: 0.4897 r:0.3993
en-zh Dev loss: 0.4104 r:0.4580
ro-en Dev loss: 0.3408 r:0.8224
et-en Dev loss: 0.4295 r:0.6863
si-en Dev loss: 0.4779 r:0.5313
ne-en Dev loss: 0.3792 r:0.6892
Current avg r:0.5978 Best avg r: 0.5978
Epoch 3 Global steps: 8800 Train loss: 1378.1786
en-de Dev loss: 0.4941 r:0.4021
en-zh Dev loss: 0.4151 r:0.4608
ro-en Dev loss: 0.3863 r:0.8221
et-en Dev loss: 0.4673 r:0.6841
si-en Dev loss: 0.4861 r:0.5286
ne-en Dev loss: 0.4078 r:0.6879
Current avg r:0.5976 Best avg r: 0.5978
Epoch 3 Global steps: 8900 Train loss: 1524.4137
en-de Dev loss: 0.4975 r:0.3953
en-zh Dev loss: 0.4172 r:0.4569
ro-en Dev loss: 0.3699 r:0.8228
et-en Dev loss: 0.4489 r:0.6847
si-en Dev loss: 0.4769 r:0.5290
ne-en Dev loss: 0.4101 r:0.6844
Current avg r:0.5955 Best avg r: 0.5978
Epoch 3 Global steps: 9000 Train loss: 1675.4186
en-de Dev loss: 0.4949 r:0.3960
en-zh Dev loss: 0.4182 r:0.4551
ro-en Dev loss: 0.3637 r:0.8228
et-en Dev loss: 0.4206 r:0.6895
si-en Dev loss: 0.4671 r:0.5307
ne-en Dev loss: 0.3999 r:0.6868
Current avg r:0.5968 Best avg r: 0.5978