Epoch 0 Global steps: 100 Train loss: 0.8739
en-de Dev loss: 0.5455 r:0.1476
en-zh Dev loss: 0.5389 r:0.1754
ro-en Dev loss: 0.8693 r:0.3483
et-en Dev loss: 0.7208 r:0.3101
si-en Dev loss: 0.6195 r:0.2035
ne-en Dev loss: 0.6787 r:0.2444
Current avg r:0.2382 Best avg r: 0.2382
Epoch 0 Global steps: 200 Train loss: 0.8296
en-de Dev loss: 0.5387 r:0.2025
en-zh Dev loss: 0.5099 r:0.2339
ro-en Dev loss: 0.8363 r:0.4931
et-en Dev loss: 0.7020 r:0.4415
si-en Dev loss: 0.5994 r:0.3054
ne-en Dev loss: 0.6599 r:0.3751
Current avg r:0.3419 Best avg r: 0.3419
Epoch 0 Global steps: 300 Train loss: 0.9337
en-de Dev loss: 0.5352 r:0.2414
en-zh Dev loss: 0.4770 r:0.2834
ro-en Dev loss: 0.8252 r:0.5322
et-en Dev loss: 0.6826 r:0.5130
si-en Dev loss: 0.5950 r:0.3682
ne-en Dev loss: 0.6269 r:0.4608
Current avg r:0.3998 Best avg r: 0.3998
Epoch 0 Global steps: 400 Train loss: 0.8028
en-de Dev loss: 0.5159 r:0.2804
en-zh Dev loss: 0.5135 r:0.3226
ro-en Dev loss: 0.7352 r:0.5734
et-en Dev loss: 0.6301 r:0.5424
si-en Dev loss: 0.5689 r:0.4239
ne-en Dev loss: 0.6004 r:0.5114
Current avg r:0.4424 Best avg r: 0.4424
Epoch 0 Global steps: 500 Train loss: 0.7929
en-de Dev loss: 0.5329 r:0.3177
en-zh Dev loss: 0.4457 r:0.3455
ro-en Dev loss: 0.7342 r:0.5957
et-en Dev loss: 0.6048 r:0.5545
si-en Dev loss: 0.5288 r:0.4398
ne-en Dev loss: 0.5418 r:0.5275
Current avg r:0.4635 Best avg r: 0.4635
Epoch 0 Global steps: 600 Train loss: 0.6963
en-de Dev loss: 0.5213 r:0.3208
en-zh Dev loss: 0.4400 r:0.3563
ro-en Dev loss: 0.6638 r:0.6036
et-en Dev loss: 0.5716 r:0.5362
si-en Dev loss: 0.5134 r:0.4478
ne-en Dev loss: 0.5289 r:0.5445
Current avg r:0.4682 Best avg r: 0.4682
Epoch 0 Global steps: 700 Train loss: 0.8025
en-de Dev loss: 0.5287 r:0.3194
en-zh Dev loss: 0.4396 r:0.3574
ro-en Dev loss: 0.6806 r:0.6202
et-en Dev loss: 0.5732 r:0.5563
si-en Dev loss: 0.5179 r:0.4530
ne-en Dev loss: 0.5061 r:0.5432
Current avg r:0.4749 Best avg r: 0.4749
Epoch 0 Global steps: 800 Train loss: 0.7245
en-de Dev loss: 0.5193 r:0.3326
en-zh Dev loss: 0.4344 r:0.3697
ro-en Dev loss: 0.6467 r:0.6338
et-en Dev loss: 0.5516 r:0.5709
si-en Dev loss: 0.5102 r:0.4641
ne-en Dev loss: 0.4885 r:0.5593
Current avg r:0.4884 Best avg r: 0.4884
Epoch 0 Global steps: 900 Train loss: 0.7652
en-de Dev loss: 0.4974 r:0.3404
en-zh Dev loss: 0.4623 r:0.3933
ro-en Dev loss: 0.5625 r:0.6472
et-en Dev loss: 0.4932 r:0.6073
si-en Dev loss: 0.4933 r:0.4703
ne-en Dev loss: 0.5013 r:0.5704
Current avg r:0.5048 Best avg r: 0.5048
Epoch 0 Global steps: 1000 Train loss: 0.7597
en-de Dev loss: 0.5142 r:0.3500
en-zh Dev loss: 0.4217 r:0.4024
ro-en Dev loss: 0.5988 r:0.6776
et-en Dev loss: 0.5398 r:0.6157
si-en Dev loss: 0.4962 r:0.4648
ne-en Dev loss: 0.4882 r:0.5702
Current avg r:0.5134 Best avg r: 0.5134
Epoch 0 Global steps: 1100 Train loss: 0.6389
en-de Dev loss: 0.5548 r:0.3663
en-zh Dev loss: 0.4335 r:0.4100
ro-en Dev loss: 0.6425 r:0.6884
et-en Dev loss: 0.5476 r:0.6211
si-en Dev loss: 0.5395 r:0.4702
ne-en Dev loss: 0.4908 r:0.5823
Current avg r:0.5230 Best avg r: 0.5230
Epoch 0 Global steps: 1200 Train loss: 0.6687
en-de Dev loss: 0.5289 r:0.3753
en-zh Dev loss: 0.4230 r:0.4159
ro-en Dev loss: 0.5692 r:0.6914
et-en Dev loss: 0.4919 r:0.6272
si-en Dev loss: 0.5015 r:0.4729
ne-en Dev loss: 0.4958 r:0.5839
Current avg r:0.5278 Best avg r: 0.5278
Epoch 0 Global steps: 1300 Train loss: 0.6879
en-de Dev loss: 0.5614 r:0.3840
en-zh Dev loss: 0.4227 r:0.4191
ro-en Dev loss: 0.5582 r:0.7141
et-en Dev loss: 0.5087 r:0.6260
si-en Dev loss: 0.5236 r:0.4644
ne-en Dev loss: 0.5207 r:0.5902
Current avg r:0.5330 Best avg r: 0.5330
Epoch 0 Global steps: 1400 Train loss: 0.6956
en-de Dev loss: 0.5246 r:0.3778
en-zh Dev loss: 0.4169 r:0.4260
ro-en Dev loss: 0.5346 r:0.7239
et-en Dev loss: 0.4937 r:0.6263
si-en Dev loss: 0.5271 r:0.4668
ne-en Dev loss: 0.4811 r:0.5900
Current avg r:0.5352 Best avg r: 0.5352
Epoch 0 Global steps: 1500 Train loss: 0.6833
en-de Dev loss: 0.4890 r:0.3824
en-zh Dev loss: 0.4121 r:0.4291
ro-en Dev loss: 0.4746 r:0.7328
et-en Dev loss: 0.4598 r:0.6331
si-en Dev loss: 0.5001 r:0.4694
ne-en Dev loss: 0.4557 r:0.6070
Current avg r:0.5423 Best avg r: 0.5423
Epoch 0 Global steps: 1600 Train loss: 0.6533
en-de Dev loss: 0.5196 r:0.3914
en-zh Dev loss: 0.4186 r:0.4314
ro-en Dev loss: 0.5117 r:0.7464
et-en Dev loss: 0.4970 r:0.6300
si-en Dev loss: 0.5221 r:0.4696
ne-en Dev loss: 0.4621 r:0.6122
Current avg r:0.5468 Best avg r: 0.5468
Epoch 0 Global steps: 1700 Train loss: 0.6754
en-de Dev loss: 0.5179 r:0.3949
en-zh Dev loss: 0.4323 r:0.4278
ro-en Dev loss: 0.4984 r:0.7464
et-en Dev loss: 0.4982 r:0.6273
si-en Dev loss: 0.5308 r:0.4820
ne-en Dev loss: 0.4746 r:0.6104
Current avg r:0.5481 Best avg r: 0.5481
Epoch 0 Global steps: 1800 Train loss: 0.6943
en-de Dev loss: 0.4810 r:0.3974
en-zh Dev loss: 0.4116 r:0.4311
ro-en Dev loss: 0.4572 r:0.7515
et-en Dev loss: 0.4824 r:0.6356
si-en Dev loss: 0.4866 r:0.4882
ne-en Dev loss: 0.4664 r:0.6091
Current avg r:0.5522 Best avg r: 0.5522
Epoch 0 Global steps: 1900 Train loss: 0.6676
en-de Dev loss: 0.4948 r:0.4045
en-zh Dev loss: 0.4202 r:0.4332
ro-en Dev loss: 0.4980 r:0.7545
et-en Dev loss: 0.4973 r:0.6420
si-en Dev loss: 0.5314 r:0.4870
ne-en Dev loss: 0.5038 r:0.6055
Current avg r:0.5545 Best avg r: 0.5545
Epoch 0 Global steps: 2000 Train loss: 0.6869
en-de Dev loss: 0.5551 r:0.4080
en-zh Dev loss: 0.4240 r:0.4358
ro-en Dev loss: 0.5395 r:0.7599
et-en Dev loss: 0.5578 r:0.6421
si-en Dev loss: 0.6030 r:0.4863
ne-en Dev loss: 0.5237 r:0.6000
Current avg r:0.5554 Best avg r: 0.5554
Epoch 0 Global steps: 2100 Train loss: 0.6783
en-de Dev loss: 0.5336 r:0.4095
en-zh Dev loss: 0.4092 r:0.4415
ro-en Dev loss: 0.4708 r:0.7649
et-en Dev loss: 0.5021 r:0.6466
si-en Dev loss: 0.5357 r:0.4932
ne-en Dev loss: 0.4652 r:0.6092
Current avg r:0.5608 Best avg r: 0.5608
Epoch 0 Global steps: 2200 Train loss: 0.6284
en-de Dev loss: 0.5129 r:0.4119
en-zh Dev loss: 0.4127 r:0.4411
ro-en Dev loss: 0.4381 r:0.7679
et-en Dev loss: 0.4701 r:0.6486
si-en Dev loss: 0.5176 r:0.4952
ne-en Dev loss: 0.4544 r:0.6118
Current avg r:0.5627 Best avg r: 0.5627
Epoch 0 Global steps: 2300 Train loss: 0.6517
en-de Dev loss: 0.4891 r:0.4087
en-zh Dev loss: 0.4091 r:0.4479
ro-en Dev loss: 0.3947 r:0.7727
et-en Dev loss: 0.4415 r:0.6509
si-en Dev loss: 0.4796 r:0.4982
ne-en Dev loss: 0.4402 r:0.6164
Current avg r:0.5658 Best avg r: 0.5658
Epoch 0 Global steps: 2400 Train loss: 0.5934
en-de Dev loss: 0.5370 r:0.4064
en-zh Dev loss: 0.4072 r:0.4462
ro-en Dev loss: 0.4604 r:0.7776
et-en Dev loss: 0.4899 r:0.6522
si-en Dev loss: 0.5160 r:0.5058
ne-en Dev loss: 0.4570 r:0.6176
Current avg r:0.5676 Best avg r: 0.5676
Epoch 0 Global steps: 2500 Train loss: 0.7040
en-de Dev loss: 0.5283 r:0.4088
en-zh Dev loss: 0.4075 r:0.4506
ro-en Dev loss: 0.4592 r:0.7789
et-en Dev loss: 0.5026 r:0.6531
si-en Dev loss: 0.5166 r:0.5051
ne-en Dev loss: 0.4515 r:0.6207
Current avg r:0.5695 Best avg r: 0.5695
Epoch 0 Global steps: 2600 Train loss: 0.6862
en-de Dev loss: 0.4888 r:0.4125
en-zh Dev loss: 0.4018 r:0.4563
ro-en Dev loss: 0.4118 r:0.7808
et-en Dev loss: 0.4591 r:0.6564
si-en Dev loss: 0.4953 r:0.5034
ne-en Dev loss: 0.4337 r:0.6260
Current avg r:0.5726 Best avg r: 0.5726
Epoch 0 Global steps: 2700 Train loss: 0.6593
en-de Dev loss: 0.5153 r:0.4136
en-zh Dev loss: 0.4229 r:0.4518
ro-en Dev loss: 0.4646 r:0.7835
et-en Dev loss: 0.5321 r:0.6578
si-en Dev loss: 0.5754 r:0.5022
ne-en Dev loss: 0.4831 r:0.6241
Current avg r:0.5721 Best avg r: 0.5726
Epoch 0 Global steps: 2800 Train loss: 0.7056
en-de Dev loss: 0.5150 r:0.4147
en-zh Dev loss: 0.4119 r:0.4538
ro-en Dev loss: 0.4605 r:0.7852
et-en Dev loss: 0.5375 r:0.6606
si-en Dev loss: 0.5416 r:0.5047
ne-en Dev loss: 0.4721 r:0.6263
Current avg r:0.5742 Best avg r: 0.5742
Epoch 0 Global steps: 2900 Train loss: 0.6561
en-de Dev loss: 0.4923 r:0.4027
en-zh Dev loss: 0.4035 r:0.4601
ro-en Dev loss: 0.3862 r:0.7882
et-en Dev loss: 0.4660 r:0.6627
si-en Dev loss: 0.4815 r:0.5063
ne-en Dev loss: 0.4448 r:0.6305
Current avg r:0.5751 Best avg r: 0.5751
Epoch 0 Global steps: 3000 Train loss: 0.6891
en-de Dev loss: 0.5610 r:0.4063
en-zh Dev loss: 0.4470 r:0.4594
ro-en Dev loss: 0.4625 r:0.7904
et-en Dev loss: 0.5188 r:0.6644
si-en Dev loss: 0.5685 r:0.5109
ne-en Dev loss: 0.4925 r:0.6309
Current avg r:0.5771 Best avg r: 0.5771
Epoch 0 Global steps: 3100 Train loss: 0.6855
en-de Dev loss: 0.4737 r:0.4048
en-zh Dev loss: 0.4027 r:0.4641
ro-en Dev loss: 0.3619 r:0.7934
et-en Dev loss: 0.4191 r:0.6711
si-en Dev loss: 0.4959 r:0.5132
ne-en Dev loss: 0.4258 r:0.6383
Current avg r:0.5808 Best avg r: 0.5808
Epoch 0 Global steps: 3200 Train loss: 0.7792
en-de Dev loss: 0.4663 r:0.4076
en-zh Dev loss: 0.4015 r:0.4675
ro-en Dev loss: 0.3649 r:0.7946
et-en Dev loss: 0.4212 r:0.6689
si-en Dev loss: 0.4755 r:0.5147
ne-en Dev loss: 0.4469 r:0.6346
Current avg r:0.5813 Best avg r: 0.5813
Epoch 0 Global steps: 3300 Train loss: 0.5807
en-de Dev loss: 0.4711 r:0.4090
en-zh Dev loss: 0.4014 r:0.4665
ro-en Dev loss: 0.3687 r:0.7978
et-en Dev loss: 0.4250 r:0.6695
si-en Dev loss: 0.4836 r:0.5177
ne-en Dev loss: 0.4192 r:0.6413
Current avg r:0.5836 Best avg r: 0.5836
Epoch 0 Global steps: 3400 Train loss: 0.6639
en-de Dev loss: 0.5050 r:0.4097
en-zh Dev loss: 0.4074 r:0.4630
ro-en Dev loss: 0.4204 r:0.7989
et-en Dev loss: 0.4730 r:0.6677
si-en Dev loss: 0.5278 r:0.5154
ne-en Dev loss: 0.4619 r:0.6325
Current avg r:0.5812 Best avg r: 0.5836
Epoch 1 Global steps: 3500 Train loss: 0.4651
en-de Dev loss: 0.4809 r:0.4106
en-zh Dev loss: 0.4042 r:0.4635
ro-en Dev loss: 0.3927 r:0.7985
et-en Dev loss: 0.4773 r:0.6652
si-en Dev loss: 0.5386 r:0.5147
ne-en Dev loss: 0.4511 r:0.6314
Current avg r:0.5806 Best avg r: 0.5836
Epoch 1 Global steps: 3600 Train loss: 0.6425
en-de Dev loss: 0.4706 r:0.4182
en-zh Dev loss: 0.4078 r:0.4649
ro-en Dev loss: 0.3751 r:0.7994
et-en Dev loss: 0.4499 r:0.6672
si-en Dev loss: 0.4758 r:0.5195
ne-en Dev loss: 0.4252 r:0.6403
Current avg r:0.5849 Best avg r: 0.5849
Epoch 1 Global steps: 3700 Train loss: 0.5921
en-de Dev loss: 0.5349 r:0.4215
en-zh Dev loss: 0.4204 r:0.4639
ro-en Dev loss: 0.4293 r:0.8008
et-en Dev loss: 0.4888 r:0.6649
si-en Dev loss: 0.5308 r:0.5177
ne-en Dev loss: 0.4572 r:0.6384
Current avg r:0.5845 Best avg r: 0.5849
Epoch 1 Global steps: 3800 Train loss: 0.6198
en-de Dev loss: 0.5190 r:0.4207
en-zh Dev loss: 0.4253 r:0.4633
ro-en Dev loss: 0.3951 r:0.8013
et-en Dev loss: 0.4425 r:0.6675
si-en Dev loss: 0.5220 r:0.5165
ne-en Dev loss: 0.4370 r:0.6464
Current avg r:0.5860 Best avg r: 0.5860
Epoch 1 Global steps: 3900 Train loss: 0.6686
en-de Dev loss: 0.5333 r:0.4094
en-zh Dev loss: 0.4315 r:0.4669
ro-en Dev loss: 0.4560 r:0.8027
et-en Dev loss: 0.5297 r:0.6633
si-en Dev loss: 0.5516 r:0.5107
ne-en Dev loss: 0.5077 r:0.6340
Current avg r:0.5812 Best avg r: 0.5860
Epoch 1 Global steps: 4000 Train loss: 0.5826
en-de Dev loss: 0.4924 r:0.4162
en-zh Dev loss: 0.4206 r:0.4691
ro-en Dev loss: 0.3833 r:0.8033
et-en Dev loss: 0.4459 r:0.6695
si-en Dev loss: 0.5123 r:0.5159
ne-en Dev loss: 0.4250 r:0.6423
Current avg r:0.5861 Best avg r: 0.5861
Epoch 1 Global steps: 4100 Train loss: 0.6684
en-de Dev loss: 0.4771 r:0.4329
en-zh Dev loss: 0.4051 r:0.4696
ro-en Dev loss: 0.3908 r:0.8049
et-en Dev loss: 0.4459 r:0.6742
si-en Dev loss: 0.4852 r:0.5191
ne-en Dev loss: 0.4373 r:0.6419
Current avg r:0.5904 Best avg r: 0.5904
Epoch 1 Global steps: 4200 Train loss: 0.6381
en-de Dev loss: 0.4942 r:0.4311
en-zh Dev loss: 0.4098 r:0.4683
ro-en Dev loss: 0.3881 r:0.8070
et-en Dev loss: 0.4674 r:0.6729
si-en Dev loss: 0.5052 r:0.5207
ne-en Dev loss: 0.4220 r:0.6441
Current avg r:0.5907 Best avg r: 0.5907
Epoch 1 Global steps: 4300 Train loss: 0.5751
en-de Dev loss: 0.4688 r:0.4323
en-zh Dev loss: 0.4133 r:0.4695
ro-en Dev loss: 0.3700 r:0.8062
et-en Dev loss: 0.4400 r:0.6728
si-en Dev loss: 0.4948 r:0.5197
ne-en Dev loss: 0.4188 r:0.6484
Current avg r:0.5915 Best avg r: 0.5915
Epoch 1 Global steps: 4400 Train loss: 0.6232
en-de Dev loss: 0.5122 r:0.4261
en-zh Dev loss: 0.4322 r:0.4663
ro-en Dev loss: 0.4192 r:0.8072
et-en Dev loss: 0.5065 r:0.6694
si-en Dev loss: 0.5234 r:0.5194
ne-en Dev loss: 0.4802 r:0.6420
Current avg r:0.5884 Best avg r: 0.5915
Epoch 1 Global steps: 4500 Train loss: 0.6029
en-de Dev loss: 0.4756 r:0.4231
en-zh Dev loss: 0.4049 r:0.4707
ro-en Dev loss: 0.3610 r:0.8063
et-en Dev loss: 0.4546 r:0.6711
si-en Dev loss: 0.4979 r:0.5194
ne-en Dev loss: 0.4245 r:0.6468
Current avg r:0.5896 Best avg r: 0.5915
Epoch 1 Global steps: 4600 Train loss: 0.6336
en-de Dev loss: 0.4771 r:0.4198
en-zh Dev loss: 0.4043 r:0.4691
ro-en Dev loss: 0.3553 r:0.8070
et-en Dev loss: 0.4432 r:0.6712
si-en Dev loss: 0.5073 r:0.5176
ne-en Dev loss: 0.4404 r:0.6418
Current avg r:0.5877 Best avg r: 0.5915
Epoch 1 Global steps: 4700 Train loss: 0.5377
en-de Dev loss: 0.4958 r:0.4251
en-zh Dev loss: 0.4276 r:0.4659
ro-en Dev loss: 0.4001 r:0.8059
et-en Dev loss: 0.4797 r:0.6690
si-en Dev loss: 0.5355 r:0.5168
ne-en Dev loss: 0.4625 r:0.6411
Current avg r:0.5873 Best avg r: 0.5915
Epoch 1 Global steps: 4800 Train loss: 0.6935
en-de Dev loss: 0.4768 r:0.4284
en-zh Dev loss: 0.4246 r:0.4682
ro-en Dev loss: 0.4078 r:0.8061
et-en Dev loss: 0.4858 r:0.6742
si-en Dev loss: 0.5109 r:0.5187
ne-en Dev loss: 0.5156 r:0.6427
Current avg r:0.5897 Best avg r: 0.5915
Epoch 1 Global steps: 4900 Train loss: 0.6132
en-de Dev loss: 0.5012 r:0.4340
en-zh Dev loss: 0.4298 r:0.4682
ro-en Dev loss: 0.3983 r:0.8053
et-en Dev loss: 0.4675 r:0.6744
si-en Dev loss: 0.5195 r:0.5184
ne-en Dev loss: 0.5461 r:0.6434
Current avg r:0.5906 Best avg r: 0.5915
Epoch 1 Global steps: 5000 Train loss: 0.5963
en-de Dev loss: 0.4768 r:0.4384
en-zh Dev loss: 0.4077 r:0.4717
ro-en Dev loss: 0.3554 r:0.8072
et-en Dev loss: 0.4243 r:0.6784
si-en Dev loss: 0.4748 r:0.5192
ne-en Dev loss: 0.4078 r:0.6547
Current avg r:0.5949 Best avg r: 0.5949
Epoch 1 Global steps: 5100 Train loss: 0.6006
en-de Dev loss: 0.5072 r:0.4273
en-zh Dev loss: 0.4103 r:0.4674
ro-en Dev loss: 0.3918 r:0.8092
et-en Dev loss: 0.4876 r:0.6764
si-en Dev loss: 0.5259 r:0.5190
ne-en Dev loss: 0.4838 r:0.6455
Current avg r:0.5908 Best avg r: 0.5949
Epoch 1 Global steps: 5200 Train loss: 0.6448
en-de Dev loss: 0.4634 r:0.4337
en-zh Dev loss: 0.4061 r:0.4745
ro-en Dev loss: 0.3464 r:0.8094
et-en Dev loss: 0.4149 r:0.6793
si-en Dev loss: 0.4953 r:0.5193
ne-en Dev loss: 0.4068 r:0.6579
Current avg r:0.5957 Best avg r: 0.5957
Epoch 1 Global steps: 5300 Train loss: 0.5404
en-de Dev loss: 0.4743 r:0.4279
en-zh Dev loss: 0.4004 r:0.4742
ro-en Dev loss: 0.3650 r:0.8113
et-en Dev loss: 0.4274 r:0.6806
si-en Dev loss: 0.5066 r:0.5183
ne-en Dev loss: 0.4122 r:0.6538
Current avg r:0.5944 Best avg r: 0.5957
Epoch 1 Global steps: 5400 Train loss: 0.6376
en-de Dev loss: 0.4628 r:0.4238
en-zh Dev loss: 0.3997 r:0.4755
ro-en Dev loss: 0.3315 r:0.8119
et-en Dev loss: 0.4097 r:0.6808
si-en Dev loss: 0.4793 r:0.5196
ne-en Dev loss: 0.4285 r:0.6507
Current avg r:0.5937 Best avg r: 0.5957
Epoch 1 Global steps: 5500 Train loss: 0.5683
en-de Dev loss: 0.4667 r:0.4300
en-zh Dev loss: 0.4065 r:0.4748
ro-en Dev loss: 0.3549 r:0.8138
et-en Dev loss: 0.4336 r:0.6814
si-en Dev loss: 0.4859 r:0.5242
ne-en Dev loss: 0.4627 r:0.6541
Current avg r:0.5964 Best avg r: 0.5964
Epoch 1 Global steps: 5600 Train loss: 0.6077
en-de Dev loss: 0.4924 r:0.4288
en-zh Dev loss: 0.4175 r:0.4763
ro-en Dev loss: 0.4239 r:0.8142
et-en Dev loss: 0.4991 r:0.6786
si-en Dev loss: 0.5170 r:0.5234
ne-en Dev loss: 0.4840 r:0.6544
Current avg r:0.5960 Best avg r: 0.5964
Epoch 1 Global steps: 5700 Train loss: 0.6261
en-de Dev loss: 0.5003 r:0.4346
en-zh Dev loss: 0.4487 r:0.4764
ro-en Dev loss: 0.4061 r:0.8137
et-en Dev loss: 0.5038 r:0.6769
si-en Dev loss: 0.5258 r:0.5228
ne-en Dev loss: 0.5183 r:0.6542
Current avg r:0.5964 Best avg r: 0.5964
Epoch 1 Global steps: 5800 Train loss: 0.5821
en-de Dev loss: 0.4850 r:0.4404
en-zh Dev loss: 0.4158 r:0.4725
ro-en Dev loss: 0.3664 r:0.8143
et-en Dev loss: 0.4530 r:0.6803
si-en Dev loss: 0.5124 r:0.5239
ne-en Dev loss: 0.4556 r:0.6591
Current avg r:0.5984 Best avg r: 0.5984
Epoch 1 Global steps: 5900 Train loss: 0.6606
en-de Dev loss: 0.4810 r:0.4374
en-zh Dev loss: 0.4081 r:0.4780
ro-en Dev loss: 0.3977 r:0.8146
et-en Dev loss: 0.4751 r:0.6807
si-en Dev loss: 0.5483 r:0.5228
ne-en Dev loss: 0.4678 r:0.6566
Current avg r:0.5983 Best avg r: 0.5984
Epoch 1 Global steps: 6000 Train loss: 0.5468
en-de Dev loss: 0.4730 r:0.4379
en-zh Dev loss: 0.4083 r:0.4778
ro-en Dev loss: 0.3809 r:0.8151
et-en Dev loss: 0.4710 r:0.6798
si-en Dev loss: 0.5136 r:0.5242
ne-en Dev loss: 0.4283 r:0.6564
Current avg r:0.5985 Best avg r: 0.5985
Epoch 1 Global steps: 6100 Train loss: 0.6283
en-de Dev loss: 0.4767 r:0.4353
en-zh Dev loss: 0.4061 r:0.4746
ro-en Dev loss: 0.3580 r:0.8154
et-en Dev loss: 0.4490 r:0.6779
si-en Dev loss: 0.4834 r:0.5240
ne-en Dev loss: 0.4390 r:0.6528
Current avg r:0.5967 Best avg r: 0.5985
Epoch 1 Global steps: 6200 Train loss: 0.6106
en-de Dev loss: 0.4770 r:0.4300
en-zh Dev loss: 0.4018 r:0.4764
ro-en Dev loss: 0.3381 r:0.8162
et-en Dev loss: 0.4362 r:0.6783
si-en Dev loss: 0.4895 r:0.5255
ne-en Dev loss: 0.4324 r:0.6516
Current avg r:0.5964 Best avg r: 0.5985
Epoch 1 Global steps: 6300 Train loss: 0.6277
en-de Dev loss: 0.5234 r:0.4248
en-zh Dev loss: 0.4163 r:0.4758
ro-en Dev loss: 0.3742 r:0.8162
et-en Dev loss: 0.4952 r:0.6770
si-en Dev loss: 0.5880 r:0.5234
ne-en Dev loss: 0.4523 r:0.6527
Current avg r:0.5950 Best avg r: 0.5985
Epoch 1 Global steps: 6400 Train loss: 0.5546
en-de Dev loss: 0.4949 r:0.4223
en-zh Dev loss: 0.4140 r:0.4803
ro-en Dev loss: 0.3704 r:0.8187
et-en Dev loss: 0.5013 r:0.6752
si-en Dev loss: 0.5208 r:0.5243
ne-en Dev loss: 0.4321 r:0.6563
Current avg r:0.5962 Best avg r: 0.5985
Epoch 1 Global steps: 6500 Train loss: 0.6027
en-de Dev loss: 0.4876 r:0.4369
en-zh Dev loss: 0.3991 r:0.4841
ro-en Dev loss: 0.3360 r:0.8202
et-en Dev loss: 0.4191 r:0.6835
si-en Dev loss: 0.4661 r:0.5284
ne-en Dev loss: 0.3979 r:0.6656
Current avg r:0.6031 Best avg r: 0.6031
Epoch 1 Global steps: 6600 Train loss: 0.6351
en-de Dev loss: 0.4900 r:0.4379
en-zh Dev loss: 0.4152 r:0.4793
ro-en Dev loss: 0.3591 r:0.8202
et-en Dev loss: 0.4355 r:0.6830
si-en Dev loss: 0.4825 r:0.5304
ne-en Dev loss: 0.4124 r:0.6639
Current avg r:0.6024 Best avg r: 0.6031
Epoch 1 Global steps: 6700 Train loss: 0.6744
en-de Dev loss: 0.4629 r:0.4372
en-zh Dev loss: 0.4116 r:0.4804
ro-en Dev loss: 0.3512 r:0.8195
et-en Dev loss: 0.4183 r:0.6850
si-en Dev loss: 0.4695 r:0.5314
ne-en Dev loss: 0.4346 r:0.6609
Current avg r:0.6024 Best avg r: 0.6031
Epoch 1 Global steps: 6800 Train loss: 0.6361
en-de Dev loss: 0.4668 r:0.4345
en-zh Dev loss: 0.4110 r:0.4772
ro-en Dev loss: 0.3355 r:0.8186
et-en Dev loss: 0.4079 r:0.6858
si-en Dev loss: 0.4730 r:0.5341
ne-en Dev loss: 0.4332 r:0.6616
Current avg r:0.6020 Best avg r: 0.6031
Epoch 1 Global steps: 6900 Train loss: 0.5796
en-de Dev loss: 0.4724 r:0.4314
en-zh Dev loss: 0.4084 r:0.4788
ro-en Dev loss: 0.3176 r:0.8231
et-en Dev loss: 0.4048 r:0.6873
si-en Dev loss: 0.4641 r:0.5335
ne-en Dev loss: 0.4061 r:0.6662
Current avg r:0.6034 Best avg r: 0.6034
Epoch 2 Global steps: 7000 Train loss: 0.4726
en-de Dev loss: 0.5693 r:0.4233
en-zh Dev loss: 0.4533 r:0.4722
ro-en Dev loss: 0.4487 r:0.8213
et-en Dev loss: 0.5341 r:0.6810
si-en Dev loss: 0.6050 r:0.5328
ne-en Dev loss: 0.4899 r:0.6594
Current avg r:0.5983 Best avg r: 0.6034
Epoch 2 Global steps: 7100 Train loss: 0.5176
en-de Dev loss: 0.5125 r:0.4256
en-zh Dev loss: 0.4078 r:0.4773
ro-en Dev loss: 0.3683 r:0.8224
et-en Dev loss: 0.4420 r:0.6844
si-en Dev loss: 0.5087 r:0.5359
ne-en Dev loss: 0.4077 r:0.6657
Current avg r:0.6019 Best avg r: 0.6034
Epoch 2 Global steps: 7200 Train loss: 0.5226
en-de Dev loss: 0.4784 r:0.4196
en-zh Dev loss: 0.4149 r:0.4775
ro-en Dev loss: 0.3805 r:0.8243
et-en Dev loss: 0.4607 r:0.6826
si-en Dev loss: 0.4711 r:0.5322
ne-en Dev loss: 0.4343 r:0.6625
Current avg r:0.5998 Best avg r: 0.6034
Epoch 2 Global steps: 7300 Train loss: 0.5509
en-de Dev loss: 0.4829 r:0.4188
en-zh Dev loss: 0.4266 r:0.4728
ro-en Dev loss: 0.4249 r:0.8229
et-en Dev loss: 0.4848 r:0.6800
si-en Dev loss: 0.4697 r:0.5347
ne-en Dev loss: 0.4667 r:0.6618
Current avg r:0.5985 Best avg r: 0.6034
Epoch 2 Global steps: 7400 Train loss: 0.5344
en-de Dev loss: 0.4919 r:0.4221
en-zh Dev loss: 0.4287 r:0.4707
ro-en Dev loss: 0.3738 r:0.8237
et-en Dev loss: 0.4593 r:0.6811
si-en Dev loss: 0.4779 r:0.5328
ne-en Dev loss: 0.4513 r:0.6594
Current avg r:0.5983 Best avg r: 0.6034
Epoch 2 Global steps: 7500 Train loss: 0.6093
en-de Dev loss: 0.4706 r:0.4149
en-zh Dev loss: 0.4107 r:0.4767
ro-en Dev loss: 0.3267 r:0.8249
et-en Dev loss: 0.4244 r:0.6828
si-en Dev loss: 0.4711 r:0.5296
ne-en Dev loss: 0.4231 r:0.6607
Current avg r:0.5983 Best avg r: 0.6034
Epoch 2 Global steps: 7600 Train loss: 0.5928
en-de Dev loss: 0.4605 r:0.4264
en-zh Dev loss: 0.4223 r:0.4790
ro-en Dev loss: 0.3124 r:0.8234
et-en Dev loss: 0.4094 r:0.6874
si-en Dev loss: 0.4641 r:0.5339
ne-en Dev loss: 0.4224 r:0.6652
Current avg r:0.6025 Best avg r: 0.6034
Epoch 2 Global steps: 7700 Train loss: 0.5654
en-de Dev loss: 0.4850 r:0.4294
en-zh Dev loss: 0.4282 r:0.4784
ro-en Dev loss: 0.3446 r:0.8244
et-en Dev loss: 0.4529 r:0.6810
si-en Dev loss: 0.4670 r:0.5365
ne-en Dev loss: 0.4314 r:0.6665
Current avg r:0.6027 Best avg r: 0.6034
Epoch 2 Global steps: 7800 Train loss: 0.5828
en-de Dev loss: 0.4746 r:0.4192
en-zh Dev loss: 0.4323 r:0.4815
ro-en Dev loss: 0.3681 r:0.8244
et-en Dev loss: 0.4849 r:0.6792
si-en Dev loss: 0.4993 r:0.5328
ne-en Dev loss: 0.4903 r:0.6613
Current avg r:0.5997 Best avg r: 0.6034
Epoch 2 Global steps: 7900 Train loss: 0.5040
en-de Dev loss: 0.4728 r:0.4164
en-zh Dev loss: 0.4214 r:0.4830
ro-en Dev loss: 0.3191 r:0.8252
et-en Dev loss: 0.4429 r:0.6841
si-en Dev loss: 0.4873 r:0.5316
ne-en Dev loss: 0.4245 r:0.6677
Current avg r:0.6013 Best avg r: 0.6034
Epoch 2 Global steps: 8000 Train loss: 0.5562
en-de Dev loss: 0.4863 r:0.4198
en-zh Dev loss: 0.4273 r:0.4836
ro-en Dev loss: 0.3852 r:0.8245
et-en Dev loss: 0.4961 r:0.6849
si-en Dev loss: 0.5381 r:0.5301
ne-en Dev loss: 0.5166 r:0.6680
Current avg r:0.6018 Best avg r: 0.6034
Epoch 2 Global steps: 8100 Train loss: 0.6223
en-de Dev loss: 0.4950 r:0.4230
en-zh Dev loss: 0.4112 r:0.4870
ro-en Dev loss: 0.3703 r:0.8239
et-en Dev loss: 0.4610 r:0.6855
si-en Dev loss: 0.5352 r:0.5296
ne-en Dev loss: 0.4526 r:0.6703
Current avg r:0.6032 Best avg r: 0.6034
