Epoch 0 Global steps: 100 Train loss: 0.5781
en-de Dev loss: 0.5672 r:-0.0464
Current avg r:-0.0464 Best avg r: 0.0000
Epoch 0 Global steps: 200 Train loss: 0.6624
en-de Dev loss: 0.5573 r:0.0255
Current avg r:0.0255 Best avg r: 0.0255
Epoch 0 Global steps: 300 Train loss: 0.7833
en-de Dev loss: 0.5668 r:0.1120
Current avg r:0.1120 Best avg r: 0.1120
Epoch 0 Global steps: 400 Train loss: 0.8059
en-de Dev loss: 0.5877 r:0.1478
Current avg r:0.1478 Best avg r: 0.1478
Epoch 1 Global steps: 500 Train loss: 0.8297
en-de Dev loss: 0.5703 r:0.2220
Current avg r:0.2220 Best avg r: 0.2220
Epoch 1 Global steps: 600 Train loss: 0.4362
en-de Dev loss: 0.5612 r:0.2396
Current avg r:0.2396 Best avg r: 0.2396
Epoch 1 Global steps: 700 Train loss: 0.7466
en-de Dev loss: 0.5551 r:0.2654
Current avg r:0.2654 Best avg r: 0.2654
Epoch 1 Global steps: 800 Train loss: 0.8556
en-de Dev loss: 0.5578 r:0.3076
Current avg r:0.3076 Best avg r: 0.3076
Epoch 2 Global steps: 900 Train loss: 0.6048
en-de Dev loss: 0.5540 r:0.2960
Current avg r:0.2960 Best avg r: 0.3076
Epoch 2 Global steps: 1000 Train loss: 0.6183
en-de Dev loss: 0.5518 r:0.2910
Current avg r:0.2910 Best avg r: 0.3076
Epoch 2 Global steps: 1100 Train loss: 0.5823
en-de Dev loss: 0.5489 r:0.3039
Current avg r:0.3039 Best avg r: 0.3076
Epoch 2 Global steps: 1200 Train loss: 0.7208
en-de Dev loss: 0.5504 r:0.3411
Current avg r:0.3411 Best avg r: 0.3411
Epoch 2 Global steps: 1300 Train loss: 0.8648
en-de Dev loss: 0.5473 r:0.3702
Current avg r:0.3702 Best avg r: 0.3702
Epoch 3 Global steps: 1400 Train loss: 0.6234
en-de Dev loss: 0.5418 r:0.3861
Current avg r:0.3861 Best avg r: 0.3861
Epoch 3 Global steps: 1500 Train loss: 0.6664
en-de Dev loss: 0.5493 r:0.3884
Current avg r:0.3884 Best avg r: 0.3884
Epoch 3 Global steps: 1600 Train loss: 0.9450
en-de Dev loss: 0.5775 r:0.4004
Current avg r:0.4004 Best avg r: 0.4004
Epoch 3 Global steps: 1700 Train loss: 0.5982
en-de Dev loss: 0.5332 r:0.4227
Current avg r:0.4227 Best avg r: 0.4227
Epoch 4 Global steps: 1800 Train loss: 0.4711
en-de Dev loss: 0.5319 r:0.4343
Current avg r:0.4343 Best avg r: 0.4343
Epoch 4 Global steps: 1900 Train loss: 0.6865
en-de Dev loss: 0.5256 r:0.4270
Current avg r:0.4270 Best avg r: 0.4343
Epoch 4 Global steps: 2000 Train loss: 0.6348
en-de Dev loss: 0.5272 r:0.4354
Current avg r:0.4354 Best avg r: 0.4354
Epoch 4 Global steps: 2100 Train loss: 0.8968
en-de Dev loss: 0.5574 r:0.4575
Current avg r:0.4575 Best avg r: 0.4575
Epoch 5 Global steps: 2200 Train loss: 0.5301
en-de Dev loss: 0.5229 r:0.4504
Current avg r:0.4504 Best avg r: 0.4575
Epoch 5 Global steps: 2300 Train loss: 0.6257
en-de Dev loss: 0.5278 r:0.4252
Current avg r:0.4252 Best avg r: 0.4575
Epoch 5 Global steps: 2400 Train loss: 0.5514
en-de Dev loss: 0.5201 r:0.4382
Current avg r:0.4382 Best avg r: 0.4575
Epoch 5 Global steps: 2500 Train loss: 0.6719
en-de Dev loss: 0.5208 r:0.4355
Current avg r:0.4355 Best avg r: 0.4575
Epoch 5 Global steps: 2600 Train loss: 0.6634
en-de Dev loss: 0.5106 r:0.4441
Current avg r:0.4441 Best avg r: 0.4575
Epoch 6 Global steps: 2700 Train loss: 0.7028
en-de Dev loss: 0.5723 r:0.4339
Current avg r:0.4339 Best avg r: 0.4575
Epoch 6 Global steps: 2800 Train loss: 0.6773
en-de Dev loss: 0.5049 r:0.4419
Current avg r:0.4419 Best avg r: 0.4575
Epoch 6 Global steps: 2900 Train loss: 0.6096
en-de Dev loss: 0.5359 r:0.4441
Current avg r:0.4441 Best avg r: 0.4575
Epoch 6 Global steps: 3000 Train loss: 0.5841
en-de Dev loss: 0.5274 r:0.4393
Current avg r:0.4393 Best avg r: 0.4575
Epoch 7 Global steps: 3100 Train loss: 0.6359
en-de Dev loss: 0.4889 r:0.4397
Current avg r:0.4397 Best avg r: 0.4575
Epoch 7 Global steps: 3200 Train loss: 0.5675
en-de Dev loss: 0.5082 r:0.4297
Current avg r:0.4297 Best avg r: 0.4575
Epoch 7 Global steps: 3300 Train loss: 0.6541
en-de Dev loss: 0.5321 r:0.4351
Current avg r:0.4351 Best avg r: 0.4575
Epoch 7 Global steps: 3400 Train loss: 0.5528
en-de Dev loss: 0.5177 r:0.4373
Current avg r:0.4373 Best avg r: 0.4575
Epoch 7 Global steps: 3500 Train loss: 0.5700
en-de Dev loss: 0.4927 r:0.4438
Current avg r:0.4438 Best avg r: 0.4575
Epoch 8 Global steps: 3600 Train loss: 0.6462
en-de Dev loss: 0.5357 r:0.4013
Current avg r:0.4013 Best avg r: 0.4575
Epoch 8 Global steps: 3700 Train loss: 0.5237
en-de Dev loss: 0.4991 r:0.4342
Current avg r:0.4342 Best avg r: 0.4575
Epoch 8 Global steps: 3800 Train loss: 0.5266
en-de Dev loss: 0.5282 r:0.4312
Current avg r:0.4312 Best avg r: 0.4575
Epoch 8 Global steps: 3900 Train loss: 0.5315
en-de Dev loss: 0.5664 r:0.4103
Current avg r:0.4103 Best avg r: 0.4575
Epoch 9 Global steps: 4000 Train loss: 0.5856
en-de Dev loss: 0.5166 r:0.4202
Current avg r:0.4202 Best avg r: 0.4575
Epoch 9 Global steps: 4100 Train loss: 0.3896
en-de Dev loss: 0.4864 r:0.4194
Current avg r:0.4194 Best avg r: 0.4575
Epoch 9 Global steps: 4200 Train loss: 0.4210
en-de Dev loss: 0.4923 r:0.4278
Current avg r:0.4278 Best avg r: 0.4575
Epoch 9 Global steps: 4300 Train loss: 0.5882
en-de Dev loss: 0.5101 r:0.4257
Current avg r:0.4257 Best avg r: 0.4575
Epoch 10 Global steps: 4400 Train loss: 0.4221
en-de Dev loss: 0.5509 r:0.3309
Current avg r:0.3309 Best avg r: 0.4575
Epoch 10 Global steps: 4500 Train loss: 0.4145
en-de Dev loss: 0.5377 r:0.4160
Current avg r:0.4160 Best avg r: 0.4575
Epoch 10 Global steps: 4600 Train loss: 0.4133
en-de Dev loss: 0.5902 r:0.4085
Current avg r:0.4085 Best avg r: 0.4575
Epoch 10 Global steps: 4700 Train loss: 0.3711
en-de Dev loss: 0.5014 r:0.3993
Current avg r:0.3993 Best avg r: 0.4575
