Epoch 0 Global steps: 100 Train loss: 0.8464
en-de Dev loss: 0.5603 r:-0.0576
Current avg r:-0.0576 Best avg r: 0.0000
Epoch 0 Global steps: 200 Train loss: 0.7018
en-de Dev loss: 0.5591 r:-0.0035
Current avg r:-0.0035 Best avg r: 0.0000
Epoch 0 Global steps: 300 Train loss: 0.7315
en-de Dev loss: 0.5619 r:0.0848
Current avg r:0.0848 Best avg r: 0.0848
Epoch 0 Global steps: 400 Train loss: 0.5567
en-de Dev loss: 0.5594 r:0.1376
Current avg r:0.1376 Best avg r: 0.1376
Epoch 0 Global steps: 500 Train loss: 0.6524
en-de Dev loss: 0.5611 r:0.1440
Current avg r:0.1440 Best avg r: 0.1440
Epoch 0 Global steps: 600 Train loss: 0.6188
en-de Dev loss: 0.5550 r:0.2313
Current avg r:0.2313 Best avg r: 0.2313
Epoch 0 Global steps: 700 Train loss: 0.9161
en-de Dev loss: 0.5551 r:0.3070
Current avg r:0.3070 Best avg r: 0.3070
Epoch 0 Global steps: 800 Train loss: 0.6674
en-de Dev loss: 0.5531 r:0.3385
Current avg r:0.3385 Best avg r: 0.3385
Epoch 1 Global steps: 900 Train loss: 0.5064
en-de Dev loss: 0.5606 r:0.3639
Current avg r:0.3639 Best avg r: 0.3639
Epoch 1 Global steps: 1000 Train loss: 0.6703
en-de Dev loss: 0.5531 r:0.3815
Current avg r:0.3815 Best avg r: 0.3815
Epoch 1 Global steps: 1100 Train loss: 0.6747
en-de Dev loss: 0.5505 r:0.3864
Current avg r:0.3864 Best avg r: 0.3864
Epoch 1 Global steps: 1200 Train loss: 0.6252
en-de Dev loss: 0.5654 r:0.3915
Current avg r:0.3915 Best avg r: 0.3915
Epoch 1 Global steps: 1300 Train loss: 0.6870
en-de Dev loss: 0.5879 r:0.4028
Current avg r:0.4028 Best avg r: 0.4028
Epoch 1 Global steps: 1400 Train loss: 0.6933
en-de Dev loss: 0.5499 r:0.4265
Current avg r:0.4265 Best avg r: 0.4265
Epoch 1 Global steps: 1500 Train loss: 0.8915
en-de Dev loss: 0.5408 r:0.4355
Current avg r:0.4355 Best avg r: 0.4355
Epoch 1 Global steps: 1600 Train loss: 0.6677
en-de Dev loss: 0.5394 r:0.4357
Current avg r:0.4357 Best avg r: 0.4357
Epoch 1 Global steps: 1700 Train loss: 0.7122
en-de Dev loss: 0.5434 r:0.4385
Current avg r:0.4385 Best avg r: 0.4385
Epoch 2 Global steps: 1800 Train loss: 0.8174
en-de Dev loss: 0.5195 r:0.4381
Current avg r:0.4381 Best avg r: 0.4385
Epoch 2 Global steps: 1900 Train loss: 0.7105
en-de Dev loss: 0.5881 r:0.4426
Current avg r:0.4426 Best avg r: 0.4426
Epoch 2 Global steps: 2000 Train loss: 0.5303
en-de Dev loss: 0.5139 r:0.4592
Current avg r:0.4592 Best avg r: 0.4592
Epoch 2 Global steps: 2100 Train loss: 0.7680
en-de Dev loss: 0.5109 r:0.4470
Current avg r:0.4470 Best avg r: 0.4592
Epoch 2 Global steps: 2200 Train loss: 0.7435
en-de Dev loss: 0.4899 r:0.4317
Current avg r:0.4317 Best avg r: 0.4592
Epoch 2 Global steps: 2300 Train loss: 0.5622
en-de Dev loss: 0.4960 r:0.4592
Current avg r:0.4592 Best avg r: 0.4592
Epoch 2 Global steps: 2400 Train loss: 0.7821
en-de Dev loss: 0.5134 r:0.4552
Current avg r:0.4552 Best avg r: 0.4592
Epoch 2 Global steps: 2500 Train loss: 0.5669
en-de Dev loss: 0.5223 r:0.4622
Current avg r:0.4622 Best avg r: 0.4622
Epoch 2 Global steps: 2600 Train loss: 0.7101
en-de Dev loss: 0.5357 r:0.4701
Current avg r:0.4701 Best avg r: 0.4701
Epoch 3 Global steps: 2700 Train loss: 0.6885
en-de Dev loss: 0.5325 r:0.4650
Current avg r:0.4650 Best avg r: 0.4701
Epoch 3 Global steps: 2800 Train loss: 0.5453
en-de Dev loss: 0.4882 r:0.4529
Current avg r:0.4529 Best avg r: 0.4701
Epoch 3 Global steps: 2900 Train loss: 0.4435
en-de Dev loss: 0.5205 r:0.4395
Current avg r:0.4395 Best avg r: 0.4701
Epoch 3 Global steps: 3000 Train loss: 0.7166
en-de Dev loss: 0.4875 r:0.4650
Current avg r:0.4650 Best avg r: 0.4701
Epoch 3 Global steps: 3100 Train loss: 0.6896
en-de Dev loss: 0.5030 r:0.4551
Current avg r:0.4551 Best avg r: 0.4701
Epoch 3 Global steps: 3200 Train loss: 0.6542
en-de Dev loss: 0.4889 r:0.4499
Current avg r:0.4499 Best avg r: 0.4701
Epoch 3 Global steps: 3300 Train loss: 0.6723
en-de Dev loss: 0.4849 r:0.4523
Current avg r:0.4523 Best avg r: 0.4701
Epoch 3 Global steps: 3400 Train loss: 0.7621
en-de Dev loss: 0.4721 r:0.4468
Current avg r:0.4468 Best avg r: 0.4701
Epoch 3 Global steps: 3500 Train loss: 0.7959
en-de Dev loss: 0.4460 r:0.4493
Current avg r:0.4493 Best avg r: 0.4701
Epoch 4 Global steps: 3600 Train loss: 0.5613
en-de Dev loss: 0.4746 r:0.4525
Current avg r:0.4525 Best avg r: 0.4701
Epoch 4 Global steps: 3700 Train loss: 0.5805
en-de Dev loss: 0.4670 r:0.4539
Current avg r:0.4539 Best avg r: 0.4701
Epoch 4 Global steps: 3800 Train loss: 0.5662
en-de Dev loss: 0.4638 r:0.4571
Current avg r:0.4571 Best avg r: 0.4701
Epoch 4 Global steps: 3900 Train loss: 0.5811
en-de Dev loss: 0.4843 r:0.4740
Current avg r:0.4740 Best avg r: 0.4740
Epoch 4 Global steps: 4000 Train loss: 0.6933
en-de Dev loss: 0.4806 r:0.4476
Current avg r:0.4476 Best avg r: 0.4740
Epoch 4 Global steps: 4100 Train loss: 0.7215
en-de Dev loss: 0.4599 r:0.4437
Current avg r:0.4437 Best avg r: 0.4740
Epoch 4 Global steps: 4200 Train loss: 0.6221
en-de Dev loss: 0.4882 r:0.4470
Current avg r:0.4470 Best avg r: 0.4740
Epoch 4 Global steps: 4300 Train loss: 0.7146
en-de Dev loss: 0.4760 r:0.4347
Current avg r:0.4347 Best avg r: 0.4740
Epoch 5 Global steps: 4400 Train loss: 0.3963
en-de Dev loss: 0.5007 r:0.4478
Current avg r:0.4478 Best avg r: 0.4740
Epoch 5 Global steps: 4500 Train loss: 0.5997
en-de Dev loss: 0.5561 r:0.4411
Current avg r:0.4411 Best avg r: 0.4740
Epoch 5 Global steps: 4600 Train loss: 0.6290
en-de Dev loss: 0.4674 r:0.4361
Current avg r:0.4361 Best avg r: 0.4740
Epoch 5 Global steps: 4700 Train loss: 0.6163
en-de Dev loss: 0.5264 r:0.4185
Current avg r:0.4185 Best avg r: 0.4740
Epoch 5 Global steps: 4800 Train loss: 0.5078
en-de Dev loss: 0.5204 r:0.4104
Current avg r:0.4104 Best avg r: 0.4740
Epoch 5 Global steps: 4900 Train loss: 0.6573
en-de Dev loss: 0.5174 r:0.4270
Current avg r:0.4270 Best avg r: 0.4740
Epoch 5 Global steps: 5000 Train loss: 0.6581
en-de Dev loss: 0.4529 r:0.4351
Current avg r:0.4351 Best avg r: 0.4740
Epoch 5 Global steps: 5100 Train loss: 0.7518
en-de Dev loss: 0.4873 r:0.4401
Current avg r:0.4401 Best avg r: 0.4740
Epoch 5 Global steps: 5200 Train loss: 0.5240
en-de Dev loss: 0.4773 r:0.4415
Current avg r:0.4415 Best avg r: 0.4740
Epoch 6 Global steps: 5300 Train loss: 0.5670
en-de Dev loss: 0.5066 r:0.4326
Current avg r:0.4326 Best avg r: 0.4740
Epoch 6 Global steps: 5400 Train loss: 0.5372
en-de Dev loss: 0.4561 r:0.4356
Current avg r:0.4356 Best avg r: 0.4740
Epoch 6 Global steps: 5500 Train loss: 0.5682
en-de Dev loss: 0.5116 r:0.4292
Current avg r:0.4292 Best avg r: 0.4740
Epoch 6 Global steps: 5600 Train loss: 0.5250
en-de Dev loss: 0.5129 r:0.4333
Current avg r:0.4333 Best avg r: 0.4740
Epoch 6 Global steps: 5700 Train loss: 0.4951
en-de Dev loss: 0.5192 r:0.4189
Current avg r:0.4189 Best avg r: 0.4740
Epoch 6 Global steps: 5800 Train loss: 0.6617
en-de Dev loss: 0.6151 r:0.3863
Current avg r:0.3863 Best avg r: 0.4740
Epoch 6 Global steps: 5900 Train loss: 0.5830
en-de Dev loss: 0.5002 r:0.3959
Current avg r:0.3959 Best avg r: 0.4740
Epoch 6 Global steps: 6000 Train loss: 0.6390
en-de Dev loss: 0.5665 r:0.3685
Current avg r:0.3685 Best avg r: 0.4740
Epoch 6 Global steps: 6100 Train loss: 0.4548
en-de Dev loss: 0.4858 r:0.4223
Current avg r:0.4223 Best avg r: 0.4740
Epoch 7 Global steps: 6200 Train loss: 0.5238
en-de Dev loss: 0.5103 r:0.3509
Current avg r:0.3509 Best avg r: 0.4740
Epoch 7 Global steps: 6300 Train loss: 0.4902
en-de Dev loss: 0.4908 r:0.3634
Current avg r:0.3634 Best avg r: 0.4740
Epoch 7 Global steps: 6400 Train loss: 0.4585
en-de Dev loss: 0.5420 r:0.3489
Current avg r:0.3489 Best avg r: 0.4740
Epoch 7 Global steps: 6500 Train loss: 0.4302
en-de Dev loss: 0.5265 r:0.3523
Current avg r:0.3523 Best avg r: 0.4740
