Epoch 0 Global steps: 5500 Train loss: 0.6582
en-de Dev loss: 0.4722 r:0.4105
en-zh Dev loss: 0.3905 r:0.4746
ro-en Dev loss: 0.2874 r:0.8796
et-en Dev loss: 0.3139 r:0.7744
si-en Dev loss: 0.3373 r:0.6842
ne-en Dev loss: 0.2813 r:0.7781
ru-en Dev loss: 0.4682 r:0.6712
Current avg r:0.6675 Best avg r: 0.6675
Epoch 0 Global steps: 6000 Train loss: 0.5958
en-de Dev loss: 0.5207 r:0.4028
en-zh Dev loss: 0.4163 r:0.4661
ro-en Dev loss: 0.2929 r:0.8664
et-en Dev loss: 0.3705 r:0.7665
si-en Dev loss: 0.3793 r:0.6734
ne-en Dev loss: 0.3048 r:0.7659
ru-en Dev loss: 0.4846 r:0.6896
Current avg r:0.6615 Best avg r: 0.6675
Epoch 0 Global steps: 6500 Train loss: 0.5919
en-de Dev loss: 0.5789 r:0.3906
en-zh Dev loss: 0.4102 r:0.4729
ro-en Dev loss: 0.4521 r:0.8762
et-en Dev loss: 0.5659 r:0.7671
si-en Dev loss: 0.4606 r:0.6665
ne-en Dev loss: 0.3267 r:0.7720
ru-en Dev loss: 0.6068 r:0.6816
Current avg r:0.6610 Best avg r: 0.6675
Epoch 0 Global steps: 7000 Train loss: 0.5567
en-de Dev loss: 0.5404 r:0.4265
en-zh Dev loss: 0.4272 r:0.4773
ro-en Dev loss: 0.3680 r:0.8770
et-en Dev loss: 0.4751 r:0.7676
si-en Dev loss: 0.3975 r:0.6791
ne-en Dev loss: 0.2771 r:0.7808
ru-en Dev loss: 0.6107 r:0.6973
Current avg r:0.6722 Best avg r: 0.6722
Epoch 1 Global steps: 7500 Train loss: 0.6256
en-de Dev loss: 0.5695 r:0.4269
en-zh Dev loss: 0.4444 r:0.4844
ro-en Dev loss: 0.3873 r:0.8855
et-en Dev loss: 0.4388 r:0.7772
si-en Dev loss: 0.3766 r:0.6915
ne-en Dev loss: 0.2709 r:0.7840
ru-en Dev loss: 0.6241 r:0.7089
Current avg r:0.6798 Best avg r: 0.6798
Epoch 1 Global steps: 8000 Train loss: 0.5580
en-de Dev loss: 0.5361 r:0.4363
en-zh Dev loss: 0.4236 r:0.4882
ro-en Dev loss: 0.3134 r:0.8842
et-en Dev loss: 0.3820 r:0.7746
si-en Dev loss: 0.3930 r:0.6840
ne-en Dev loss: 0.2958 r:0.7700
ru-en Dev loss: 0.4944 r:0.7123
Current avg r:0.6785 Best avg r: 0.6798
Epoch 1 Global steps: 8500 Train loss: 0.5253
en-de Dev loss: 0.6189 r:0.4340
en-zh Dev loss: 0.4980 r:0.4849
ro-en Dev loss: 0.3958 r:0.8843
et-en Dev loss: 0.4642 r:0.7739
si-en Dev loss: 0.4802 r:0.6828
ne-en Dev loss: 0.3267 r:0.7688
ru-en Dev loss: 0.5909 r:0.7156
Current avg r:0.6778 Best avg r: 0.6798
Epoch 1 Global steps: 9000 Train loss: 0.5464
en-de Dev loss: 0.6070 r:0.4213
en-zh Dev loss: 0.4523 r:0.4915
ro-en Dev loss: 0.3315 r:0.8900
et-en Dev loss: 0.4102 r:0.7773
si-en Dev loss: 0.3874 r:0.6906
ne-en Dev loss: 0.3104 r:0.7780
ru-en Dev loss: 0.5612 r:0.7232
Current avg r:0.6817 Best avg r: 0.6817
Epoch 1 Global steps: 9500 Train loss: 0.5581
en-de Dev loss: 0.4826 r:0.4345
en-zh Dev loss: 0.4000 r:0.5011
ro-en Dev loss: 0.2385 r:0.8892
et-en Dev loss: 0.3118 r:0.7845
si-en Dev loss: 0.3597 r:0.6985
ne-en Dev loss: 0.2905 r:0.7838
ru-en Dev loss: 0.4814 r:0.7179
Current avg r:0.6871 Best avg r: 0.6871
Epoch 1 Global steps: 10000 Train loss: 0.4931
en-de Dev loss: 0.5554 r:0.4337
en-zh Dev loss: 0.4394 r:0.5092
ro-en Dev loss: 0.2731 r:0.8875
et-en Dev loss: 0.3403 r:0.7855
si-en Dev loss: 0.3888 r:0.6968
ne-en Dev loss: 0.2987 r:0.7799
ru-en Dev loss: 0.5290 r:0.7232
Current avg r:0.6880 Best avg r: 0.6880
Epoch 1 Global steps: 10500 Train loss: 0.4858
en-de Dev loss: 0.5248 r:0.4408
en-zh Dev loss: 0.4378 r:0.4939
ro-en Dev loss: 0.3185 r:0.8920
et-en Dev loss: 0.3715 r:0.7775
si-en Dev loss: 0.4018 r:0.6875
ne-en Dev loss: 0.3448 r:0.7687
ru-en Dev loss: 0.5531 r:0.7124
Current avg r:0.6818 Best avg r: 0.6880
Epoch 1 Global steps: 11000 Train loss: 0.4830
en-de Dev loss: 0.4628 r:0.4512
en-zh Dev loss: 0.4096 r:0.5073
ro-en Dev loss: 0.2518 r:0.8863
et-en Dev loss: 0.3211 r:0.7870
si-en Dev loss: 0.3632 r:0.6986
ne-en Dev loss: 0.2888 r:0.7801
ru-en Dev loss: 0.5618 r:0.7058
Current avg r:0.6880 Best avg r: 0.6880
Epoch 1 Global steps: 11500 Train loss: 0.4933
en-de Dev loss: 0.5037 r:0.4476
en-zh Dev loss: 0.4417 r:0.5015
ro-en Dev loss: 0.2966 r:0.8907
et-en Dev loss: 0.3704 r:0.7798
si-en Dev loss: 0.4114 r:0.6992
ne-en Dev loss: 0.3460 r:0.7752
ru-en Dev loss: 0.6297 r:0.6927
Current avg r:0.6838 Best avg r: 0.6880
Epoch 1 Global steps: 12000 Train loss: 0.4942
en-de Dev loss: 0.4621 r:0.4417
en-zh Dev loss: 0.4187 r:0.5041
ro-en Dev loss: 0.2784 r:0.8852
et-en Dev loss: 0.3726 r:0.7806
si-en Dev loss: 0.3903 r:0.6959
ne-en Dev loss: 0.3075 r:0.7815
ru-en Dev loss: 0.5770 r:0.7014
Current avg r:0.6843 Best avg r: 0.6880
Epoch 1 Global steps: 12500 Train loss: 0.5055
en-de Dev loss: 0.4636 r:0.4432
en-zh Dev loss: 0.4103 r:0.5034
ro-en Dev loss: 0.2206 r:0.8918
et-en Dev loss: 0.3197 r:0.7866
si-en Dev loss: 0.3424 r:0.7083
ne-en Dev loss: 0.2703 r:0.7895
ru-en Dev loss: 0.4840 r:0.7198
Current avg r:0.6918 Best avg r: 0.6918
Epoch 1 Global steps: 13000 Train loss: 0.4997
en-de Dev loss: 0.5290 r:0.4505
en-zh Dev loss: 0.4255 r:0.4974
ro-en Dev loss: 0.2904 r:0.8958
et-en Dev loss: 0.3750 r:0.7813
si-en Dev loss: 0.3895 r:0.7005
ne-en Dev loss: 0.3347 r:0.7781
ru-en Dev loss: 0.5749 r:0.7158
Current avg r:0.6885 Best avg r: 0.6918
Epoch 1 Global steps: 13500 Train loss: 0.5228
en-de Dev loss: 0.4894 r:0.4345
en-zh Dev loss: 0.4299 r:0.4744
ro-en Dev loss: 0.2479 r:0.8935
et-en Dev loss: 0.3471 r:0.7808
si-en Dev loss: 0.3676 r:0.7023
ne-en Dev loss: 0.2834 r:0.7789
ru-en Dev loss: 0.6121 r:0.6709
Current avg r:0.6765 Best avg r: 0.6918
Epoch 1 Global steps: 14000 Train loss: 0.5320
en-de Dev loss: 0.5235 r:0.4261
en-zh Dev loss: 0.4504 r:0.4717
ro-en Dev loss: 0.3142 r:0.8950
et-en Dev loss: 0.4270 r:0.7829
si-en Dev loss: 0.4521 r:0.6975
ne-en Dev loss: 0.3726 r:0.7754
ru-en Dev loss: 0.6188 r:0.6846
Current avg r:0.6762 Best avg r: 0.6918
Epoch 2 Global steps: 14500 Train loss: 0.5028
en-de Dev loss: 0.5413 r:0.4424
en-zh Dev loss: 0.4263 r:0.4961
ro-en Dev loss: 0.2909 r:0.8952
et-en Dev loss: 0.4097 r:0.7771
si-en Dev loss: 0.4563 r:0.6993
ne-en Dev loss: 0.4001 r:0.7774
ru-en Dev loss: 0.5756 r:0.7043
Current avg r:0.6845 Best avg r: 0.6918
Epoch 2 Global steps: 15000 Train loss: 0.4948
en-de Dev loss: 0.4954 r:0.4490
en-zh Dev loss: 0.4027 r:0.4904
ro-en Dev loss: 0.2493 r:0.8982
et-en Dev loss: 0.3362 r:0.7792
si-en Dev loss: 0.3535 r:0.7090
ne-en Dev loss: 0.3510 r:0.7792
ru-en Dev loss: 0.5040 r:0.6926
Current avg r:0.6854 Best avg r: 0.6918
Epoch 2 Global steps: 15500 Train loss: 0.5084
en-de Dev loss: 0.6468 r:0.4566
en-zh Dev loss: 0.5218 r:0.4839
ro-en Dev loss: 0.3711 r:0.8954
et-en Dev loss: 0.4446 r:0.7809
si-en Dev loss: 0.3950 r:0.7100
ne-en Dev loss: 0.3537 r:0.7726
ru-en Dev loss: 0.7031 r:0.6804
Current avg r:0.6828 Best avg r: 0.6918
Epoch 2 Global steps: 16000 Train loss: 0.5020
en-de Dev loss: 0.4681 r:0.4407
en-zh Dev loss: 0.4009 r:0.4961
ro-en Dev loss: 0.2361 r:0.8925
et-en Dev loss: 0.3425 r:0.7819
si-en Dev loss: 0.3766 r:0.7001
ne-en Dev loss: 0.3532 r:0.7731
ru-en Dev loss: 0.5494 r:0.6748
Current avg r:0.6799 Best avg r: 0.6918
Epoch 2 Global steps: 16500 Train loss: 0.4929
en-de Dev loss: 0.4579 r:0.4692
en-zh Dev loss: 0.4263 r:0.5044
ro-en Dev loss: 0.2424 r:0.8990
et-en Dev loss: 0.3635 r:0.7839
si-en Dev loss: 0.3762 r:0.7031
ne-en Dev loss: 0.2998 r:0.7807
ru-en Dev loss: 0.5533 r:0.7129
Current avg r:0.6933 Best avg r: 0.6933
Epoch 2 Global steps: 17000 Train loss: 0.4799
en-de Dev loss: 0.5142 r:0.4623
en-zh Dev loss: 0.4463 r:0.5074
ro-en Dev loss: 0.3228 r:0.8909
et-en Dev loss: 0.4575 r:0.7820
si-en Dev loss: 0.4333 r:0.6973
ne-en Dev loss: 0.3674 r:0.7759
ru-en Dev loss: 0.6174 r:0.6990
Current avg r:0.6878 Best avg r: 0.6933
Epoch 2 Global steps: 17500 Train loss: 0.4951
en-de Dev loss: 0.4584 r:0.4721
en-zh Dev loss: 0.4192 r:0.5054
ro-en Dev loss: 0.2145 r:0.8969
et-en Dev loss: 0.3250 r:0.7892
si-en Dev loss: 0.3365 r:0.7107
ne-en Dev loss: 0.2748 r:0.7822
ru-en Dev loss: 0.5164 r:0.7104
Current avg r:0.6953 Best avg r: 0.6953
Epoch 2 Global steps: 18000 Train loss: 0.4502
en-de Dev loss: 0.5608 r:0.4540
en-zh Dev loss: 0.4720 r:0.4855
ro-en Dev loss: 0.2835 r:0.8849
et-en Dev loss: 0.3827 r:0.7806
si-en Dev loss: 0.3710 r:0.7000
ne-en Dev loss: 0.3407 r:0.7740
ru-en Dev loss: 0.7001 r:0.6504
Current avg r:0.6756 Best avg r: 0.6953
Epoch 2 Global steps: 18500 Train loss: 0.4921
en-de Dev loss: 0.5509 r:0.4839
en-zh Dev loss: 0.5614 r:0.4584
ro-en Dev loss: 0.3325 r:0.8753
et-en Dev loss: 0.4629 r:0.7590
si-en Dev loss: 0.4841 r:0.6730
ne-en Dev loss: 0.4608 r:0.7426
ru-en Dev loss: 0.7238 r:0.6510
Current avg r:0.6633 Best avg r: 0.6953
Epoch 2 Global steps: 19000 Train loss: 0.4852
en-de Dev loss: 0.4294 r:0.4916
en-zh Dev loss: 0.4481 r:0.5051
ro-en Dev loss: 0.1935 r:0.8991
et-en Dev loss: 0.3170 r:0.7889
si-en Dev loss: 0.3613 r:0.7117
ne-en Dev loss: 0.2855 r:0.7818
ru-en Dev loss: 0.5071 r:0.7148
Current avg r:0.6990 Best avg r: 0.6990
Epoch 2 Global steps: 19500 Train loss: 0.4870
en-de Dev loss: 0.4651 r:0.4834
en-zh Dev loss: 0.4329 r:0.4953
ro-en Dev loss: 0.2135 r:0.8960
et-en Dev loss: 0.3502 r:0.7814
si-en Dev loss: 0.3651 r:0.7069
ne-en Dev loss: 0.3354 r:0.7779
ru-en Dev loss: 0.5443 r:0.7039
Current avg r:0.6921 Best avg r: 0.6990
Epoch 2 Global steps: 20000 Train loss: 0.5077
en-de Dev loss: 0.4253 r:0.5065
en-zh Dev loss: 0.4261 r:0.5073
ro-en Dev loss: 0.1954 r:0.8938
et-en Dev loss: 0.3286 r:0.7874
si-en Dev loss: 0.3463 r:0.7112
ne-en Dev loss: 0.2812 r:0.7852
ru-en Dev loss: 0.5198 r:0.7034
Current avg r:0.6993 Best avg r: 0.6993
Epoch 2 Global steps: 20500 Train loss: 0.4368
en-de Dev loss: 0.4771 r:0.5055
en-zh Dev loss: 0.4195 r:0.4981
ro-en Dev loss: 0.1940 r:0.8964
et-en Dev loss: 0.3295 r:0.7855
si-en Dev loss: 0.3489 r:0.7080
ne-en Dev loss: 0.2862 r:0.7816
ru-en Dev loss: 0.4932 r:0.7113
Current avg r:0.6981 Best avg r: 0.6993
Epoch 2 Global steps: 21000 Train loss: 0.4767
en-de Dev loss: 0.5045 r:0.4882
en-zh Dev loss: 0.4368 r:0.5040
ro-en Dev loss: 0.2293 r:0.8927
et-en Dev loss: 0.3774 r:0.7717
si-en Dev loss: 0.4275 r:0.6897
ne-en Dev loss: 0.3389 r:0.7815
ru-en Dev loss: 0.5669 r:0.7081
Current avg r:0.6909 Best avg r: 0.6993
Epoch 3 Global steps: 21500 Train loss: 0.4537
en-de Dev loss: 0.5554 r:0.4910
en-zh Dev loss: 0.4617 r:0.4924
ro-en Dev loss: 0.2670 r:0.8936
et-en Dev loss: 0.4042 r:0.7751
si-en Dev loss: 0.4091 r:0.6975
ne-en Dev loss: 0.3357 r:0.7829
ru-en Dev loss: 0.6837 r:0.6859
Current avg r:0.6883 Best avg r: 0.6993
Epoch 3 Global steps: 22000 Train loss: 0.4742
en-de Dev loss: 0.5160 r:0.4849
en-zh Dev loss: 0.4690 r:0.4923
ro-en Dev loss: 0.2332 r:0.8961
et-en Dev loss: 0.3677 r:0.7809
si-en Dev loss: 0.4076 r:0.7048
ne-en Dev loss: 0.3457 r:0.7837
ru-en Dev loss: 0.6037 r:0.7007
Current avg r:0.6919 Best avg r: 0.6993
Epoch 3 Global steps: 22500 Train loss: 0.4524
en-de Dev loss: 0.5679 r:0.4542
en-zh Dev loss: 0.4929 r:0.4679
ro-en Dev loss: 0.2529 r:0.8869
et-en Dev loss: 0.3872 r:0.7701
si-en Dev loss: 0.4193 r:0.6942
ne-en Dev loss: 0.4072 r:0.7772
ru-en Dev loss: 0.5672 r:0.6912
Current avg r:0.6774 Best avg r: 0.6993
Epoch 3 Global steps: 23000 Train loss: 0.4377
en-de Dev loss: 0.5151 r:0.4164
en-zh Dev loss: 0.4718 r:0.4764
ro-en Dev loss: 0.2598 r:0.8898
et-en Dev loss: 0.4198 r:0.7668
si-en Dev loss: 0.4818 r:0.6860
ne-en Dev loss: 0.4318 r:0.7667
ru-en Dev loss: 0.6809 r:0.6555
Current avg r:0.6654 Best avg r: 0.6993
Epoch 3 Global steps: 23500 Train loss: 0.4302
en-de Dev loss: 0.5076 r:0.4573
en-zh Dev loss: 0.4410 r:0.4834
ro-en Dev loss: 0.2454 r:0.8956
et-en Dev loss: 0.3838 r:0.7767
si-en Dev loss: 0.4584 r:0.6855
ne-en Dev loss: 0.3962 r:0.7769
ru-en Dev loss: 0.5604 r:0.6966
Current avg r:0.6817 Best avg r: 0.6993
Epoch 3 Global steps: 24000 Train loss: 0.4783
en-de Dev loss: 0.4819 r:0.4752
en-zh Dev loss: 0.4339 r:0.4854
ro-en Dev loss: 0.2380 r:0.8940
et-en Dev loss: 0.3545 r:0.7750
si-en Dev loss: 0.4040 r:0.6886
ne-en Dev loss: 0.4152 r:0.7757
ru-en Dev loss: 0.5534 r:0.6967
Current avg r:0.6844 Best avg r: 0.6993
Epoch 3 Global steps: 24500 Train loss: 0.4570
en-de Dev loss: 0.4825 r:0.4676
en-zh Dev loss: 0.4395 r:0.4859
ro-en Dev loss: 0.2137 r:0.8939
et-en Dev loss: 0.3467 r:0.7703
si-en Dev loss: 0.4086 r:0.6922
ne-en Dev loss: 0.3938 r:0.7741
ru-en Dev loss: 0.5235 r:0.7025
Current avg r:0.6838 Best avg r: 0.6993
Epoch 3 Global steps: 25000 Train loss: 0.4271
en-de Dev loss: 0.4572 r:0.4712
en-zh Dev loss: 0.4356 r:0.4949
ro-en Dev loss: 0.2332 r:0.8968
et-en Dev loss: 0.3408 r:0.7837
si-en Dev loss: 0.4052 r:0.6969
ne-en Dev loss: 0.3231 r:0.7855
ru-en Dev loss: 0.5096 r:0.7208
Current avg r:0.6928 Best avg r: 0.6993
Epoch 3 Global steps: 25500 Train loss: 0.4284
en-de Dev loss: 0.4420 r:0.4856
en-zh Dev loss: 0.4032 r:0.4983
ro-en Dev loss: 0.1855 r:0.8999
et-en Dev loss: 0.2923 r:0.7873
si-en Dev loss: 0.3316 r:0.7110
ne-en Dev loss: 0.2746 r:0.7870
ru-en Dev loss: 0.4555 r:0.7215
Current avg r:0.6987 Best avg r: 0.6993
Epoch 3 Global steps: 26000 Train loss: 0.4455
en-de Dev loss: 0.4327 r:0.4956
en-zh Dev loss: 0.4254 r:0.4910
ro-en Dev loss: 0.2037 r:0.8954
et-en Dev loss: 0.3183 r:0.7813
si-en Dev loss: 0.3850 r:0.7017
ne-en Dev loss: 0.2867 r:0.7848
ru-en Dev loss: 0.4969 r:0.7087
Current avg r:0.6941 Best avg r: 0.6993
Epoch 3 Global steps: 26500 Train loss: 0.4469
en-de Dev loss: 0.4629 r:0.4636
en-zh Dev loss: 0.4497 r:0.4823
ro-en Dev loss: 0.2532 r:0.8886
et-en Dev loss: 0.3618 r:0.7740
si-en Dev loss: 0.4174 r:0.6976
ne-en Dev loss: 0.3745 r:0.7774
ru-en Dev loss: 0.5854 r:0.6900
Current avg r:0.6819 Best avg r: 0.6993
Epoch 3 Global steps: 27000 Train loss: 0.4735
en-de Dev loss: 0.4860 r:0.4626
en-zh Dev loss: 0.4984 r:0.4867
ro-en Dev loss: 0.2802 r:0.8876
et-en Dev loss: 0.3811 r:0.7807
si-en Dev loss: 0.4304 r:0.7053
ne-en Dev loss: 0.3744 r:0.7815
ru-en Dev loss: 0.5916 r:0.7086
Current avg r:0.6876 Best avg r: 0.6993
Epoch 3 Global steps: 27500 Train loss: 0.4476
en-de Dev loss: 0.4694 r:0.4738
en-zh Dev loss: 0.4886 r:0.4796
ro-en Dev loss: 0.2796 r:0.8902
et-en Dev loss: 0.4108 r:0.7803
si-en Dev loss: 0.4736 r:0.6924
ne-en Dev loss: 0.3910 r:0.7739
ru-en Dev loss: 0.6549 r:0.6919
Current avg r:0.6832 Best avg r: 0.6993
Epoch 3 Global steps: 28000 Train loss: 0.4329
en-de Dev loss: 0.5199 r:0.4720
en-zh Dev loss: 0.4842 r:0.4833
ro-en Dev loss: 0.2728 r:0.8952
et-en Dev loss: 0.3956 r:0.7819
si-en Dev loss: 0.4371 r:0.7017
ne-en Dev loss: 0.4057 r:0.7758
ru-en Dev loss: 0.6158 r:0.7067
Current avg r:0.6881 Best avg r: 0.6993
Epoch 4 Global steps: 28500 Train loss: 0.4289
en-de Dev loss: 0.4444 r:0.4688
en-zh Dev loss: 0.4142 r:0.4850
ro-en Dev loss: 0.1918 r:0.8943
et-en Dev loss: 0.3392 r:0.7741
si-en Dev loss: 0.3722 r:0.6990
ne-en Dev loss: 0.3153 r:0.7768
ru-en Dev loss: 0.4701 r:0.7122
Current avg r:0.6871 Best avg r: 0.6993
Epoch 4 Global steps: 29000 Train loss: 0.4272
en-de Dev loss: 0.4422 r:0.4787
en-zh Dev loss: 0.4245 r:0.4945
ro-en Dev loss: 0.2120 r:0.8925
et-en Dev loss: 0.3395 r:0.7751
si-en Dev loss: 0.3495 r:0.7122
ne-en Dev loss: 0.3027 r:0.7788
ru-en Dev loss: 0.5114 r:0.7149
Current avg r:0.6924 Best avg r: 0.6993
Epoch 4 Global steps: 29500 Train loss: 0.4439
en-de Dev loss: 0.4474 r:0.4807
en-zh Dev loss: 0.3954 r:0.4895
ro-en Dev loss: 0.1978 r:0.8959
et-en Dev loss: 0.3050 r:0.7742
si-en Dev loss: 0.3436 r:0.7087
ne-en Dev loss: 0.3045 r:0.7829
ru-en Dev loss: 0.4642 r:0.7104
Current avg r:0.6918 Best avg r: 0.6993
Epoch 4 Global steps: 30000 Train loss: 0.3831
en-de Dev loss: 0.4508 r:0.4910
en-zh Dev loss: 0.4397 r:0.4763
ro-en Dev loss: 0.2233 r:0.8938
et-en Dev loss: 0.3347 r:0.7686
si-en Dev loss: 0.4084 r:0.6953
ne-en Dev loss: 0.3440 r:0.7772
ru-en Dev loss: 0.5556 r:0.6953
Current avg r:0.6854 Best avg r: 0.6993
Epoch 4 Global steps: 30500 Train loss: 0.3794
en-de Dev loss: 0.4305 r:0.4833
en-zh Dev loss: 0.4737 r:0.4801
ro-en Dev loss: 0.2449 r:0.8886
et-en Dev loss: 0.3514 r:0.7745
si-en Dev loss: 0.4444 r:0.6935
ne-en Dev loss: 0.3450 r:0.7761
ru-en Dev loss: 0.5402 r:0.6909
Current avg r:0.6838 Best avg r: 0.6993
Epoch 4 Global steps: 31000 Train loss: 0.4184
en-de Dev loss: 0.4590 r:0.4508
en-zh Dev loss: 0.4359 r:0.4808
ro-en Dev loss: 0.2345 r:0.8940
et-en Dev loss: 0.3417 r:0.7764
si-en Dev loss: 0.3971 r:0.6984
ne-en Dev loss: 0.2998 r:0.7780
ru-en Dev loss: 0.6075 r:0.6823
Current avg r:0.6801 Best avg r: 0.6993
Epoch 4 Global steps: 31500 Train loss: 0.4127
en-de Dev loss: 0.4543 r:0.4521
en-zh Dev loss: 0.4144 r:0.4836
ro-en Dev loss: 0.2205 r:0.8950
et-en Dev loss: 0.3305 r:0.7794
si-en Dev loss: 0.3846 r:0.6986
ne-en Dev loss: 0.2960 r:0.7755
ru-en Dev loss: 0.5871 r:0.6738
Current avg r:0.6797 Best avg r: 0.6993
Epoch 4 Global steps: 32000 Train loss: 0.4281
en-de Dev loss: 0.4633 r:0.4543
en-zh Dev loss: 0.4189 r:0.4795
ro-en Dev loss: 0.2190 r:0.8912
et-en Dev loss: 0.3345 r:0.7670
si-en Dev loss: 0.3936 r:0.6962
ne-en Dev loss: 0.3202 r:0.7797
ru-en Dev loss: 0.5724 r:0.6758
Current avg r:0.6777 Best avg r: 0.6993
Epoch 4 Global steps: 32500 Train loss: 0.3922
en-de Dev loss: 0.4737 r:0.4612
en-zh Dev loss: 0.4598 r:0.4855
ro-en Dev loss: 0.2572 r:0.8894
et-en Dev loss: 0.3617 r:0.7745
si-en Dev loss: 0.4225 r:0.7035
ne-en Dev loss: 0.3142 r:0.7814
ru-en Dev loss: 0.5650 r:0.6961
Current avg r:0.6845 Best avg r: 0.6993
Epoch 4 Global steps: 33000 Train loss: 0.4046
en-de Dev loss: 0.4699 r:0.4576
en-zh Dev loss: 0.4087 r:0.4922
ro-en Dev loss: 0.1960 r:0.8949
et-en Dev loss: 0.3138 r:0.7716
si-en Dev loss: 0.3684 r:0.7004
ne-en Dev loss: 0.3273 r:0.7793
ru-en Dev loss: 0.5174 r:0.6911
Current avg r:0.6839 Best avg r: 0.6993
