Epoch 0 Global steps: 5500 Train loss: 0.6301
en-de Dev loss: 0.5217 r:0.2652
en-zh Dev loss: 0.4419 r:0.4541
ro-en Dev loss: 0.2537 r:0.8798
et-en Dev loss: 0.3392 r:0.7556
si-en Dev loss: 0.3604 r:0.6701
ne-en Dev loss: 0.2990 r:0.7580
ru-en Dev loss: 0.4626 r:0.6910
Current avg r:0.6391 Best avg r: 0.6391
Epoch 0 Global steps: 6000 Train loss: 0.6454
en-de Dev loss: 0.7417 r:0.3399
en-zh Dev loss: 0.4671 r:0.4450
ro-en Dev loss: 0.5659 r:0.8261
et-en Dev loss: 0.5122 r:0.7209
si-en Dev loss: 0.3587 r:0.6743
ne-en Dev loss: 0.3374 r:0.7385
ru-en Dev loss: 0.6438 r:0.6844
Current avg r:0.6327 Best avg r: 0.6391
Epoch 0 Global steps: 6500 Train loss: 0.5785
en-de Dev loss: 0.6957 r:0.3437
en-zh Dev loss: 0.4579 r:0.4296
ro-en Dev loss: 0.5805 r:0.8139
et-en Dev loss: 0.4962 r:0.7067
si-en Dev loss: 0.4103 r:0.6420
ne-en Dev loss: 0.3657 r:0.7220
ru-en Dev loss: 0.6760 r:0.6677
Current avg r:0.6180 Best avg r: 0.6391
Epoch 0 Global steps: 7000 Train loss: 0.5967
en-de Dev loss: 0.5098 r:0.3514
en-zh Dev loss: 0.4399 r:0.4604
ro-en Dev loss: 0.2647 r:0.8654
et-en Dev loss: 0.3285 r:0.7544
si-en Dev loss: 0.3579 r:0.6700
ne-en Dev loss: 0.3297 r:0.7434
ru-en Dev loss: 0.4677 r:0.6960
Current avg r:0.6487 Best avg r: 0.6487
Epoch 1 Global steps: 7500 Train loss: 0.5536
en-de Dev loss: 0.6651 r:0.3506
en-zh Dev loss: 0.4825 r:0.4468
ro-en Dev loss: 0.3413 r:0.8409
et-en Dev loss: 0.3930 r:0.7301
si-en Dev loss: 0.4239 r:0.6522
ne-en Dev loss: 0.4138 r:0.7394
ru-en Dev loss: 0.5464 r:0.6806
Current avg r:0.6344 Best avg r: 0.6487
Epoch 1 Global steps: 8000 Train loss: 0.5469
en-de Dev loss: 0.5462 r:0.3567
en-zh Dev loss: 0.4193 r:0.4600
ro-en Dev loss: 0.2595 r:0.8831
et-en Dev loss: 0.3589 r:0.7507
si-en Dev loss: 0.3421 r:0.6857
ne-en Dev loss: 0.3088 r:0.7496
ru-en Dev loss: 0.4897 r:0.6902
Current avg r:0.6537 Best avg r: 0.6537
Epoch 1 Global steps: 8500 Train loss: 0.5391
en-de Dev loss: 0.5535 r:0.3568
en-zh Dev loss: 0.4368 r:0.4522
ro-en Dev loss: 0.3117 r:0.8565
et-en Dev loss: 0.3954 r:0.7270
si-en Dev loss: 0.3583 r:0.6688
ne-en Dev loss: 0.3287 r:0.7330
ru-en Dev loss: 0.5502 r:0.6717
Current avg r:0.6380 Best avg r: 0.6537
Epoch 1 Global steps: 9000 Train loss: 0.5786
en-de Dev loss: 0.5719 r:0.3862
en-zh Dev loss: 0.4671 r:0.4704
ro-en Dev loss: 0.2790 r:0.8703
et-en Dev loss: 0.4178 r:0.7285
si-en Dev loss: 0.3694 r:0.6817
ne-en Dev loss: 0.3199 r:0.7445
ru-en Dev loss: 0.5499 r:0.6880
Current avg r:0.6528 Best avg r: 0.6537
Epoch 1 Global steps: 9500 Train loss: 0.5465
en-de Dev loss: 0.6732 r:0.3730
en-zh Dev loss: 0.5090 r:0.4321
ro-en Dev loss: 0.4076 r:0.8396
et-en Dev loss: 0.4499 r:0.7190
si-en Dev loss: 0.4157 r:0.6625
ne-en Dev loss: 0.4006 r:0.7171
ru-en Dev loss: 0.6167 r:0.6793
Current avg r:0.6318 Best avg r: 0.6537
Epoch 1 Global steps: 10000 Train loss: 0.5033
en-de Dev loss: 0.5662 r:0.3964
en-zh Dev loss: 0.4940 r:0.4392
ro-en Dev loss: 0.3417 r:0.8561
et-en Dev loss: 0.4096 r:0.7348
si-en Dev loss: 0.4135 r:0.6712
ne-en Dev loss: 0.3727 r:0.7340
ru-en Dev loss: 0.5336 r:0.7032
Current avg r:0.6478 Best avg r: 0.6537
Epoch 1 Global steps: 10500 Train loss: 0.5108
en-de Dev loss: 0.6110 r:0.3918
en-zh Dev loss: 0.4951 r:0.4337
ro-en Dev loss: 0.3690 r:0.8627
et-en Dev loss: 0.4119 r:0.7408
si-en Dev loss: 0.4214 r:0.6740
ne-en Dev loss: 0.3536 r:0.7360
ru-en Dev loss: 0.6130 r:0.6897
Current avg r:0.6470 Best avg r: 0.6537
Epoch 1 Global steps: 11000 Train loss: 0.5243
en-de Dev loss: 0.4791 r:0.3857
en-zh Dev loss: 0.4347 r:0.4503
ro-en Dev loss: 0.2570 r:0.8715
et-en Dev loss: 0.3745 r:0.7338
si-en Dev loss: 0.3934 r:0.6661
ne-en Dev loss: 0.3509 r:0.7369
ru-en Dev loss: 0.5091 r:0.6867
Current avg r:0.6473 Best avg r: 0.6537
Epoch 1 Global steps: 11500 Train loss: 0.5109
en-de Dev loss: 0.5917 r:0.3983
en-zh Dev loss: 0.5366 r:0.3770
ro-en Dev loss: 0.5014 r:0.8156
et-en Dev loss: 0.4895 r:0.6995
si-en Dev loss: 0.5430 r:0.6408
ne-en Dev loss: 0.4449 r:0.7224
ru-en Dev loss: 0.6577 r:0.6368
Current avg r:0.6129 Best avg r: 0.6537
Epoch 1 Global steps: 12000 Train loss: 0.5176
en-de Dev loss: 0.6662 r:0.3770
en-zh Dev loss: 0.5962 r:0.4010
ro-en Dev loss: 0.4400 r:0.8396
et-en Dev loss: 0.4997 r:0.7013
si-en Dev loss: 0.5920 r:0.6370
ne-en Dev loss: 0.5842 r:0.6940
ru-en Dev loss: 0.6941 r:0.6451
Current avg r:0.6136 Best avg r: 0.6537
Epoch 1 Global steps: 12500 Train loss: 0.5446
en-de Dev loss: 0.6284 r:0.4294
en-zh Dev loss: 0.5433 r:0.4171
ro-en Dev loss: 0.4216 r:0.8426
et-en Dev loss: 0.4725 r:0.7196
si-en Dev loss: 0.4612 r:0.6672
ne-en Dev loss: 0.4578 r:0.7300
ru-en Dev loss: 0.5948 r:0.6789
Current avg r:0.6407 Best avg r: 0.6537
Epoch 1 Global steps: 13000 Train loss: 0.4992
en-de Dev loss: 0.6294 r:0.4240
en-zh Dev loss: 0.4906 r:0.4741
ro-en Dev loss: 0.4122 r:0.8686
et-en Dev loss: 0.4502 r:0.7479
si-en Dev loss: 0.4672 r:0.6869
ne-en Dev loss: 0.4168 r:0.7491
ru-en Dev loss: 0.6388 r:0.6929
Current avg r:0.6634 Best avg r: 0.6634
Epoch 1 Global steps: 13500 Train loss: 0.5350
en-de Dev loss: 0.5200 r:0.4415
en-zh Dev loss: 0.4440 r:0.4839
ro-en Dev loss: 0.2979 r:0.8873
et-en Dev loss: 0.3659 r:0.7673
si-en Dev loss: 0.3911 r:0.6957
ne-en Dev loss: 0.3580 r:0.7537
ru-en Dev loss: 0.5618 r:0.7083
Current avg r:0.6768 Best avg r: 0.6768
Epoch 1 Global steps: 14000 Train loss: 0.5241
en-de Dev loss: 0.5284 r:0.4408
en-zh Dev loss: 0.4682 r:0.4742
ro-en Dev loss: 0.2400 r:0.8814
et-en Dev loss: 0.3406 r:0.7606
si-en Dev loss: 0.3900 r:0.6901
ne-en Dev loss: 0.3668 r:0.7427
ru-en Dev loss: 0.5145 r:0.7051
Current avg r:0.6707 Best avg r: 0.6768
Epoch 2 Global steps: 14500 Train loss: 0.5191
en-de Dev loss: 0.6471 r:0.4427
en-zh Dev loss: 0.4758 r:0.4656
ro-en Dev loss: 0.3413 r:0.8668
et-en Dev loss: 0.3883 r:0.7530
si-en Dev loss: 0.4014 r:0.6804
ne-en Dev loss: 0.3912 r:0.7324
ru-en Dev loss: 0.6307 r:0.6921
Current avg r:0.6619 Best avg r: 0.6768
Epoch 2 Global steps: 15000 Train loss: 0.4774
en-de Dev loss: 0.6717 r:0.4467
en-zh Dev loss: 0.5270 r:0.4508
ro-en Dev loss: 0.3177 r:0.8738
et-en Dev loss: 0.4348 r:0.7416
si-en Dev loss: 0.4531 r:0.6713
ne-en Dev loss: 0.4098 r:0.7307
ru-en Dev loss: 0.6616 r:0.6861
Current avg r:0.6573 Best avg r: 0.6768
Epoch 2 Global steps: 15500 Train loss: 0.5080
en-de Dev loss: 0.4735 r:0.4505
en-zh Dev loss: 0.3945 r:0.4744
ro-en Dev loss: 0.2179 r:0.8824
et-en Dev loss: 0.3312 r:0.7496
si-en Dev loss: 0.3549 r:0.6792
ne-en Dev loss: 0.3372 r:0.7365
ru-en Dev loss: 0.4900 r:0.6930
Current avg r:0.6665 Best avg r: 0.6768
Epoch 2 Global steps: 16000 Train loss: 0.4854
en-de Dev loss: 0.4711 r:0.4310
en-zh Dev loss: 0.3996 r:0.4808
ro-en Dev loss: 0.2283 r:0.8883
et-en Dev loss: 0.3561 r:0.7524
si-en Dev loss: 0.3777 r:0.6823
ne-en Dev loss: 0.3239 r:0.7494
ru-en Dev loss: 0.4796 r:0.7065
Current avg r:0.6701 Best avg r: 0.6768
Epoch 2 Global steps: 16500 Train loss: 0.4827
en-de Dev loss: 0.5530 r:0.4582
en-zh Dev loss: 0.4618 r:0.4758
ro-en Dev loss: 0.3392 r:0.8778
et-en Dev loss: 0.4858 r:0.7383
si-en Dev loss: 0.4833 r:0.6767
ne-en Dev loss: 0.4024 r:0.7471
ru-en Dev loss: 0.5993 r:0.7026
Current avg r:0.6681 Best avg r: 0.6768
Epoch 2 Global steps: 17000 Train loss: 0.4903
en-de Dev loss: 0.5810 r:0.4423
en-zh Dev loss: 0.4433 r:0.4838
ro-en Dev loss: 0.3625 r:0.8772
et-en Dev loss: 0.4089 r:0.7543
si-en Dev loss: 0.4255 r:0.6881
ne-en Dev loss: 0.3881 r:0.7508
ru-en Dev loss: 0.5768 r:0.7034
Current avg r:0.6714 Best avg r: 0.6768
Epoch 2 Global steps: 17500 Train loss: 0.4640
en-de Dev loss: 0.5851 r:0.4436
en-zh Dev loss: 0.4678 r:0.4710
ro-en Dev loss: 0.3201 r:0.8788
et-en Dev loss: 0.3457 r:0.7641
si-en Dev loss: 0.4164 r:0.6811
ne-en Dev loss: 0.3383 r:0.7561
ru-en Dev loss: 0.5806 r:0.6907
Current avg r:0.6694 Best avg r: 0.6768
Epoch 2 Global steps: 18000 Train loss: 0.4885
en-de Dev loss: 0.6288 r:0.4364
en-zh Dev loss: 0.4877 r:0.4589
ro-en Dev loss: 0.3932 r:0.8735
et-en Dev loss: 0.4141 r:0.7579
si-en Dev loss: 0.4858 r:0.6679
ne-en Dev loss: 0.3866 r:0.7492
ru-en Dev loss: 0.6217 r:0.6895
Current avg r:0.6619 Best avg r: 0.6768
Epoch 2 Global steps: 18500 Train loss: 0.4758
en-de Dev loss: 0.5965 r:0.4545
en-zh Dev loss: 0.5000 r:0.4581
ro-en Dev loss: 0.4453 r:0.8555
et-en Dev loss: 0.5012 r:0.7315
si-en Dev loss: 0.4930 r:0.6578
ne-en Dev loss: 0.4101 r:0.7377
ru-en Dev loss: 0.7251 r:0.6665
Current avg r:0.6517 Best avg r: 0.6768
Epoch 2 Global steps: 19000 Train loss: 0.4571
en-de Dev loss: 0.4827 r:0.4538
en-zh Dev loss: 0.4272 r:0.4771
ro-en Dev loss: 0.2468 r:0.8799
et-en Dev loss: 0.3459 r:0.7586
si-en Dev loss: 0.3655 r:0.6870
ne-en Dev loss: 0.3168 r:0.7585
ru-en Dev loss: 0.4877 r:0.7037
Current avg r:0.6741 Best avg r: 0.6768
Epoch 2 Global steps: 19500 Train loss: 0.5189
en-de Dev loss: 0.6218 r:0.4762
en-zh Dev loss: 0.5273 r:0.4590
ro-en Dev loss: 0.4007 r:0.8621
et-en Dev loss: 0.5168 r:0.7269
si-en Dev loss: 0.5109 r:0.6690
ne-en Dev loss: 0.3713 r:0.7515
ru-en Dev loss: 0.6329 r:0.6944
Current avg r:0.6627 Best avg r: 0.6768
Epoch 2 Global steps: 20000 Train loss: 0.5190
en-de Dev loss: 0.5039 r:0.4836
en-zh Dev loss: 0.4631 r:0.4773
ro-en Dev loss: 0.2686 r:0.8802
et-en Dev loss: 0.4157 r:0.7477
si-en Dev loss: 0.4172 r:0.6766
ne-en Dev loss: 0.3333 r:0.7491
ru-en Dev loss: 0.5540 r:0.7110
Current avg r:0.6751 Best avg r: 0.6768
Epoch 2 Global steps: 20500 Train loss: 0.5092
en-de Dev loss: 0.5505 r:0.4644
en-zh Dev loss: 0.4755 r:0.4576
ro-en Dev loss: 0.3398 r:0.8580
et-en Dev loss: 0.4475 r:0.7322
si-en Dev loss: 0.4246 r:0.6725
ne-en Dev loss: 0.3732 r:0.7343
ru-en Dev loss: 0.5940 r:0.6988
Current avg r:0.6597 Best avg r: 0.6768
Epoch 2 Global steps: 21000 Train loss: 0.4805
en-de Dev loss: 0.4922 r:0.4512
en-zh Dev loss: 0.4146 r:0.4628
ro-en Dev loss: 0.2205 r:0.8870
et-en Dev loss: 0.3342 r:0.7578
si-en Dev loss: 0.3959 r:0.6829
ne-en Dev loss: 0.3620 r:0.7512
ru-en Dev loss: 0.4810 r:0.7060
Current avg r:0.6713 Best avg r: 0.6768
Epoch 3 Global steps: 21500 Train loss: 0.4314
en-de Dev loss: 0.6131 r:0.4683
en-zh Dev loss: 0.5559 r:0.4555
ro-en Dev loss: 0.3745 r:0.8645
et-en Dev loss: 0.5623 r:0.7169
si-en Dev loss: 0.4978 r:0.6791
ne-en Dev loss: 0.4161 r:0.7449
ru-en Dev loss: 0.6914 r:0.6909
Current avg r:0.6600 Best avg r: 0.6768
Epoch 3 Global steps: 22000 Train loss: 0.4748
en-de Dev loss: 0.5480 r:0.4490
en-zh Dev loss: 0.5078 r:0.4506
ro-en Dev loss: 0.3146 r:0.8658
et-en Dev loss: 0.5163 r:0.7190
si-en Dev loss: 0.4297 r:0.6843
ne-en Dev loss: 0.3879 r:0.7393
ru-en Dev loss: 0.6578 r:0.6851
Current avg r:0.6562 Best avg r: 0.6768
Epoch 3 Global steps: 22500 Train loss: 0.4767
en-de Dev loss: 0.4543 r:0.4462
en-zh Dev loss: 0.4171 r:0.4446
ro-en Dev loss: 0.2488 r:0.8597
et-en Dev loss: 0.3620 r:0.7254
si-en Dev loss: 0.3906 r:0.6541
ne-en Dev loss: 0.3877 r:0.7171
ru-en Dev loss: 0.4462 r:0.6938
Current avg r:0.6487 Best avg r: 0.6768
Epoch 3 Global steps: 23000 Train loss: 0.4544
en-de Dev loss: 0.5513 r:0.4688
en-zh Dev loss: 0.4628 r:0.4624
ro-en Dev loss: 0.3154 r:0.8622
et-en Dev loss: 0.4549 r:0.7229
si-en Dev loss: 0.4598 r:0.6715
ne-en Dev loss: 0.4108 r:0.7417
ru-en Dev loss: 0.5342 r:0.7024
Current avg r:0.6617 Best avg r: 0.6768
Epoch 3 Global steps: 23500 Train loss: 0.4766
en-de Dev loss: 0.4699 r:0.4623
en-zh Dev loss: 0.4431 r:0.4846
ro-en Dev loss: 0.3036 r:0.8846
et-en Dev loss: 0.4481 r:0.7491
si-en Dev loss: 0.4342 r:0.6852
ne-en Dev loss: 0.3488 r:0.7591
ru-en Dev loss: 0.5460 r:0.7160
Current avg r:0.6773 Best avg r: 0.6773
Epoch 3 Global steps: 24000 Train loss: 0.4686
en-de Dev loss: 0.5199 r:0.4841
en-zh Dev loss: 0.4890 r:0.4511
ro-en Dev loss: 0.2732 r:0.8733
et-en Dev loss: 0.4306 r:0.7283
si-en Dev loss: 0.4594 r:0.6711
ne-en Dev loss: 0.4175 r:0.7416
ru-en Dev loss: 0.5507 r:0.7022
Current avg r:0.6645 Best avg r: 0.6773
Epoch 3 Global steps: 24500 Train loss: 0.4565
en-de Dev loss: 0.4874 r:0.4888
en-zh Dev loss: 0.5119 r:0.4567
ro-en Dev loss: 0.2797 r:0.8691
et-en Dev loss: 0.4131 r:0.7366
si-en Dev loss: 0.4574 r:0.6760
ne-en Dev loss: 0.4017 r:0.7403
ru-en Dev loss: 0.6165 r:0.6804
Current avg r:0.6640 Best avg r: 0.6773
Epoch 3 Global steps: 25000 Train loss: 0.4351
en-de Dev loss: 0.5378 r:0.4722
en-zh Dev loss: 0.4986 r:0.4433
ro-en Dev loss: 0.2982 r:0.8612
et-en Dev loss: 0.3943 r:0.7390
si-en Dev loss: 0.4294 r:0.6798
ne-en Dev loss: 0.4106 r:0.7415
ru-en Dev loss: 0.6491 r:0.6586
Current avg r:0.6565 Best avg r: 0.6773
Epoch 3 Global steps: 25500 Train loss: 0.4929
en-de Dev loss: 0.5136 r:0.4734
en-zh Dev loss: 0.4901 r:0.4469
ro-en Dev loss: 0.2816 r:0.8763
et-en Dev loss: 0.3852 r:0.7480
si-en Dev loss: 0.3994 r:0.6948
ne-en Dev loss: 0.4152 r:0.7446
ru-en Dev loss: 0.6027 r:0.6804
Current avg r:0.6663 Best avg r: 0.6773
Epoch 3 Global steps: 26000 Train loss: 0.4702
en-de Dev loss: 0.4219 r:0.4971
en-zh Dev loss: 0.4714 r:0.4837
ro-en Dev loss: 0.2100 r:0.8834
et-en Dev loss: 0.3535 r:0.7570
si-en Dev loss: 0.3941 r:0.6958
ne-en Dev loss: 0.3685 r:0.7567
ru-en Dev loss: 0.4432 r:0.7132
Current avg r:0.6838 Best avg r: 0.6838
Epoch 3 Global steps: 26500 Train loss: 0.4724
en-de Dev loss: 0.4405 r:0.4686
en-zh Dev loss: 0.4143 r:0.4756
ro-en Dev loss: 0.2159 r:0.8921
et-en Dev loss: 0.3543 r:0.7515
si-en Dev loss: 0.3561 r:0.6953
ne-en Dev loss: 0.3389 r:0.7652
ru-en Dev loss: 0.4821 r:0.6994
Current avg r:0.6782 Best avg r: 0.6838
Epoch 3 Global steps: 27000 Train loss: 0.4243
en-de Dev loss: 0.4725 r:0.4710
en-zh Dev loss: 0.4686 r:0.4511
ro-en Dev loss: 0.2958 r:0.8653
et-en Dev loss: 0.4067 r:0.7323
si-en Dev loss: 0.3992 r:0.6904
ne-en Dev loss: 0.3593 r:0.7546
ru-en Dev loss: 0.5522 r:0.6872
Current avg r:0.6645 Best avg r: 0.6838
Epoch 3 Global steps: 27500 Train loss: 0.4612
en-de Dev loss: 0.4940 r:0.5149
en-zh Dev loss: 0.4851 r:0.4469
ro-en Dev loss: 0.2751 r:0.8698
et-en Dev loss: 0.3834 r:0.7419
si-en Dev loss: 0.3956 r:0.6898
ne-en Dev loss: 0.3705 r:0.7425
ru-en Dev loss: 0.5652 r:0.6861
Current avg r:0.6703 Best avg r: 0.6838
Epoch 3 Global steps: 28000 Train loss: 0.5150
en-de Dev loss: 0.5766 r:0.4954
en-zh Dev loss: 0.5137 r:0.4299
ro-en Dev loss: 0.3389 r:0.8589
et-en Dev loss: 0.4134 r:0.7348
si-en Dev loss: 0.4298 r:0.6771
ne-en Dev loss: 0.4237 r:0.7352
ru-en Dev loss: 0.6825 r:0.6429
Current avg r:0.6534 Best avg r: 0.6838
Epoch 4 Global steps: 28500 Train loss: 0.4212
en-de Dev loss: 0.4581 r:0.4949
en-zh Dev loss: 0.4389 r:0.4675
ro-en Dev loss: 0.2315 r:0.8775
et-en Dev loss: 0.3467 r:0.7559
si-en Dev loss: 0.3693 r:0.6940
ne-en Dev loss: 0.3400 r:0.7442
ru-en Dev loss: 0.4866 r:0.7041
Current avg r:0.6769 Best avg r: 0.6838
Epoch 4 Global steps: 29000 Train loss: 0.4717
en-de Dev loss: 0.4640 r:0.5062
en-zh Dev loss: 0.4454 r:0.4690
ro-en Dev loss: 0.2525 r:0.8737
et-en Dev loss: 0.3646 r:0.7491
si-en Dev loss: 0.3876 r:0.6873
ne-en Dev loss: 0.4540 r:0.7250
ru-en Dev loss: 0.5710 r:0.6742
Current avg r:0.6692 Best avg r: 0.6838
Epoch 4 Global steps: 29500 Train loss: 0.4310
en-de Dev loss: 0.7088 r:0.5013
en-zh Dev loss: 0.5365 r:0.4678
ro-en Dev loss: 0.3315 r:0.8773
et-en Dev loss: 0.4479 r:0.7469
si-en Dev loss: 0.4423 r:0.6928
ne-en Dev loss: 0.4220 r:0.7477
ru-en Dev loss: 0.6861 r:0.6887
Current avg r:0.6746 Best avg r: 0.6838
Epoch 4 Global steps: 30000 Train loss: 0.4584
en-de Dev loss: 0.6055 r:0.5195
en-zh Dev loss: 0.5056 r:0.4491
ro-en Dev loss: 0.3077 r:0.8649
et-en Dev loss: 0.4552 r:0.7190
si-en Dev loss: 0.4445 r:0.6821
ne-en Dev loss: 0.3989 r:0.7438
ru-en Dev loss: 0.6521 r:0.6736
Current avg r:0.6646 Best avg r: 0.6838
Epoch 4 Global steps: 30500 Train loss: 0.4468
en-de Dev loss: 0.5204 r:0.5183
en-zh Dev loss: 0.5137 r:0.4848
ro-en Dev loss: 0.2898 r:0.8713
et-en Dev loss: 0.4262 r:0.7439
si-en Dev loss: 0.4264 r:0.6956
ne-en Dev loss: 0.3619 r:0.7522
ru-en Dev loss: 0.5993 r:0.6944
Current avg r:0.6801 Best avg r: 0.6838
Epoch 4 Global steps: 31000 Train loss: 0.4481
en-de Dev loss: 0.6609 r:0.5041
en-zh Dev loss: 0.4954 r:0.4686
ro-en Dev loss: 0.3610 r:0.8633
et-en Dev loss: 0.4812 r:0.7240
si-en Dev loss: 0.4676 r:0.6898
ne-en Dev loss: 0.3912 r:0.7498
ru-en Dev loss: 0.6376 r:0.6946
Current avg r:0.6706 Best avg r: 0.6838
Epoch 4 Global steps: 31500 Train loss: 0.4172
en-de Dev loss: 0.5970 r:0.4912
en-zh Dev loss: 0.4457 r:0.4730
ro-en Dev loss: 0.3906 r:0.8465
et-en Dev loss: 0.4281 r:0.7220
si-en Dev loss: 0.5056 r:0.6824
ne-en Dev loss: 0.4387 r:0.7455
ru-en Dev loss: 0.6101 r:0.6772
Current avg r:0.6625 Best avg r: 0.6838
Epoch 4 Global steps: 32000 Train loss: 0.4231
en-de Dev loss: 0.6137 r:0.4951
en-zh Dev loss: 0.4793 r:0.4725
ro-en Dev loss: 0.4898 r:0.8413
et-en Dev loss: 0.4996 r:0.7216
si-en Dev loss: 0.5672 r:0.6759
ne-en Dev loss: 0.4900 r:0.7431
ru-en Dev loss: 0.6981 r:0.6692
Current avg r:0.6598 Best avg r: 0.6838
Epoch 4 Global steps: 32500 Train loss: 0.4335
en-de Dev loss: 0.4708 r:0.4895
en-zh Dev loss: 0.4452 r:0.4845
ro-en Dev loss: 0.2944 r:0.8696
et-en Dev loss: 0.3888 r:0.7434
si-en Dev loss: 0.4343 r:0.6871
ne-en Dev loss: 0.3796 r:0.7551
ru-en Dev loss: 0.5503 r:0.6931
Current avg r:0.6746 Best avg r: 0.6838
Epoch 4 Global steps: 33000 Train loss: 0.4431
en-de Dev loss: 0.4634 r:0.4638
en-zh Dev loss: 0.4738 r:0.4843
ro-en Dev loss: 0.3148 r:0.8685
et-en Dev loss: 0.4268 r:0.7431
si-en Dev loss: 0.4757 r:0.6916
ne-en Dev loss: 0.3450 r:0.7593
ru-en Dev loss: 0.5690 r:0.6971
Current avg r:0.6725 Best avg r: 0.6838
Epoch 4 Global steps: 33500 Train loss: 0.4469
en-de Dev loss: 0.5533 r:0.4672
en-zh Dev loss: 0.4909 r:0.4498
ro-en Dev loss: 0.3406 r:0.8436
et-en Dev loss: 0.4660 r:0.7097
si-en Dev loss: 0.4870 r:0.6719
ne-en Dev loss: 0.3847 r:0.7438
ru-en Dev loss: 0.5712 r:0.6787
Current avg r:0.6521 Best avg r: 0.6838
Epoch 4 Global steps: 34000 Train loss: 0.4200
en-de Dev loss: 0.6097 r:0.4578
en-zh Dev loss: 0.5085 r:0.4452
ro-en Dev loss: 0.3069 r:0.8630
et-en Dev loss: 0.4706 r:0.7248
si-en Dev loss: 0.4250 r:0.6843
ne-en Dev loss: 0.3101 r:0.7559
ru-en Dev loss: 0.5847 r:0.6904
Current avg r:0.6602 Best avg r: 0.6838
Epoch 4 Global steps: 34500 Train loss: 0.4353
en-de Dev loss: 0.5557 r:0.4829
en-zh Dev loss: 0.4438 r:0.4654
ro-en Dev loss: 0.3638 r:0.8598
et-en Dev loss: 0.4683 r:0.7265
si-en Dev loss: 0.4773 r:0.6823
ne-en Dev loss: 0.4070 r:0.7583
ru-en Dev loss: 0.5619 r:0.6869
Current avg r:0.6660 Best avg r: 0.6838
Epoch 4 Global steps: 35000 Train loss: 0.4345
en-de Dev loss: 0.4722 r:0.4937
en-zh Dev loss: 0.4271 r:0.4766
ro-en Dev loss: 0.2870 r:0.8698
et-en Dev loss: 0.3765 r:0.7443
si-en Dev loss: 0.5280 r:0.6657
ne-en Dev loss: 0.4048 r:0.7582
ru-en Dev loss: 0.5390 r:0.6835
Current avg r:0.6703 Best avg r: 0.6838
Epoch 5 Global steps: 35500 Train loss: 0.4476
en-de Dev loss: 0.6024 r:0.5003
en-zh Dev loss: 0.6120 r:0.4485
ro-en Dev loss: 0.4443 r:0.8491
et-en Dev loss: 0.5493 r:0.7124
si-en Dev loss: 0.6264 r:0.6646
ne-en Dev loss: 0.4261 r:0.7444
ru-en Dev loss: 0.7142 r:0.6719
Current avg r:0.6559 Best avg r: 0.6838
Epoch 5 Global steps: 36000 Train loss: 0.3976
en-de Dev loss: 0.5368 r:0.5037
en-zh Dev loss: 0.5190 r:0.4665
ro-en Dev loss: 0.3351 r:0.8710
et-en Dev loss: 0.3811 r:0.7594
si-en Dev loss: 0.4536 r:0.6919
ne-en Dev loss: 0.3153 r:0.7709
ru-en Dev loss: 0.5900 r:0.6936
Current avg r:0.6796 Best avg r: 0.6838
Epoch 5 Global steps: 36500 Train loss: 0.3864
en-de Dev loss: 0.7200 r:0.4813
en-zh Dev loss: 0.5731 r:0.4453
ro-en Dev loss: 0.4668 r:0.8399
et-en Dev loss: 0.5843 r:0.6945
si-en Dev loss: 0.5889 r:0.6679
ne-en Dev loss: 0.4775 r:0.7464
ru-en Dev loss: 0.7368 r:0.6620
Current avg r:0.6482 Best avg r: 0.6838
Epoch 5 Global steps: 37000 Train loss: 0.4419
en-de Dev loss: 0.5313 r:0.5053
en-zh Dev loss: 0.4788 r:0.4688
ro-en Dev loss: 0.3181 r:0.8693
et-en Dev loss: 0.4264 r:0.7363
si-en Dev loss: 0.4921 r:0.6767
ne-en Dev loss: 0.3428 r:0.7584
ru-en Dev loss: 0.5518 r:0.7065
Current avg r:0.6745 Best avg r: 0.6838
Epoch 5 Global steps: 37500 Train loss: 0.4114
en-de Dev loss: 0.5832 r:0.4719
en-zh Dev loss: 0.4657 r:0.4406
ro-en Dev loss: 0.3289 r:0.8468
et-en Dev loss: 0.4108 r:0.7210
si-en Dev loss: 0.4899 r:0.6563
ne-en Dev loss: 0.3493 r:0.7500
ru-en Dev loss: 0.6065 r:0.6609
Current avg r:0.6496 Best avg r: 0.6838
Epoch 5 Global steps: 38000 Train loss: 0.3914
en-de Dev loss: 0.4828 r:0.4955
en-zh Dev loss: 0.4388 r:0.4797
ro-en Dev loss: 0.2872 r:0.8709
et-en Dev loss: 0.4040 r:0.7511
si-en Dev loss: 0.4537 r:0.6750
ne-en Dev loss: 0.3599 r:0.7573
ru-en Dev loss: 0.5056 r:0.7145
Current avg r:0.6777 Best avg r: 0.6838
Epoch 5 Global steps: 38500 Train loss: 0.4278
en-de Dev loss: 0.4697 r:0.4918
en-zh Dev loss: 0.4600 r:0.4718
ro-en Dev loss: 0.3272 r:0.8611
et-en Dev loss: 0.4333 r:0.7351
si-en Dev loss: 0.4488 r:0.6847
ne-en Dev loss: 0.3446 r:0.7634
ru-en Dev loss: 0.5624 r:0.6983
Current avg r:0.6723 Best avg r: 0.6838
Epoch 5 Global steps: 39000 Train loss: 0.3855
en-de Dev loss: 0.5149 r:0.4858
en-zh Dev loss: 0.4789 r:0.4495
ro-en Dev loss: 0.3073 r:0.8628
et-en Dev loss: 0.4052 r:0.7347
si-en Dev loss: 0.4763 r:0.6741
ne-en Dev loss: 0.3470 r:0.7635
ru-en Dev loss: 0.5425 r:0.6970
Current avg r:0.6668 Best avg r: 0.6838
