Epoch 0 Global steps: 5500 Train loss: 1.2181
en-de Dev loss: 0.4838 r:0.4019
en-zh Dev loss: 0.5197 r:0.4599
ro-en Dev loss: 0.2649 r:0.8456
et-en Dev loss: 0.3330 r:0.7628
si-en Dev loss: 0.4706 r:0.6675
ne-en Dev loss: 0.4479 r:0.7702
ru-en Dev loss: 0.4717 r:0.6825
Current avg r:0.6558 Best avg r: 0.6558
Epoch 0 Global steps: 6000 Train loss: 1.3581
en-de Dev loss: 0.5721 r:0.4021
en-zh Dev loss: 0.4125 r:0.4598
ro-en Dev loss: 0.3867 r:0.8406
et-en Dev loss: 0.3874 r:0.7526
si-en Dev loss: 0.3683 r:0.6564
ne-en Dev loss: 0.3186 r:0.7405
ru-en Dev loss: 0.5430 r:0.6875
Current avg r:0.6485 Best avg r: 0.6558
Epoch 0 Global steps: 6500 Train loss: 1.2671
en-de Dev loss: 0.5411 r:0.4226
en-zh Dev loss: 0.4324 r:0.4528
ro-en Dev loss: 0.3232 r:0.8296
et-en Dev loss: 0.3494 r:0.7417
si-en Dev loss: 0.3979 r:0.6523
ne-en Dev loss: 0.3593 r:0.7383
ru-en Dev loss: 0.4902 r:0.6895
Current avg r:0.6467 Best avg r: 0.6558
Epoch 0 Global steps: 7000 Train loss: 1.2402
en-de Dev loss: 0.4693 r:0.4261
en-zh Dev loss: 0.3950 r:0.4715
ro-en Dev loss: 0.3628 r:0.8345
et-en Dev loss: 0.3670 r:0.7441
si-en Dev loss: 0.3653 r:0.6644
ne-en Dev loss: 0.3522 r:0.7359
ru-en Dev loss: 0.4723 r:0.7022
Current avg r:0.6541 Best avg r: 0.6558
Epoch 0 Global steps: 7500 Train loss: 1.2215
en-de Dev loss: 0.5183 r:0.4247
en-zh Dev loss: 0.4022 r:0.4610
ro-en Dev loss: 0.3791 r:0.8476
et-en Dev loss: 0.4059 r:0.7412
si-en Dev loss: 0.3615 r:0.6579
ne-en Dev loss: 0.3383 r:0.7305
ru-en Dev loss: 0.5196 r:0.6907
Current avg r:0.6505 Best avg r: 0.6558
Epoch 0 Global steps: 8000 Train loss: 1.0530
en-de Dev loss: 0.4883 r:0.4365
en-zh Dev loss: 0.4025 r:0.4635
ro-en Dev loss: 0.3101 r:0.8508
et-en Dev loss: 0.3527 r:0.7430
si-en Dev loss: 0.3718 r:0.6521
ne-en Dev loss: 0.3372 r:0.7348
ru-en Dev loss: 0.4573 r:0.6956
Current avg r:0.6537 Best avg r: 0.6558
Epoch 0 Global steps: 8500 Train loss: 1.0574
en-de Dev loss: 0.5486 r:0.4307
en-zh Dev loss: 0.4162 r:0.4645
ro-en Dev loss: 0.3863 r:0.8540
et-en Dev loss: 0.4341 r:0.7427
si-en Dev loss: 0.4227 r:0.6393
ne-en Dev loss: 0.3649 r:0.7271
ru-en Dev loss: 0.5528 r:0.6878
Current avg r:0.6494 Best avg r: 0.6558
Epoch 0 Global steps: 9000 Train loss: 1.0894
en-de Dev loss: 0.4648 r:0.4440
en-zh Dev loss: 0.4093 r:0.4787
ro-en Dev loss: 0.3216 r:0.8448
et-en Dev loss: 0.3415 r:0.7511
si-en Dev loss: 0.3487 r:0.6710
ne-en Dev loss: 0.3115 r:0.7570
ru-en Dev loss: 0.4872 r:0.7092
Current avg r:0.6651 Best avg r: 0.6651
Epoch 0 Global steps: 9500 Train loss: 1.0614
en-de Dev loss: 0.4989 r:0.4413
en-zh Dev loss: 0.4155 r:0.4759
ro-en Dev loss: 0.2942 r:0.8513
et-en Dev loss: 0.3190 r:0.7642
si-en Dev loss: 0.3674 r:0.6721
ne-en Dev loss: 0.3297 r:0.7562
ru-en Dev loss: 0.4730 r:0.7054
Current avg r:0.6666 Best avg r: 0.6666
Epoch 0 Global steps: 10000 Train loss: 1.1029
en-de Dev loss: 0.4965 r:0.4381
en-zh Dev loss: 0.4057 r:0.4772
ro-en Dev loss: 0.3024 r:0.8505
et-en Dev loss: 0.3401 r:0.7567
si-en Dev loss: 0.3628 r:0.6616
ne-en Dev loss: 0.3144 r:0.7487
ru-en Dev loss: 0.4827 r:0.7006
Current avg r:0.6619 Best avg r: 0.6666
Epoch 0 Global steps: 10500 Train loss: 1.0824
en-de Dev loss: 0.4904 r:0.4330
en-zh Dev loss: 0.3852 r:0.4877
ro-en Dev loss: 0.3181 r:0.8665
et-en Dev loss: 0.3623 r:0.7629
si-en Dev loss: 0.3540 r:0.6672
ne-en Dev loss: 0.3048 r:0.7554
ru-en Dev loss: 0.5023 r:0.7024
Current avg r:0.6678 Best avg r: 0.6678
Epoch 0 Global steps: 11000 Train loss: 1.1271
en-de Dev loss: 0.5109 r:0.4431
en-zh Dev loss: 0.4023 r:0.4848
ro-en Dev loss: 0.2829 r:0.8634
et-en Dev loss: 0.3521 r:0.7656
si-en Dev loss: 0.3660 r:0.6667
ne-en Dev loss: 0.3231 r:0.7475
ru-en Dev loss: 0.4829 r:0.7075
Current avg r:0.6684 Best avg r: 0.6684
Epoch 0 Global steps: 11500 Train loss: 1.0132
en-de Dev loss: 0.5594 r:0.4507
en-zh Dev loss: 0.4165 r:0.4861
ro-en Dev loss: 0.3919 r:0.8613
et-en Dev loss: 0.4265 r:0.7649
si-en Dev loss: 0.4019 r:0.6756
ne-en Dev loss: 0.3952 r:0.7422
ru-en Dev loss: 0.5895 r:0.7073
Current avg r:0.6697 Best avg r: 0.6697
Epoch 0 Global steps: 12000 Train loss: 1.0839
en-de Dev loss: 0.5193 r:0.4409
en-zh Dev loss: 0.3962 r:0.4829
ro-en Dev loss: 0.3940 r:0.8662
et-en Dev loss: 0.4257 r:0.7575
si-en Dev loss: 0.3821 r:0.6770
ne-en Dev loss: 0.3723 r:0.7408
ru-en Dev loss: 0.5650 r:0.7046
Current avg r:0.6671 Best avg r: 0.6697
Epoch 0 Global steps: 12500 Train loss: 1.0025
en-de Dev loss: 0.4455 r:0.4504
en-zh Dev loss: 0.4475 r:0.4948
ro-en Dev loss: 0.2553 r:0.8692
et-en Dev loss: 0.3126 r:0.7689
si-en Dev loss: 0.3735 r:0.6943
ne-en Dev loss: 0.3536 r:0.7649
ru-en Dev loss: 0.4175 r:0.7115
Current avg r:0.6792 Best avg r: 0.6792
Epoch 0 Global steps: 13000 Train loss: 1.0346
en-de Dev loss: 0.5099 r:0.4469
en-zh Dev loss: 0.3986 r:0.4793
ro-en Dev loss: 0.3104 r:0.8776
et-en Dev loss: 0.3904 r:0.7622
si-en Dev loss: 0.3892 r:0.6688
ne-en Dev loss: 0.3715 r:0.7500
ru-en Dev loss: 0.5114 r:0.7073
Current avg r:0.6703 Best avg r: 0.6792
Epoch 0 Global steps: 13500 Train loss: 1.2141
en-de Dev loss: 0.5115 r:0.4531
en-zh Dev loss: 0.4041 r:0.4742
ro-en Dev loss: 0.3562 r:0.8714
et-en Dev loss: 0.4456 r:0.7466
si-en Dev loss: 0.4474 r:0.6594
ne-en Dev loss: 0.4961 r:0.7339
ru-en Dev loss: 0.5351 r:0.7002
Current avg r:0.6627 Best avg r: 0.6792
Epoch 0 Global steps: 14000 Train loss: 1.0324
en-de Dev loss: 0.5183 r:0.4529
en-zh Dev loss: 0.4438 r:0.4700
ro-en Dev loss: 0.2617 r:0.8656
et-en Dev loss: 0.3580 r:0.7537
si-en Dev loss: 0.3869 r:0.6687
ne-en Dev loss: 0.3304 r:0.7500
ru-en Dev loss: 0.5041 r:0.7029
Current avg r:0.6663 Best avg r: 0.6792
Epoch 1 Global steps: 14500 Train loss: 1.0447
en-de Dev loss: 0.5021 r:0.4575
en-zh Dev loss: 0.4179 r:0.4836
ro-en Dev loss: 0.2513 r:0.8781
et-en Dev loss: 0.3529 r:0.7641
si-en Dev loss: 0.3631 r:0.6827
ne-en Dev loss: 0.3026 r:0.7657
ru-en Dev loss: 0.4469 r:0.7208
Current avg r:0.6789 Best avg r: 0.6792
Epoch 1 Global steps: 15000 Train loss: 0.9065
en-de Dev loss: 0.5771 r:0.4584
en-zh Dev loss: 0.4379 r:0.4739
ro-en Dev loss: 0.3326 r:0.8734
et-en Dev loss: 0.4147 r:0.7624
si-en Dev loss: 0.4074 r:0.6752
ne-en Dev loss: 0.3886 r:0.7525
ru-en Dev loss: 0.5991 r:0.6985
Current avg r:0.6706 Best avg r: 0.6792
Epoch 1 Global steps: 15500 Train loss: 0.9387
en-de Dev loss: 0.4830 r:0.4573
en-zh Dev loss: 0.3849 r:0.4982
ro-en Dev loss: 0.2843 r:0.8841
et-en Dev loss: 0.4060 r:0.7630
si-en Dev loss: 0.4165 r:0.6757
ne-en Dev loss: 0.3701 r:0.7604
ru-en Dev loss: 0.5133 r:0.7064
Current avg r:0.6779 Best avg r: 0.6792
Epoch 1 Global steps: 16000 Train loss: 0.9671
en-de Dev loss: 0.5134 r:0.4705
en-zh Dev loss: 0.4165 r:0.4891
ro-en Dev loss: 0.3085 r:0.8822
et-en Dev loss: 0.3973 r:0.7654
si-en Dev loss: 0.3929 r:0.6839
ne-en Dev loss: 0.3600 r:0.7526
ru-en Dev loss: 0.5488 r:0.7110
Current avg r:0.6792 Best avg r: 0.6792
Epoch 1 Global steps: 16500 Train loss: 0.9574
en-de Dev loss: 0.5193 r:0.4698
en-zh Dev loss: 0.4384 r:0.4801
ro-en Dev loss: 0.2527 r:0.8775
et-en Dev loss: 0.3521 r:0.7616
si-en Dev loss: 0.3541 r:0.6921
ne-en Dev loss: 0.3166 r:0.7595
ru-en Dev loss: 0.5142 r:0.7062
Current avg r:0.6781 Best avg r: 0.6792
Epoch 1 Global steps: 17000 Train loss: 0.9951
en-de Dev loss: 0.5857 r:0.4684
en-zh Dev loss: 0.4308 r:0.4856
ro-en Dev loss: 0.3005 r:0.8857
et-en Dev loss: 0.3921 r:0.7654
si-en Dev loss: 0.3662 r:0.7026
ne-en Dev loss: 0.3404 r:0.7642
ru-en Dev loss: 0.5148 r:0.7204
Current avg r:0.6846 Best avg r: 0.6846
Epoch 1 Global steps: 17500 Train loss: 0.9843
en-de Dev loss: 0.5758 r:0.4602
en-zh Dev loss: 0.4346 r:0.4706
ro-en Dev loss: 0.3075 r:0.8782
et-en Dev loss: 0.4297 r:0.7522
si-en Dev loss: 0.4852 r:0.6556
ne-en Dev loss: 0.4498 r:0.7322
ru-en Dev loss: 0.4989 r:0.7048
Current avg r:0.6648 Best avg r: 0.6846
Epoch 1 Global steps: 18000 Train loss: 0.9848
en-de Dev loss: 0.5500 r:0.4715
en-zh Dev loss: 0.4303 r:0.4761
ro-en Dev loss: 0.2420 r:0.8857
et-en Dev loss: 0.3757 r:0.7572
si-en Dev loss: 0.3702 r:0.6836
ne-en Dev loss: 0.3148 r:0.7563
ru-en Dev loss: 0.5352 r:0.7062
Current avg r:0.6766 Best avg r: 0.6846
Epoch 1 Global steps: 18500 Train loss: 0.9551
en-de Dev loss: 0.4729 r:0.4786
en-zh Dev loss: 0.3935 r:0.4886
ro-en Dev loss: 0.2126 r:0.8875
et-en Dev loss: 0.3343 r:0.7604
si-en Dev loss: 0.3387 r:0.6879
ne-en Dev loss: 0.3384 r:0.7483
ru-en Dev loss: 0.4467 r:0.7163
Current avg r:0.6811 Best avg r: 0.6846
Epoch 1 Global steps: 19000 Train loss: 0.9216
en-de Dev loss: 0.4931 r:0.4717
en-zh Dev loss: 0.3898 r:0.4886
ro-en Dev loss: 0.2305 r:0.8849
et-en Dev loss: 0.3462 r:0.7591
si-en Dev loss: 0.3458 r:0.6876
ne-en Dev loss: 0.3405 r:0.7557
ru-en Dev loss: 0.4643 r:0.7169
Current avg r:0.6807 Best avg r: 0.6846
Epoch 1 Global steps: 19500 Train loss: 0.9961
en-de Dev loss: 0.4970 r:0.4806
en-zh Dev loss: 0.3940 r:0.4987
ro-en Dev loss: 0.2362 r:0.8880
et-en Dev loss: 0.3839 r:0.7598
si-en Dev loss: 0.3640 r:0.6860
ne-en Dev loss: 0.3448 r:0.7588
ru-en Dev loss: 0.4844 r:0.7197
Current avg r:0.6845 Best avg r: 0.6846
Epoch 1 Global steps: 20000 Train loss: 1.0316
en-de Dev loss: 0.5214 r:0.4829
en-zh Dev loss: 0.4251 r:0.4880
ro-en Dev loss: 0.2488 r:0.8815
et-en Dev loss: 0.3802 r:0.7585
si-en Dev loss: 0.3668 r:0.6860
ne-en Dev loss: 0.3077 r:0.7626
ru-en Dev loss: 0.5752 r:0.6923
Current avg r:0.6788 Best avg r: 0.6846
Epoch 1 Global steps: 20500 Train loss: 0.9556
en-de Dev loss: 0.4804 r:0.4841
en-zh Dev loss: 0.3942 r:0.4885
ro-en Dev loss: 0.2587 r:0.8777
et-en Dev loss: 0.3945 r:0.7571
si-en Dev loss: 0.3868 r:0.6751
ne-en Dev loss: 0.3375 r:0.7548
ru-en Dev loss: 0.5517 r:0.6790
Current avg r:0.6738 Best avg r: 0.6846
Epoch 1 Global steps: 21000 Train loss: 1.0761
en-de Dev loss: 0.4844 r:0.4747
en-zh Dev loss: 0.3918 r:0.4852
ro-en Dev loss: 0.2519 r:0.8685
et-en Dev loss: 0.3223 r:0.7636
si-en Dev loss: 0.3519 r:0.6769
ne-en Dev loss: 0.3118 r:0.7518
ru-en Dev loss: 0.5065 r:0.6907
Current avg r:0.6730 Best avg r: 0.6846
Epoch 1 Global steps: 21500 Train loss: 1.0115
en-de Dev loss: 0.4620 r:0.4877
en-zh Dev loss: 0.3798 r:0.5032
ro-en Dev loss: 0.2592 r:0.8786
et-en Dev loss: 0.3324 r:0.7706
si-en Dev loss: 0.3397 r:0.6917
ne-en Dev loss: 0.3197 r:0.7706
ru-en Dev loss: 0.4923 r:0.7134
Current avg r:0.6880 Best avg r: 0.6880
Epoch 1 Global steps: 22000 Train loss: 0.9117
en-de Dev loss: 0.4915 r:0.4668
en-zh Dev loss: 0.3813 r:0.5023
ro-en Dev loss: 0.3132 r:0.8779
et-en Dev loss: 0.3867 r:0.7674
si-en Dev loss: 0.3997 r:0.6696
ne-en Dev loss: 0.3838 r:0.7578
ru-en Dev loss: 0.5054 r:0.7018
Current avg r:0.6777 Best avg r: 0.6880
Epoch 1 Global steps: 22500 Train loss: 0.9272
en-de Dev loss: 0.6132 r:0.4925
en-zh Dev loss: 0.4566 r:0.5068
ro-en Dev loss: 0.3943 r:0.8843
et-en Dev loss: 0.4826 r:0.7742
si-en Dev loss: 0.4666 r:0.6829
ne-en Dev loss: 0.4206 r:0.7629
ru-en Dev loss: 0.6496 r:0.7133
Current avg r:0.6881 Best avg r: 0.6881
Epoch 1 Global steps: 23000 Train loss: 0.9992
en-de Dev loss: 0.5439 r:0.5046
en-zh Dev loss: 0.4633 r:0.4878
ro-en Dev loss: 0.2826 r:0.8772
et-en Dev loss: 0.3773 r:0.7638
si-en Dev loss: 0.4308 r:0.6725
ne-en Dev loss: 0.3496 r:0.7498
ru-en Dev loss: 0.6102 r:0.6976
Current avg r:0.6790 Best avg r: 0.6881
Epoch 1 Global steps: 23500 Train loss: 0.9729
en-de Dev loss: 0.6238 r:0.4946
en-zh Dev loss: 0.5128 r:0.4775
ro-en Dev loss: 0.4223 r:0.8766
et-en Dev loss: 0.5072 r:0.7601
si-en Dev loss: 0.5710 r:0.6560
ne-en Dev loss: 0.5662 r:0.7301
ru-en Dev loss: 0.6295 r:0.6925
Current avg r:0.6696 Best avg r: 0.6881
Epoch 1 Global steps: 24000 Train loss: 0.9015
en-de Dev loss: 0.5178 r:0.5052
en-zh Dev loss: 0.4224 r:0.4888
ro-en Dev loss: 0.2749 r:0.8790
et-en Dev loss: 0.3357 r:0.7692
si-en Dev loss: 0.3792 r:0.6818
ne-en Dev loss: 0.3290 r:0.7563
ru-en Dev loss: 0.5363 r:0.7095
Current avg r:0.6843 Best avg r: 0.6881
Epoch 1 Global steps: 24500 Train loss: 0.9932
en-de Dev loss: 0.4942 r:0.5019
en-zh Dev loss: 0.4133 r:0.4948
ro-en Dev loss: 0.2906 r:0.8817
et-en Dev loss: 0.3767 r:0.7622
si-en Dev loss: 0.4488 r:0.6698
ne-en Dev loss: 0.3669 r:0.7530
ru-en Dev loss: 0.5416 r:0.7071
Current avg r:0.6815 Best avg r: 0.6881
Epoch 1 Global steps: 25000 Train loss: 0.8995
en-de Dev loss: 0.4883 r:0.4754
en-zh Dev loss: 0.4071 r:0.4989
ro-en Dev loss: 0.2522 r:0.8852
et-en Dev loss: 0.3580 r:0.7649
si-en Dev loss: 0.4170 r:0.6722
ne-en Dev loss: 0.3209 r:0.7636
ru-en Dev loss: 0.5013 r:0.7115
Current avg r:0.6817 Best avg r: 0.6881
Epoch 1 Global steps: 25500 Train loss: 1.0096
en-de Dev loss: 0.4353 r:0.4806
en-zh Dev loss: 0.3990 r:0.5288
ro-en Dev loss: 0.2123 r:0.8972
et-en Dev loss: 0.3009 r:0.7823
si-en Dev loss: 0.3512 r:0.6815
ne-en Dev loss: 0.2834 r:0.7759
ru-en Dev loss: 0.4090 r:0.7234
Current avg r:0.6957 Best avg r: 0.6957
Epoch 1 Global steps: 26000 Train loss: 0.8833
en-de Dev loss: 0.4413 r:0.4847
en-zh Dev loss: 0.3776 r:0.5165
ro-en Dev loss: 0.2181 r:0.8907
et-en Dev loss: 0.3116 r:0.7791
si-en Dev loss: 0.3492 r:0.6880
ne-en Dev loss: 0.2996 r:0.7656
ru-en Dev loss: 0.4792 r:0.7154
Current avg r:0.6914 Best avg r: 0.6957
Epoch 1 Global steps: 26500 Train loss: 0.8655
en-de Dev loss: 0.4637 r:0.4985
en-zh Dev loss: 0.3921 r:0.5057
ro-en Dev loss: 0.2420 r:0.8936
et-en Dev loss: 0.3378 r:0.7749
si-en Dev loss: 0.3704 r:0.6836
ne-en Dev loss: 0.3189 r:0.7664
ru-en Dev loss: 0.4773 r:0.7210
Current avg r:0.6919 Best avg r: 0.6957
Epoch 1 Global steps: 27000 Train loss: 0.8626
en-de Dev loss: 0.4537 r:0.5036
en-zh Dev loss: 0.4025 r:0.5185
ro-en Dev loss: 0.2028 r:0.8934
et-en Dev loss: 0.3097 r:0.7786
si-en Dev loss: 0.3610 r:0.6927
ne-en Dev loss: 0.2906 r:0.7732
ru-en Dev loss: 0.4668 r:0.7248
Current avg r:0.6978 Best avg r: 0.6978
Epoch 1 Global steps: 27500 Train loss: 0.8861
en-de Dev loss: 0.5092 r:0.4951
en-zh Dev loss: 0.4163 r:0.5072
ro-en Dev loss: 0.2101 r:0.8932
et-en Dev loss: 0.3175 r:0.7759
si-en Dev loss: 0.3634 r:0.6927
ne-en Dev loss: 0.2946 r:0.7717
ru-en Dev loss: 0.4938 r:0.7200
Current avg r:0.6937 Best avg r: 0.6978
Epoch 1 Global steps: 28000 Train loss: 0.9465
en-de Dev loss: 0.5088 r:0.5075
en-zh Dev loss: 0.4185 r:0.5023
ro-en Dev loss: 0.2590 r:0.8870
et-en Dev loss: 0.3675 r:0.7696
si-en Dev loss: 0.3844 r:0.6937
ne-en Dev loss: 0.3602 r:0.7671
ru-en Dev loss: 0.5303 r:0.7125
Current avg r:0.6914 Best avg r: 0.6978
Epoch 2 Global steps: 28500 Train loss: 0.9264
en-de Dev loss: 0.4683 r:0.5087
en-zh Dev loss: 0.4529 r:0.4976
ro-en Dev loss: 0.2101 r:0.8872
et-en Dev loss: 0.3461 r:0.7655
si-en Dev loss: 0.3934 r:0.6961
ne-en Dev loss: 0.3154 r:0.7731
ru-en Dev loss: 0.4936 r:0.7140
Current avg r:0.6917 Best avg r: 0.6978
Epoch 2 Global steps: 29000 Train loss: 0.9030
en-de Dev loss: 0.4488 r:0.5144
en-zh Dev loss: 0.3896 r:0.5205
ro-en Dev loss: 0.2196 r:0.8925
et-en Dev loss: 0.3289 r:0.7752
si-en Dev loss: 0.3609 r:0.7007
ne-en Dev loss: 0.3085 r:0.7796
ru-en Dev loss: 0.4967 r:0.7197
Current avg r:0.7004 Best avg r: 0.7004
Epoch 2 Global steps: 29500 Train loss: 0.9126
en-de Dev loss: 0.4497 r:0.5134
en-zh Dev loss: 0.4152 r:0.5022
ro-en Dev loss: 0.2252 r:0.8890
et-en Dev loss: 0.3676 r:0.7699
si-en Dev loss: 0.4078 r:0.6960
ne-en Dev loss: 0.3340 r:0.7717
ru-en Dev loss: 0.4890 r:0.7107
Current avg r:0.6933 Best avg r: 0.7004
Epoch 2 Global steps: 30000 Train loss: 0.8726
en-de Dev loss: 0.4606 r:0.4972
en-zh Dev loss: 0.4108 r:0.4884
ro-en Dev loss: 0.2682 r:0.8849
et-en Dev loss: 0.4103 r:0.7603
si-en Dev loss: 0.4437 r:0.6838
ne-en Dev loss: 0.4410 r:0.7597
ru-en Dev loss: 0.5262 r:0.6926
Current avg r:0.6810 Best avg r: 0.7004
Epoch 2 Global steps: 30500 Train loss: 0.8240
en-de Dev loss: 0.4628 r:0.5024
en-zh Dev loss: 0.3930 r:0.4997
ro-en Dev loss: 0.2433 r:0.8862
et-en Dev loss: 0.3689 r:0.7658
si-en Dev loss: 0.3582 r:0.6952
ne-en Dev loss: 0.3200 r:0.7734
ru-en Dev loss: 0.4931 r:0.7081
Current avg r:0.6901 Best avg r: 0.7004
Epoch 2 Global steps: 31000 Train loss: 0.8474
en-de Dev loss: 0.5254 r:0.5127
en-zh Dev loss: 0.4518 r:0.4964
ro-en Dev loss: 0.2882 r:0.8845
et-en Dev loss: 0.4297 r:0.7633
si-en Dev loss: 0.4451 r:0.6892
ne-en Dev loss: 0.3877 r:0.7682
ru-en Dev loss: 0.5702 r:0.7055
Current avg r:0.6886 Best avg r: 0.7004
Epoch 2 Global steps: 31500 Train loss: 0.9504
en-de Dev loss: 0.4444 r:0.5102
en-zh Dev loss: 0.3809 r:0.5146
ro-en Dev loss: 0.2205 r:0.8940
et-en Dev loss: 0.3307 r:0.7786
si-en Dev loss: 0.3471 r:0.6990
ne-en Dev loss: 0.3041 r:0.7832
ru-en Dev loss: 0.4369 r:0.7237
Current avg r:0.7005 Best avg r: 0.7005
Epoch 2 Global steps: 32000 Train loss: 0.9009
en-de Dev loss: 0.4713 r:0.4991
en-zh Dev loss: 0.4312 r:0.5019
ro-en Dev loss: 0.2495 r:0.8867
et-en Dev loss: 0.3850 r:0.7678
si-en Dev loss: 0.4239 r:0.6948
ne-en Dev loss: 0.3291 r:0.7773
ru-en Dev loss: 0.5078 r:0.7014
Current avg r:0.6899 Best avg r: 0.7005
Epoch 2 Global steps: 32500 Train loss: 0.8645
en-de Dev loss: 0.4594 r:0.5156
en-zh Dev loss: 0.4051 r:0.5038
ro-en Dev loss: 0.2405 r:0.8923
et-en Dev loss: 0.3523 r:0.7772
si-en Dev loss: 0.4050 r:0.6882
ne-en Dev loss: 0.3544 r:0.7735
ru-en Dev loss: 0.5084 r:0.7085
Current avg r:0.6942 Best avg r: 0.7005
Epoch 2 Global steps: 33000 Train loss: 0.8702
en-de Dev loss: 0.4449 r:0.5107
en-zh Dev loss: 0.4107 r:0.4998
ro-en Dev loss: 0.2134 r:0.8927
et-en Dev loss: 0.3305 r:0.7750
si-en Dev loss: 0.3765 r:0.6978
ne-en Dev loss: 0.3010 r:0.7792
ru-en Dev loss: 0.4735 r:0.7097
Current avg r:0.6950 Best avg r: 0.7005
Epoch 2 Global steps: 33500 Train loss: 0.8889
en-de Dev loss: 0.4395 r:0.5058
en-zh Dev loss: 0.3931 r:0.5133
ro-en Dev loss: 0.2226 r:0.8908
et-en Dev loss: 0.3292 r:0.7751
si-en Dev loss: 0.3750 r:0.6952
ne-en Dev loss: 0.3301 r:0.7772
ru-en Dev loss: 0.4516 r:0.7109
Current avg r:0.6955 Best avg r: 0.7005
Epoch 2 Global steps: 34000 Train loss: 0.8597
en-de Dev loss: 0.4440 r:0.5038
en-zh Dev loss: 0.4066 r:0.5012
ro-en Dev loss: 0.2429 r:0.8820
et-en Dev loss: 0.3478 r:0.7641
si-en Dev loss: 0.4139 r:0.6778
ne-en Dev loss: 0.3808 r:0.7542
ru-en Dev loss: 0.4886 r:0.6896
Current avg r:0.6818 Best avg r: 0.7005
Epoch 2 Global steps: 34500 Train loss: 0.8259
en-de Dev loss: 0.4863 r:0.5152
en-zh Dev loss: 0.4239 r:0.4995
ro-en Dev loss: 0.2348 r:0.8928
et-en Dev loss: 0.3437 r:0.7707
si-en Dev loss: 0.3564 r:0.7007
ne-en Dev loss: 0.3022 r:0.7692
ru-en Dev loss: 0.4955 r:0.7092
Current avg r:0.6939 Best avg r: 0.7005
Epoch 2 Global steps: 35000 Train loss: 0.7816
en-de Dev loss: 0.4810 r:0.5126
en-zh Dev loss: 0.4044 r:0.5116
ro-en Dev loss: 0.2345 r:0.8939
et-en Dev loss: 0.3313 r:0.7783
si-en Dev loss: 0.3429 r:0.6994
ne-en Dev loss: 0.2922 r:0.7770
ru-en Dev loss: 0.4857 r:0.7210
Current avg r:0.6991 Best avg r: 0.7005
Epoch 2 Global steps: 35500 Train loss: 0.9243
en-de Dev loss: 0.4162 r:0.5227
en-zh Dev loss: 0.4249 r:0.5138
ro-en Dev loss: 0.1922 r:0.8926
et-en Dev loss: 0.3023 r:0.7833
si-en Dev loss: 0.3606 r:0.7009
ne-en Dev loss: 0.2871 r:0.7778
ru-en Dev loss: 0.4104 r:0.7279
Current avg r:0.7027 Best avg r: 0.7027
Epoch 2 Global steps: 36000 Train loss: 0.8831
en-de Dev loss: 0.4218 r:0.5210
en-zh Dev loss: 0.3906 r:0.5043
ro-en Dev loss: 0.2128 r:0.8864
et-en Dev loss: 0.3135 r:0.7716
si-en Dev loss: 0.3762 r:0.6899
ne-en Dev loss: 0.3184 r:0.7610
ru-en Dev loss: 0.4288 r:0.7174
Current avg r:0.6931 Best avg r: 0.7027
Epoch 2 Global steps: 36500 Train loss: 0.8354
en-de Dev loss: 0.5033 r:0.5210
en-zh Dev loss: 0.4751 r:0.5000
ro-en Dev loss: 0.2988 r:0.8857
et-en Dev loss: 0.3927 r:0.7713
si-en Dev loss: 0.4489 r:0.7020
ne-en Dev loss: 0.3395 r:0.7692
ru-en Dev loss: 0.5325 r:0.7261
Current avg r:0.6965 Best avg r: 0.7027
Epoch 2 Global steps: 37000 Train loss: 0.9167
en-de Dev loss: 0.4572 r:0.4766
en-zh Dev loss: 0.4168 r:0.5048
ro-en Dev loss: 0.2243 r:0.8918
et-en Dev loss: 0.3581 r:0.7657
si-en Dev loss: 0.4170 r:0.7016
ne-en Dev loss: 0.3141 r:0.7746
ru-en Dev loss: 0.4691 r:0.7152
Current avg r:0.6900 Best avg r: 0.7027
Epoch 2 Global steps: 37500 Train loss: 0.8331
en-de Dev loss: 0.4773 r:0.4920
en-zh Dev loss: 0.4203 r:0.4913
ro-en Dev loss: 0.2630 r:0.8842
et-en Dev loss: 0.3686 r:0.7617
si-en Dev loss: 0.4314 r:0.6988
ne-en Dev loss: 0.3519 r:0.7645
ru-en Dev loss: 0.5135 r:0.7059
Current avg r:0.6855 Best avg r: 0.7027
Epoch 2 Global steps: 38000 Train loss: 0.8935
en-de Dev loss: 0.4754 r:0.5075
en-zh Dev loss: 0.3962 r:0.5047
ro-en Dev loss: 0.2744 r:0.8892
et-en Dev loss: 0.3818 r:0.7689
si-en Dev loss: 0.4133 r:0.6992
ne-en Dev loss: 0.3523 r:0.7701
ru-en Dev loss: 0.5290 r:0.7108
Current avg r:0.6929 Best avg r: 0.7027
Epoch 2 Global steps: 38500 Train loss: 0.8689
en-de Dev loss: 0.4224 r:0.5239
en-zh Dev loss: 0.4054 r:0.4961
ro-en Dev loss: 0.1985 r:0.8903
et-en Dev loss: 0.3189 r:0.7670
si-en Dev loss: 0.3594 r:0.6968
ne-en Dev loss: 0.3045 r:0.7678
ru-en Dev loss: 0.4632 r:0.7065
Current avg r:0.6926 Best avg r: 0.7027
Epoch 2 Global steps: 39000 Train loss: 0.8374
en-de Dev loss: 0.4955 r:0.5037
en-zh Dev loss: 0.4076 r:0.4964
ro-en Dev loss: 0.2579 r:0.8897
et-en Dev loss: 0.3606 r:0.7714
si-en Dev loss: 0.3988 r:0.6988
ne-en Dev loss: 0.3436 r:0.7564
ru-en Dev loss: 0.5281 r:0.7129
Current avg r:0.6899 Best avg r: 0.7027
Epoch 2 Global steps: 39500 Train loss: 0.8119
en-de Dev loss: 0.4687 r:0.4901
en-zh Dev loss: 0.3973 r:0.4831
ro-en Dev loss: 0.2314 r:0.8799
et-en Dev loss: 0.3264 r:0.7666
si-en Dev loss: 0.3667 r:0.6927
ne-en Dev loss: 0.3217 r:0.7620
ru-en Dev loss: 0.4572 r:0.7053
Current avg r:0.6828 Best avg r: 0.7027
Epoch 2 Global steps: 40000 Train loss: 0.9255
en-de Dev loss: 0.4985 r:0.5127
en-zh Dev loss: 0.4484 r:0.4888
ro-en Dev loss: 0.3000 r:0.8849
et-en Dev loss: 0.3849 r:0.7721
si-en Dev loss: 0.4067 r:0.7010
ne-en Dev loss: 0.3717 r:0.7604
ru-en Dev loss: 0.5586 r:0.7037
Current avg r:0.6891 Best avg r: 0.7027
Epoch 2 Global steps: 40500 Train loss: 0.7586
en-de Dev loss: 0.4439 r:0.5073
en-zh Dev loss: 0.3992 r:0.5032
ro-en Dev loss: 0.2035 r:0.8911
et-en Dev loss: 0.3120 r:0.7762
si-en Dev loss: 0.3363 r:0.7094
ne-en Dev loss: 0.2862 r:0.7722
ru-en Dev loss: 0.4314 r:0.7197
Current avg r:0.6970 Best avg r: 0.7027
Epoch 2 Global steps: 41000 Train loss: 0.7776
en-de Dev loss: 0.4661 r:0.4952
en-zh Dev loss: 0.4066 r:0.5058
ro-en Dev loss: 0.2238 r:0.8906
et-en Dev loss: 0.3289 r:0.7761
si-en Dev loss: 0.3675 r:0.7012
ne-en Dev loss: 0.3059 r:0.7750
ru-en Dev loss: 0.4896 r:0.7035
Current avg r:0.6925 Best avg r: 0.7027
Epoch 2 Global steps: 41500 Train loss: 0.9104
en-de Dev loss: 0.5373 r:0.4878
en-zh Dev loss: 0.4735 r:0.5075
ro-en Dev loss: 0.3192 r:0.8888
et-en Dev loss: 0.4149 r:0.7751
si-en Dev loss: 0.4099 r:0.7065
ne-en Dev loss: 0.3404 r:0.7740
ru-en Dev loss: 0.6505 r:0.6897
Current avg r:0.6899 Best avg r: 0.7027
Epoch 2 Global steps: 42000 Train loss: 0.8960
en-de Dev loss: 0.4894 r:0.4957
en-zh Dev loss: 0.4315 r:0.4942
ro-en Dev loss: 0.2320 r:0.8877
et-en Dev loss: 0.3280 r:0.7752
si-en Dev loss: 0.3553 r:0.7049
ne-en Dev loss: 0.2940 r:0.7701
ru-en Dev loss: 0.5349 r:0.6956
Current avg r:0.6891 Best avg r: 0.7027
Epoch 3 Global steps: 42500 Train loss: 0.7678
en-de Dev loss: 0.5252 r:0.5028
en-zh Dev loss: 0.4644 r:0.4888
ro-en Dev loss: 0.2810 r:0.8868
et-en Dev loss: 0.3957 r:0.7709
si-en Dev loss: 0.4453 r:0.6960
ne-en Dev loss: 0.3604 r:0.7741
ru-en Dev loss: 0.6060 r:0.6841
Current avg r:0.6862 Best avg r: 0.7027
Epoch 3 Global steps: 43000 Train loss: 0.7588
en-de Dev loss: 0.4385 r:0.5120
en-zh Dev loss: 0.4167 r:0.4902
ro-en Dev loss: 0.2029 r:0.8941
et-en Dev loss: 0.3252 r:0.7727
si-en Dev loss: 0.3756 r:0.7024
ne-en Dev loss: 0.2949 r:0.7807
ru-en Dev loss: 0.4756 r:0.7058
Current avg r:0.6940 Best avg r: 0.7027
Epoch 3 Global steps: 43500 Train loss: 0.7784
en-de Dev loss: 0.4765 r:0.5195
en-zh Dev loss: 0.4485 r:0.4861
ro-en Dev loss: 0.2568 r:0.8874
et-en Dev loss: 0.3660 r:0.7664
si-en Dev loss: 0.4266 r:0.6940
ne-en Dev loss: 0.3476 r:0.7688
ru-en Dev loss: 0.5787 r:0.6887
Current avg r:0.6873 Best avg r: 0.7027
Epoch 3 Global steps: 44000 Train loss: 0.7956
en-de Dev loss: 0.4878 r:0.5142
en-zh Dev loss: 0.4330 r:0.4850
ro-en Dev loss: 0.2329 r:0.8864
et-en Dev loss: 0.3456 r:0.7680
si-en Dev loss: 0.3900 r:0.6919
ne-en Dev loss: 0.3249 r:0.7671
ru-en Dev loss: 0.5239 r:0.7008
Current avg r:0.6876 Best avg r: 0.7027
Epoch 3 Global steps: 44500 Train loss: 0.8405
en-de Dev loss: 0.4334 r:0.5304
en-zh Dev loss: 0.4004 r:0.5003
ro-en Dev loss: 0.2119 r:0.8898
et-en Dev loss: 0.3202 r:0.7740
si-en Dev loss: 0.3396 r:0.7038
ne-en Dev loss: 0.3048 r:0.7736
ru-en Dev loss: 0.5107 r:0.6921
Current avg r:0.6948 Best avg r: 0.7027
Epoch 3 Global steps: 45000 Train loss: 0.8289
en-de Dev loss: 0.5567 r:0.5184
en-zh Dev loss: 0.5233 r:0.4821
ro-en Dev loss: 0.3236 r:0.8850
et-en Dev loss: 0.4247 r:0.7659
si-en Dev loss: 0.4529 r:0.6921
ne-en Dev loss: 0.3868 r:0.7677
ru-en Dev loss: 0.6421 r:0.6931
Current avg r:0.6863 Best avg r: 0.7027
Epoch 3 Global steps: 45500 Train loss: 0.7895
en-de Dev loss: 0.5211 r:0.5175
en-zh Dev loss: 0.5264 r:0.4826
ro-en Dev loss: 0.3178 r:0.8842
et-en Dev loss: 0.4029 r:0.7708
si-en Dev loss: 0.4518 r:0.6982
ne-en Dev loss: 0.4143 r:0.7610
ru-en Dev loss: 0.6525 r:0.6867
Current avg r:0.6858 Best avg r: 0.7027