Epoch 1 Global steps: 6500 Train loss: 0.8870
en-de Dev loss: 0.5364 r:0.3556
en-zh Dev loss: 0.4280 r:0.4493
ro-en Dev loss: 0.3323 r:0.8279
et-en Dev loss: 0.3845 r:0.7224
si-en Dev loss: 0.3952 r:0.6354
ne-en Dev loss: 0.3310 r:0.7379
ru-en Dev loss: 0.5196 r:0.6689
Current avg r:0.6282 Best avg r: 0.6282
Epoch 1 Global steps: 7000 Train loss: 1.0386
en-de Dev loss: 0.5671 r:0.3544
en-zh Dev loss: 0.4454 r:0.4407
ro-en Dev loss: 0.5320 r:0.8191
et-en Dev loss: 0.5724 r:0.7088
si-en Dev loss: 0.5325 r:0.5986
ne-en Dev loss: 0.4875 r:0.7005
ru-en Dev loss: 0.6352 r:0.6620
Current avg r:0.6120 Best avg r: 0.6282
Epoch 1 Global steps: 7500 Train loss: 0.9230
en-de Dev loss: 0.5351 r:0.3609
en-zh Dev loss: 0.4259 r:0.4315
ro-en Dev loss: 0.4260 r:0.8313
et-en Dev loss: 0.4408 r:0.7332
si-en Dev loss: 0.5103 r:0.5806
ne-en Dev loss: 0.3836 r:0.7088
ru-en Dev loss: 0.5328 r:0.6780
Current avg r:0.6177 Best avg r: 0.6282
Epoch 1 Global steps: 8000 Train loss: 0.8836
en-de Dev loss: 0.5654 r:0.3696
en-zh Dev loss: 0.4247 r:0.4451
ro-en Dev loss: 0.4304 r:0.8408
et-en Dev loss: 0.4440 r:0.7516
si-en Dev loss: 0.4431 r:0.6135
ne-en Dev loss: 0.3495 r:0.7271
ru-en Dev loss: 0.5394 r:0.6870
Current avg r:0.6335 Best avg r: 0.6335
Epoch 1 Global steps: 8500 Train loss: 0.9149
en-de Dev loss: 0.5794 r:0.3870
en-zh Dev loss: 0.4267 r:0.4470
ro-en Dev loss: 0.4086 r:0.8453
et-en Dev loss: 0.4317 r:0.7537
si-en Dev loss: 0.4564 r:0.6183
ne-en Dev loss: 0.3539 r:0.7354
ru-en Dev loss: 0.5374 r:0.6898
Current avg r:0.6395 Best avg r: 0.6395
Epoch 1 Global steps: 9000 Train loss: 0.8559
en-de Dev loss: 0.5542 r:0.3924
en-zh Dev loss: 0.4108 r:0.4518
ro-en Dev loss: 0.3985 r:0.8543
et-en Dev loss: 0.4313 r:0.7643
si-en Dev loss: 0.4376 r:0.6412
ne-en Dev loss: 0.3606 r:0.7499
ru-en Dev loss: 0.5121 r:0.7035
Current avg r:0.6511 Best avg r: 0.6511
Epoch 1 Global steps: 9500 Train loss: 0.8905
en-de Dev loss: 0.5181 r:0.3948
en-zh Dev loss: 0.4151 r:0.4447
ro-en Dev loss: 0.3396 r:0.8431
et-en Dev loss: 0.3955 r:0.7476
si-en Dev loss: 0.4348 r:0.6157
ne-en Dev loss: 0.3717 r:0.7213
ru-en Dev loss: 0.5137 r:0.6822
Current avg r:0.6357 Best avg r: 0.6511
Epoch 1 Global steps: 10000 Train loss: 0.8679
en-de Dev loss: 0.5759 r:0.3983
en-zh Dev loss: 0.4442 r:0.4465
ro-en Dev loss: 0.4270 r:0.8539
et-en Dev loss: 0.4897 r:0.7392
si-en Dev loss: 0.5077 r:0.6078
ne-en Dev loss: 0.4821 r:0.6980
ru-en Dev loss: 0.5642 r:0.6856
Current avg r:0.6328 Best avg r: 0.6511
Epoch 1 Global steps: 10500 Train loss: 0.8583
en-de Dev loss: 0.5092 r:0.4017
en-zh Dev loss: 0.4009 r:0.4674
ro-en Dev loss: 0.3666 r:0.8686
et-en Dev loss: 0.4284 r:0.7510
si-en Dev loss: 0.4560 r:0.6268
ne-en Dev loss: 0.4103 r:0.7246
ru-en Dev loss: 0.5101 r:0.6987
Current avg r:0.6484 Best avg r: 0.6511
Epoch 1 Global steps: 11000 Train loss: 0.8329
en-de Dev loss: 0.6311 r:0.4099
en-zh Dev loss: 0.4953 r:0.4572
ro-en Dev loss: 0.5067 r:0.8619
et-en Dev loss: 0.5903 r:0.7487
si-en Dev loss: 0.5618 r:0.6338
ne-en Dev loss: 0.4319 r:0.7367
ru-en Dev loss: 0.7104 r:0.6981
Current avg r:0.6495 Best avg r: 0.6511
Epoch 1 Global steps: 11500 Train loss: 0.8617
en-de Dev loss: 0.4799 r:0.4170
en-zh Dev loss: 0.3996 r:0.4663
ro-en Dev loss: 0.3065 r:0.8633
et-en Dev loss: 0.3499 r:0.7683
si-en Dev loss: 0.3994 r:0.6543
ne-en Dev loss: 0.3313 r:0.7468
ru-en Dev loss: 0.4784 r:0.7076
Current avg r:0.6605 Best avg r: 0.6605
Epoch 1 Global steps: 12000 Train loss: 0.8609
en-de Dev loss: 0.5407 r:0.4404
en-zh Dev loss: 0.4331 r:0.4742
ro-en Dev loss: 0.3587 r:0.8651
et-en Dev loss: 0.3831 r:0.7773
si-en Dev loss: 0.3940 r:0.6701
ne-en Dev loss: 0.3327 r:0.7584
ru-en Dev loss: 0.5380 r:0.7170
Current avg r:0.6718 Best avg r: 0.6718
Epoch 2 Global steps: 12500 Train loss: 0.8345
en-de Dev loss: 0.4921 r:0.4428
en-zh Dev loss: 0.4030 r:0.4718
ro-en Dev loss: 0.3102 r:0.8658
et-en Dev loss: 0.3529 r:0.7770
si-en Dev loss: 0.3720 r:0.6699
ne-en Dev loss: 0.3337 r:0.7563
ru-en Dev loss: 0.4768 r:0.7129
Current avg r:0.6709 Best avg r: 0.6718
Epoch 2 Global steps: 13000 Train loss: 0.8107
en-de Dev loss: 0.5538 r:0.4191
en-zh Dev loss: 0.4249 r:0.4658
ro-en Dev loss: 0.4584 r:0.8650
et-en Dev loss: 0.4973 r:0.7527
si-en Dev loss: 0.4901 r:0.6351
ne-en Dev loss: 0.5055 r:0.7222
ru-en Dev loss: 0.6315 r:0.6842
Current avg r:0.6492 Best avg r: 0.6718
Epoch 2 Global steps: 13500 Train loss: 0.8051
en-de Dev loss: 0.5074 r:0.4393
en-zh Dev loss: 0.4026 r:0.4690
ro-en Dev loss: 0.3327 r:0.8708
et-en Dev loss: 0.3804 r:0.7681
si-en Dev loss: 0.3884 r:0.6638
ne-en Dev loss: 0.3232 r:0.7559
ru-en Dev loss: 0.4690 r:0.7104
Current avg r:0.6682 Best avg r: 0.6718
Epoch 2 Global steps: 14000 Train loss: 0.8115
en-de Dev loss: 0.5651 r:0.4285
en-zh Dev loss: 0.4419 r:0.4666
ro-en Dev loss: 0.4369 r:0.8674
et-en Dev loss: 0.4610 r:0.7587
si-en Dev loss: 0.4988 r:0.6412
ne-en Dev loss: 0.4107 r:0.7429
ru-en Dev loss: 0.5656 r:0.7015
Current avg r:0.6581 Best avg r: 0.6718
Epoch 2 Global steps: 14500 Train loss: 0.8100
en-de Dev loss: 0.5120 r:0.4450
en-zh Dev loss: 0.4186 r:0.4692
ro-en Dev loss: 0.3594 r:0.8727
et-en Dev loss: 0.4124 r:0.7612
si-en Dev loss: 0.4676 r:0.6500
ne-en Dev loss: 0.3554 r:0.7496
ru-en Dev loss: 0.5117 r:0.7120
Current avg r:0.6657 Best avg r: 0.6718
Epoch 2 Global steps: 15000 Train loss: 0.8188
en-de Dev loss: 0.5628 r:0.4468
en-zh Dev loss: 0.4525 r:0.4661
ro-en Dev loss: 0.4273 r:0.8716
et-en Dev loss: 0.4480 r:0.7569
si-en Dev loss: 0.4800 r:0.6449
ne-en Dev loss: 0.3797 r:0.7428
ru-en Dev loss: 0.5850 r:0.7023
Current avg r:0.6616 Best avg r: 0.6718
Epoch 2 Global steps: 15500 Train loss: 0.7905
en-de Dev loss: 0.5100 r:0.4384
en-zh Dev loss: 0.4415 r:0.4550
ro-en Dev loss: 0.3283 r:0.8767
et-en Dev loss: 0.3858 r:0.7655
si-en Dev loss: 0.4648 r:0.6446
ne-en Dev loss: 0.3619 r:0.7462
ru-en Dev loss: 0.5503 r:0.7051
Current avg r:0.6616 Best avg r: 0.6718
Epoch 2 Global steps: 16000 Train loss: 0.8152
en-de Dev loss: 0.4666 r:0.4355
en-zh Dev loss: 0.4046 r:0.4633
ro-en Dev loss: 0.2751 r:0.8810
et-en Dev loss: 0.3184 r:0.7735
si-en Dev loss: 0.3662 r:0.6629
ne-en Dev loss: 0.3024 r:0.7562
ru-en Dev loss: 0.4732 r:0.7185
Current avg r:0.6701 Best avg r: 0.6718
Epoch 2 Global steps: 16500 Train loss: 0.8479
en-de Dev loss: 0.5320 r:0.4495
en-zh Dev loss: 0.4405 r:0.4617
ro-en Dev loss: 0.4201 r:0.8723
et-en Dev loss: 0.4383 r:0.7634
si-en Dev loss: 0.4704 r:0.6486
ne-en Dev loss: 0.3925 r:0.7443
ru-en Dev loss: 0.6168 r:0.7012
Current avg r:0.6630 Best avg r: 0.6718
Epoch 2 Global steps: 17000 Train loss: 0.7873
en-de Dev loss: 0.6884 r:0.4566
en-zh Dev loss: 0.5568 r:0.4664
ro-en Dev loss: 0.5276 r:0.8743
et-en Dev loss: 0.5716 r:0.7676
si-en Dev loss: 0.5145 r:0.6644
ne-en Dev loss: 0.4183 r:0.7578
ru-en Dev loss: 0.7210 r:0.7281
Current avg r:0.6736 Best avg r: 0.6736
Epoch 2 Global steps: 17500 Train loss: 0.7755
en-de Dev loss: 0.5839 r:0.4432
en-zh Dev loss: 0.4841 r:0.4627
ro-en Dev loss: 0.4009 r:0.8749
et-en Dev loss: 0.4621 r:0.7646
si-en Dev loss: 0.4695 r:0.6599
ne-en Dev loss: 0.4042 r:0.7530
ru-en Dev loss: 0.6703 r:0.7019
Current avg r:0.6657 Best avg r: 0.6736
Epoch 2 Global steps: 18000 Train loss: 0.7853
en-de Dev loss: 0.5045 r:0.4202
en-zh Dev loss: 0.4010 r:0.4793
ro-en Dev loss: 0.3007 r:0.8752
et-en Dev loss: 0.4124 r:0.7653
si-en Dev loss: 0.4438 r:0.6593
ne-en Dev loss: 0.4233 r:0.7621
ru-en Dev loss: 0.5292 r:0.7004
Current avg r:0.6660 Best avg r: 0.6736
Epoch 3 Global steps: 18500 Train loss: 0.6836
en-de Dev loss: 0.4999 r:0.4440
en-zh Dev loss: 0.4004 r:0.4832
ro-en Dev loss: 0.2232 r:0.8833
et-en Dev loss: 0.3321 r:0.7734
si-en Dev loss: 0.3835 r:0.6743
ne-en Dev loss: 0.3010 r:0.7679
ru-en Dev loss: 0.4711 r:0.7106
Current avg r:0.6767 Best avg r: 0.6767
Epoch 3 Global steps: 19000 Train loss: 0.8144
en-de Dev loss: 0.4871 r:0.4512
en-zh Dev loss: 0.3877 r:0.4893
ro-en Dev loss: 0.2434 r:0.8857
et-en Dev loss: 0.3185 r:0.7829
si-en Dev loss: 0.3536 r:0.6847
ne-en Dev loss: 0.2843 r:0.7741
ru-en Dev loss: 0.4748 r:0.7163
Current avg r:0.6835 Best avg r: 0.6835
Epoch 3 Global steps: 19500 Train loss: 0.7380
en-de Dev loss: 0.5618 r:0.4297
en-zh Dev loss: 0.4634 r:0.4625
ro-en Dev loss: 0.3737 r:0.8733
et-en Dev loss: 0.4301 r:0.7716
si-en Dev loss: 0.5188 r:0.6667
ne-en Dev loss: 0.4345 r:0.7591
ru-en Dev loss: 0.6416 r:0.6856
Current avg r:0.6641 Best avg r: 0.6835
Epoch 3 Global steps: 20000 Train loss: 0.8014
en-de Dev loss: 0.4664 r:0.4647
en-zh Dev loss: 0.3864 r:0.4954
ro-en Dev loss: 0.2152 r:0.8872
et-en Dev loss: 0.3221 r:0.7782
si-en Dev loss: 0.3861 r:0.6802
ne-en Dev loss: 0.2938 r:0.7783
ru-en Dev loss: 0.4919 r:0.7117
Current avg r:0.6851 Best avg r: 0.6851
Epoch 3 Global steps: 20500 Train loss: 0.7578
en-de Dev loss: 0.5557 r:0.4672
en-zh Dev loss: 0.4797 r:0.4856
ro-en Dev loss: 0.2826 r:0.8828
et-en Dev loss: 0.4109 r:0.7779
si-en Dev loss: 0.4537 r:0.6776
ne-en Dev loss: 0.3291 r:0.7672
ru-en Dev loss: 0.6239 r:0.6985
Current avg r:0.6795 Best avg r: 0.6851
Epoch 3 Global steps: 21000 Train loss: 0.7953
en-de Dev loss: 0.4877 r:0.4643
en-zh Dev loss: 0.3929 r:0.4994
ro-en Dev loss: 0.2330 r:0.8848
et-en Dev loss: 0.3337 r:0.7814
si-en Dev loss: 0.3809 r:0.6883
ne-en Dev loss: 0.2880 r:0.7773
ru-en Dev loss: 0.5087 r:0.7092
Current avg r:0.6864 Best avg r: 0.6864
Epoch 3 Global steps: 21500 Train loss: 0.7297
en-de Dev loss: 0.4558 r:0.4485
en-zh Dev loss: 0.3750 r:0.5048
ro-en Dev loss: 0.2206 r:0.8835
et-en Dev loss: 0.3216 r:0.7785
si-en Dev loss: 0.3557 r:0.6829
ne-en Dev loss: 0.2976 r:0.7713
ru-en Dev loss: 0.4906 r:0.7047
Current avg r:0.6820 Best avg r: 0.6864
Epoch 3 Global steps: 22000 Train loss: 0.7604
en-de Dev loss: 0.6013 r:0.4725
en-zh Dev loss: 0.4396 r:0.5014
ro-en Dev loss: 0.3170 r:0.8850
et-en Dev loss: 0.4510 r:0.7775
si-en Dev loss: 0.4267 r:0.6828
ne-en Dev loss: 0.3173 r:0.7733
ru-en Dev loss: 0.6129 r:0.7178
Current avg r:0.6872 Best avg r: 0.6872
Epoch 3 Global steps: 22500 Train loss: 0.7772
en-de Dev loss: 0.5571 r:0.4692
en-zh Dev loss: 0.4392 r:0.5007
ro-en Dev loss: 0.2920 r:0.8875
et-en Dev loss: 0.4173 r:0.7800
si-en Dev loss: 0.4371 r:0.6886
ne-en Dev loss: 0.3701 r:0.7767
ru-en Dev loss: 0.5320 r:0.7185
Current avg r:0.6887 Best avg r: 0.6887
Epoch 3 Global steps: 23000 Train loss: 0.7357
en-de Dev loss: 0.4944 r:0.4717
en-zh Dev loss: 0.4036 r:0.4865
ro-en Dev loss: 0.2756 r:0.8754
et-en Dev loss: 0.3742 r:0.7761
si-en Dev loss: 0.4271 r:0.6743
ne-en Dev loss: 0.3581 r:0.7698
ru-en Dev loss: 0.5383 r:0.7013
Current avg r:0.6793 Best avg r: 0.6887
Epoch 3 Global steps: 23500 Train loss: 0.7487
en-de Dev loss: 0.4767 r:0.4627
en-zh Dev loss: 0.3984 r:0.5009
ro-en Dev loss: 0.2301 r:0.8859
et-en Dev loss: 0.3322 r:0.7760
si-en Dev loss: 0.3482 r:0.6903
ne-en Dev loss: 0.2949 r:0.7707
ru-en Dev loss: 0.4715 r:0.7148
Current avg r:0.6859 Best avg r: 0.6887
Epoch 3 Global steps: 24000 Train loss: 0.7718
en-de Dev loss: 0.5769 r:0.4418
en-zh Dev loss: 0.4489 r:0.4918
ro-en Dev loss: 0.3348 r:0.8759
et-en Dev loss: 0.3910 r:0.7801
si-en Dev loss: 0.4501 r:0.6816
ne-en Dev loss: 0.4192 r:0.7532
ru-en Dev loss: 0.5988 r:0.7038
Current avg r:0.6755 Best avg r: 0.6887
Epoch 3 Global steps: 24500 Train loss: 0.7445
en-de Dev loss: 0.5447 r:0.4683
en-zh Dev loss: 0.4093 r:0.5013
ro-en Dev loss: 0.2895 r:0.8871
et-en Dev loss: 0.3941 r:0.7762
si-en Dev loss: 0.4743 r:0.6765
ne-en Dev loss: 0.3682 r:0.7622
ru-en Dev loss: 0.5480 r:0.7080
Current avg r:0.6828 Best avg r: 0.6887
Epoch 4 Global steps: 25000 Train loss: 0.7531
en-de Dev loss: 0.4811 r:0.4744
en-zh Dev loss: 0.4041 r:0.4849
ro-en Dev loss: 0.2371 r:0.8821
et-en Dev loss: 0.3460 r:0.7694
si-en Dev loss: 0.3743 r:0.6750
ne-en Dev loss: 0.3256 r:0.7567
ru-en Dev loss: 0.5029 r:0.6910
Current avg r:0.6762 Best avg r: 0.6887
Epoch 4 Global steps: 25500 Train loss: 0.7383
en-de Dev loss: 0.4935 r:0.4834
en-zh Dev loss: 0.4152 r:0.4938
ro-en Dev loss: 0.2655 r:0.8827
et-en Dev loss: 0.3689 r:0.7767
si-en Dev loss: 0.3805 r:0.6877
ne-en Dev loss: 0.3238 r:0.7692
ru-en Dev loss: 0.5384 r:0.7031
Current avg r:0.6852 Best avg r: 0.6887
Epoch 4 Global steps: 26000 Train loss: 0.7922
en-de Dev loss: 0.4381 r:0.4878
en-zh Dev loss: 0.3897 r:0.5022
ro-en Dev loss: 0.2442 r:0.8838
et-en Dev loss: 0.3105 r:0.7805
si-en Dev loss: 0.3378 r:0.6952
ne-en Dev loss: 0.2866 r:0.7722
ru-en Dev loss: 0.4869 r:0.7107
Current avg r:0.6903 Best avg r: 0.6903
Epoch 4 Global steps: 26500 Train loss: 0.7493
en-de Dev loss: 0.4303 r:0.4807
en-zh Dev loss: 0.4324 r:0.5042
ro-en Dev loss: 0.2265 r:0.8842
et-en Dev loss: 0.3276 r:0.7793
si-en Dev loss: 0.3813 r:0.7039
ne-en Dev loss: 0.3148 r:0.7790
ru-en Dev loss: 0.4795 r:0.7097
Current avg r:0.6916 Best avg r: 0.6916
Epoch 4 Global steps: 27000 Train loss: 0.7150
en-de Dev loss: 0.4885 r:0.4806
en-zh Dev loss: 0.4065 r:0.4974
ro-en Dev loss: 0.2590 r:0.8873
et-en Dev loss: 0.3537 r:0.7815
si-en Dev loss: 0.3983 r:0.6930
ne-en Dev loss: 0.3612 r:0.7737
ru-en Dev loss: 0.5138 r:0.7183
Current avg r:0.6902 Best avg r: 0.6916
Epoch 4 Global steps: 27500 Train loss: 0.7223
en-de Dev loss: 0.4874 r:0.4586
en-zh Dev loss: 0.4101 r:0.5018
ro-en Dev loss: 0.2550 r:0.8884
et-en Dev loss: 0.3651 r:0.7783
si-en Dev loss: 0.4060 r:0.6921
ne-en Dev loss: 0.3504 r:0.7752
ru-en Dev loss: 0.5215 r:0.7071
Current avg r:0.6859 Best avg r: 0.6916
Epoch 4 Global steps: 28000 Train loss: 0.6938
en-de Dev loss: 0.4709 r:0.4751
en-zh Dev loss: 0.4065 r:0.5027
ro-en Dev loss: 0.2356 r:0.8896
et-en Dev loss: 0.3460 r:0.7781
si-en Dev loss: 0.3603 r:0.6950
ne-en Dev loss: 0.2904 r:0.7811
ru-en Dev loss: 0.5267 r:0.7008
Current avg r:0.6889 Best avg r: 0.6916
Epoch 4 Global steps: 28500 Train loss: 0.7455
en-de Dev loss: 0.4511 r:0.4746
en-zh Dev loss: 0.4094 r:0.4917
ro-en Dev loss: 0.2358 r:0.8857
et-en Dev loss: 0.3193 r:0.7790
si-en Dev loss: 0.3694 r:0.6912
ne-en Dev loss: 0.3046 r:0.7723
ru-en Dev loss: 0.5021 r:0.7031
Current avg r:0.6854 Best avg r: 0.6916
Epoch 4 Global steps: 29000 Train loss: 0.6850
en-de Dev loss: 0.5128 r:0.4511
en-zh Dev loss: 0.4423 r:0.4817
ro-en Dev loss: 0.3094 r:0.8831
et-en Dev loss: 0.3736 r:0.7765
si-en Dev loss: 0.3993 r:0.6972
ne-en Dev loss: 0.3046 r:0.7799
ru-en Dev loss: 0.6134 r:0.6911
Current avg r:0.6801 Best avg r: 0.6916
Epoch 4 Global steps: 29500 Train loss: 0.7232
en-de Dev loss: 0.4627 r:0.4628
en-zh Dev loss: 0.4319 r:0.4914
ro-en Dev loss: 0.2828 r:0.8791
et-en Dev loss: 0.3378 r:0.7754
si-en Dev loss: 0.4424 r:0.6833
ne-en Dev loss: 0.3623 r:0.7696
ru-en Dev loss: 0.5304 r:0.6887
Current avg r:0.6786 Best avg r: 0.6916
Epoch 4 Global steps: 30000 Train loss: 0.6996
en-de Dev loss: 0.5563 r:0.4719
en-zh Dev loss: 0.4461 r:0.5021
ro-en Dev loss: 0.3116 r:0.8823
et-en Dev loss: 0.3787 r:0.7768
si-en Dev loss: 0.4225 r:0.6920
ne-en Dev loss: 0.3429 r:0.7746
ru-en Dev loss: 0.5743 r:0.7056
Current avg r:0.6865 Best avg r: 0.6916
Epoch 4 Global steps: 30500 Train loss: 0.7190
en-de Dev loss: 0.4801 r:0.4800
en-zh Dev loss: 0.4303 r:0.4987
ro-en Dev loss: 0.2411 r:0.8890
et-en Dev loss: 0.3290 r:0.7790
si-en Dev loss: 0.3728 r:0.6988
ne-en Dev loss: 0.2905 r:0.7854
ru-en Dev loss: 0.4765 r:0.7183
Current avg r:0.6927 Best avg r: 0.6927
Epoch 5 Global steps: 31000 Train loss: 0.6708
en-de Dev loss: 0.5020 r:0.4689
en-zh Dev loss: 0.4303 r:0.4881
ro-en Dev loss: 0.2509 r:0.8831
et-en Dev loss: 0.3554 r:0.7718
si-en Dev loss: 0.4015 r:0.6922
ne-en Dev loss: 0.3192 r:0.7728
ru-en Dev loss: 0.4771 r:0.7127
Current avg r:0.6842 Best avg r: 0.6927
Epoch 5 Global steps: 31500 Train loss: 0.7032
en-de Dev loss: 0.4805 r:0.4784
en-zh Dev loss: 0.4096 r:0.5008
ro-en Dev loss: 0.2196 r:0.8879
et-en Dev loss: 0.3099 r:0.7776
si-en Dev loss: 0.3383 r:0.7071
ne-en Dev loss: 0.2764 r:0.7811
ru-en Dev loss: 0.4401 r:0.7222
Current avg r:0.6936 Best avg r: 0.6936
Epoch 5 Global steps: 32000 Train loss: 0.7352
en-de Dev loss: 0.4904 r:0.4809
en-zh Dev loss: 0.4225 r:0.5136
ro-en Dev loss: 0.3489 r:0.8791
et-en Dev loss: 0.4672 r:0.7617
si-en Dev loss: 0.5445 r:0.6844
ne-en Dev loss: 0.5158 r:0.7611
ru-en Dev loss: 0.6093 r:0.7041
Current avg r:0.6836 Best avg r: 0.6936
Epoch 5 Global steps: 32500 Train loss: 0.6943
en-de Dev loss: 0.4737 r:0.4831
en-zh Dev loss: 0.4401 r:0.5021
ro-en Dev loss: 0.2782 r:0.8812
et-en Dev loss: 0.3908 r:0.7686
si-en Dev loss: 0.4130 r:0.6875
ne-en Dev loss: 0.3409 r:0.7682
ru-en Dev loss: 0.5292 r:0.7100
Current avg r:0.6858 Best avg r: 0.6936
Epoch 5 Global steps: 33000 Train loss: 0.6699
en-de Dev loss: 0.5329 r:0.4815
en-zh Dev loss: 0.4640 r:0.5022
ro-en Dev loss: 0.2668 r:0.8870
et-en Dev loss: 0.3745 r:0.7775
si-en Dev loss: 0.3839 r:0.7077
ne-en Dev loss: 0.3034 r:0.7842
ru-en Dev loss: 0.5417 r:0.7135
Current avg r:0.6934 Best avg r: 0.6936
Epoch 5 Global steps: 33500 Train loss: 0.7014
en-de Dev loss: 0.5363 r:0.4865
en-zh Dev loss: 0.4521 r:0.5028
ro-en Dev loss: 0.2641 r:0.8882
et-en Dev loss: 0.3657 r:0.7826
si-en Dev loss: 0.3926 r:0.7045
ne-en Dev loss: 0.3126 r:0.7861
ru-en Dev loss: 0.5133 r:0.7212
Current avg r:0.6960 Best avg r: 0.6960
Epoch 5 Global steps: 34000 Train loss: 0.7170
en-de Dev loss: 0.4906 r:0.4678
en-zh Dev loss: 0.4133 r:0.4929
ro-en Dev loss: 0.1940 r:0.8914
et-en Dev loss: 0.2887 r:0.7899
si-en Dev loss: 0.3323 r:0.7084
ne-en Dev loss: 0.2678 r:0.7907
ru-en Dev loss: 0.4422 r:0.7198
Current avg r:0.6944 Best avg r: 0.6960
Epoch 5 Global steps: 34500 Train loss: 0.6965
en-de Dev loss: 0.4999 r:0.4805
en-zh Dev loss: 0.4344 r:0.4850
ro-en Dev loss: 0.2357 r:0.8838
et-en Dev loss: 0.3427 r:0.7734
si-en Dev loss: 0.3964 r:0.6907
ne-en Dev loss: 0.3086 r:0.7756
ru-en Dev loss: 0.5189 r:0.6975
Current avg r:0.6838 Best avg r: 0.6960
Epoch 5 Global steps: 35000 Train loss: 0.7033
en-de Dev loss: 0.4849 r:0.4853
en-zh Dev loss: 0.4163 r:0.5047
ro-en Dev loss: 0.2472 r:0.8886
et-en Dev loss: 0.3385 r:0.7831
si-en Dev loss: 0.3818 r:0.6970
ne-en Dev loss: 0.2900 r:0.7758
ru-en Dev loss: 0.4756 r:0.7237
Current avg r:0.6940 Best avg r: 0.6960
Epoch 5 Global steps: 35500 Train loss: 0.6775
en-de Dev loss: 0.4641 r:0.4622
en-zh Dev loss: 0.4118 r:0.5070
ro-en Dev loss: 0.2151 r:0.8879
et-en Dev loss: 0.3095 r:0.7802
si-en Dev loss: 0.3454 r:0.6998
ne-en Dev loss: 0.3005 r:0.7760
ru-en Dev loss: 0.4454 r:0.7165
Current avg r:0.6899 Best avg r: 0.6960
Epoch 5 Global steps: 36000 Train loss: 0.6961
en-de Dev loss: 0.4508 r:0.4744
en-zh Dev loss: 0.3757 r:0.5048
ro-en Dev loss: 0.2521 r:0.8862
et-en Dev loss: 0.3284 r:0.7797
si-en Dev loss: 0.3328 r:0.7097
ne-en Dev loss: 0.2937 r:0.7707
ru-en Dev loss: 0.4383 r:0.7132
Current avg r:0.6912 Best avg r: 0.6960
Epoch 5 Global steps: 36500 Train loss: 0.7032
en-de Dev loss: 0.4659 r:0.4893
en-zh Dev loss: 0.4049 r:0.5093
ro-en Dev loss: 0.2534 r:0.8846
et-en Dev loss: 0.3331 r:0.7769
si-en Dev loss: 0.3692 r:0.6983
ne-en Dev loss: 0.3017 r:0.7695
ru-en Dev loss: 0.4651 r:0.7197
Current avg r:0.6925 Best avg r: 0.6960
Epoch 6 Global steps: 37000 Train loss: 0.6463
en-de Dev loss: 0.5295 r:0.4672
en-zh Dev loss: 0.4190 r:0.4964
ro-en Dev loss: 0.3393 r:0.8810
et-en Dev loss: 0.3985 r:0.7719
si-en Dev loss: 0.4387 r:0.6880
ne-en Dev loss: 0.3221 r:0.7643
ru-en Dev loss: 0.5274 r:0.7139
Current avg r:0.6833 Best avg r: 0.6960
Epoch 6 Global steps: 37500 Train loss: 0.6968
en-de Dev loss: 0.5080 r:0.4650
en-zh Dev loss: 0.4093 r:0.4944
ro-en Dev loss: 0.2678 r:0.8829
et-en Dev loss: 0.3496 r:0.7750
si-en Dev loss: 0.4049 r:0.6872
ne-en Dev loss: 0.3039 r:0.7689
ru-en Dev loss: 0.4940 r:0.7190
Current avg r:0.6846 Best avg r: 0.6960
Epoch 6 Global steps: 38000 Train loss: 0.7461
en-de Dev loss: 0.5970 r:0.5267
en-zh Dev loss: 0.4984 r:0.4683
ro-en Dev loss: 0.3600 r:0.8732
et-en Dev loss: 0.4428 r:0.7619
si-en Dev loss: 0.4967 r:0.6758
ne-en Dev loss: 0.3932 r:0.7469
ru-en Dev loss: 0.5475 r:0.7226
Current avg r:0.6822 Best avg r: 0.6960
Epoch 6 Global steps: 38500 Train loss: 0.6932
en-de Dev loss: 0.5609 r:0.4930
en-zh Dev loss: 0.4527 r:0.4669
ro-en Dev loss: 0.3620 r:0.8572
et-en Dev loss: 0.4243 r:0.7510
si-en Dev loss: 0.4797 r:0.6620
ne-en Dev loss: 0.3852 r:0.7377
ru-en Dev loss: 0.6182 r:0.6913
Current avg r:0.6656 Best avg r: 0.6960
Epoch 6 Global steps: 39000 Train loss: 0.7078
en-de Dev loss: 0.5059 r:0.5173
en-zh Dev loss: 0.4342 r:0.4696
ro-en Dev loss: 0.3035 r:0.8706
et-en Dev loss: 0.3912 r:0.7605
si-en Dev loss: 0.4331 r:0.6736
ne-en Dev loss: 0.3303 r:0.7555
ru-en Dev loss: 0.5105 r:0.7152
Current avg r:0.6803 Best avg r: 0.6960
Epoch 6 Global steps: 39500 Train loss: 0.7128
en-de Dev loss: 0.4758 r:0.4805
en-zh Dev loss: 0.4262 r:0.4801
ro-en Dev loss: 0.2549 r:0.8739
et-en Dev loss: 0.3698 r:0.7559
si-en Dev loss: 0.4223 r:0.6717
ne-en Dev loss: 0.3146 r:0.7504
ru-en Dev loss: 0.5208 r:0.7063
Current avg r:0.6741 Best avg r: 0.6960
Epoch 6 Global steps: 40000 Train loss: 0.6943
en-de Dev loss: 0.5182 r:0.5075
en-zh Dev loss: 0.4257 r:0.4954
ro-en Dev loss: 0.2458 r:0.8831
et-en Dev loss: 0.3461 r:0.7680
si-en Dev loss: 0.3657 r:0.6899
ne-en Dev loss: 0.2925 r:0.7715
ru-en Dev loss: 0.4626 r:0.7240
Current avg r:0.6913 Best avg r: 0.6960
Epoch 6 Global steps: 40500 Train loss: 0.7004
en-de Dev loss: 0.4544 r:0.4978
en-zh Dev loss: 0.3866 r:0.5098
ro-en Dev loss: 0.2662 r:0.8780
et-en Dev loss: 0.3711 r:0.7672
si-en Dev loss: 0.4094 r:0.6850
ne-en Dev loss: 0.3362 r:0.7622
ru-en Dev loss: 0.4978 r:0.7114
Current avg r:0.6873 Best avg r: 0.6960
Epoch 6 Global steps: 41000 Train loss: 0.7160
en-de Dev loss: 0.5249 r:0.4633
en-zh Dev loss: 0.4252 r:0.4951
ro-en Dev loss: 0.2537 r:0.8816
et-en Dev loss: 0.3598 r:0.7684
si-en Dev loss: 0.4085 r:0.6834
ne-en Dev loss: 0.3249 r:0.7667
ru-en Dev loss: 0.5381 r:0.7070
Current avg r:0.6808 Best avg r: 0.6960
Epoch 6 Global steps: 41500 Train loss: 0.6668
en-de Dev loss: 0.4392 r:0.4741
en-zh Dev loss: 0.4275 r:0.4917
ro-en Dev loss: 0.2126 r:0.8790
et-en Dev loss: 0.3120 r:0.7673
si-en Dev loss: 0.3755 r:0.6838
ne-en Dev loss: 0.3089 r:0.7599
ru-en Dev loss: 0.4331 r:0.7051
Current avg r:0.6801 Best avg r: 0.6960
Epoch 6 Global steps: 42000 Train loss: 0.7204
en-de Dev loss: 0.4535 r:0.4887
en-zh Dev loss: 0.4298 r:0.4843
ro-en Dev loss: 0.2504 r:0.8773
et-en Dev loss: 0.3496 r:0.7690
si-en Dev loss: 0.3986 r:0.6875
ne-en Dev loss: 0.3139 r:0.7670
ru-en Dev loss: 0.5249 r:0.6932
Current avg r:0.6810 Best avg r: 0.6960
Epoch 6 Global steps: 42500 Train loss: 0.6717
en-de Dev loss: 0.5063 r:0.5180
en-zh Dev loss: 0.4031 r:0.5011
ro-en Dev loss: 0.2378 r:0.8847
et-en Dev loss: 0.3374 r:0.7774
si-en Dev loss: 0.3695 r:0.6938
ne-en Dev loss: 0.2917 r:0.7715
ru-en Dev loss: 0.4940 r:0.7228
Current avg r:0.6956 Best avg r: 0.6960
Epoch 7 Global steps: 43000 Train loss: 0.6858
en-de Dev loss: 0.4898 r:0.5005
en-zh Dev loss: 0.3972 r:0.5051
ro-en Dev loss: 0.2271 r:0.8859
et-en Dev loss: 0.3408 r:0.7783
si-en Dev loss: 0.3508 r:0.6968
ne-en Dev loss: 0.2759 r:0.7794
ru-en Dev loss: 0.4983 r:0.7236
Current avg r:0.6957 Best avg r: 0.6960
Epoch 7 Global steps: 43500 Train loss: 0.7202
en-de Dev loss: 0.5258 r:0.4325
en-zh Dev loss: 0.4419 r:0.4733
ro-en Dev loss: 0.3203 r:0.8653
et-en Dev loss: 0.4289 r:0.7531
si-en Dev loss: 0.5097 r:0.6719
ne-en Dev loss: 0.4473 r:0.7597
ru-en Dev loss: 0.6079 r:0.6759
Current avg r:0.6617 Best avg r: 0.6960
Epoch 7 Global steps: 44000 Train loss: 0.7038
en-de Dev loss: 0.4562 r:0.4767
en-zh Dev loss: 0.4053 r:0.4824
ro-en Dev loss: 0.2050 r:0.8822
et-en Dev loss: 0.3057 r:0.7714
si-en Dev loss: 0.3357 r:0.6918
ne-en Dev loss: 0.2841 r:0.7730
ru-en Dev loss: 0.4825 r:0.7018
Current avg r:0.6828 Best avg r: 0.6960
Epoch 7 Global steps: 44500 Train loss: 0.6351
en-de Dev loss: 0.4912 r:0.4789
en-zh Dev loss: 0.4173 r:0.4776
ro-en Dev loss: 0.2275 r:0.8787
et-en Dev loss: 0.3377 r:0.7658
si-en Dev loss: 0.3799 r:0.6816
ne-en Dev loss: 0.3033 r:0.7699
ru-en Dev loss: 0.5133 r:0.6899
Current avg r:0.6775 Best avg r: 0.6960
Epoch 7 Global steps: 45000 Train loss: 0.6387
en-de Dev loss: 0.4868 r:0.4827
en-zh Dev loss: 0.4172 r:0.4787
ro-en Dev loss: 0.2667 r:0.8705
et-en Dev loss: 0.3547 r:0.7645
si-en Dev loss: 0.4301 r:0.6798
ne-en Dev loss: 0.3929 r:0.7590
ru-en Dev loss: 0.4994 r:0.6999
Current avg r:0.6764 Best avg r: 0.6960
Epoch 7 Global steps: 45500 Train loss: 0.6592
en-de Dev loss: 0.4246 r:0.5148
en-zh Dev loss: 0.4793 r:0.5110
ro-en Dev loss: 0.2012 r:0.8877
et-en Dev loss: 0.3044 r:0.7748
si-en Dev loss: 0.3573 r:0.6936
ne-en Dev loss: 0.2827 r:0.7820
ru-en Dev loss: 0.4091 r:0.7255
Current avg r:0.6985 Best avg r: 0.6985
Epoch 7 Global steps: 46000 Train loss: 0.6719
en-de Dev loss: 0.4598 r:0.5013
en-zh Dev loss: 0.3944 r:0.5156
ro-en Dev loss: 0.2669 r:0.8866
et-en Dev loss: 0.3541 r:0.7749
si-en Dev loss: 0.4163 r:0.6873
ne-en Dev loss: 0.3272 r:0.7708
ru-en Dev loss: 0.5030 r:0.7133
Current avg r:0.6928 Best avg r: 0.6985
Epoch 7 Global steps: 46500 Train loss: 0.6483
en-de Dev loss: 0.5387 r:0.5119
en-zh Dev loss: 0.4367 r:0.5024
ro-en Dev loss: 0.2985 r:0.8823
et-en Dev loss: 0.3708 r:0.7746
si-en Dev loss: 0.3948 r:0.6919
ne-en Dev loss: 0.3101 r:0.7761
ru-en Dev loss: 0.5196 r:0.7144
Current avg r:0.6934 Best avg r: 0.6985
Epoch 7 Global steps: 47000 Train loss: 0.6405
en-de Dev loss: 0.5314 r:0.5177
en-zh Dev loss: 0.4598 r:0.5032
ro-en Dev loss: 0.2700 r:0.8885
et-en Dev loss: 0.3498 r:0.7794
si-en Dev loss: 0.3933 r:0.6963
ne-en Dev loss: 0.3034 r:0.7759
ru-en Dev loss: 0.4851 r:0.7319
Current avg r:0.6990 Best avg r: 0.6990
Epoch 7 Global steps: 47500 Train loss: 0.6377
en-de Dev loss: 0.4551 r:0.5117
en-zh Dev loss: 0.3979 r:0.4929
ro-en Dev loss: 0.2073 r:0.8849
et-en Dev loss: 0.3084 r:0.7727
si-en Dev loss: 0.3901 r:0.6825
ne-en Dev loss: 0.3077 r:0.7650
ru-en Dev loss: 0.4596 r:0.7089
Current avg r:0.6884 Best avg r: 0.6990
Epoch 7 Global steps: 48000 Train loss: 0.6814
en-de Dev loss: 0.4804 r:0.5012
en-zh Dev loss: 0.4287 r:0.5090
ro-en Dev loss: 0.2878 r:0.8837
et-en Dev loss: 0.3674 r:0.7735
si-en Dev loss: 0.4822 r:0.6839
ne-en Dev loss: 0.3823 r:0.7604
ru-en Dev loss: 0.5593 r:0.7145
Current avg r:0.6895 Best avg r: 0.6990
Epoch 7 Global steps: 48500 Train loss: 0.6384
en-de Dev loss: 0.4485 r:0.4978
en-zh Dev loss: 0.4321 r:0.4921
ro-en Dev loss: 0.2171 r:0.8857
et-en Dev loss: 0.3274 r:0.7700
si-en Dev loss: 0.4018 r:0.6877
ne-en Dev loss: 0.3085 r:0.7637
ru-en Dev loss: 0.4536 r:0.7222
Current avg r:0.6885 Best avg r: 0.6990
Epoch 7 Global steps: 49000 Train loss: 0.6575
en-de Dev loss: 0.4563 r:0.5172
en-zh Dev loss: 0.4122 r:0.4773
ro-en Dev loss: 0.2240 r:0.8821
et-en Dev loss: 0.3418 r:0.7584
si-en Dev loss: 0.4010 r:0.6837
ne-en Dev loss: 0.3324 r:0.7651
ru-en Dev loss: 0.5033 r:0.6924
Current avg r:0.6823 Best avg r: 0.6990
Epoch 8 Global steps: 49500 Train loss: 0.6016
en-de Dev loss: 0.4574 r:0.5020
en-zh Dev loss: 0.3870 r:0.5012
ro-en Dev loss: 0.2043 r:0.8874
et-en Dev loss: 0.3291 r:0.7620
si-en Dev loss: 0.3642 r:0.6888
ne-en Dev loss: 0.3055 r:0.7734
ru-en Dev loss: 0.4325 r:0.7206
Current avg r:0.6908 Best avg r: 0.6990
Epoch 8 Global steps: 50000 Train loss: 0.6324
en-de Dev loss: 0.5274 r:0.5400
en-zh Dev loss: 0.4542 r:0.4834
ro-en Dev loss: 0.2904 r:0.8750
et-en Dev loss: 0.4120 r:0.7576
si-en Dev loss: 0.4750 r:0.6760
ne-en Dev loss: 0.3991 r:0.7639
ru-en Dev loss: 0.5649 r:0.7064
Current avg r:0.6861 Best avg r: 0.6990
Epoch 8 Global steps: 50500 Train loss: 0.6370
en-de Dev loss: 0.5157 r:0.5212
en-zh Dev loss: 0.4570 r:0.4886
ro-en Dev loss: 0.3219 r:0.8774
et-en Dev loss: 0.4753 r:0.7554
si-en Dev loss: 0.5646 r:0.6726
ne-en Dev loss: 0.4801 r:0.7584
ru-en Dev loss: 0.5898 r:0.7060
Current avg r:0.6828 Best avg r: 0.6990
Epoch 8 Global steps: 51000 Train loss: 0.6235
en-de Dev loss: 0.5646 r:0.5099
en-zh Dev loss: 0.5007 r:0.4851
ro-en Dev loss: 0.3604 r:0.8759
et-en Dev loss: 0.4786 r:0.7585
si-en Dev loss: 0.5090 r:0.6855
ne-en Dev loss: 0.4484 r:0.7634
ru-en Dev loss: 0.5839 r:0.7215
Current avg r:0.6857 Best avg r: 0.6990
Epoch 8 Global steps: 51500 Train loss: 0.6098
en-de Dev loss: 0.5142 r:0.5149
en-zh Dev loss: 0.4587 r:0.4832
ro-en Dev loss: 0.2718 r:0.8834
et-en Dev loss: 0.3969 r:0.7628
si-en Dev loss: 0.4460 r:0.6914
ne-en Dev loss: 0.3512 r:0.7775
ru-en Dev loss: 0.5057 r:0.7220
Current avg r:0.6907 Best avg r: 0.6990
Epoch 8 Global steps: 52000 Train loss: 0.6283
en-de Dev loss: 0.4819 r:0.4245
en-zh Dev loss: 0.3900 r:0.4999
ro-en Dev loss: 0.2549 r:0.8787
et-en Dev loss: 0.3589 r:0.7651
si-en Dev loss: 0.3976 r:0.6914
ne-en Dev loss: 0.3480 r:0.7795
ru-en Dev loss: 0.4838 r:0.7050
Current avg r:0.6777 Best avg r: 0.6990
Epoch 8 Global steps: 52500 Train loss: 0.6261
en-de Dev loss: 0.4807 r:0.4676
en-zh Dev loss: 0.4203 r:0.4821
ro-en Dev loss: 0.2323 r:0.8743
et-en Dev loss: 0.3349 r:0.7580
si-en Dev loss: 0.4007 r:0.6914
ne-en Dev loss: 0.3410 r:0.7793
ru-en Dev loss: 0.4463 r:0.7110
Current avg r:0.6805 Best avg r: 0.6990
Epoch 8 Global steps: 53000 Train loss: 0.6332
en-de Dev loss: 0.5183 r:0.4723
en-zh Dev loss: 0.4655 r:0.4901
ro-en Dev loss: 0.2686 r:0.8821
et-en Dev loss: 0.3657 r:0.7672
si-en Dev loss: 0.4438 r:0.6912
ne-en Dev loss: 0.3432 r:0.7727
ru-en Dev loss: 0.5446 r:0.7171
Current avg r:0.6847 Best avg r: 0.6990
Epoch 8 Global steps: 53500 Train loss: 0.6226
en-de Dev loss: 0.5352 r:0.4884
en-zh Dev loss: 0.4659 r:0.4800
ro-en Dev loss: 0.3361 r:0.8714
et-en Dev loss: 0.4218 r:0.7635
si-en Dev loss: 0.5172 r:0.6841
ne-en Dev loss: 0.4824 r:0.7685
ru-en Dev loss: 0.5283 r:0.7152
Current avg r:0.6816 Best avg r: 0.6990
Epoch 8 Global steps: 54000 Train loss: 0.6283
en-de Dev loss: 0.4534 r:0.5085
en-zh Dev loss: 0.4149 r:0.4970
ro-en Dev loss: 0.2049 r:0.8875
et-en Dev loss: 0.3120 r:0.7727
si-en Dev loss: 0.3712 r:0.6939
ne-en Dev loss: 0.3034 r:0.7828
ru-en Dev loss: 0.4216 r:0.7271
Current avg r:0.6956 Best avg r: 0.6990
Epoch 8 Global steps: 54500 Train loss: 0.6181
en-de Dev loss: 0.4616 r:0.5047
en-zh Dev loss: 0.4395 r:0.4981
ro-en Dev loss: 0.2584 r:0.8860
et-en Dev loss: 0.3761 r:0.7649
si-en Dev loss: 0.4777 r:0.6843
ne-en Dev loss: 0.4379 r:0.7726
ru-en Dev loss: 0.4979 r:0.7206
Current avg r:0.6902 Best avg r: 0.6990
Epoch 8 Global steps: 55000 Train loss: 0.6127
en-de Dev loss: 0.5624 r:0.5032
en-zh Dev loss: 0.4934 r:0.4907
ro-en Dev loss: 0.3192 r:0.8832
et-en Dev loss: 0.4308 r:0.7616
si-en Dev loss: 0.5103 r:0.6843
ne-en Dev loss: 0.4058 r:0.7751
ru-en Dev loss: 0.5501 r:0.7209
Current avg r:0.6884 Best avg r: 0.6990
Epoch 9 Global steps: 55500 Train loss: 0.5962
en-de Dev loss: 0.5022 r:0.5163
en-zh Dev loss: 0.4354 r:0.4885
ro-en Dev loss: 0.2681 r:0.8801
et-en Dev loss: 0.3747 r:0.7616
si-en Dev loss: 0.4214 r:0.6905
ne-en Dev loss: 0.3554 r:0.7761
ru-en Dev loss: 0.5034 r:0.7190
Current avg r:0.6903 Best avg r: 0.6990
Epoch 9 Global steps: 56000 Train loss: 0.5995
en-de Dev loss: 0.4550 r:0.5060
en-zh Dev loss: 0.4067 r:0.4973
ro-en Dev loss: 0.2378 r:0.8826
et-en Dev loss: 0.3473 r:0.7653
si-en Dev loss: 0.3702 r:0.6949
ne-en Dev loss: 0.3245 r:0.7708
ru-en Dev loss: 0.4750 r:0.7194
Current avg r:0.6909 Best avg r: 0.6990
Epoch 9 Global steps: 56500 Train loss: 0.6068
en-de Dev loss: 0.4547 r:0.4858
en-zh Dev loss: 0.4304 r:0.5053
ro-en Dev loss: 0.2427 r:0.8845
et-en Dev loss: 0.3593 r:0.7688
si-en Dev loss: 0.4037 r:0.6952
ne-en Dev loss: 0.3488 r:0.7743
ru-en Dev loss: 0.4817 r:0.7173
Current avg r:0.6902 Best avg r: 0.6990
Epoch 9 Global steps: 57000 Train loss: 0.5780
en-de Dev loss: 0.4665 r:0.4940
en-zh Dev loss: 0.4210 r:0.5063
ro-en Dev loss: 0.2126 r:0.8910
et-en Dev loss: 0.3283 r:0.7739
si-en Dev loss: 0.3711 r:0.6932
ne-en Dev loss: 0.3010 r:0.7756
ru-en Dev loss: 0.4503 r:0.7286
Current avg r:0.6947 Best avg r: 0.6990
Epoch 9 Global steps: 57500 Train loss: 0.5961
en-de Dev loss: 0.4328 r:0.4952
en-zh Dev loss: 0.4007 r:0.5111
ro-en Dev loss: 0.2187 r:0.8852
et-en Dev loss: 0.3408 r:0.7660
si-en Dev loss: 0.3736 r:0.6922
ne-en Dev loss: 0.3482 r:0.7727
ru-en Dev loss: 0.4288 r:0.7218
Current avg r:0.6920 Best avg r: 0.6990
Epoch 9 Global steps: 58000 Train loss: 0.6130
en-de Dev loss: 0.4883 r:0.4789
en-zh Dev loss: 0.4247 r:0.4932
ro-en Dev loss: 0.2223 r:0.8863
et-en Dev loss: 0.3408 r:0.7658
si-en Dev loss: 0.3944 r:0.6839
ne-en Dev loss: 0.3459 r:0.7620
ru-en Dev loss: 0.4809 r:0.7177
Current avg r:0.6840 Best avg r: 0.6990
Epoch 9 Global steps: 58500 Train loss: 0.5799
en-de Dev loss: 0.4820 r:0.4796
en-zh Dev loss: 0.4323 r:0.4803
ro-en Dev loss: 0.2304 r:0.8810
et-en Dev loss: 0.3534 r:0.7569
si-en Dev loss: 0.4024 r:0.6827
ne-en Dev loss: 0.3581 r:0.7635
ru-en Dev loss: 0.5078 r:0.6940
Current avg r:0.6769 Best avg r: 0.6990
Epoch 9 Global steps: 59000 Train loss: 0.5764
en-de Dev loss: 0.4534 r:0.4944
en-zh Dev loss: 0.4135 r:0.5015
ro-en Dev loss: 0.2276 r:0.8864
et-en Dev loss: 0.3471 r:0.7645
si-en Dev loss: 0.3867 r:0.6883
ne-en Dev loss: 0.3574 r:0.7691
ru-en Dev loss: 0.4737 r:0.7127
Current avg r:0.6881 Best avg r: 0.6990
Epoch 9 Global steps: 59500 Train loss: 0.5822
en-de Dev loss: 0.4659 r:0.4829
en-zh Dev loss: 0.4162 r:0.4836
ro-en Dev loss: 0.2248 r:0.8825
et-en Dev loss: 0.3288 r:0.7623
si-en Dev loss: 0.3698 r:0.6862
ne-en Dev loss: 0.3039 r:0.7755
ru-en Dev loss: 0.4363 r:0.7179
Current avg r:0.6844 Best avg r: 0.6990
Epoch 9 Global steps: 60000 Train loss: 0.6119
en-de Dev loss: 0.4778 r:0.4709
en-zh Dev loss: 0.3918 r:0.4881
ro-en Dev loss: 0.2501 r:0.8770
et-en Dev loss: 0.3525 r:0.7605
si-en Dev loss: 0.3799 r:0.6814
ne-en Dev loss: 0.3266 r:0.7770
ru-en Dev loss: 0.4558 r:0.7123
Current avg r:0.6810 Best avg r: 0.6990
Epoch 9 Global steps: 60500 Train loss: 0.5853
en-de Dev loss: 0.5680 r:0.4710
en-zh Dev loss: 0.5288 r:0.4809
ro-en Dev loss: 0.3533 r:0.8817
et-en Dev loss: 0.4643 r:0.7610
si-en Dev loss: 0.5612 r:0.6723
ne-en Dev loss: 0.4646 r:0.7677
ru-en Dev loss: 0.7157 r:0.6928
Current avg r:0.6753 Best avg r: 0.6990
Epoch 9 Global steps: 61000 Train loss: 0.6159
en-de Dev loss: 0.5651 r:0.4740
en-zh Dev loss: 0.5000 r:0.4813
ro-en Dev loss: 0.3101 r:0.8806
et-en Dev loss: 0.4371 r:0.7603
si-en Dev loss: 0.5389 r:0.6703
ne-en Dev loss: 0.4809 r:0.7626
ru-en Dev loss: 0.6590 r:0.7000
Current avg r:0.6756 Best avg r: 0.6990
Epoch 10 Global steps: 61500 Train loss: 0.5678
en-de Dev loss: 0.5005 r:0.4835
en-zh Dev loss: 0.4626 r:0.4654
ro-en Dev loss: 0.3042 r:0.8667
et-en Dev loss: 0.4359 r:0.7447
si-en Dev loss: 0.4778 r:0.6731
ne-en Dev loss: 0.4826 r:0.7596
ru-en Dev loss: 0.5755 r:0.6855
Current avg r:0.6684 Best avg r: 0.6990
Epoch 10 Global steps: 62000 Train loss: 0.5776
en-de Dev loss: 0.4808 r:0.4803
en-zh Dev loss: 0.4070 r:0.4889
ro-en Dev loss: 0.2497 r:0.8763
et-en Dev loss: 0.3568 r:0.7648
si-en Dev loss: 0.3879 r:0.6880
ne-en Dev loss: 0.3512 r:0.7808
ru-en Dev loss: 0.4826 r:0.7169
Current avg r:0.6851 Best avg r: 0.6990
Epoch 10 Global steps: 62500 Train loss: 0.5489
en-de Dev loss: 0.4993 r:0.4799
en-zh Dev loss: 0.4571 r:0.4717
ro-en Dev loss: 0.2509 r:0.8791
et-en Dev loss: 0.3557 r:0.7593
si-en Dev loss: 0.3983 r:0.6855
ne-en Dev loss: 0.3255 r:0.7783
ru-en Dev loss: 0.4877 r:0.7144
Current avg r:0.6812 Best avg r: 0.6990
Epoch 10 Global steps: 63000 Train loss: 0.5578
en-de Dev loss: 0.5054 r:0.4565
en-zh Dev loss: 0.4579 r:0.4677
ro-en Dev loss: 0.2790 r:0.8757
et-en Dev loss: 0.3723 r:0.7555
si-en Dev loss: 0.4143 r:0.6823
ne-en Dev loss: 0.3812 r:0.7686
ru-en Dev loss: 0.5270 r:0.7006
Current avg r:0.6724 Best avg r: 0.6990
Epoch 10 Global steps: 63500 Train loss: 0.5736
en-de Dev loss: 0.4527 r:0.5108
en-zh Dev loss: 0.4394 r:0.4878
ro-en Dev loss: 0.2217 r:0.8873
et-en Dev loss: 0.3329 r:0.7683
si-en Dev loss: 0.3750 r:0.6924
ne-en Dev loss: 0.3166 r:0.7836
ru-en Dev loss: 0.4461 r:0.7234
Current avg r:0.6934 Best avg r: 0.6990
Epoch 10 Global steps: 64000 Train loss: 0.5867
en-de Dev loss: 0.5053 r:0.5000
en-zh Dev loss: 0.4594 r:0.4826
ro-en Dev loss: 0.2657 r:0.8869
et-en Dev loss: 0.3792 r:0.7696
si-en Dev loss: 0.4380 r:0.6891
ne-en Dev loss: 0.3893 r:0.7732
ru-en Dev loss: 0.5372 r:0.7140
Current avg r:0.6879 Best avg r: 0.6990
Epoch 10 Global steps: 64500 Train loss: 0.5927
en-de Dev loss: 0.4574 r:0.4816
en-zh Dev loss: 0.4261 r:0.4950
ro-en Dev loss: 0.2129 r:0.8894
et-en Dev loss: 0.3197 r:0.7732
si-en Dev loss: 0.3896 r:0.6875
ne-en Dev loss: 0.3149 r:0.7738
ru-en Dev loss: 0.4554 r:0.7201
Current avg r:0.6886 Best avg r: 0.6990
Epoch 10 Global steps: 65000 Train loss: 0.5876
en-de Dev loss: 0.4956 r:0.4613
en-zh Dev loss: 0.4706 r:0.4705
ro-en Dev loss: 0.2638 r:0.8798
et-en Dev loss: 0.3647 r:0.7628
si-en Dev loss: 0.4420 r:0.6824
ne-en Dev loss: 0.4141 r:0.7622
ru-en Dev loss: 0.5104 r:0.7124
Current avg r:0.6759 Best avg r: 0.6990
Epoch 10 Global steps: 65500 Train loss: 0.5657
en-de Dev loss: 0.5235 r:0.4408
en-zh Dev loss: 0.4573 r:0.4646
ro-en Dev loss: 0.2392 r:0.8798
et-en Dev loss: 0.3426 r:0.7659
si-en Dev loss: 0.4195 r:0.6782
ne-en Dev loss: 0.3437 r:0.7695
ru-en Dev loss: 0.5183 r:0.6963
Current avg r:0.6707 Best avg r: 0.6990
Epoch 10 Global steps: 66000 Train loss: 0.5327
en-de Dev loss: 0.5247 r:0.4637
en-zh Dev loss: 0.4933 r:0.4669
ro-en Dev loss: 0.2828 r:0.8798
et-en Dev loss: 0.3730 r:0.7689
si-en Dev loss: 0.4654 r:0.6854
ne-en Dev loss: 0.3757 r:0.7731
ru-en Dev loss: 0.5572 r:0.7011
Current avg r:0.6770 Best avg r: 0.6990
Epoch 10 Global steps: 66500 Train loss: 0.5624
en-de Dev loss: 0.5144 r:0.4518
en-zh Dev loss: 0.4673 r:0.4643
ro-en Dev loss: 0.3193 r:0.8726
et-en Dev loss: 0.4114 r:0.7601
si-en Dev loss: 0.5816 r:0.6641
ne-en Dev loss: 0.4595 r:0.7665
ru-en Dev loss: 0.6075 r:0.6856
Current avg r:0.6664 Best avg r: 0.6990
Epoch 10 Global steps: 67000 Train loss: 0.5961
en-de Dev loss: 0.5598 r:0.4609
en-zh Dev loss: 0.4801 r:0.4811
ro-en Dev loss: 0.3029 r:0.8820
et-en Dev loss: 0.3923 r:0.7724
si-en Dev loss: 0.4838 r:0.6839
ne-en Dev loss: 0.4201 r:0.7697
ru-en Dev loss: 0.5844 r:0.7129
Current avg r:0.6804 Best avg r: 0.6990
Epoch 11 Global steps: 67500 Train loss: 0.5355
en-de Dev loss: 0.5494 r:0.4531
en-zh Dev loss: 0.4475 r:0.4860
ro-en Dev loss: 0.3201 r:0.8739
et-en Dev loss: 0.4043 r:0.7595
si-en Dev loss: 0.4759 r:0.6782
ne-en Dev loss: 0.4079 r:0.7710
ru-en Dev loss: 0.6325 r:0.6849
Current avg r:0.6724 Best avg r: 0.6990
Epoch 11 Global steps: 68000 Train loss: 0.5560
en-de Dev loss: 0.4711 r:0.4431
en-zh Dev loss: 0.4354 r:0.4885
ro-en Dev loss: 0.2446 r:0.8802
et-en Dev loss: 0.3346 r:0.7632
si-en Dev loss: 0.4266 r:0.6882
ne-en Dev loss: 0.3618 r:0.7721
ru-en Dev loss: 0.4683 r:0.7121
Current avg r:0.6782 Best avg r: 0.6990
Epoch 11 Global steps: 68500 Train loss: 0.5429
en-de Dev loss: 0.4904 r:0.4752
en-zh Dev loss: 0.4236 r:0.4921
ro-en Dev loss: 0.2482 r:0.8842
et-en Dev loss: 0.3314 r:0.7719
si-en Dev loss: 0.3977 r:0.6916
ne-en Dev loss: 0.3339 r:0.7802
ru-en Dev loss: 0.4848 r:0.7161
Current avg r:0.6873 Best avg r: 0.6990
Epoch 11 Global steps: 69000 Train loss: 0.5692
en-de Dev loss: 0.4937 r:0.4817
en-zh Dev loss: 0.4421 r:0.4810
ro-en Dev loss: 0.2516 r:0.8845
et-en Dev loss: 0.3546 r:0.7654
si-en Dev loss: 0.3997 r:0.6921
ne-en Dev loss: 0.3116 r:0.7748
ru-en Dev loss: 0.5107 r:0.7050
Current avg r:0.6835 Best avg r: 0.6990
Epoch 11 Global steps: 69500 Train loss: 0.5894
en-de Dev loss: 0.4681 r:0.4916
en-zh Dev loss: 0.4500 r:0.4794
ro-en Dev loss: 0.2645 r:0.8849
et-en Dev loss: 0.3664 r:0.7661
si-en Dev loss: 0.4084 r:0.6895
ne-en Dev loss: 0.3445 r:0.7698
ru-en Dev loss: 0.5237 r:0.7094
Current avg r:0.6844 Best avg r: 0.6990
Epoch 11 Global steps: 70000 Train loss: 0.5468
en-de Dev loss: 0.4704 r:0.4910
en-zh Dev loss: 0.4570 r:0.4708
ro-en Dev loss: 0.2286 r:0.8856
et-en Dev loss: 0.3391 r:0.7701
si-en Dev loss: 0.3983 r:0.6876
ne-en Dev loss: 0.3111 r:0.7732
ru-en Dev loss: 0.5001 r:0.7112
Current avg r:0.6842 Best avg r: 0.6990
Epoch 11 Global steps: 70500 Train loss: 0.5207
en-de Dev loss: 0.4844 r:0.4698
en-zh Dev loss: 0.4193 r:0.4812
ro-en Dev loss: 0.2545 r:0.8789
et-en Dev loss: 0.3685 r:0.7616
si-en Dev loss: 0.4112 r:0.6812
ne-en Dev loss: 0.3383 r:0.7755
ru-en Dev loss: 0.4962 r:0.7101
Current avg r:0.6798 Best avg r: 0.6990
Epoch 11 Global steps: 71000 Train loss: 0.5466
en-de Dev loss: 0.5269 r:0.4140
en-zh Dev loss: 0.4914 r:0.4392
ro-en Dev loss: 0.2964 r:0.8667
et-en Dev loss: 0.4232 r:0.7443
si-en Dev loss: 0.4955 r:0.6735
ne-en Dev loss: 0.3973 r:0.7695
ru-en Dev loss: 0.5656 r:0.6766
Current avg r:0.6548 Best avg r: 0.6990
Epoch 11 Global steps: 71500 Train loss: 0.5528
en-de Dev loss: 0.4563 r:0.4721
en-zh Dev loss: 0.4512 r:0.4854
ro-en Dev loss: 0.3004 r:0.8781
et-en Dev loss: 0.4219 r:0.7581
si-en Dev loss: 0.5063 r:0.6843
ne-en Dev loss: 0.4811 r:0.7626
ru-en Dev loss: 0.5315 r:0.7073
Current avg r:0.6783 Best avg r: 0.6990
Epoch 11 Global steps: 72000 Train loss: 0.5528
en-de Dev loss: 0.5084 r:0.4775
en-zh Dev loss: 0.4863 r:0.4744
ro-en Dev loss: 0.2706 r:0.8827
et-en Dev loss: 0.3911 r:0.7630
si-en Dev loss: 0.4574 r:0.6841
ne-en Dev loss: 0.3598 r:0.7734
ru-en Dev loss: 0.5362 r:0.7141
Current avg r:0.6813 Best avg r: 0.6990
Epoch 11 Global steps: 72500 Train loss: 0.5365
en-de Dev loss: 0.4691 r:0.4839
en-zh Dev loss: 0.4494 r:0.4659
ro-en Dev loss: 0.2052 r:0.8865
et-en Dev loss: 0.3352 r:0.7629
si-en Dev loss: 0.4083 r:0.6825
ne-en Dev loss: 0.3052 r:0.7769
ru-en Dev loss: 0.4582 r:0.7141
Current avg r:0.6818 Best avg r: 0.6990
Epoch 11 Global steps: 73000 Train loss: 0.5647
en-de Dev loss: 0.4587 r:0.4639
en-zh Dev loss: 0.4798 r:0.4710
ro-en Dev loss: 0.2462 r:0.8873
et-en Dev loss: 0.3864 r:0.7633
si-en Dev loss: 0.4938 r:0.6805
ne-en Dev loss: 0.3824 r:0.7679
ru-en Dev loss: 0.5202 r:0.7116
Current avg r:0.6779 Best avg r: 0.6990
Epoch 11 Global steps: 73500 Train loss: 0.5321
en-de Dev loss: 0.4496 r:0.4724
en-zh Dev loss: 0.4674 r:0.4739
ro-en Dev loss: 0.2204 r:0.8872
et-en Dev loss: 0.3569 r:0.7614
si-en Dev loss: 0.4550 r:0.6800
ne-en Dev loss: 0.3550 r:0.7735
ru-en Dev loss: 0.4834 r:0.7104
Current avg r:0.6798 Best avg r: 0.6990
Epoch 12 Global steps: 74000 Train loss: 0.5222
en-de Dev loss: 0.4562 r:0.4388
en-zh Dev loss: 0.4964 r:0.4650
ro-en Dev loss: 0.2153 r:0.8867
et-en Dev loss: 0.3410 r:0.7606
si-en Dev loss: 0.4315 r:0.6836
ne-en Dev loss: 0.3380 r:0.7650
ru-en Dev loss: 0.4689 r:0.7077
Current avg r:0.6725 Best avg r: 0.6990
Epoch 12 Global steps: 74500 Train loss: 0.5159
en-de Dev loss: 0.4735 r:0.4500
en-zh Dev loss: 0.4969 r:0.4561
ro-en Dev loss: 0.2329 r:0.8826
et-en Dev loss: 0.3588 r:0.7563
si-en Dev loss: 0.4746 r:0.6761
ne-en Dev loss: 0.3968 r:0.7620
ru-en Dev loss: 0.4849 r:0.7084
Current avg r:0.6702 Best avg r: 0.6990
Epoch 12 Global steps: 75000 Train loss: 0.5204
en-de Dev loss: 0.5064 r:0.4519
en-zh Dev loss: 0.4731 r:0.4704
ro-en Dev loss: 0.2450 r:0.8786
et-en Dev loss: 0.3694 r:0.7552
si-en Dev loss: 0.4488 r:0.6806
ne-en Dev loss: 0.3594 r:0.7743
ru-en Dev loss: 0.5027 r:0.7083
Current avg r:0.6742 Best avg r: 0.6990
Epoch 12 Global steps: 75500 Train loss: 0.5231
en-de Dev loss: 0.4845 r:0.4454
en-zh Dev loss: 0.4993 r:0.4685
ro-en Dev loss: 0.2272 r:0.8900
et-en Dev loss: 0.3523 r:0.7626
si-en Dev loss: 0.4523 r:0.6846
ne-en Dev loss: 0.3337 r:0.7702
ru-en Dev loss: 0.4793 r:0.7257
Current avg r:0.6781 Best avg r: 0.6990
Epoch 12 Global steps: 76000 Train loss: 0.5361
en-de Dev loss: 0.4743 r:0.4533
en-zh Dev loss: 0.4610 r:0.4701
ro-en Dev loss: 0.2304 r:0.8869
et-en Dev loss: 0.3478 r:0.7599
si-en Dev loss: 0.4141 r:0.6906
ne-en Dev loss: 0.3281 r:0.7765
ru-en Dev loss: 0.4597 r:0.7215
Current avg r:0.6798 Best avg r: 0.6990
Epoch 12 Global steps: 76500 Train loss: 0.5186
en-de Dev loss: 0.5007 r:0.4398
en-zh Dev loss: 0.4491 r:0.4787
ro-en Dev loss: 0.2408 r:0.8868
et-en Dev loss: 0.3524 r:0.7639
si-en Dev loss: 0.4515 r:0.6862
ne-en Dev loss: 0.3591 r:0.7729
ru-en Dev loss: 0.5299 r:0.7116
Current avg r:0.6771 Best avg r: 0.6990
Epoch 12 Global steps: 77000 Train loss: 0.5209
en-de Dev loss: 0.5119 r:0.4571
en-zh Dev loss: 0.4339 r:0.4910
ro-en Dev loss: 0.2399 r:0.8875
et-en Dev loss: 0.3582 r:0.7672
si-en Dev loss: 0.4473 r:0.6820
ne-en Dev loss: 0.3480 r:0.7764
ru-en Dev loss: 0.5100 r:0.7267
Current avg r:0.6840 Best avg r: 0.6990
Epoch 12 Global steps: 77500 Train loss: 0.5137
en-de Dev loss: 0.4745 r:0.4656
en-zh Dev loss: 0.4571 r:0.5007
ro-en Dev loss: 0.2595 r:0.8883
et-en Dev loss: 0.3742 r:0.7665
si-en Dev loss: 0.5094 r:0.6786
ne-en Dev loss: 0.4280 r:0.7611
ru-en Dev loss: 0.5521 r:0.7147
Current avg r:0.6822 Best avg r: 0.6990
Epoch 12 Global steps: 78000 Train loss: 0.5402
en-de Dev loss: 0.5326 r:0.4568
en-zh Dev loss: 0.4762 r:0.4742
ro-en Dev loss: 0.2840 r:0.8753
et-en Dev loss: 0.4174 r:0.7457
si-en Dev loss: 0.5074 r:0.6716
ne-en Dev loss: 0.4600 r:0.7632
ru-en Dev loss: 0.5680 r:0.6997
Current avg r:0.6695 Best avg r: 0.6990
Epoch 12 Global steps: 78500 Train loss: 0.5130
en-de Dev loss: 0.4787 r:0.4616
en-zh Dev loss: 0.4803 r:0.4784
ro-en Dev loss: 0.2523 r:0.8853
et-en Dev loss: 0.3924 r:0.7536
si-en Dev loss: 0.4694 r:0.6824
ne-en Dev loss: 0.4065 r:0.7703
ru-en Dev loss: 0.5272 r:0.7121
Current avg r:0.6777 Best avg r: 0.6990
Epoch 12 Global steps: 79000 Train loss: 0.5356
en-de Dev loss: 0.4758 r:0.4766
en-zh Dev loss: 0.4642 r:0.4708
ro-en Dev loss: 0.2313 r:0.8864
et-en Dev loss: 0.3779 r:0.7527
si-en Dev loss: 0.4371 r:0.6847
ne-en Dev loss: 0.3338 r:0.7828
ru-en Dev loss: 0.5256 r:0.7023
Current avg r:0.6795 Best avg r: 0.6990
Epoch 12 Global steps: 79500 Train loss: 0.5358
en-de Dev loss: 0.4743 r:0.5062
en-zh Dev loss: 0.5195 r:0.4735
ro-en Dev loss: 0.2520 r:0.8915
et-en Dev loss: 0.4024 r:0.7569
si-en Dev loss: 0.4903 r:0.6832
ne-en Dev loss: 0.3726 r:0.7798
ru-en Dev loss: 0.5233 r:0.7257
Current avg r:0.6881 Best avg r: 0.6990
Epoch 13 Global steps: 80000 Train loss: 0.4786
en-de Dev loss: 0.4285 r:0.4959
en-zh Dev loss: 0.4391 r:0.4786
ro-en Dev loss: 0.1903 r:0.8942
et-en Dev loss: 0.3326 r:0.7593
si-en Dev loss: 0.4029 r:0.6837
ne-en Dev loss: 0.3268 r:0.7800
ru-en Dev loss: 0.4275 r:0.7268
Current avg r:0.6884 Best avg r: 0.6990
Epoch 13 Global steps: 80500 Train loss: 0.5185
en-de Dev loss: 0.4563 r:0.4796
en-zh Dev loss: 0.4582 r:0.4653
ro-en Dev loss: 0.2203 r:0.8877
et-en Dev loss: 0.3734 r:0.7510
si-en Dev loss: 0.4437 r:0.6823
ne-en Dev loss: 0.3745 r:0.7733
ru-en Dev loss: 0.4878 r:0.7105
Current avg r:0.6785 Best avg r: 0.6990
Epoch 13 Global steps: 81000 Train loss: 0.4865
en-de Dev loss: 0.5401 r:0.5104
en-zh Dev loss: 0.4675 r:0.4820
ro-en Dev loss: 0.2910 r:0.8849
et-en Dev loss: 0.4130 r:0.7544
si-en Dev loss: 0.4563 r:0.6828
ne-en Dev loss: 0.3496 r:0.7711
ru-en Dev loss: 0.5893 r:0.7105
Current avg r:0.6852 Best avg r: 0.6990
Epoch 13 Global steps: 81500 Train loss: 0.4928
en-de Dev loss: 0.5339 r:0.5068
en-zh Dev loss: 0.4805 r:0.4791
ro-en Dev loss: 0.3197 r:0.8795
et-en Dev loss: 0.4566 r:0.7477
si-en Dev loss: 0.5627 r:0.6791
ne-en Dev loss: 0.4908 r:0.7688
ru-en Dev loss: 0.6382 r:0.6901
Current avg r:0.6787 Best avg r: 0.6990
Epoch 13 Global steps: 82000 Train loss: 0.5076
en-de Dev loss: 0.5086 r:0.4585
en-zh Dev loss: 0.4923 r:0.4620
ro-en Dev loss: 0.2666 r:0.8733
et-en Dev loss: 0.4134 r:0.7387
si-en Dev loss: 0.5124 r:0.6725
ne-en Dev loss: 0.4450 r:0.7656
ru-en Dev loss: 0.5586 r:0.6845
Current avg r:0.6650 Best avg r: 0.6990
Epoch 13 Global steps: 82500 Train loss: 0.4714
en-de Dev loss: 0.4676 r:0.4764
en-zh Dev loss: 0.4465 r:0.4837
ro-en Dev loss: 0.1954 r:0.8902
et-en Dev loss: 0.3393 r:0.7553
si-en Dev loss: 0.4077 r:0.6817
ne-en Dev loss: 0.3022 r:0.7723
ru-en Dev loss: 0.4606 r:0.7100
Current avg r:0.6814 Best avg r: 0.6990
Epoch 13 Global steps: 83000 Train loss: 0.5127
en-de Dev loss: 0.5102 r:0.4470
en-zh Dev loss: 0.4279 r:0.4839
ro-en Dev loss: 0.2240 r:0.8806
et-en Dev loss: 0.3564 r:0.7531
si-en Dev loss: 0.4340 r:0.6730
ne-en Dev loss: 0.3225 r:0.7658
ru-en Dev loss: 0.4934 r:0.7088
Current avg r:0.6732 Best avg r: 0.6990
Epoch 13 Global steps: 83500 Train loss: 0.5252
en-de Dev loss: 0.5575 r:0.4508
en-zh Dev loss: 0.4663 r:0.4884
ro-en Dev loss: 0.2854 r:0.8844
et-en Dev loss: 0.4076 r:0.7567
si-en Dev loss: 0.4981 r:0.6768
ne-en Dev loss: 0.3918 r:0.7711
ru-en Dev loss: 0.5215 r:0.7219
Current avg r:0.6786 Best avg r: 0.6990
Epoch 13 Global steps: 84000 Train loss: 0.5223
en-de Dev loss: 0.5007 r:0.4395
en-zh Dev loss: 0.4423 r:0.4908
ro-en Dev loss: 0.2191 r:0.8892
et-en Dev loss: 0.3562 r:0.7548
si-en Dev loss: 0.4200 r:0.6705
ne-en Dev loss: 0.3448 r:0.7637
ru-en Dev loss: 0.4735 r:0.7166
Current avg r:0.6750 Best avg r: 0.6990
Epoch 13 Global steps: 84500 Train loss: 0.4907
en-de Dev loss: 0.5498 r:0.4226
en-zh Dev loss: 0.4854 r:0.4659
ro-en Dev loss: 0.2626 r:0.8810
et-en Dev loss: 0.3930 r:0.7470
si-en Dev loss: 0.4708 r:0.6629
ne-en Dev loss: 0.3949 r:0.7604
ru-en Dev loss: 0.5605 r:0.7007
Current avg r:0.6629 Best avg r: 0.6990
Epoch 13 Global steps: 85000 Train loss: 0.4981
en-de Dev loss: 0.6000 r:0.4355
en-zh Dev loss: 0.5840 r:0.4465
ro-en Dev loss: 0.4217 r:0.8583
et-en Dev loss: 0.5192 r:0.7341
si-en Dev loss: 0.6507 r:0.6582
ne-en Dev loss: 0.6565 r:0.7548
ru-en Dev loss: 0.7090 r:0.6757
Current avg r:0.6519 Best avg r: 0.6990
Epoch 13 Global steps: 85500 Train loss: 0.5182
en-de Dev loss: 0.6110 r:0.4343
en-zh Dev loss: 0.5429 r:0.4628
ro-en Dev loss: 0.3621 r:0.8677
et-en Dev loss: 0.4693 r:0.7443
si-en Dev loss: 0.5729 r:0.6613
ne-en Dev loss: 0.5012 r:0.7644
ru-en Dev loss: 0.6124 r:0.7075
Current avg r:0.6632 Best avg r: 0.6990
Epoch 14 Global steps: 86000 Train loss: 0.4979
en-de Dev loss: 0.5391 r:0.4489
en-zh Dev loss: 0.4980 r:0.4748
ro-en Dev loss: 0.3379 r:0.8725
et-en Dev loss: 0.4617 r:0.7466
si-en Dev loss: 0.5464 r:0.6725
ne-en Dev loss: 0.5064 r:0.7695
ru-en Dev loss: 0.5932 r:0.7060
Current avg r:0.6701 Best avg r: 0.6990
Epoch 14 Global steps: 86500 Train loss: 0.5057
en-de Dev loss: 0.4601 r:0.4512
en-zh Dev loss: 0.4784 r:0.4750
ro-en Dev loss: 0.2203 r:0.8883
et-en Dev loss: 0.3510 r:0.7602
si-en Dev loss: 0.4132 r:0.6826
ne-en Dev loss: 0.3327 r:0.7712
ru-en Dev loss: 0.4691 r:0.7196
Current avg r:0.6783 Best avg r: 0.6990
Epoch 14 Global steps: 87000 Train loss: 0.4877
en-de Dev loss: 0.5030 r:0.4399
en-zh Dev loss: 0.4639 r:0.4724
ro-en Dev loss: 0.2200 r:0.8886
et-en Dev loss: 0.3529 r:0.7612
si-en Dev loss: 0.4234 r:0.6790
ne-en Dev loss: 0.3201 r:0.7730
ru-en Dev loss: 0.4812 r:0.7161
Current avg r:0.6757 Best avg r: 0.6990
Epoch 14 Global steps: 87500 Train loss: 0.4851
en-de Dev loss: 0.5168 r:0.4465
en-zh Dev loss: 0.4948 r:0.4781
ro-en Dev loss: 0.2756 r:0.8842
et-en Dev loss: 0.3940 r:0.7588
si-en Dev loss: 0.4987 r:0.6755
ne-en Dev loss: 0.4397 r:0.7611
ru-en Dev loss: 0.5418 r:0.7115
Current avg r:0.6737 Best avg r: 0.6990
Epoch 14 Global steps: 88000 Train loss: 0.4842
en-de Dev loss: 0.5533 r:0.4220
en-zh Dev loss: 0.5043 r:0.4609
ro-en Dev loss: 0.2925 r:0.8779
et-en Dev loss: 0.3950 r:0.7502
si-en Dev loss: 0.4772 r:0.6728
ne-en Dev loss: 0.3789 r:0.7653
ru-en Dev loss: 0.5468 r:0.7040
Current avg r:0.6648 Best avg r: 0.6990
Epoch 14 Global steps: 88500 Train loss: 0.4752
en-de Dev loss: 0.4933 r:0.4428
en-zh Dev loss: 0.4817 r:0.4646
ro-en Dev loss: 0.2641 r:0.8783
et-en Dev loss: 0.3903 r:0.7412
si-en Dev loss: 0.4922 r:0.6602
ne-en Dev loss: 0.3666 r:0.7635
ru-en Dev loss: 0.5228 r:0.6946
Current avg r:0.6636 Best avg r: 0.6990
Epoch 14 Global steps: 89000 Train loss: 0.4799
en-de Dev loss: 0.5074 r:0.4453
en-zh Dev loss: 0.4799 r:0.4762
ro-en Dev loss: 0.2771 r:0.8829
et-en Dev loss: 0.4042 r:0.7511
si-en Dev loss: 0.4880 r:0.6694
ne-en Dev loss: 0.4094 r:0.7692
ru-en Dev loss: 0.5890 r:0.6915
Current avg r:0.6694 Best avg r: 0.6990
Epoch 14 Global steps: 89500 Train loss: 0.4684
en-de Dev loss: 0.4919 r:0.4172
en-zh Dev loss: 0.4548 r:0.4738
ro-en Dev loss: 0.2027 r:0.8894
et-en Dev loss: 0.3336 r:0.7606
si-en Dev loss: 0.3989 r:0.6782
ne-en Dev loss: 0.3085 r:0.7690
ru-en Dev loss: 0.4412 r:0.7207
Current avg r:0.6727 Best avg r: 0.6990
Epoch 14 Global steps: 90000 Train loss: 0.4965
en-de Dev loss: 0.5319 r:0.4219
en-zh Dev loss: 0.4628 r:0.4698
ro-en Dev loss: 0.2689 r:0.8796
et-en Dev loss: 0.3961 r:0.7544
si-en Dev loss: 0.4980 r:0.6719
ne-en Dev loss: 0.4388 r:0.7696
ru-en Dev loss: 0.5438 r:0.7002
Current avg r:0.6668 Best avg r: 0.6990
Epoch 14 Global steps: 90500 Train loss: 0.4851
en-de Dev loss: 0.5208 r:0.4085
en-zh Dev loss: 0.4750 r:0.4820
ro-en Dev loss: 0.2338 r:0.8861
et-en Dev loss: 0.3661 r:0.7589
si-en Dev loss: 0.4478 r:0.6821
ne-en Dev loss: 0.3486 r:0.7699
ru-en Dev loss: 0.4943 r:0.7127
Current avg r:0.6714 Best avg r: 0.6990
Epoch 14 Global steps: 91000 Train loss: 0.4709
en-de Dev loss: 0.4648 r:0.4717
en-zh Dev loss: 0.4599 r:0.4723
ro-en Dev loss: 0.2308 r:0.8839
et-en Dev loss: 0.3749 r:0.7567
si-en Dev loss: 0.4652 r:0.6765
ne-en Dev loss: 0.3587 r:0.7675
ru-en Dev loss: 0.4724 r:0.7211
Current avg r:0.6785 Best avg r: 0.6990
Epoch 14 Global steps: 91500 Train loss: 0.4993
en-de Dev loss: 0.4669 r:0.4670
en-zh Dev loss: 0.4737 r:0.4675
ro-en Dev loss: 0.2507 r:0.8822
et-en Dev loss: 0.3957 r:0.7506
si-en Dev loss: 0.5220 r:0.6678
ne-en Dev loss: 0.4640 r:0.7660
ru-en Dev loss: 0.5403 r:0.7041
Current avg r:0.6722 Best avg r: 0.6990
Epoch 15 Global steps: 92000 Train loss: 0.4451
en-de Dev loss: 0.4924 r:0.4232
en-zh Dev loss: 0.4413 r:0.4590
ro-en Dev loss: 0.2395 r:0.8775
et-en Dev loss: 0.3665 r:0.7508
si-en Dev loss: 0.4228 r:0.6784
ne-en Dev loss: 0.3523 r:0.7785
ru-en Dev loss: 0.4675 r:0.7132
Current avg r:0.6687 Best avg r: 0.6990
Epoch 15 Global steps: 92500 Train loss: 0.4558
en-de Dev loss: 0.4769 r:0.4374
en-zh Dev loss: 0.4640 r:0.4757
ro-en Dev loss: 0.2117 r:0.8887
et-en Dev loss: 0.3277 r:0.7682
si-en Dev loss: 0.4021 r:0.6892
ne-en Dev loss: 0.3190 r:0.7682
ru-en Dev loss: 0.4660 r:0.7177
Current avg r:0.6779 Best avg r: 0.6990
Epoch 15 Global steps: 93000 Train loss: 0.4609
en-de Dev loss: 0.5007 r:0.4559
en-zh Dev loss: 0.5001 r:0.4696
ro-en Dev loss: 0.2521 r:0.8853
et-en Dev loss: 0.3693 r:0.7629
si-en Dev loss: 0.4664 r:0.6803
ne-en Dev loss: 0.3627 r:0.7640
ru-en Dev loss: 0.4976 r:0.7244
Current avg r:0.6775 Best avg r: 0.6990
Epoch 15 Global steps: 93500 Train loss: 0.4542
en-de Dev loss: 0.4809 r:0.4538
en-zh Dev loss: 0.4678 r:0.4571
ro-en Dev loss: 0.2223 r:0.8845
et-en Dev loss: 0.3511 r:0.7525
si-en Dev loss: 0.4454 r:0.6789
ne-en Dev loss: 0.3942 r:0.7682
ru-en Dev loss: 0.4801 r:0.7101
Current avg r:0.6722 Best avg r: 0.6990
Epoch 15 Global steps: 94000 Train loss: 0.4823
en-de Dev loss: 0.4685 r:0.4426
en-zh Dev loss: 0.5256 r:0.4590
ro-en Dev loss: 0.2674 r:0.8833
et-en Dev loss: 0.3844 r:0.7531
si-en Dev loss: 0.5119 r:0.6760
ne-en Dev loss: 0.4281 r:0.7651
ru-en Dev loss: 0.5464 r:0.6975
Current avg r:0.6681 Best avg r: 0.6990
Epoch 15 Global steps: 94500 Train loss: 0.4369
en-de Dev loss: 0.4631 r:0.4427
en-zh Dev loss: 0.5280 r:0.4796
ro-en Dev loss: 0.2317 r:0.8905
et-en Dev loss: 0.3647 r:0.7630
si-en Dev loss: 0.4747 r:0.6819
ne-en Dev loss: 0.3812 r:0.7666
ru-en Dev loss: 0.4720 r:0.7209
Current avg r:0.6779 Best avg r: 0.6990
Epoch 15 Global steps: 95000 Train loss: 0.4765
en-de Dev loss: 0.5160 r:0.4316
en-zh Dev loss: 0.4795 r:0.4826
ro-en Dev loss: 0.2376 r:0.8896
et-en Dev loss: 0.3459 r:0.7679
si-en Dev loss: 0.3995 r:0.6832
ne-en Dev loss: 0.3010 r:0.7690
ru-en Dev loss: 0.4789 r:0.7243
Current avg r:0.6783 Best avg r: 0.6990
Epoch 15 Global steps: 95500 Train loss: 0.4823
en-de Dev loss: 0.5077 r:0.4582
en-zh Dev loss: 0.4464 r:0.4728
ro-en Dev loss: 0.2539 r:0.8802
et-en Dev loss: 0.3823 r:0.7551
si-en Dev loss: 0.4971 r:0.6677
ne-en Dev loss: 0.3986 r:0.7640
ru-en Dev loss: 0.4985 r:0.7114
Current avg r:0.6728 Best avg r: 0.6990
Epoch 15 Global steps: 96000 Train loss: 0.4444
en-de Dev loss: 0.4842 r:0.4350
en-zh Dev loss: 0.5114 r:0.4564
ro-en Dev loss: 0.2312 r:0.8773
et-en Dev loss: 0.3656 r:0.7528
si-en Dev loss: 0.4464 r:0.6694
ne-en Dev loss: 0.3741 r:0.7537
ru-en Dev loss: 0.4939 r:0.7123
Current avg r:0.6653 Best avg r: 0.6990
Epoch 15 Global steps: 96500 Train loss: 0.4766
en-de Dev loss: 0.4844 r:0.4377
en-zh Dev loss: 0.4991 r:0.4663
ro-en Dev loss: 0.2649 r:0.8820
et-en Dev loss: 0.3868 r:0.7561
si-en Dev loss: 0.5054 r:0.6636
ne-en Dev loss: 0.4224 r:0.7469
ru-en Dev loss: 0.5520 r:0.7119
Current avg r:0.6664 Best avg r: 0.6990
Epoch 15 Global steps: 97000 Train loss: 0.4618
en-de Dev loss: 0.4693 r:0.4438
en-zh Dev loss: 0.4864 r:0.4592
ro-en Dev loss: 0.2227 r:0.8828
et-en Dev loss: 0.3518 r:0.7620
si-en Dev loss: 0.4598 r:0.6713
ne-en Dev loss: 0.3619 r:0.7558
ru-en Dev loss: 0.4593 r:0.7238
Current avg r:0.6713 Best avg r: 0.6990
Epoch 15 Global steps: 97500 Train loss: 0.4481
en-de Dev loss: 0.4741 r:0.4183
en-zh Dev loss: 0.4406 r:0.4766
ro-en Dev loss: 0.2094 r:0.8872
et-en Dev loss: 0.3341 r:0.7648
si-en Dev loss: 0.4162 r:0.6794
ne-en Dev loss: 0.3239 r:0.7712
ru-en Dev loss: 0.4284 r:0.7306
Current avg r:0.6754 Best avg r: 0.6990
Epoch 15 Global steps: 98000 Train loss: 0.4883
en-de Dev loss: 0.4706 r:0.4681
en-zh Dev loss: 0.4700 r:0.4801
ro-en Dev loss: 0.2258 r:0.8839
et-en Dev loss: 0.3500 r:0.7639
si-en Dev loss: 0.4505 r:0.6762
ne-en Dev loss: 0.3751 r:0.7595
ru-en Dev loss: 0.4800 r:0.7267
Current avg r:0.6798 Best avg r: 0.6990
Epoch 16 Global steps: 98500 Train loss: 0.4638
en-de Dev loss: 0.4823 r:0.4548
en-zh Dev loss: 0.4633 r:0.4675
ro-en Dev loss: 0.2329 r:0.8833
et-en Dev loss: 0.3597 r:0.7582
si-en Dev loss: 0.4529 r:0.6692
ne-en Dev loss: 0.3797 r:0.7625
ru-en Dev loss: 0.5179 r:0.7090
Current avg r:0.6721 Best avg r: 0.6990
Epoch 16 Global steps: 99000 Train loss: 0.4461
en-de Dev loss: 0.5316 r:0.4416
en-zh Dev loss: 0.4997 r:0.4510
ro-en Dev loss: 0.2396 r:0.8830
et-en Dev loss: 0.3781 r:0.7531
si-en Dev loss: 0.4336 r:0.6693
ne-en Dev loss: 0.3401 r:0.7669
ru-en Dev loss: 0.5442 r:0.7121
Current avg r:0.6681 Best avg r: 0.6990
Epoch 16 Global steps: 99500 Train loss: 0.4394
en-de Dev loss: 0.4569 r:0.4598
en-zh Dev loss: 0.4977 r:0.4491
ro-en Dev loss: 0.2289 r:0.8827
et-en Dev loss: 0.3706 r:0.7492
si-en Dev loss: 0.4539 r:0.6691
ne-en Dev loss: 0.3538 r:0.7620
ru-en Dev loss: 0.4607 r:0.7172
Current avg r:0.6699 Best avg r: 0.6990
Epoch 16 Global steps: 100000 Train loss: 0.4261
en-de Dev loss: 0.5168 r:0.4290
en-zh Dev loss: 0.5041 r:0.4684
ro-en Dev loss: 0.2667 r:0.8798
et-en Dev loss: 0.3986 r:0.7556
si-en Dev loss: 0.4725 r:0.6659
ne-en Dev loss: 0.3964 r:0.7578
ru-en Dev loss: 0.5731 r:0.7085
Current avg r:0.6664 Best avg r: 0.6990
Epoch 16 Global steps: 100500 Train loss: 0.4353
en-de Dev loss: 0.4680 r:0.4152
en-zh Dev loss: 0.4568 r:0.4687
ro-en Dev loss: 0.2050 r:0.8854
et-en Dev loss: 0.3371 r:0.7602
si-en Dev loss: 0.4374 r:0.6762
ne-en Dev loss: 0.3439 r:0.7659
ru-en Dev loss: 0.4361 r:0.7156
Current avg r:0.6696 Best avg r: 0.6990
Epoch 16 Global steps: 101000 Train loss: 0.4721
en-de Dev loss: 0.4673 r:0.4101
en-zh Dev loss: 0.4414 r:0.4612
ro-en Dev loss: 0.2293 r:0.8783
et-en Dev loss: 0.3500 r:0.7466
si-en Dev loss: 0.4207 r:0.6734
ne-en Dev loss: 0.3591 r:0.7610
ru-en Dev loss: 0.4717 r:0.7004
Current avg r:0.6616 Best avg r: 0.6990
Epoch 16 Global steps: 101500 Train loss: 0.4377
en-de Dev loss: 0.5379 r:0.4143
en-zh Dev loss: 0.4744 r:0.4752
ro-en Dev loss: 0.2986 r:0.8797
et-en Dev loss: 0.4162 r:0.7469
si-en Dev loss: 0.4734 r:0.6793
ne-en Dev loss: 0.4349 r:0.7691
ru-en Dev loss: 0.5620 r:0.6981
Current avg r:0.6661 Best avg r: 0.6990
Epoch 16 Global steps: 102000 Train loss: 0.4348
en-de Dev loss: 0.5195 r:0.4460
en-zh Dev loss: 0.4857 r:0.4720
ro-en Dev loss: 0.2678 r:0.8846
et-en Dev loss: 0.3986 r:0.7578
si-en Dev loss: 0.4844 r:0.6731
ne-en Dev loss: 0.4079 r:0.7619
ru-en Dev loss: 0.5309 r:0.7184
Current avg r:0.6734 Best avg r: 0.6990
Epoch 16 Global steps: 102500 Train loss: 0.4226
en-de Dev loss: 0.5156 r:0.4067
en-zh Dev loss: 0.4536 r:0.4650
ro-en Dev loss: 0.2812 r:0.8745
et-en Dev loss: 0.3745 r:0.7562
si-en Dev loss: 0.4590 r:0.6693
ne-en Dev loss: 0.4270 r:0.7536
ru-en Dev loss: 0.5154 r:0.7198
Current avg r:0.6636 Best avg r: 0.6990
Epoch 16 Global steps: 103000 Train loss: 0.4250
en-de Dev loss: 0.5002 r:0.3863
en-zh Dev loss: 0.4698 r:0.4512
ro-en Dev loss: 0.2359 r:0.8794
et-en Dev loss: 0.3622 r:0.7457
si-en Dev loss: 0.4354 r:0.6737
ne-en Dev loss: 0.4081 r:0.7643
ru-en Dev loss: 0.4817 r:0.7076
Current avg r:0.6583 Best avg r: 0.6990
Epoch 16 Global steps: 103500 Train loss: 0.4469
en-de Dev loss: 0.4771 r:0.3948
en-zh Dev loss: 0.4675 r:0.4684
ro-en Dev loss: 0.2190 r:0.8859
et-en Dev loss: 0.3511 r:0.7590
si-en Dev loss: 0.4396 r:0.6739
ne-en Dev loss: 0.3569 r:0.7633
ru-en Dev loss: 0.4736 r:0.7137
Current avg r:0.6656 Best avg r: 0.6990
Epoch 16 Global steps: 104000 Train loss: 0.4291
en-de Dev loss: 0.5636 r:0.3685
en-zh Dev loss: 0.5057 r:0.4520
ro-en Dev loss: 0.2835 r:0.8806
et-en Dev loss: 0.4091 r:0.7481
si-en Dev loss: 0.4698 r:0.6743
ne-en Dev loss: 0.3714 r:0.7730
ru-en Dev loss: 0.5603 r:0.7012
Current avg r:0.6568 Best avg r: 0.6990
Epoch 17 Global steps: 104500 Train loss: 0.4009
en-de Dev loss: 0.4892 r:0.3779
en-zh Dev loss: 0.4432 r:0.4625
ro-en Dev loss: 0.2047 r:0.8845
et-en Dev loss: 0.3399 r:0.7521
si-en Dev loss: 0.4013 r:0.6805
ne-en Dev loss: 0.3088 r:0.7743
ru-en Dev loss: 0.4273 r:0.7190
Current avg r:0.6644 Best avg r: 0.6990
Epoch 17 Global steps: 105000 Train loss: 0.4219
en-de Dev loss: 0.5035 r:0.4069
en-zh Dev loss: 0.4745 r:0.4587
ro-en Dev loss: 0.2472 r:0.8772
et-en Dev loss: 0.3871 r:0.7411
si-en Dev loss: 0.4566 r:0.6721
ne-en Dev loss: 0.3941 r:0.7621
ru-en Dev loss: 0.4843 r:0.7156
Current avg r:0.6620 Best avg r: 0.6990
Epoch 17 Global steps: 105500 Train loss: 0.4058
en-de Dev loss: 0.5747 r:0.3979
en-zh Dev loss: 0.5026 r:0.4660
ro-en Dev loss: 0.2975 r:0.8839
et-en Dev loss: 0.4137 r:0.7551
si-en Dev loss: 0.4639 r:0.6806
ne-en Dev loss: 0.3904 r:0.7700
ru-en Dev loss: 0.5176 r:0.7249
Current avg r:0.6683 Best avg r: 0.6990
Epoch 17 Global steps: 106000 Train loss: 0.4217
en-de Dev loss: 0.5050 r:0.4061
en-zh Dev loss: 0.4735 r:0.4454
ro-en Dev loss: 0.2703 r:0.8748
et-en Dev loss: 0.4013 r:0.7376
si-en Dev loss: 0.4987 r:0.6668
ne-en Dev loss: 0.4298 r:0.7642
ru-en Dev loss: 0.5016 r:0.7066
Current avg r:0.6574 Best avg r: 0.6990
Epoch 17 Global steps: 106500 Train loss: 0.4043
en-de Dev loss: 0.4915 r:0.3995
en-zh Dev loss: 0.4989 r:0.4563
ro-en Dev loss: 0.2432 r:0.8830
et-en Dev loss: 0.3717 r:0.7534
si-en Dev loss: 0.4683 r:0.6739
ne-en Dev loss: 0.4260 r:0.7603
ru-en Dev loss: 0.4864 r:0.7137
Current avg r:0.6629 Best avg r: 0.6990
Epoch 17 Global steps: 107000 Train loss: 0.4249
en-de Dev loss: 0.5375 r:0.3817
en-zh Dev loss: 0.4864 r:0.4672
ro-en Dev loss: 0.2526 r:0.8875
et-en Dev loss: 0.3911 r:0.7558
si-en Dev loss: 0.4537 r:0.6769
ne-en Dev loss: 0.3823 r:0.7599
ru-en Dev loss: 0.5278 r:0.7179
Current avg r:0.6638 Best avg r: 0.6990
Epoch 17 Global steps: 107500 Train loss: 0.4108
en-de Dev loss: 0.4844 r:0.3805
en-zh Dev loss: 0.4766 r:0.4689
ro-en Dev loss: 0.2011 r:0.8911
et-en Dev loss: 0.3403 r:0.7576
si-en Dev loss: 0.4072 r:0.6797
ne-en Dev loss: 0.3334 r:0.7648
ru-en Dev loss: 0.4275 r:0.7289
Current avg r:0.6673 Best avg r: 0.6990
Epoch 17 Global steps: 108000 Train loss: 0.4296
en-de Dev loss: 0.5191 r:0.3837
en-zh Dev loss: 0.4704 r:0.4564
ro-en Dev loss: 0.2317 r:0.8831
et-en Dev loss: 0.3785 r:0.7446
si-en Dev loss: 0.4785 r:0.6689
ne-en Dev loss: 0.3676 r:0.7601
ru-en Dev loss: 0.4923 r:0.7084
Current avg r:0.6579 Best avg r: 0.6990
Epoch 17 Global steps: 108500 Train loss: 0.4170
en-de Dev loss: 0.5283 r:0.3817
en-zh Dev loss: 0.4954 r:0.4446
ro-en Dev loss: 0.2412 r:0.8809
et-en Dev loss: 0.3905 r:0.7422
si-en Dev loss: 0.4523 r:0.6723
ne-en Dev loss: 0.3548 r:0.7668
ru-en Dev loss: 0.5254 r:0.7074
Current avg r:0.6565 Best avg r: 0.6990
Epoch 17 Global steps: 109000 Train loss: 0.4348
en-de Dev loss: 0.5003 r:0.3887
en-zh Dev loss: 0.4758 r:0.4596
ro-en Dev loss: 0.2124 r:0.8860
et-en Dev loss: 0.3485 r:0.7539
si-en Dev loss: 0.3973 r:0.6795
ne-en Dev loss: 0.3028 r:0.7696
ru-en Dev loss: 0.4353 r:0.7201
Current avg r:0.6654 Best avg r: 0.6990
Epoch 17 Global steps: 109500 Train loss: 0.4096
en-de Dev loss: 0.5322 r:0.3710
en-zh Dev loss: 0.4785 r:0.4610
ro-en Dev loss: 0.2538 r:0.8820
et-en Dev loss: 0.4043 r:0.7425
si-en Dev loss: 0.4532 r:0.6726
ne-en Dev loss: 0.3499 r:0.7688
ru-en Dev loss: 0.5194 r:0.7079
Current avg r:0.6580 Best avg r: 0.6990
Epoch 17 Global steps: 110000 Train loss: 0.4084
en-de Dev loss: 0.4989 r:0.3871
en-zh Dev loss: 0.4480 r:0.4723
ro-en Dev loss: 0.2214 r:0.8854
et-en Dev loss: 0.3535 r:0.7526
si-en Dev loss: 0.4163 r:0.6800
ne-en Dev loss: 0.3405 r:0.7690
ru-en Dev loss: 0.4400 r:0.7232
Current avg r:0.6671 Best avg r: 0.6990
Epoch 18 Global steps: 110500 Train loss: 0.4016
en-de Dev loss: 0.4918 r:0.4197
en-zh Dev loss: 0.4640 r:0.4791
ro-en Dev loss: 0.2545 r:0.8792
et-en Dev loss: 0.3694 r:0.7559
si-en Dev loss: 0.4835 r:0.6704
ne-en Dev loss: 0.4442 r:0.7621
ru-en Dev loss: 0.4528 r:0.7285
Current avg r:0.6707 Best avg r: 0.6990
Epoch 18 Global steps: 111000 Train loss: 0.3878
en-de Dev loss: 0.5198 r:0.4253
en-zh Dev loss: 0.4888 r:0.4580
ro-en Dev loss: 0.2960 r:0.8727
et-en Dev loss: 0.3809 r:0.7501
si-en Dev loss: 0.4434 r:0.6705
ne-en Dev loss: 0.3824 r:0.7534
ru-en Dev loss: 0.4910 r:0.7208
Current avg r:0.6644 Best avg r: 0.6990
Epoch 18 Global steps: 111500 Train loss: 0.4187
en-de Dev loss: 0.4859 r:0.4234
en-zh Dev loss: 0.4889 r:0.4440
ro-en Dev loss: 0.2469 r:0.8753
et-en Dev loss: 0.3640 r:0.7466
si-en Dev loss: 0.4302 r:0.6689
ne-en Dev loss: 0.3724 r:0.7584
ru-en Dev loss: 0.4890 r:0.7076
Current avg r:0.6606 Best avg r: 0.6990
Epoch 18 Global steps: 112000 Train loss: 0.4065
en-de Dev loss: 0.5097 r:0.4353
en-zh Dev loss: 0.4664 r:0.4676
ro-en Dev loss: 0.2561 r:0.8842
et-en Dev loss: 0.3673 r:0.7576
si-en Dev loss: 0.4216 r:0.6738
ne-en Dev loss: 0.3317 r:0.7674
ru-en Dev loss: 0.4959 r:0.7240
Current avg r:0.6728 Best avg r: 0.6990
Epoch 18 Global steps: 112500 Train loss: 0.4043
en-de Dev loss: 0.5015 r:0.4316
en-zh Dev loss: 0.4733 r:0.4593
ro-en Dev loss: 0.2519 r:0.8760
et-en Dev loss: 0.3969 r:0.7405
si-en Dev loss: 0.4797 r:0.6669
ne-en Dev loss: 0.3732 r:0.7655
ru-en Dev loss: 0.4917 r:0.7085
Current avg r:0.6641 Best avg r: 0.6990
Epoch 18 Global steps: 113000 Train loss: 0.3808
en-de Dev loss: 0.4593 r:0.4316
en-zh Dev loss: 0.4595 r:0.4603
ro-en Dev loss: 0.2253 r:0.8771
et-en Dev loss: 0.3713 r:0.7398
si-en Dev loss: 0.4508 r:0.6655
ne-en Dev loss: 0.3789 r:0.7634
ru-en Dev loss: 0.4453 r:0.7122
Current avg r:0.6643 Best avg r: 0.6990
Epoch 18 Global steps: 113500 Train loss: 0.3932
en-de Dev loss: 0.4651 r:0.4444
en-zh Dev loss: 0.4335 r:0.4696
ro-en Dev loss: 0.2116 r:0.8795
et-en Dev loss: 0.3395 r:0.7511
si-en Dev loss: 0.4121 r:0.6703
ne-en Dev loss: 0.3230 r:0.7651
ru-en Dev loss: 0.4551 r:0.7077
Current avg r:0.6697 Best avg r: 0.6990
Epoch 18 Global steps: 114000 Train loss: 0.4100
en-de Dev loss: 0.4814 r:0.4552
en-zh Dev loss: 0.4676 r:0.4705
ro-en Dev loss: 0.2295 r:0.8782
et-en Dev loss: 0.3800 r:0.7408
si-en Dev loss: 0.4523 r:0.6631
ne-en Dev loss: 0.3690 r:0.7658
ru-en Dev loss: 0.4587 r:0.7228
Current avg r:0.6709 Best avg r: 0.6990
Epoch 18 Global steps: 114500 Train loss: 0.3881
en-de Dev loss: 0.5043 r:0.4125
en-zh Dev loss: 0.5069 r:0.4539
ro-en Dev loss: 0.2538 r:0.8761
et-en Dev loss: 0.4077 r:0.7327
si-en Dev loss: 0.4846 r:0.6627
ne-en Dev loss: 0.3949 r:0.7648
ru-en Dev loss: 0.4917 r:0.7132
Current avg r:0.6594 Best avg r: 0.6990
Epoch 18 Global steps: 115000 Train loss: 0.4016
en-de Dev loss: 0.4917 r:0.4201
en-zh Dev loss: 0.4463 r:0.4628
ro-en Dev loss: 0.2379 r:0.8825
et-en Dev loss: 0.3752 r:0.7484
si-en Dev loss: 0.4337 r:0.6739
ne-en Dev loss: 0.3883 r:0.7727
ru-en Dev loss: 0.4604 r:0.7213
Current avg r:0.6688 Best avg r: 0.6990
Epoch 18 Global steps: 115500 Train loss: 0.3915
en-de Dev loss: 0.4876 r:0.4158
en-zh Dev loss: 0.4744 r:0.4623
ro-en Dev loss: 0.2273 r:0.8789
et-en Dev loss: 0.3662 r:0.7414
si-en Dev loss: 0.4241 r:0.6675
ne-en Dev loss: 0.3406 r:0.7626
ru-en Dev loss: 0.4733 r:0.7155
Current avg r:0.6634 Best avg r: 0.6990
Epoch 18 Global steps: 116000 Train loss: 0.3996
en-de Dev loss: 0.4717 r:0.4132
en-zh Dev loss: 0.4823 r:0.4512
ro-en Dev loss: 0.2195 r:0.8800
et-en Dev loss: 0.3673 r:0.7421
si-en Dev loss: 0.4558 r:0.6716
ne-en Dev loss: 0.4092 r:0.7669
ru-en Dev loss: 0.4317 r:0.7256
Current avg r:0.6644 Best avg r: 0.6990
Epoch 19 Global steps: 116500 Train loss: 0.3773
en-de Dev loss: 0.4695 r:0.4227
en-zh Dev loss: 0.4572 r:0.4498
ro-en Dev loss: 0.2100 r:0.8821
et-en Dev loss: 0.3602 r:0.7400
si-en Dev loss: 0.4247 r:0.6744
ne-en Dev loss: 0.4063 r:0.7624
ru-en Dev loss: 0.4475 r:0.7123
Current avg r:0.6634 Best avg r: 0.6990
Epoch 19 Global steps: 117000 Train loss: 0.3713
en-de Dev loss: 0.5307 r:0.4023
en-zh Dev loss: 0.5141 r:0.4269
ro-en Dev loss: 0.2912 r:0.8661
et-en Dev loss: 0.4374 r:0.7169
si-en Dev loss: 0.5005 r:0.6576
ne-en Dev loss: 0.5131 r:0.7538
ru-en Dev loss: 0.5589 r:0.6856
Current avg r:0.6442 Best avg r: 0.6990
Epoch 19 Global steps: 117500 Train loss: 0.3768
en-de Dev loss: 0.4736 r:0.4458
en-zh Dev loss: 0.4876 r:0.4570
ro-en Dev loss: 0.2480 r:0.8726
et-en Dev loss: 0.3868 r:0.7390
si-en Dev loss: 0.4583 r:0.6669
ne-en Dev loss: 0.4105 r:0.7554
ru-en Dev loss: 0.4555 r:0.7233
Current avg r:0.6657 Best avg r: 0.6990
Epoch 19 Global steps: 118000 Train loss: 0.4017
en-de Dev loss: 0.4919 r:0.4543
en-zh Dev loss: 0.4741 r:0.4652
ro-en Dev loss: 0.2701 r:0.8756
et-en Dev loss: 0.3839 r:0.7466
si-en Dev loss: 0.4615 r:0.6660
ne-en Dev loss: 0.4205 r:0.7668
ru-en Dev loss: 0.4735 r:0.7242
Current avg r:0.6712 Best avg r: 0.6990
Epoch 19 Global steps: 118500 Train loss: 0.3689
en-de Dev loss: 0.4778 r:0.4498
en-zh Dev loss: 0.4597 r:0.4601
ro-en Dev loss: 0.2493 r:0.8762
et-en Dev loss: 0.3696 r:0.7471
si-en Dev loss: 0.4535 r:0.6676
ne-en Dev loss: 0.4071 r:0.7578
ru-en Dev loss: 0.4637 r:0.7215
Current avg r:0.6686 Best avg r: 0.6990
Epoch 19 Global steps: 119000 Train loss: 0.3706
en-de Dev loss: 0.4793 r:0.4356
en-zh Dev loss: 0.5150 r:0.4613
ro-en Dev loss: 0.2461 r:0.8791
et-en Dev loss: 0.3958 r:0.7516
si-en Dev loss: 0.5224 r:0.6666
ne-en Dev loss: 0.4161 r:0.7646
ru-en Dev loss: 0.4766 r:0.7220
Current avg r:0.6687 Best avg r: 0.6990
Epoch 19 Global steps: 119500 Train loss: 0.3678
en-de Dev loss: 0.5342 r:0.4268
en-zh Dev loss: 0.5421 r:0.4451
ro-en Dev loss: 0.2829 r:0.8706
et-en Dev loss: 0.4439 r:0.7307
si-en Dev loss: 0.5510 r:0.6518
ne-en Dev loss: 0.4436 r:0.7622
ru-en Dev loss: 0.5401 r:0.7068
Current avg r:0.6563 Best avg r: 0.6990
Epoch 19 Global steps: 120000 Train loss: 0.3989
en-de Dev loss: 0.5044 r:0.4354
en-zh Dev loss: 0.4683 r:0.4451
ro-en Dev loss: 0.2293 r:0.8773
et-en Dev loss: 0.3660 r:0.7424
si-en Dev loss: 0.4447 r:0.6547
ne-en Dev loss: 0.3777 r:0.7565
ru-en Dev loss: 0.5115 r:0.6986
Current avg r:0.6586 Best avg r: 0.6990
Epoch 19 Global steps: 120500 Train loss: 0.3817
en-de Dev loss: 0.5004 r:0.4447
en-zh Dev loss: 0.4637 r:0.4663
ro-en Dev loss: 0.2348 r:0.8786
et-en Dev loss: 0.3646 r:0.7542
si-en Dev loss: 0.4509 r:0.6671
ne-en Dev loss: 0.4084 r:0.7544
ru-en Dev loss: 0.4823 r:0.7161
Current avg r:0.6688 Best avg r: 0.6990
Epoch 19 Global steps: 121000 Train loss: 0.3970
en-de Dev loss: 0.5201 r:0.4467
en-zh Dev loss: 0.5263 r:0.4572
ro-en Dev loss: 0.2399 r:0.8823
et-en Dev loss: 0.3828 r:0.7585
si-en Dev loss: 0.4574 r:0.6729
ne-en Dev loss: 0.3534 r:0.7634
ru-en Dev loss: 0.4927 r:0.7235
Current avg r:0.6721 Best avg r: 0.6990
Epoch 19 Global steps: 121500 Train loss: 0.3883
en-de Dev loss: 0.4950 r:0.4489
en-zh Dev loss: 0.4949 r:0.4608
ro-en Dev loss: 0.2319 r:0.8805
et-en Dev loss: 0.3614 r:0.7568
si-en Dev loss: 0.4388 r:0.6690
ne-en Dev loss: 0.3647 r:0.7658
ru-en Dev loss: 0.4711 r:0.7235
Current avg r:0.6722 Best avg r: 0.6990
Epoch 19 Global steps: 122000 Train loss: 0.3777
en-de Dev loss: 0.4745 r:0.4499
en-zh Dev loss: 0.4567 r:0.4571
ro-en Dev loss: 0.2454 r:0.8793
et-en Dev loss: 0.3829 r:0.7481
si-en Dev loss: 0.5010 r:0.6641
ne-en Dev loss: 0.4509 r:0.7620
ru-en Dev loss: 0.4840 r:0.7155
Current avg r:0.6680 Best avg r: 0.6990
Epoch 19 Global steps: 122500 Train loss: 0.3605
en-de Dev loss: 0.4564 r:0.4534
en-zh Dev loss: 0.5227 r:0.4678
ro-en Dev loss: 0.2372 r:0.8847
et-en Dev loss: 0.3823 r:0.7551
si-en Dev loss: 0.4884 r:0.6718
ne-en Dev loss: 0.4253 r:0.7598
ru-en Dev loss: 0.4605 r:0.7288
Current avg r:0.6745 Best avg r: 0.6990
Epoch 20 Global steps: 123000 Train loss: 0.3655
en-de Dev loss: 0.5154 r:0.4535
en-zh Dev loss: 0.5646 r:0.4483
ro-en Dev loss: 0.2900 r:0.8782
et-en Dev loss: 0.4406 r:0.7436
si-en Dev loss: 0.5528 r:0.6611
ne-en Dev loss: 0.4949 r:0.7563
ru-en Dev loss: 0.5496 r:0.7220
Current avg r:0.6661 Best avg r: 0.6990
Epoch 20 Global steps: 123500 Train loss: 0.3560
en-de Dev loss: 0.5095 r:0.4387
en-zh Dev loss: 0.5192 r:0.4407
ro-en Dev loss: 0.2660 r:0.8765
et-en Dev loss: 0.3951 r:0.7424
si-en Dev loss: 0.4919 r:0.6631
ne-en Dev loss: 0.4376 r:0.7610
ru-en Dev loss: 0.5185 r:0.7156
Current avg r:0.6626 Best avg r: 0.6990
Epoch 20 Global steps: 124000 Train loss: 0.3543
en-de Dev loss: 0.4675 r:0.4133
en-zh Dev loss: 0.4705 r:0.4352
ro-en Dev loss: 0.2056 r:0.8808
et-en Dev loss: 0.3490 r:0.7453
si-en Dev loss: 0.4250 r:0.6706
ne-en Dev loss: 0.3604 r:0.7625
ru-en Dev loss: 0.4197 r:0.7144
Current avg r:0.6603 Best avg r: 0.6990
Epoch 20 Global steps: 124500 Train loss: 0.3618
en-de Dev loss: 0.4596 r:0.4373
en-zh Dev loss: 0.4791 r:0.4569
ro-en Dev loss: 0.2477 r:0.8789
et-en Dev loss: 0.3746 r:0.7487
si-en Dev loss: 0.4817 r:0.6680
ne-en Dev loss: 0.4507 r:0.7569
ru-en Dev loss: 0.4934 r:0.7110
Current avg r:0.6654 Best avg r: 0.6990
Epoch 20 Global steps: 125000 Train loss: 0.3671
en-de Dev loss: 0.4762 r:0.4142
en-zh Dev loss: 0.4761 r:0.4506
ro-en Dev loss: 0.2389 r:0.8752
et-en Dev loss: 0.3627 r:0.7442
si-en Dev loss: 0.4507 r:0.6651
ne-en Dev loss: 0.3693 r:0.7623
ru-en Dev loss: 0.4522 r:0.7127
Current avg r:0.6606 Best avg r: 0.6990
Epoch 20 Global steps: 125500 Train loss: 0.3838
en-de Dev loss: 0.4956 r:0.4595
en-zh Dev loss: 0.4788 r:0.4734
ro-en Dev loss: 0.2500 r:0.8777
et-en Dev loss: 0.3690 r:0.7562
si-en Dev loss: 0.4413 r:0.6745
ne-en Dev loss: 0.3613 r:0.7566
ru-en Dev loss: 0.4899 r:0.7248
Current avg r:0.6747 Best avg r: 0.6990
Epoch 20 Global steps: 126000 Train loss: 0.3673
en-de Dev loss: 0.5117 r:0.4363
en-zh Dev loss: 0.4847 r:0.4400
ro-en Dev loss: 0.2583 r:0.8697
et-en Dev loss: 0.3815 r:0.7358
si-en Dev loss: 0.4637 r:0.6595
ne-en Dev loss: 0.4300 r:0.7508
ru-en Dev loss: 0.4919 r:0.7075
Current avg r:0.6571 Best avg r: 0.6990
Epoch 20 Global steps: 126500 Train loss: 0.3531
en-de Dev loss: 0.4942 r:0.3879
en-zh Dev loss: 0.4873 r:0.4370
ro-en Dev loss: 0.2549 r:0.8696
et-en Dev loss: 0.3815 r:0.7341
si-en Dev loss: 0.4582 r:0.6650
ne-en Dev loss: 0.4027 r:0.7566
ru-en Dev loss: 0.5129 r:0.6858
Current avg r:0.6480 Best avg r: 0.6990
Epoch 20 Global steps: 127000 Train loss: 0.3872
en-de Dev loss: 0.4581 r:0.4296
en-zh Dev loss: 0.4425 r:0.4652
ro-en Dev loss: 0.2312 r:0.8766
et-en Dev loss: 0.3574 r:0.7465
si-en Dev loss: 0.4396 r:0.6709
ne-en Dev loss: 0.3626 r:0.7628
ru-en Dev loss: 0.4387 r:0.7182
Current avg r:0.6671 Best avg r: 0.6990
Epoch 20 Global steps: 127500 Train loss: 0.3674
en-de Dev loss: 0.4672 r:0.4303
en-zh Dev loss: 0.4772 r:0.4383
ro-en Dev loss: 0.2492 r:0.8719
et-en Dev loss: 0.3572 r:0.7467
si-en Dev loss: 0.4687 r:0.6677
ne-en Dev loss: 0.4084 r:0.7575
ru-en Dev loss: 0.4775 r:0.7070
Current avg r:0.6599 Best avg r: 0.6990
Epoch 20 Global steps: 128000 Train loss: 0.3640
en-de Dev loss: 0.4751 r:0.4278
en-zh Dev loss: 0.5050 r:0.4448
ro-en Dev loss: 0.2427 r:0.8735
et-en Dev loss: 0.3651 r:0.7494
si-en Dev loss: 0.4702 r:0.6660
ne-en Dev loss: 0.3907 r:0.7583
ru-en Dev loss: 0.4796 r:0.7117
Current avg r:0.6616 Best avg r: 0.6990
Epoch 20 Global steps: 128500 Train loss: 0.3566
en-de Dev loss: 0.5056 r:0.4258
en-zh Dev loss: 0.4757 r:0.4533
ro-en Dev loss: 0.2442 r:0.8770
et-en Dev loss: 0.3691 r:0.7511
si-en Dev loss: 0.4667 r:0.6631
ne-en Dev loss: 0.3755 r:0.7645
ru-en Dev loss: 0.5192 r:0.7064
Current avg r:0.6630 Best avg r: 0.6990
Epoch 21 Global steps: 129000 Train loss: 0.3548
en-de Dev loss: 0.5138 r:0.4081
en-zh Dev loss: 0.5302 r:0.4491
ro-en Dev loss: 0.2554 r:0.8845
et-en Dev loss: 0.3970 r:0.7477
si-en Dev loss: 0.4506 r:0.6734
ne-en Dev loss: 0.3525 r:0.7674
ru-en Dev loss: 0.5564 r:0.7064
Current avg r:0.6624 Best avg r: 0.6990
Epoch 21 Global steps: 129500 Train loss: 0.3533
en-de Dev loss: 0.4832 r:0.4165
en-zh Dev loss: 0.4865 r:0.4393
ro-en Dev loss: 0.2166 r:0.8834
et-en Dev loss: 0.3641 r:0.7435
si-en Dev loss: 0.4393 r:0.6665
ne-en Dev loss: 0.3724 r:0.7670
ru-en Dev loss: 0.4637 r:0.7117
Current avg r:0.6611 Best avg r: 0.6990
Epoch 21 Global steps: 130000 Train loss: 0.3509
en-de Dev loss: 0.5159 r:0.3955
en-zh Dev loss: 0.5059 r:0.4417
ro-en Dev loss: 0.2226 r:0.8847
et-en Dev loss: 0.3653 r:0.7465
si-en Dev loss: 0.4299 r:0.6670
ne-en Dev loss: 0.3418 r:0.7683
ru-en Dev loss: 0.4925 r:0.7062
Current avg r:0.6586 Best avg r: 0.6990
Epoch 21 Global steps: 130500 Train loss: 0.3324
en-de Dev loss: 0.4797 r:0.4119
en-zh Dev loss: 0.4937 r:0.4519
ro-en Dev loss: 0.2202 r:0.8811
et-en Dev loss: 0.3611 r:0.7436
si-en Dev loss: 0.4291 r:0.6614
ne-en Dev loss: 0.3500 r:0.7569
ru-en Dev loss: 0.4378 r:0.7205
Current avg r:0.6610 Best avg r: 0.6990
Epoch 21 Global steps: 131000 Train loss: 0.3462
en-de Dev loss: 0.4904 r:0.4417
en-zh Dev loss: 0.4801 r:0.4467
ro-en Dev loss: 0.2662 r:0.8763
et-en Dev loss: 0.4051 r:0.7350
si-en Dev loss: 0.5059 r:0.6562
ne-en Dev loss: 0.4585 r:0.7539
ru-en Dev loss: 0.5301 r:0.7016
Current avg r:0.6588 Best avg r: 0.6990
Epoch 21 Global steps: 131500 Train loss: 0.3528
en-de Dev loss: 0.4551 r:0.4591
en-zh Dev loss: 0.4808 r:0.4624
ro-en Dev loss: 0.2286 r:0.8798
et-en Dev loss: 0.3704 r:0.7444
si-en Dev loss: 0.4393 r:0.6669
ne-en Dev loss: 0.4011 r:0.7547
ru-en Dev loss: 0.4594 r:0.7169
Current avg r:0.6692 Best avg r: 0.6990
Epoch 21 Global steps: 132000 Train loss: 0.3458
en-de Dev loss: 0.5067 r:0.4641
en-zh Dev loss: 0.5102 r:0.4451
ro-en Dev loss: 0.2819 r:0.8708
et-en Dev loss: 0.4246 r:0.7290
si-en Dev loss: 0.4952 r:0.6550
ne-en Dev loss: 0.4150 r:0.7604
ru-en Dev loss: 0.5464 r:0.6976
Current avg r:0.6603 Best avg r: 0.6990
Epoch 21 Global steps: 132500 Train loss: 0.3464
en-de Dev loss: 0.4456 r:0.4553
en-zh Dev loss: 0.5069 r:0.4785
ro-en Dev loss: 0.2186 r:0.8813
et-en Dev loss: 0.3871 r:0.7433
si-en Dev loss: 0.4351 r:0.6728
ne-en Dev loss: 0.3446 r:0.7622
ru-en Dev loss: 0.4392 r:0.7196
Current avg r:0.6733 Best avg r: 0.6990
Epoch 21 Global steps: 133000 Train loss: 0.4153
en-de Dev loss: 0.5230 r:0.4082
en-zh Dev loss: 0.4891 r:0.4599
ro-en Dev loss: 0.2784 r:0.8732
et-en Dev loss: 0.3945 r:0.7383
si-en Dev loss: 0.4643 r:0.6570
ne-en Dev loss: 0.3755 r:0.7566
ru-en Dev loss: 0.5237 r:0.7097
Current avg r:0.6576 Best avg r: 0.6990
Epoch 21 Global steps: 133500 Train loss: 0.3589
en-de Dev loss: 0.5216 r:0.4336
en-zh Dev loss: 0.5412 r:0.4529
ro-en Dev loss: 0.3064 r:0.8741
et-en Dev loss: 0.4402 r:0.7304
si-en Dev loss: 0.5248 r:0.6618
ne-en Dev loss: 0.5076 r:0.7601
ru-en Dev loss: 0.5890 r:0.6966
Current avg r:0.6585 Best avg r: 0.6990
Epoch 21 Global steps: 134000 Train loss: 0.3438
en-de Dev loss: 0.4862 r:0.4741
en-zh Dev loss: 0.4992 r:0.4601
ro-en Dev loss: 0.2241 r:0.8868
et-en Dev loss: 0.3708 r:0.7550
si-en Dev loss: 0.4472 r:0.6736
ne-en Dev loss: 0.4055 r:0.7572
ru-en Dev loss: 0.4889 r:0.7132
Current avg r:0.6743 Best avg r: 0.6990
Epoch 21 Global steps: 134500 Train loss: 0.3414
en-de Dev loss: 0.4727 r:0.4595
en-zh Dev loss: 0.4584 r:0.4747
ro-en Dev loss: 0.2095 r:0.8867
et-en Dev loss: 0.3357 r:0.7615
si-en Dev loss: 0.4091 r:0.6752
ne-en Dev loss: 0.3424 r:0.7608
ru-en Dev loss: 0.4509 r:0.7191
Current avg r:0.6768 Best avg r: 0.6990
Epoch 22 Global steps: 135000 Train loss: 0.3539
en-de Dev loss: 0.4716 r:0.4576
en-zh Dev loss: 0.5417 r:0.4474
ro-en Dev loss: 0.2481 r:0.8808
et-en Dev loss: 0.3965 r:0.7465
si-en Dev loss: 0.4924 r:0.6663
ne-en Dev loss: 0.5055 r:0.7467
ru-en Dev loss: 0.5034 r:0.7154
Current avg r:0.6658 Best avg r: 0.6990
Epoch 22 Global steps: 135500 Train loss: 0.3427
en-de Dev loss: 0.5172 r:0.4140
en-zh Dev loss: 0.5313 r:0.4457
ro-en Dev loss: 0.2818 r:0.8759
et-en Dev loss: 0.4289 r:0.7382
si-en Dev loss: 0.4949 r:0.6716
ne-en Dev loss: 0.4628 r:0.7603
ru-en Dev loss: 0.5332 r:0.7041
Current avg r:0.6585 Best avg r: 0.6990
Epoch 22 Global steps: 136000 Train loss: 0.3269
en-de Dev loss: 0.4846 r:0.4154
en-zh Dev loss: 0.4762 r:0.4572
ro-en Dev loss: 0.2282 r:0.8852
et-en Dev loss: 0.3694 r:0.7494
si-en Dev loss: 0.4464 r:0.6739
ne-en Dev loss: 0.4171 r:0.7577
ru-en Dev loss: 0.4715 r:0.7196
Current avg r:0.6655 Best avg r: 0.6990
Epoch 22 Global steps: 136500 Train loss: 0.3462
en-de Dev loss: 0.5185 r:0.3795
en-zh Dev loss: 0.5203 r:0.4489
ro-en Dev loss: 0.2388 r:0.8869
et-en Dev loss: 0.3816 r:0.7507
si-en Dev loss: 0.4610 r:0.6712
ne-en Dev loss: 0.3997 r:0.7616
ru-en Dev loss: 0.5241 r:0.7020
Current avg r:0.6573 Best avg r: 0.6990
Epoch 22 Global steps: 137000 Train loss: 0.3263
en-de Dev loss: 0.4896 r:0.4302
en-zh Dev loss: 0.4872 r:0.4544
ro-en Dev loss: 0.2232 r:0.8853
et-en Dev loss: 0.3658 r:0.7526
si-en Dev loss: 0.4611 r:0.6680
ne-en Dev loss: 0.3917 r:0.7601
ru-en Dev loss: 0.4924 r:0.7124
Current avg r:0.6661 Best avg r: 0.6990
Epoch 22 Global steps: 137500 Train loss: 0.3319
en-de Dev loss: 0.4811 r:0.4369
en-zh Dev loss: 0.4768 r:0.4624
ro-en Dev loss: 0.2304 r:0.8823
et-en Dev loss: 0.3676 r:0.7486
si-en Dev loss: 0.4505 r:0.6676
ne-en Dev loss: 0.3900 r:0.7604
ru-en Dev loss: 0.4717 r:0.7206
Current avg r:0.6684 Best avg r: 0.6990
Epoch 22 Global steps: 138000 Train loss: 0.3220
en-de Dev loss: 0.4941 r:0.4265
en-zh Dev loss: 0.4847 r:0.4592
ro-en Dev loss: 0.2251 r:0.8857
et-en Dev loss: 0.3894 r:0.7447
si-en Dev loss: 0.4441 r:0.6697
ne-en Dev loss: 0.3805 r:0.7602
ru-en Dev loss: 0.4996 r:0.7124
Current avg r:0.6655 Best avg r: 0.6990
Epoch 22 Global steps: 138500 Train loss: 0.3311
en-de Dev loss: 0.5059 r:0.4328
en-zh Dev loss: 0.4979 r:0.4558
ro-en Dev loss: 0.2508 r:0.8813
et-en Dev loss: 0.4149 r:0.7411
si-en Dev loss: 0.4924 r:0.6654
ne-en Dev loss: 0.4745 r:0.7510
ru-en Dev loss: 0.5267 r:0.7117
Current avg r:0.6627 Best avg r: 0.6990
Epoch 22 Global steps: 139000 Train loss: 0.3519
en-de Dev loss: 0.4896 r:0.4203
en-zh Dev loss: 0.5107 r:0.4431
ro-en Dev loss: 0.2683 r:0.8735
et-en Dev loss: 0.4378 r:0.7252
si-en Dev loss: 0.5002 r:0.6640
ne-en Dev loss: 0.5045 r:0.7583
ru-en Dev loss: 0.4956 r:0.7149
Current avg r:0.6570 Best avg r: 0.6990
Epoch 22 Global steps: 139500 Train loss: 0.3390
en-de Dev loss: 0.4853 r:0.3992
en-zh Dev loss: 0.4962 r:0.4583
ro-en Dev loss: 0.2303 r:0.8795
et-en Dev loss: 0.3946 r:0.7350
si-en Dev loss: 0.4486 r:0.6672
ne-en Dev loss: 0.4033 r:0.7597
ru-en Dev loss: 0.4725 r:0.7118
Current avg r:0.6587 Best avg r: 0.6990
Epoch 22 Global steps: 140000 Train loss: 0.3124
en-de Dev loss: 0.4827 r:0.3960
en-zh Dev loss: 0.4981 r:0.4658
ro-en Dev loss: 0.2393 r:0.8817
et-en Dev loss: 0.3848 r:0.7448
si-en Dev loss: 0.4578 r:0.6713
ne-en Dev loss: 0.3887 r:0.7588
ru-en Dev loss: 0.4667 r:0.7152
Current avg r:0.6620 Best avg r: 0.6990
Epoch 22 Global steps: 140500 Train loss: 0.3304
en-de Dev loss: 0.4980 r:0.4083
en-zh Dev loss: 0.5363 r:0.4421
ro-en Dev loss: 0.2749 r:0.8733
et-en Dev loss: 0.4344 r:0.7252
si-en Dev loss: 0.5199 r:0.6601
ne-en Dev loss: 0.4630 r:0.7560
ru-en Dev loss: 0.5242 r:0.6956
Current avg r:0.6515 Best avg r: 0.6990
Epoch 23 Global steps: 141000 Train loss: 0.3590
en-de Dev loss: 0.5201 r:0.4316
en-zh Dev loss: 0.5065 r:0.4555
ro-en Dev loss: 0.2720 r:0.8791
et-en Dev loss: 0.4336 r:0.7343
si-en Dev loss: 0.4908 r:0.6642
ne-en Dev loss: 0.4084 r:0.7587
ru-en Dev loss: 0.5071 r:0.7145
Current avg r:0.6626 Best avg r: 0.6990
Epoch 23 Global steps: 141500 Train loss: 0.3187
en-de Dev loss: 0.5530 r:0.3957
en-zh Dev loss: 0.5575 r:0.4442
ro-en Dev loss: 0.3721 r:0.8584
et-en Dev loss: 0.5490 r:0.7116
si-en Dev loss: 0.6216 r:0.6534
ne-en Dev loss: 0.6284 r:0.7604
ru-en Dev loss: 0.6238 r:0.6807
Current avg r:0.6435 Best avg r: 0.6990
Epoch 23 Global steps: 142000 Train loss: 0.3381
en-de Dev loss: 0.4927 r:0.4143
en-zh Dev loss: 0.5022 r:0.4441
ro-en Dev loss: 0.2489 r:0.8748
et-en Dev loss: 0.3958 r:0.7347
si-en Dev loss: 0.4437 r:0.6737
ne-en Dev loss: 0.3859 r:0.7603
ru-en Dev loss: 0.4966 r:0.7039
Current avg r:0.6580 Best avg r: 0.6990
Epoch 23 Global steps: 142500 Train loss: 0.3111
en-de Dev loss: 0.4890 r:0.4376
en-zh Dev loss: 0.4957 r:0.4596
ro-en Dev loss: 0.2384 r:0.8827
et-en Dev loss: 0.4004 r:0.7399
si-en Dev loss: 0.4679 r:0.6663
ne-en Dev loss: 0.3739 r:0.7573
ru-en Dev loss: 0.5051 r:0.7061
Current avg r:0.6642 Best avg r: 0.6990
Epoch 23 Global steps: 143000 Train loss: 0.3349
en-de Dev loss: 0.5188 r:0.4087
en-zh Dev loss: 0.5321 r:0.4525
ro-en Dev loss: 0.2588 r:0.8746
et-en Dev loss: 0.4261 r:0.7273
si-en Dev loss: 0.4939 r:0.6557
ne-en Dev loss: 0.4000 r:0.7641
ru-en Dev loss: 0.5238 r:0.7010
Current avg r:0.6548 Best avg r: 0.6990
Epoch 23 Global steps: 143500 Train loss: 0.3114
en-de Dev loss: 0.5786 r:0.4218
en-zh Dev loss: 0.5861 r:0.4532
ro-en Dev loss: 0.3143 r:0.8792
et-en Dev loss: 0.4809 r:0.7383
si-en Dev loss: 0.5690 r:0.6569
ne-en Dev loss: 0.4887 r:0.7601
ru-en Dev loss: 0.5714 r:0.7110
Current avg r:0.6601 Best avg r: 0.6990
Epoch 23 Global steps: 144000 Train loss: 0.3254
en-de Dev loss: 0.4781 r:0.4323
en-zh Dev loss: 0.4804 r:0.4487
ro-en Dev loss: 0.2742 r:0.8692
et-en Dev loss: 0.4076 r:0.7258
si-en Dev loss: 0.4621 r:0.6630
ne-en Dev loss: 0.3891 r:0.7562
ru-en Dev loss: 0.4749 r:0.7134
Current avg r:0.6584 Best avg r: 0.6990
Epoch 23 Global steps: 144500 Train loss: 0.3195
en-de Dev loss: 0.4807 r:0.3777
en-zh Dev loss: 0.4778 r:0.4411
ro-en Dev loss: 0.2190 r:0.8741
et-en Dev loss: 0.3712 r:0.7280
si-en Dev loss: 0.4792 r:0.6539
ne-en Dev loss: 0.4466 r:0.7613
ru-en Dev loss: 0.4438 r:0.7064
Current avg r:0.6489 Best avg r: 0.6990
Epoch 23 Global steps: 145000 Train loss: 0.3176
en-de Dev loss: 0.5033 r:0.3816
en-zh Dev loss: 0.5017 r:0.4513
ro-en Dev loss: 0.2583 r:0.8708
et-en Dev loss: 0.4073 r:0.7283
si-en Dev loss: 0.5253 r:0.6535
ne-en Dev loss: 0.4616 r:0.7616
ru-en Dev loss: 0.5272 r:0.6888
Current avg r:0.6480 Best avg r: 0.6990
Epoch 23 Global steps: 145500 Train loss: 0.3170
en-de Dev loss: 0.5219 r:0.4089
en-zh Dev loss: 0.4741 r:0.4723
ro-en Dev loss: 0.2401 r:0.8822
et-en Dev loss: 0.3685 r:0.7540
si-en Dev loss: 0.4545 r:0.6665
ne-en Dev loss: 0.3736 r:0.7611
ru-en Dev loss: 0.4759 r:0.7209
Current avg r:0.6666 Best avg r: 0.6990
Epoch 23 Global steps: 146000 Train loss: 0.3261
en-de Dev loss: 0.5226 r:0.4350
en-zh Dev loss: 0.4898 r:0.4825
ro-en Dev loss: 0.2572 r:0.8824
et-en Dev loss: 0.3881 r:0.7505
si-en Dev loss: 0.4922 r:0.6652
ne-en Dev loss: 0.4372 r:0.7586
ru-en Dev loss: 0.5184 r:0.7124
Current avg r:0.6695 Best avg r: 0.6990
Epoch 23 Global steps: 146500 Train loss: 0.3177
en-de Dev loss: 0.5035 r:0.4290
en-zh Dev loss: 0.4812 r:0.4569
ro-en Dev loss: 0.2694 r:0.8767
et-en Dev loss: 0.4061 r:0.7362
si-en Dev loss: 0.5233 r:0.6579
ne-en Dev loss: 0.4723 r:0.7580
ru-en Dev loss: 0.5219 r:0.7018
Current avg r:0.6595 Best avg r: 0.6990
Epoch 23 Global steps: 147000 Train loss: 0.3072
en-de Dev loss: 0.5482 r:0.4268
en-zh Dev loss: 0.5537 r:0.4273
ro-en Dev loss: 0.2972 r:0.8686
et-en Dev loss: 0.4479 r:0.7236
si-en Dev loss: 0.5485 r:0.6451
ne-en Dev loss: 0.4683 r:0.7499
ru-en Dev loss: 0.5978 r:0.6811
Current avg r:0.6460 Best avg r: 0.6990
Epoch 24 Global steps: 147500 Train loss: 0.2920
en-de Dev loss: 0.5103 r:0.4436
en-zh Dev loss: 0.5442 r:0.4353
ro-en Dev loss: 0.2710 r:0.8739
et-en Dev loss: 0.4196 r:0.7363
si-en Dev loss: 0.4952 r:0.6617
ne-en Dev loss: 0.4236 r:0.7516
ru-en Dev loss: 0.5495 r:0.6955
Current avg r:0.6569 Best avg r: 0.6990
