Epoch 0 Global steps: 600 Train loss: 0.9166
en-de Dev loss: 0.5700 r:0.1191
en-zh Dev loss: 0.5085 r:0.1512
ro-en Dev loss: 0.9151 r:0.3882
et-en Dev loss: 0.7474 r:0.3326
si-en Dev loss: 0.6293 r:0.3407
ne-en Dev loss: 0.6978 r:0.3349
ru-en Dev loss: 0.8256 r:0.4649
Current avg r:0.3045 Best avg r: 0.3045
Epoch 0 Global steps: 1200 Train loss: 0.9064
en-de Dev loss: 0.5647 r:0.2469
en-zh Dev loss: 0.4870 r:0.2842
ro-en Dev loss: 0.8720 r:0.5942
et-en Dev loss: 0.7039 r:0.4346
si-en Dev loss: 0.5921 r:0.4342
ne-en Dev loss: 0.6393 r:0.5528
ru-en Dev loss: 0.7549 r:0.4979
Current avg r:0.4350 Best avg r: 0.4350
Epoch 0 Global steps: 1800 Train loss: 0.8445
en-de Dev loss: 0.6223 r:0.2989
en-zh Dev loss: 0.4442 r:0.3437
ro-en Dev loss: 0.8317 r:0.7098
et-en Dev loss: 0.7296 r:0.5691
si-en Dev loss: 0.5925 r:0.5280
ne-en Dev loss: 0.5968 r:0.5967
ru-en Dev loss: 0.6140 r:0.6244
Current avg r:0.5244 Best avg r: 0.5244
Epoch 0 Global steps: 2400 Train loss: 0.7296
en-de Dev loss: 0.5896 r:0.3470
en-zh Dev loss: 0.4286 r:0.3930
ro-en Dev loss: 0.5770 r:0.7768
et-en Dev loss: 0.5756 r:0.6613
si-en Dev loss: 0.4993 r:0.5818
ne-en Dev loss: 0.5295 r:0.6660
ru-en Dev loss: 0.5924 r:0.6575
Current avg r:0.5834 Best avg r: 0.5834
Epoch 0 Global steps: 3000 Train loss: 0.6429
en-de Dev loss: 0.5981 r:0.3664
en-zh Dev loss: 0.4194 r:0.4253
ro-en Dev loss: 0.4237 r:0.7970
et-en Dev loss: 0.4485 r:0.7143
si-en Dev loss: 0.4258 r:0.6219
ne-en Dev loss: 0.4215 r:0.7073
ru-en Dev loss: 0.5754 r:0.6771
Current avg r:0.6156 Best avg r: 0.6156
Epoch 0 Global steps: 3600 Train loss: 0.6326
en-de Dev loss: 0.5527 r:0.3782
en-zh Dev loss: 0.4127 r:0.4436
ro-en Dev loss: 0.4162 r:0.8201
et-en Dev loss: 0.4346 r:0.7352
si-en Dev loss: 0.4111 r:0.6347
ne-en Dev loss: 0.3783 r:0.7340
ru-en Dev loss: 0.5509 r:0.6894
Current avg r:0.6336 Best avg r: 0.6336
Epoch 0 Global steps: 4200 Train loss: 0.6785
en-de Dev loss: 0.5279 r:0.3859
en-zh Dev loss: 0.4090 r:0.4461
ro-en Dev loss: 0.4075 r:0.8309
et-en Dev loss: 0.4822 r:0.7281
si-en Dev loss: 0.4305 r:0.6327
ne-en Dev loss: 0.4363 r:0.7293
ru-en Dev loss: 0.5408 r:0.6782
Current avg r:0.6330 Best avg r: 0.6336
Epoch 0 Global steps: 4800 Train loss: 0.6440
en-de Dev loss: 0.5590 r:0.4024
en-zh Dev loss: 0.4138 r:0.4540
ro-en Dev loss: 0.4236 r:0.8448
et-en Dev loss: 0.5134 r:0.7351
si-en Dev loss: 0.4397 r:0.6477
ne-en Dev loss: 0.3931 r:0.7435
ru-en Dev loss: 0.5747 r:0.6909
Current avg r:0.6455 Best avg r: 0.6455
Epoch 0 Global steps: 5400 Train loss: 0.6772
en-de Dev loss: 0.5609 r:0.3970
en-zh Dev loss: 0.4398 r:0.4511
ro-en Dev loss: 0.4910 r:0.8510
et-en Dev loss: 0.5660 r:0.7442
si-en Dev loss: 0.4760 r:0.6452
ne-en Dev loss: 0.4574 r:0.7395
ru-en Dev loss: 0.6095 r:0.6986
Current avg r:0.6467 Best avg r: 0.6467
Epoch 0 Global steps: 6000 Train loss: 0.6212
en-de Dev loss: 0.5264 r:0.4031
en-zh Dev loss: 0.4073 r:0.4637
ro-en Dev loss: 0.3294 r:0.8574
et-en Dev loss: 0.4298 r:0.7508
si-en Dev loss: 0.3754 r:0.6698
ne-en Dev loss: 0.3486 r:0.7569
ru-en Dev loss: 0.4886 r:0.7167
Current avg r:0.6598 Best avg r: 0.6598
Epoch 0 Global steps: 6600 Train loss: 0.6583
en-de Dev loss: 0.5461 r:0.4032
en-zh Dev loss: 0.4138 r:0.4687
ro-en Dev loss: 0.3307 r:0.8587
et-en Dev loss: 0.4966 r:0.7472
si-en Dev loss: 0.4252 r:0.6689
ne-en Dev loss: 0.4059 r:0.7565
ru-en Dev loss: 0.5252 r:0.7078
Current avg r:0.6587 Best avg r: 0.6598
Epoch 1 Global steps: 7200 Train loss: 0.6036
en-de Dev loss: 0.4978 r:0.4424
en-zh Dev loss: 0.3912 r:0.4787
ro-en Dev loss: 0.2566 r:0.8715
et-en Dev loss: 0.3902 r:0.7575
si-en Dev loss: 0.3621 r:0.6786
ne-en Dev loss: 0.3060 r:0.7648
ru-en Dev loss: 0.4689 r:0.7114
Current avg r:0.6721 Best avg r: 0.6721
Epoch 1 Global steps: 7800 Train loss: 0.5935
en-de Dev loss: 0.5896 r:0.4280
en-zh Dev loss: 0.4158 r:0.4736
ro-en Dev loss: 0.3766 r:0.8644
et-en Dev loss: 0.4971 r:0.7563
si-en Dev loss: 0.4541 r:0.6747
ne-en Dev loss: 0.3547 r:0.7676
ru-en Dev loss: 0.5782 r:0.7099
Current avg r:0.6678 Best avg r: 0.6721
Epoch 1 Global steps: 8400 Train loss: 0.5802
en-de Dev loss: 0.5801 r:0.3914
en-zh Dev loss: 0.4576 r:0.4538
ro-en Dev loss: 0.4619 r:0.8468
et-en Dev loss: 0.5526 r:0.7443
si-en Dev loss: 0.4747 r:0.6765
ne-en Dev loss: 0.3929 r:0.7653
ru-en Dev loss: 0.5888 r:0.6953
Current avg r:0.6534 Best avg r: 0.6721
Epoch 1 Global steps: 9000 Train loss: 0.6073
en-de Dev loss: 0.4989 r:0.4575
en-zh Dev loss: 0.3902 r:0.4805
ro-en Dev loss: 0.2926 r:0.8707
et-en Dev loss: 0.3589 r:0.7554
si-en Dev loss: 0.3440 r:0.6923
ne-en Dev loss: 0.2991 r:0.7730
ru-en Dev loss: 0.4854 r:0.7170
Current avg r:0.6781 Best avg r: 0.6781
Epoch 1 Global steps: 9600 Train loss: 0.5978
en-de Dev loss: 0.5379 r:0.4422
en-zh Dev loss: 0.4193 r:0.4802
ro-en Dev loss: 0.3567 r:0.8619
et-en Dev loss: 0.4601 r:0.7465
si-en Dev loss: 0.4117 r:0.6785
ne-en Dev loss: 0.3604 r:0.7615
ru-en Dev loss: 0.5062 r:0.7110
Current avg r:0.6688 Best avg r: 0.6781
Epoch 1 Global steps: 10200 Train loss: 0.5703
en-de Dev loss: 0.4823 r:0.4440
en-zh Dev loss: 0.3971 r:0.4766
ro-en Dev loss: 0.2302 r:0.8741
et-en Dev loss: 0.3582 r:0.7512
si-en Dev loss: 0.3554 r:0.6839
ne-en Dev loss: 0.3078 r:0.7670
ru-en Dev loss: 0.4622 r:0.7054
Current avg r:0.6717 Best avg r: 0.6781
Epoch 1 Global steps: 10800 Train loss: 0.5589
en-de Dev loss: 0.5682 r:0.4344
en-zh Dev loss: 0.4527 r:0.4800
ro-en Dev loss: 0.3376 r:0.8646
et-en Dev loss: 0.5038 r:0.7566
si-en Dev loss: 0.4174 r:0.6850
ne-en Dev loss: 0.4177 r:0.7660
ru-en Dev loss: 0.5424 r:0.6976
Current avg r:0.6692 Best avg r: 0.6781
Epoch 1 Global steps: 11400 Train loss: 0.5815
en-de Dev loss: 0.5605 r:0.4676
en-zh Dev loss: 0.4377 r:0.4775
ro-en Dev loss: 0.3216 r:0.8742
et-en Dev loss: 0.4461 r:0.7674
si-en Dev loss: 0.3602 r:0.6921
ne-en Dev loss: 0.3410 r:0.7677
ru-en Dev loss: 0.5009 r:0.7142
Current avg r:0.6801 Best avg r: 0.6801
Epoch 1 Global steps: 12000 Train loss: 0.5773
en-de Dev loss: 0.5009 r:0.4434
en-zh Dev loss: 0.3868 r:0.4811
ro-en Dev loss: 0.2813 r:0.8688
et-en Dev loss: 0.3821 r:0.7591
si-en Dev loss: 0.3709 r:0.6751
ne-en Dev loss: 0.3274 r:0.7711
ru-en Dev loss: 0.4770 r:0.7022
Current avg r:0.6715 Best avg r: 0.6801
Epoch 1 Global steps: 12600 Train loss: 0.5874
en-de Dev loss: 0.4837 r:0.4598
en-zh Dev loss: 0.3860 r:0.4870
ro-en Dev loss: 0.2510 r:0.8765
et-en Dev loss: 0.3735 r:0.7637
si-en Dev loss: 0.3719 r:0.6845
ne-en Dev loss: 0.3094 r:0.7826
ru-en Dev loss: 0.4561 r:0.7170
Current avg r:0.6816 Best avg r: 0.6816
Epoch 1 Global steps: 13200 Train loss: 0.5130
en-de Dev loss: 0.4893 r:0.4533
en-zh Dev loss: 0.3867 r:0.4861
ro-en Dev loss: 0.2378 r:0.8762
et-en Dev loss: 0.3445 r:0.7685
si-en Dev loss: 0.3377 r:0.6948
ne-en Dev loss: 0.2825 r:0.7847
ru-en Dev loss: 0.4424 r:0.7214
Current avg r:0.6836 Best avg r: 0.6836
Epoch 1 Global steps: 13800 Train loss: 0.5458
en-de Dev loss: 0.4995 r:0.4251
en-zh Dev loss: 0.3965 r:0.4800
ro-en Dev loss: 0.2348 r:0.8784
et-en Dev loss: 0.3489 r:0.7666
si-en Dev loss: 0.3649 r:0.6852
ne-en Dev loss: 0.3039 r:0.7807
ru-en Dev loss: 0.4663 r:0.7023
Current avg r:0.6740 Best avg r: 0.6836
Epoch 2 Global steps: 14400 Train loss: 0.5342
en-de Dev loss: 0.4738 r:0.4540
en-zh Dev loss: 0.3850 r:0.4927
ro-en Dev loss: 0.2045 r:0.8867
et-en Dev loss: 0.3225 r:0.7732
si-en Dev loss: 0.3274 r:0.6985
ne-en Dev loss: 0.2706 r:0.7866
ru-en Dev loss: 0.4211 r:0.7183
Current avg r:0.6871 Best avg r: 0.6871
Epoch 2 Global steps: 15000 Train loss: 0.5479
en-de Dev loss: 0.5713 r:0.4387
en-zh Dev loss: 0.4382 r:0.4826
ro-en Dev loss: 0.3148 r:0.8785
et-en Dev loss: 0.4397 r:0.7659
si-en Dev loss: 0.3929 r:0.6956
ne-en Dev loss: 0.3624 r:0.7821
ru-en Dev loss: 0.5679 r:0.7077
Current avg r:0.6787 Best avg r: 0.6871
Epoch 2 Global steps: 15600 Train loss: 0.5200
en-de Dev loss: 0.4842 r:0.4608
en-zh Dev loss: 0.3906 r:0.4855
ro-en Dev loss: 0.2233 r:0.8818
et-en Dev loss: 0.3177 r:0.7699
si-en Dev loss: 0.3320 r:0.6982
ne-en Dev loss: 0.2733 r:0.7868
ru-en Dev loss: 0.4228 r:0.7184
Current avg r:0.6859 Best avg r: 0.6871
Epoch 2 Global steps: 16200 Train loss: 0.4960
en-de Dev loss: 0.5187 r:0.4693
en-zh Dev loss: 0.3969 r:0.4866
ro-en Dev loss: 0.2329 r:0.8851
et-en Dev loss: 0.3740 r:0.7613
si-en Dev loss: 0.3842 r:0.6923
ne-en Dev loss: 0.3178 r:0.7827
ru-en Dev loss: 0.4649 r:0.7141
Current avg r:0.6845 Best avg r: 0.6871
Epoch 2 Global steps: 16800 Train loss: 0.5674
en-de Dev loss: 0.5217 r:0.4786
en-zh Dev loss: 0.4200 r:0.4905
ro-en Dev loss: 0.2873 r:0.8803
et-en Dev loss: 0.4226 r:0.7634
si-en Dev loss: 0.3898 r:0.6986
ne-en Dev loss: 0.3923 r:0.7821
ru-en Dev loss: 0.5456 r:0.7072
Current avg r:0.6858 Best avg r: 0.6871
Epoch 2 Global steps: 17400 Train loss: 0.5352
en-de Dev loss: 0.4961 r:0.4643
en-zh Dev loss: 0.4032 r:0.4778
ro-en Dev loss: 0.2468 r:0.8824
et-en Dev loss: 0.3637 r:0.7621
si-en Dev loss: 0.3384 r:0.7032
ne-en Dev loss: 0.2930 r:0.7897
ru-en Dev loss: 0.4998 r:0.7048
Current avg r:0.6835 Best avg r: 0.6871
Epoch 2 Global steps: 18000 Train loss: 0.5364
en-de Dev loss: 0.4724 r:0.4945
en-zh Dev loss: 0.3956 r:0.4825
ro-en Dev loss: 0.2228 r:0.8867
et-en Dev loss: 0.3272 r:0.7665
si-en Dev loss: 0.3556 r:0.6920
ne-en Dev loss: 0.3015 r:0.7847
ru-en Dev loss: 0.4653 r:0.7134
Current avg r:0.6886 Best avg r: 0.6886
Epoch 2 Global steps: 18600 Train loss: 0.4980
en-de Dev loss: 0.4715 r:0.4913
en-zh Dev loss: 0.3906 r:0.4930
ro-en Dev loss: 0.2119 r:0.8901
et-en Dev loss: 0.2990 r:0.7803
si-en Dev loss: 0.3251 r:0.7057
ne-en Dev loss: 0.2629 r:0.7921
ru-en Dev loss: 0.4113 r:0.7325
Current avg r:0.6978 Best avg r: 0.6978
Epoch 2 Global steps: 19200 Train loss: 0.5441
en-de Dev loss: 0.4451 r:0.5031
en-zh Dev loss: 0.3936 r:0.5016
ro-en Dev loss: 0.1905 r:0.8941
et-en Dev loss: 0.2946 r:0.7808
si-en Dev loss: 0.3277 r:0.7076
ne-en Dev loss: 0.2701 r:0.7888
ru-en Dev loss: 0.3943 r:0.7418
Current avg r:0.7025 Best avg r: 0.7025
Epoch 2 Global steps: 19800 Train loss: 0.5157
en-de Dev loss: 0.5041 r:0.4928
en-zh Dev loss: 0.4194 r:0.4833
ro-en Dev loss: 0.2547 r:0.8859
et-en Dev loss: 0.3598 r:0.7639
si-en Dev loss: 0.3767 r:0.6924
ne-en Dev loss: 0.2960 r:0.7876
ru-en Dev loss: 0.4909 r:0.7219
Current avg r:0.6897 Best avg r: 0.7025
Epoch 2 Global steps: 20400 Train loss: 0.4965
en-de Dev loss: 0.4844 r:0.4901
en-zh Dev loss: 0.4190 r:0.4902
ro-en Dev loss: 0.2103 r:0.8908
et-en Dev loss: 0.3397 r:0.7677
si-en Dev loss: 0.3600 r:0.6960
ne-en Dev loss: 0.2921 r:0.7843
ru-en Dev loss: 0.4844 r:0.7112
Current avg r:0.6900 Best avg r: 0.7025
Epoch 3 Global steps: 21000 Train loss: 0.4907
en-de Dev loss: 0.5170 r:0.4884
en-zh Dev loss: 0.4129 r:0.4864
ro-en Dev loss: 0.2523 r:0.8852
et-en Dev loss: 0.3627 r:0.7679
si-en Dev loss: 0.3737 r:0.6981
ne-en Dev loss: 0.3528 r:0.7856
ru-en Dev loss: 0.5297 r:0.7100
Current avg r:0.6888 Best avg r: 0.7025
Epoch 3 Global steps: 21600 Train loss: 0.5263
en-de Dev loss: 0.5379 r:0.4704
en-zh Dev loss: 0.4207 r:0.4964
ro-en Dev loss: 0.3011 r:0.8868
et-en Dev loss: 0.3915 r:0.7725
si-en Dev loss: 0.3958 r:0.7004
ne-en Dev loss: 0.3470 r:0.7843
ru-en Dev loss: 0.5311 r:0.7239
Current avg r:0.6907 Best avg r: 0.7025
Epoch 3 Global steps: 22200 Train loss: 0.4635
en-de Dev loss: 0.5825 r:0.4200
en-zh Dev loss: 0.4390 r:0.4780
ro-en Dev loss: 0.3227 r:0.8770
et-en Dev loss: 0.4276 r:0.7570
si-en Dev loss: 0.4370 r:0.6874
ne-en Dev loss: 0.3881 r:0.7826
ru-en Dev loss: 0.6070 r:0.6986
Current avg r:0.6715 Best avg r: 0.7025
Epoch 3 Global steps: 22800 Train loss: 0.4895
en-de Dev loss: 0.4836 r:0.4892
en-zh Dev loss: 0.4081 r:0.4927
ro-en Dev loss: 0.2348 r:0.8904
et-en Dev loss: 0.3397 r:0.7696
si-en Dev loss: 0.3623 r:0.6974
ne-en Dev loss: 0.3136 r:0.7843
ru-en Dev loss: 0.4955 r:0.7103
Current avg r:0.6906 Best avg r: 0.7025
Epoch 3 Global steps: 23400 Train loss: 0.5026
en-de Dev loss: 0.4741 r:0.4682
en-zh Dev loss: 0.3918 r:0.4956
ro-en Dev loss: 0.2313 r:0.8881
et-en Dev loss: 0.3545 r:0.7687
si-en Dev loss: 0.3549 r:0.6995
ne-en Dev loss: 0.3244 r:0.7839
ru-en Dev loss: 0.4518 r:0.7188
Current avg r:0.6890 Best avg r: 0.7025
Epoch 3 Global steps: 24000 Train loss: 0.5047
en-de Dev loss: 0.4947 r:0.4499
en-zh Dev loss: 0.3904 r:0.4810
ro-en Dev loss: 0.2259 r:0.8844
et-en Dev loss: 0.3351 r:0.7667
si-en Dev loss: 0.3554 r:0.6956
ne-en Dev loss: 0.3177 r:0.7833
ru-en Dev loss: 0.4620 r:0.7023
Current avg r:0.6805 Best avg r: 0.7025
Epoch 3 Global steps: 24600 Train loss: 0.4620
en-de Dev loss: 0.5067 r:0.4692
en-zh Dev loss: 0.4069 r:0.4893
ro-en Dev loss: 0.2424 r:0.8874
et-en Dev loss: 0.3522 r:0.7729
si-en Dev loss: 0.3685 r:0.7000
ne-en Dev loss: 0.3202 r:0.7858
ru-en Dev loss: 0.4671 r:0.7145
Current avg r:0.6885 Best avg r: 0.7025
Epoch 3 Global steps: 25200 Train loss: 0.4767
en-de Dev loss: 0.4526 r:0.4850
en-zh Dev loss: 0.4038 r:0.4894
ro-en Dev loss: 0.2101 r:0.8858
et-en Dev loss: 0.3080 r:0.7731
si-en Dev loss: 0.3373 r:0.7033
ne-en Dev loss: 0.2913 r:0.7801
ru-en Dev loss: 0.4848 r:0.6867
Current avg r:0.6862 Best avg r: 0.7025
Epoch 3 Global steps: 25800 Train loss: 0.4953
en-de Dev loss: 0.5166 r:0.4707
en-zh Dev loss: 0.4218 r:0.4799
ro-en Dev loss: 0.2499 r:0.8834
et-en Dev loss: 0.3612 r:0.7712
si-en Dev loss: 0.3599 r:0.6992
ne-en Dev loss: 0.3152 r:0.7817
ru-en Dev loss: 0.5442 r:0.6922
Current avg r:0.6826 Best avg r: 0.7025
Epoch 3 Global steps: 26400 Train loss: 0.4903
en-de Dev loss: 0.4593 r:0.4873
en-zh Dev loss: 0.4062 r:0.4943
ro-en Dev loss: 0.2134 r:0.8917
et-en Dev loss: 0.3044 r:0.7820
si-en Dev loss: 0.3293 r:0.7105
ne-en Dev loss: 0.2668 r:0.7907
ru-en Dev loss: 0.4478 r:0.7207
Current avg r:0.6967 Best avg r: 0.7025
Epoch 3 Global steps: 27000 Train loss: 0.5206
en-de Dev loss: 0.4558 r:0.5056
en-zh Dev loss: 0.3954 r:0.4972
ro-en Dev loss: 0.2169 r:0.8922
et-en Dev loss: 0.3054 r:0.7819
si-en Dev loss: 0.3231 r:0.7133
ne-en Dev loss: 0.2849 r:0.7884
ru-en Dev loss: 0.4365 r:0.7240
Current avg r:0.7004 Best avg r: 0.7025
Epoch 3 Global steps: 27600 Train loss: 0.5245
en-de Dev loss: 0.4494 r:0.4902
en-zh Dev loss: 0.3835 r:0.4998
ro-en Dev loss: 0.2068 r:0.8893
et-en Dev loss: 0.3088 r:0.7775
si-en Dev loss: 0.3155 r:0.7138
ne-en Dev loss: 0.2846 r:0.7868
ru-en Dev loss: 0.4520 r:0.7148
Current avg r:0.6960 Best avg r: 0.7025
Epoch 4 Global steps: 28200 Train loss: 0.4642
en-de Dev loss: 0.4702 r:0.5017
en-zh Dev loss: 0.4049 r:0.4869
ro-en Dev loss: 0.2215 r:0.8858
et-en Dev loss: 0.3241 r:0.7691
si-en Dev loss: 0.3455 r:0.7033
ne-en Dev loss: 0.2971 r:0.7848
ru-en Dev loss: 0.4690 r:0.7111
Current avg r:0.6918 Best avg r: 0.7025
Epoch 4 Global steps: 28800 Train loss: 0.5036
en-de Dev loss: 0.4653 r:0.4843
en-zh Dev loss: 0.4320 r:0.4797
ro-en Dev loss: 0.2554 r:0.8808
et-en Dev loss: 0.3569 r:0.7631
si-en Dev loss: 0.3703 r:0.7021
ne-en Dev loss: 0.3453 r:0.7809
ru-en Dev loss: 0.5485 r:0.6867
Current avg r:0.6825 Best avg r: 0.7025
Epoch 4 Global steps: 29400 Train loss: 0.4571
en-de Dev loss: 0.4906 r:0.5021
en-zh Dev loss: 0.4247 r:0.4837
ro-en Dev loss: 0.2333 r:0.8885
et-en Dev loss: 0.3399 r:0.7758
si-en Dev loss: 0.3681 r:0.7064
ne-en Dev loss: 0.2978 r:0.7802
ru-en Dev loss: 0.4912 r:0.7160
Current avg r:0.6932 Best avg r: 0.7025
Epoch 4 Global steps: 30000 Train loss: 0.4477
en-de Dev loss: 0.4914 r:0.4691
en-zh Dev loss: 0.4023 r:0.4867
ro-en Dev loss: 0.2192 r:0.8853
et-en Dev loss: 0.3296 r:0.7685
si-en Dev loss: 0.3501 r:0.7072
ne-en Dev loss: 0.3122 r:0.7852
ru-en Dev loss: 0.4506 r:0.7167
Current avg r:0.6884 Best avg r: 0.7025
Epoch 4 Global steps: 30600 Train loss: 0.4915
en-de Dev loss: 0.4742 r:0.4872
en-zh Dev loss: 0.4269 r:0.4877
ro-en Dev loss: 0.2880 r:0.8787
et-en Dev loss: 0.3744 r:0.7602
si-en Dev loss: 0.4095 r:0.7012
ne-en Dev loss: 0.3646 r:0.7863
ru-en Dev loss: 0.5312 r:0.7065
Current avg r:0.6868 Best avg r: 0.7025
Epoch 4 Global steps: 31200 Train loss: 0.4560
en-de Dev loss: 0.4553 r:0.4978
en-zh Dev loss: 0.4059 r:0.5027
ro-en Dev loss: 0.2136 r:0.8920
et-en Dev loss: 0.3284 r:0.7733
si-en Dev loss: 0.3501 r:0.7070
ne-en Dev loss: 0.3170 r:0.7858
ru-en Dev loss: 0.4586 r:0.7235
Current avg r:0.6974 Best avg r: 0.7025
Epoch 4 Global steps: 31800 Train loss: 0.4346
en-de Dev loss: 0.5046 r:0.4961
en-zh Dev loss: 0.4031 r:0.4903
ro-en Dev loss: 0.2568 r:0.8817
et-en Dev loss: 0.3514 r:0.7660
si-en Dev loss: 0.3688 r:0.7036
ne-en Dev loss: 0.3398 r:0.7832
ru-en Dev loss: 0.4890 r:0.7117
Current avg r:0.6904 Best avg r: 0.7025
Epoch 4 Global steps: 32400 Train loss: 0.4832
en-de Dev loss: 0.4409 r:0.5023
en-zh Dev loss: 0.4093 r:0.4857
ro-en Dev loss: 0.1989 r:0.8887
et-en Dev loss: 0.3234 r:0.7645
si-en Dev loss: 0.3425 r:0.7094
ne-en Dev loss: 0.3144 r:0.7839
ru-en Dev loss: 0.4487 r:0.7111
Current avg r:0.6922 Best avg r: 0.7025
Epoch 4 Global steps: 33000 Train loss: 0.4638
en-de Dev loss: 0.4479 r:0.5091
en-zh Dev loss: 0.3785 r:0.5044
ro-en Dev loss: 0.2148 r:0.8894
et-en Dev loss: 0.3044 r:0.7750
si-en Dev loss: 0.3176 r:0.7165
ne-en Dev loss: 0.2893 r:0.7864
ru-en Dev loss: 0.4235 r:0.7231
Current avg r:0.7006 Best avg r: 0.7025
Epoch 4 Global steps: 33600 Train loss: 0.4781
en-de Dev loss: 0.4806 r:0.4836
en-zh Dev loss: 0.4231 r:0.4892
ro-en Dev loss: 0.2279 r:0.8909
et-en Dev loss: 0.3419 r:0.7696
si-en Dev loss: 0.3282 r:0.7175
ne-en Dev loss: 0.2926 r:0.7878
ru-en Dev loss: 0.4967 r:0.7081
Current avg r:0.6924 Best avg r: 0.7025
Epoch 4 Global steps: 34200 Train loss: 0.4690
en-de Dev loss: 0.4680 r:0.5042
en-zh Dev loss: 0.3855 r:0.5015
ro-en Dev loss: 0.2046 r:0.8901
et-en Dev loss: 0.3054 r:0.7764
si-en Dev loss: 0.3092 r:0.7164
ne-en Dev loss: 0.2685 r:0.7926
ru-en Dev loss: 0.4163 r:0.7279
Current avg r:0.7013 Best avg r: 0.7025
Epoch 4 Global steps: 34800 Train loss: 0.4594
en-de Dev loss: 0.4942 r:0.4735
en-zh Dev loss: 0.3997 r:0.4870
ro-en Dev loss: 0.2089 r:0.8887
et-en Dev loss: 0.3153 r:0.7702
si-en Dev loss: 0.3345 r:0.7041
ne-en Dev loss: 0.2752 r:0.7848
ru-en Dev loss: 0.4545 r:0.7156
Current avg r:0.6891 Best avg r: 0.7025
