Epoch 0 Global steps: 500 Train loss: 0.8953
en-de Dev loss: 0.5560 r:0.0677
en-zh Dev loss: 0.5330 r:0.1137
ro-en Dev loss: 0.9053 r:0.2576
et-en Dev loss: 0.7477 r:0.1955
si-en Dev loss: 0.6304 r:0.2375
ne-en Dev loss: 0.6956 r:0.1930
Current avg r:0.1775 Best avg r: 0.1775
Epoch 0 Global steps: 1000 Train loss: 0.8434
en-de Dev loss: 0.5543 r:0.1623
en-zh Dev loss: 0.5138 r:0.1853
ro-en Dev loss: 0.8967 r:0.5062
et-en Dev loss: 0.7359 r:0.3883
si-en Dev loss: 0.6206 r:0.3813
ne-en Dev loss: 0.6889 r:0.3771
Current avg r:0.3334 Best avg r: 0.3334
Epoch 0 Global steps: 1500 Train loss: 0.8061
en-de Dev loss: 0.5511 r:0.1763
en-zh Dev loss: 0.5119 r:0.2560
ro-en Dev loss: 0.8783 r:0.5460
et-en Dev loss: 0.7246 r:0.4694
si-en Dev loss: 0.6115 r:0.4292
ne-en Dev loss: 0.6742 r:0.4743
Current avg r:0.3919 Best avg r: 0.3919
Epoch 0 Global steps: 2000 Train loss: 0.8643
en-de Dev loss: 0.5421 r:0.2069
en-zh Dev loss: 0.5017 r:0.2756
ro-en Dev loss: 0.8271 r:0.5953
et-en Dev loss: 0.6883 r:0.5045
si-en Dev loss: 0.5866 r:0.4534
ne-en Dev loss: 0.6352 r:0.5309
Current avg r:0.4277 Best avg r: 0.4277
Epoch 0 Global steps: 2500 Train loss: 0.7892
en-de Dev loss: 0.5308 r:0.2493
en-zh Dev loss: 0.4761 r:0.2857
ro-en Dev loss: 0.7346 r:0.6731
et-en Dev loss: 0.6124 r:0.5596
si-en Dev loss: 0.5257 r:0.4915
ne-en Dev loss: 0.5553 r:0.5871
Current avg r:0.4744 Best avg r: 0.4744
Epoch 0 Global steps: 3000 Train loss: 0.7690
en-de Dev loss: 0.5224 r:0.2749
en-zh Dev loss: 0.4631 r:0.3304
ro-en Dev loss: 0.6732 r:0.7125
et-en Dev loss: 0.5693 r:0.6020
si-en Dev loss: 0.5001 r:0.5357
ne-en Dev loss: 0.5242 r:0.6242
Current avg r:0.5133 Best avg r: 0.5133
Epoch 0 Global steps: 3500 Train loss: 0.7419
en-de Dev loss: 0.5288 r:0.2933
en-zh Dev loss: 0.4390 r:0.3669
ro-en Dev loss: 0.6581 r:0.7138
et-en Dev loss: 0.5496 r:0.6231
si-en Dev loss: 0.4855 r:0.5654
ne-en Dev loss: 0.5013 r:0.6584
Current avg r:0.5368 Best avg r: 0.5368
Epoch 0 Global steps: 4000 Train loss: 0.7042
en-de Dev loss: 0.5268 r:0.3160
en-zh Dev loss: 0.4295 r:0.3896
ro-en Dev loss: 0.6205 r:0.7348
et-en Dev loss: 0.5215 r:0.6596
si-en Dev loss: 0.4625 r:0.5881
ne-en Dev loss: 0.4623 r:0.6874
Current avg r:0.5626 Best avg r: 0.5626
Epoch 0 Global steps: 4500 Train loss: 0.7093
en-de Dev loss: 0.5857 r:0.3314
en-zh Dev loss: 0.4429 r:0.4024
ro-en Dev loss: 0.6634 r:0.7662
et-en Dev loss: 0.5829 r:0.6782
si-en Dev loss: 0.4918 r:0.5993
ne-en Dev loss: 0.5401 r:0.6954
Current avg r:0.5788 Best avg r: 0.5788
Epoch 0 Global steps: 5000 Train loss: 0.6734
en-de Dev loss: 0.5314 r:0.3379
en-zh Dev loss: 0.4160 r:0.4174
ro-en Dev loss: 0.5763 r:0.7738
et-en Dev loss: 0.4898 r:0.6971
si-en Dev loss: 0.4354 r:0.6106
ne-en Dev loss: 0.4232 r:0.7065
Current avg r:0.5905 Best avg r: 0.5905
Epoch 0 Global steps: 5500 Train loss: 0.6323
en-de Dev loss: 0.5265 r:0.3497
en-zh Dev loss: 0.4148 r:0.4199
ro-en Dev loss: 0.5557 r:0.7837
et-en Dev loss: 0.4835 r:0.7071
si-en Dev loss: 0.4241 r:0.6200
ne-en Dev loss: 0.4311 r:0.7134
Current avg r:0.5990 Best avg r: 0.5990
Epoch 0 Global steps: 6000 Train loss: 0.6670
en-de Dev loss: 0.5133 r:0.3463
en-zh Dev loss: 0.4125 r:0.4272
ro-en Dev loss: 0.5364 r:0.7956
et-en Dev loss: 0.4669 r:0.7225
si-en Dev loss: 0.4226 r:0.6247
ne-en Dev loss: 0.4269 r:0.7205
Current avg r:0.6061 Best avg r: 0.6061
Epoch 0 Global steps: 6500 Train loss: 0.6417
en-de Dev loss: 0.5060 r:0.3621
en-zh Dev loss: 0.4057 r:0.4415
ro-en Dev loss: 0.5067 r:0.7956
et-en Dev loss: 0.4157 r:0.7308
si-en Dev loss: 0.4008 r:0.6357
ne-en Dev loss: 0.3775 r:0.7315
Current avg r:0.6162 Best avg r: 0.6162
Epoch 1 Global steps: 7000 Train loss: 0.5863
en-de Dev loss: 0.4995 r:0.3658
en-zh Dev loss: 0.4030 r:0.4458
ro-en Dev loss: 0.4733 r:0.8032
et-en Dev loss: 0.3957 r:0.7359
si-en Dev loss: 0.3918 r:0.6344
ne-en Dev loss: 0.3618 r:0.7323
Current avg r:0.6196 Best avg r: 0.6196
Epoch 1 Global steps: 7500 Train loss: 0.5873
en-de Dev loss: 0.6467 r:0.3687
en-zh Dev loss: 0.4645 r:0.4388
ro-en Dev loss: 0.6702 r:0.8190
et-en Dev loss: 0.5849 r:0.7384
si-en Dev loss: 0.5217 r:0.6411
ne-en Dev loss: 0.5154 r:0.7444
Current avg r:0.6250 Best avg r: 0.6250
Epoch 1 Global steps: 8000 Train loss: 0.6507
en-de Dev loss: 0.4807 r:0.3844
en-zh Dev loss: 0.4238 r:0.4488
ro-en Dev loss: 0.4273 r:0.8171
et-en Dev loss: 0.3801 r:0.7438
si-en Dev loss: 0.3841 r:0.6445
ne-en Dev loss: 0.3416 r:0.7456
Current avg r:0.6307 Best avg r: 0.6307
Epoch 1 Global steps: 8500 Train loss: 0.6088
en-de Dev loss: 0.5074 r:0.3947
en-zh Dev loss: 0.4042 r:0.4468
ro-en Dev loss: 0.4688 r:0.8287
et-en Dev loss: 0.4218 r:0.7450
si-en Dev loss: 0.3947 r:0.6456
ne-en Dev loss: 0.3689 r:0.7467
Current avg r:0.6346 Best avg r: 0.6346
Epoch 1 Global steps: 9000 Train loss: 0.6533
en-de Dev loss: 0.4759 r:0.4083
en-zh Dev loss: 0.4071 r:0.4500
ro-en Dev loss: 0.3997 r:0.8393
et-en Dev loss: 0.3926 r:0.7431
si-en Dev loss: 0.3824 r:0.6414
ne-en Dev loss: 0.3471 r:0.7432
Current avg r:0.6375 Best avg r: 0.6375
Epoch 1 Global steps: 9500 Train loss: 0.6089
en-de Dev loss: 0.5375 r:0.4056
en-zh Dev loss: 0.4173 r:0.4528
ro-en Dev loss: 0.5134 r:0.8428
et-en Dev loss: 0.4738 r:0.7404
si-en Dev loss: 0.4450 r:0.6380
ne-en Dev loss: 0.4482 r:0.7402
Current avg r:0.6366 Best avg r: 0.6375
Epoch 1 Global steps: 10000 Train loss: 0.6526
en-de Dev loss: 0.5153 r:0.4095
en-zh Dev loss: 0.4073 r:0.4547
ro-en Dev loss: 0.4404 r:0.8408
et-en Dev loss: 0.4347 r:0.7427
si-en Dev loss: 0.4140 r:0.6433
ne-en Dev loss: 0.4470 r:0.7408
Current avg r:0.6386 Best avg r: 0.6386
Epoch 1 Global steps: 10500 Train loss: 0.5748
en-de Dev loss: 0.4758 r:0.4111
en-zh Dev loss: 0.4023 r:0.4567
ro-en Dev loss: 0.3712 r:0.8464
et-en Dev loss: 0.3573 r:0.7515
si-en Dev loss: 0.3707 r:0.6529
ne-en Dev loss: 0.3373 r:0.7540
Current avg r:0.6454 Best avg r: 0.6454
Epoch 1 Global steps: 11000 Train loss: 0.5703
en-de Dev loss: 0.4958 r:0.4083
en-zh Dev loss: 0.3981 r:0.4574
ro-en Dev loss: 0.3695 r:0.8503
et-en Dev loss: 0.3699 r:0.7525
si-en Dev loss: 0.3741 r:0.6560
ne-en Dev loss: 0.3394 r:0.7550
Current avg r:0.6466 Best avg r: 0.6466
Epoch 1 Global steps: 11500 Train loss: 0.5937
en-de Dev loss: 0.5002 r:0.4162
en-zh Dev loss: 0.4008 r:0.4619
ro-en Dev loss: 0.3902 r:0.8540
et-en Dev loss: 0.3835 r:0.7523
si-en Dev loss: 0.3850 r:0.6550
ne-en Dev loss: 0.3366 r:0.7586
Current avg r:0.6497 Best avg r: 0.6497
Epoch 1 Global steps: 12000 Train loss: 0.5780
en-de Dev loss: 0.4890 r:0.4201
en-zh Dev loss: 0.3966 r:0.4632
ro-en Dev loss: 0.3734 r:0.8597
et-en Dev loss: 0.3565 r:0.7549
si-en Dev loss: 0.3833 r:0.6531
ne-en Dev loss: 0.3363 r:0.7578
Current avg r:0.6514 Best avg r: 0.6514
Epoch 1 Global steps: 12500 Train loss: 0.6067
en-de Dev loss: 0.4788 r:0.4263
en-zh Dev loss: 0.3924 r:0.4683
ro-en Dev loss: 0.3556 r:0.8635
et-en Dev loss: 0.3643 r:0.7546
si-en Dev loss: 0.3801 r:0.6569
ne-en Dev loss: 0.3561 r:0.7590
Current avg r:0.6548 Best avg r: 0.6548
Epoch 1 Global steps: 13000 Train loss: 0.5847
en-de Dev loss: 0.5087 r:0.4229
en-zh Dev loss: 0.4077 r:0.4593
ro-en Dev loss: 0.3972 r:0.8664
et-en Dev loss: 0.3755 r:0.7575
si-en Dev loss: 0.3743 r:0.6664
ne-en Dev loss: 0.3530 r:0.7650
Current avg r:0.6563 Best avg r: 0.6563
Epoch 1 Global steps: 13500 Train loss: 0.5839
en-de Dev loss: 0.4945 r:0.4216
en-zh Dev loss: 0.4039 r:0.4687
ro-en Dev loss: 0.3680 r:0.8710
et-en Dev loss: 0.3953 r:0.7597
si-en Dev loss: 0.3930 r:0.6608
ne-en Dev loss: 0.3553 r:0.7639
Current avg r:0.6576 Best avg r: 0.6576
Epoch 2 Global steps: 14000 Train loss: 0.6648
en-de Dev loss: 0.4769 r:0.4326
en-zh Dev loss: 0.3947 r:0.4752
ro-en Dev loss: 0.3550 r:0.8717
et-en Dev loss: 0.3744 r:0.7640
si-en Dev loss: 0.3885 r:0.6596
ne-en Dev loss: 0.3319 r:0.7602
Current avg r:0.6605 Best avg r: 0.6605
Epoch 2 Global steps: 14500 Train loss: 0.5707
en-de Dev loss: 0.4570 r:0.4458
en-zh Dev loss: 0.4005 r:0.4784
ro-en Dev loss: 0.2872 r:0.8717
et-en Dev loss: 0.3195 r:0.7696
si-en Dev loss: 0.3508 r:0.6676
ne-en Dev loss: 0.2940 r:0.7652
Current avg r:0.6664 Best avg r: 0.6664
Epoch 2 Global steps: 15000 Train loss: 0.5375
en-de Dev loss: 0.4578 r:0.4521
en-zh Dev loss: 0.3904 r:0.4849
ro-en Dev loss: 0.2503 r:0.8770
et-en Dev loss: 0.3178 r:0.7669
si-en Dev loss: 0.3506 r:0.6688
ne-en Dev loss: 0.2899 r:0.7696
Current avg r:0.6699 Best avg r: 0.6699
Epoch 2 Global steps: 15500 Train loss: 0.5306
en-de Dev loss: 0.4847 r:0.4513
en-zh Dev loss: 0.4012 r:0.4794
ro-en Dev loss: 0.3096 r:0.8777
et-en Dev loss: 0.3766 r:0.7635
si-en Dev loss: 0.3911 r:0.6581
ne-en Dev loss: 0.3283 r:0.7664
Current avg r:0.6661 Best avg r: 0.6699
Epoch 2 Global steps: 16000 Train loss: 0.5749
en-de Dev loss: 0.4812 r:0.4534
en-zh Dev loss: 0.3851 r:0.4891
ro-en Dev loss: 0.2865 r:0.8779
et-en Dev loss: 0.3601 r:0.7626
si-en Dev loss: 0.3763 r:0.6659
ne-en Dev loss: 0.3183 r:0.7694
Current avg r:0.6697 Best avg r: 0.6699
Epoch 2 Global steps: 16500 Train loss: 0.5720
en-de Dev loss: 0.4659 r:0.4489
en-zh Dev loss: 0.3816 r:0.4929
ro-en Dev loss: 0.2438 r:0.8788
et-en Dev loss: 0.3337 r:0.7634
si-en Dev loss: 0.3698 r:0.6560
ne-en Dev loss: 0.2994 r:0.7675
Current avg r:0.6679 Best avg r: 0.6699
Epoch 2 Global steps: 17000 Train loss: 0.5493
en-de Dev loss: 0.4720 r:0.4595
en-zh Dev loss: 0.3860 r:0.4907
ro-en Dev loss: 0.2801 r:0.8800
et-en Dev loss: 0.3716 r:0.7601
si-en Dev loss: 0.3754 r:0.6648
ne-en Dev loss: 0.3191 r:0.7727
Current avg r:0.6713 Best avg r: 0.6713
Epoch 2 Global steps: 17500 Train loss: 0.5450
en-de Dev loss: 0.4582 r:0.4645
en-zh Dev loss: 0.3835 r:0.4945
ro-en Dev loss: 0.2332 r:0.8783
et-en Dev loss: 0.3428 r:0.7589
si-en Dev loss: 0.3548 r:0.6694
ne-en Dev loss: 0.3177 r:0.7711
Current avg r:0.6728 Best avg r: 0.6728
Epoch 2 Global steps: 18000 Train loss: 0.5540
en-de Dev loss: 0.4589 r:0.4535
en-zh Dev loss: 0.3842 r:0.4946
ro-en Dev loss: 0.2476 r:0.8779
et-en Dev loss: 0.3476 r:0.7528
si-en Dev loss: 0.3628 r:0.6568
ne-en Dev loss: 0.2992 r:0.7660
Current avg r:0.6669 Best avg r: 0.6728
Epoch 2 Global steps: 18500 Train loss: 0.5477
en-de Dev loss: 0.4633 r:0.4586
en-zh Dev loss: 0.3817 r:0.4956
ro-en Dev loss: 0.2315 r:0.8821
et-en Dev loss: 0.3242 r:0.7644
si-en Dev loss: 0.3535 r:0.6698
ne-en Dev loss: 0.2943 r:0.7714
Current avg r:0.6737 Best avg r: 0.6737
Epoch 2 Global steps: 19000 Train loss: 0.5464
en-de Dev loss: 0.4694 r:0.4664
en-zh Dev loss: 0.3809 r:0.4968
ro-en Dev loss: 0.2383 r:0.8831
et-en Dev loss: 0.3327 r:0.7636
si-en Dev loss: 0.3541 r:0.6709
ne-en Dev loss: 0.3291 r:0.7714
Current avg r:0.6754 Best avg r: 0.6754
Epoch 2 Global steps: 19500 Train loss: 0.5315
en-de Dev loss: 0.4666 r:0.4643
en-zh Dev loss: 0.3805 r:0.4979
ro-en Dev loss: 0.2465 r:0.8827
et-en Dev loss: 0.3362 r:0.7641
si-en Dev loss: 0.3692 r:0.6667
ne-en Dev loss: 0.3512 r:0.7675
Current avg r:0.6739 Best avg r: 0.6754
Epoch 2 Global steps: 20000 Train loss: 0.5616
en-de Dev loss: 0.4726 r:0.4719
en-zh Dev loss: 0.3895 r:0.5026
ro-en Dev loss: 0.2434 r:0.8860
et-en Dev loss: 0.3280 r:0.7723
si-en Dev loss: 0.3594 r:0.6754
ne-en Dev loss: 0.2982 r:0.7776
Current avg r:0.6810 Best avg r: 0.6810
Epoch 2 Global steps: 20500 Train loss: 0.5475
en-de Dev loss: 0.4757 r:0.4840
en-zh Dev loss: 0.3778 r:0.5091
ro-en Dev loss: 0.2508 r:0.8864
et-en Dev loss: 0.3326 r:0.7752
si-en Dev loss: 0.3581 r:0.6784
ne-en Dev loss: 0.3075 r:0.7792
Current avg r:0.6854 Best avg r: 0.6854
Epoch 3 Global steps: 21000 Train loss: 0.5022
en-de Dev loss: 0.4604 r:0.4819
en-zh Dev loss: 0.3796 r:0.5057
ro-en Dev loss: 0.2308 r:0.8831
et-en Dev loss: 0.3306 r:0.7675
si-en Dev loss: 0.3605 r:0.6707
ne-en Dev loss: 0.3029 r:0.7739
Current avg r:0.6805 Best avg r: 0.6854
Epoch 3 Global steps: 21500 Train loss: 0.5047
en-de Dev loss: 0.4620 r:0.4844
en-zh Dev loss: 0.3719 r:0.5121
ro-en Dev loss: 0.2274 r:0.8871
et-en Dev loss: 0.3113 r:0.7748
si-en Dev loss: 0.3380 r:0.6842
ne-en Dev loss: 0.2926 r:0.7778
Current avg r:0.6867 Best avg r: 0.6867
Epoch 3 Global steps: 22000 Train loss: 0.5103
en-de Dev loss: 0.4457 r:0.4824
en-zh Dev loss: 0.3754 r:0.5126
ro-en Dev loss: 0.2159 r:0.8876
et-en Dev loss: 0.3121 r:0.7701
si-en Dev loss: 0.3422 r:0.6800
ne-en Dev loss: 0.3177 r:0.7767
Current avg r:0.6849 Best avg r: 0.6867
Epoch 3 Global steps: 22500 Train loss: 0.5098
en-de Dev loss: 0.4457 r:0.4838
en-zh Dev loss: 0.3775 r:0.5062
ro-en Dev loss: 0.2094 r:0.8867
et-en Dev loss: 0.3078 r:0.7692
si-en Dev loss: 0.3462 r:0.6765
ne-en Dev loss: 0.2958 r:0.7756
Current avg r:0.6830 Best avg r: 0.6867
Epoch 3 Global steps: 23000 Train loss: 0.4960
en-de Dev loss: 0.4773 r:0.4769
en-zh Dev loss: 0.3892 r:0.5048
ro-en Dev loss: 0.2549 r:0.8866
et-en Dev loss: 0.3556 r:0.7684
si-en Dev loss: 0.3720 r:0.6770
ne-en Dev loss: 0.3237 r:0.7799
Current avg r:0.6822 Best avg r: 0.6867
Epoch 3 Global steps: 23500 Train loss: 0.5039
en-de Dev loss: 0.4688 r:0.4829
en-zh Dev loss: 0.3742 r:0.5092
ro-en Dev loss: 0.2202 r:0.8871
et-en Dev loss: 0.3325 r:0.7693
si-en Dev loss: 0.3567 r:0.6749
ne-en Dev loss: 0.2974 r:0.7802
Current avg r:0.6839 Best avg r: 0.6867
Epoch 3 Global steps: 24000 Train loss: 0.5190
en-de Dev loss: 0.4763 r:0.4840
en-zh Dev loss: 0.3842 r:0.5116
ro-en Dev loss: 0.2206 r:0.8903
et-en Dev loss: 0.3103 r:0.7768
si-en Dev loss: 0.3594 r:0.6790
ne-en Dev loss: 0.3120 r:0.7835
Current avg r:0.6875 Best avg r: 0.6875
Epoch 3 Global steps: 24500 Train loss: 0.5114
en-de Dev loss: 0.4428 r:0.4891
en-zh Dev loss: 0.4152 r:0.5172
ro-en Dev loss: 0.1893 r:0.8909
et-en Dev loss: 0.3078 r:0.7804
si-en Dev loss: 0.3522 r:0.6819
ne-en Dev loss: 0.2755 r:0.7851
Current avg r:0.6908 Best avg r: 0.6908
Epoch 3 Global steps: 25000 Train loss: 0.5877
en-de Dev loss: 0.4494 r:0.4914
en-zh Dev loss: 0.3729 r:0.5138
ro-en Dev loss: 0.2301 r:0.8897
et-en Dev loss: 0.3353 r:0.7722
si-en Dev loss: 0.3600 r:0.6748
ne-en Dev loss: 0.3320 r:0.7790
Current avg r:0.6868 Best avg r: 0.6908
Epoch 3 Global steps: 25500 Train loss: 0.5718
en-de Dev loss: 0.4378 r:0.4920
en-zh Dev loss: 0.3953 r:0.5108
ro-en Dev loss: 0.1977 r:0.8888
et-en Dev loss: 0.3350 r:0.7708
si-en Dev loss: 0.3636 r:0.6768
ne-en Dev loss: 0.2953 r:0.7784
Current avg r:0.6863 Best avg r: 0.6908
Epoch 3 Global steps: 26000 Train loss: 0.5500
en-de Dev loss: 0.4608 r:0.4876
en-zh Dev loss: 0.3857 r:0.5032
ro-en Dev loss: 0.2327 r:0.8856
et-en Dev loss: 0.3258 r:0.7716
si-en Dev loss: 0.3475 r:0.6819
ne-en Dev loss: 0.2918 r:0.7788
Current avg r:0.6848 Best avg r: 0.6908
Epoch 3 Global steps: 26500 Train loss: 0.5227
en-de Dev loss: 0.4467 r:0.4913
en-zh Dev loss: 0.3792 r:0.5112
ro-en Dev loss: 0.2033 r:0.8887
et-en Dev loss: 0.3066 r:0.7728
si-en Dev loss: 0.3397 r:0.6810
ne-en Dev loss: 0.2804 r:0.7769
Current avg r:0.6870 Best avg r: 0.6908
Epoch 3 Global steps: 27000 Train loss: 0.5589
en-de Dev loss: 0.4622 r:0.4899
en-zh Dev loss: 0.4019 r:0.5062
ro-en Dev loss: 0.2381 r:0.8863
et-en Dev loss: 0.3556 r:0.7667
si-en Dev loss: 0.3700 r:0.6773
ne-en Dev loss: 0.3075 r:0.7762
Current avg r:0.6838 Best avg r: 0.6908
Epoch 3 Global steps: 27500 Train loss: 0.5196
en-de Dev loss: 0.4511 r:0.5001
en-zh Dev loss: 0.3789 r:0.5135
ro-en Dev loss: 0.2099 r:0.8867
et-en Dev loss: 0.3233 r:0.7730
si-en Dev loss: 0.3399 r:0.6862
ne-en Dev loss: 0.2770 r:0.7822
Current avg r:0.6903 Best avg r: 0.6908
Epoch 4 Global steps: 28000 Train loss: 0.5018
en-de Dev loss: 0.4768 r:0.5008
en-zh Dev loss: 0.3864 r:0.5221
ro-en Dev loss: 0.2394 r:0.8882
et-en Dev loss: 0.3306 r:0.7785
si-en Dev loss: 0.3590 r:0.6884
ne-en Dev loss: 0.3065 r:0.7862
Current avg r:0.6940 Best avg r: 0.6940
Epoch 4 Global steps: 28500 Train loss: 0.5646
en-de Dev loss: 0.4593 r:0.4825
en-zh Dev loss: 0.3800 r:0.5099
ro-en Dev loss: 0.2142 r:0.8856
et-en Dev loss: 0.3312 r:0.7650
si-en Dev loss: 0.3505 r:0.6823
ne-en Dev loss: 0.2991 r:0.7806
Current avg r:0.6843 Best avg r: 0.6940
Epoch 4 Global steps: 29000 Train loss: 0.4825
en-de Dev loss: 0.4560 r:0.4915
en-zh Dev loss: 0.3907 r:0.5129
ro-en Dev loss: 0.2196 r:0.8869
et-en Dev loss: 0.3306 r:0.7697
si-en Dev loss: 0.3613 r:0.6836
ne-en Dev loss: 0.2937 r:0.7813
Current avg r:0.6876 Best avg r: 0.6940
Epoch 4 Global steps: 29500 Train loss: 0.4812
en-de Dev loss: 0.4497 r:0.4910
en-zh Dev loss: 0.3768 r:0.5145
ro-en Dev loss: 0.1953 r:0.8895
et-en Dev loss: 0.3044 r:0.7747
si-en Dev loss: 0.3412 r:0.6874
ne-en Dev loss: 0.2937 r:0.7770
Current avg r:0.6890 Best avg r: 0.6940
Epoch 4 Global steps: 30000 Train loss: 0.4930
en-de Dev loss: 0.4667 r:0.4894
en-zh Dev loss: 0.4028 r:0.5086
ro-en Dev loss: 0.2714 r:0.8867
et-en Dev loss: 0.3599 r:0.7742
si-en Dev loss: 0.3931 r:0.6821
ne-en Dev loss: 0.3617 r:0.7751
Current avg r:0.6860 Best avg r: 0.6940
Epoch 4 Global steps: 30500 Train loss: 0.4872
en-de Dev loss: 0.4732 r:0.4844
en-zh Dev loss: 0.3861 r:0.5107
ro-en Dev loss: 0.2277 r:0.8883
et-en Dev loss: 0.3409 r:0.7742
si-en Dev loss: 0.3518 r:0.6873
ne-en Dev loss: 0.3125 r:0.7773
Current avg r:0.6870 Best avg r: 0.6940
Epoch 4 Global steps: 31000 Train loss: 0.5480
en-de Dev loss: 0.4446 r:0.5039
en-zh Dev loss: 0.3778 r:0.5189
ro-en Dev loss: 0.2084 r:0.8930
et-en Dev loss: 0.3126 r:0.7805
si-en Dev loss: 0.3365 r:0.6911
ne-en Dev loss: 0.2876 r:0.7822
Current avg r:0.6950 Best avg r: 0.6950
Epoch 4 Global steps: 31500 Train loss: 0.4806
en-de Dev loss: 0.4653 r:0.4887
en-zh Dev loss: 0.3979 r:0.5130
ro-en Dev loss: 0.2417 r:0.8878
et-en Dev loss: 0.3698 r:0.7646
si-en Dev loss: 0.3894 r:0.6818
ne-en Dev loss: 0.3425 r:0.7784
Current avg r:0.6857 Best avg r: 0.6950
Epoch 4 Global steps: 32000 Train loss: 0.4677
en-de Dev loss: 0.4636 r:0.4867
en-zh Dev loss: 0.3836 r:0.5092
ro-en Dev loss: 0.2158 r:0.8868
et-en Dev loss: 0.3308 r:0.7681
si-en Dev loss: 0.3410 r:0.6897
ne-en Dev loss: 0.3145 r:0.7761
Current avg r:0.6861 Best avg r: 0.6950
Epoch 4 Global steps: 32500 Train loss: 0.4764
en-de Dev loss: 0.4544 r:0.4905
en-zh Dev loss: 0.3865 r:0.5165
ro-en Dev loss: 0.2319 r:0.8872
et-en Dev loss: 0.3479 r:0.7680
si-en Dev loss: 0.3695 r:0.6872
ne-en Dev loss: 0.3699 r:0.7754
Current avg r:0.6875 Best avg r: 0.6950
Epoch 4 Global steps: 33000 Train loss: 0.5215
en-de Dev loss: 0.4661 r:0.4874
en-zh Dev loss: 0.3881 r:0.5204
ro-en Dev loss: 0.2121 r:0.8897
et-en Dev loss: 0.3107 r:0.7795
si-en Dev loss: 0.3573 r:0.6959
ne-en Dev loss: 0.3586 r:0.7785
Current avg r:0.6919 Best avg r: 0.6950
Epoch 4 Global steps: 33500 Train loss: 0.5424
en-de Dev loss: 0.4365 r:0.4936
en-zh Dev loss: 0.3765 r:0.5236
ro-en Dev loss: 0.2044 r:0.8905
et-en Dev loss: 0.3057 r:0.7766
si-en Dev loss: 0.3457 r:0.6901
ne-en Dev loss: 0.3187 r:0.7756
Current avg r:0.6917 Best avg r: 0.6950
Epoch 4 Global steps: 34000 Train loss: 0.4964
en-de Dev loss: 0.4368 r:0.5092
en-zh Dev loss: 0.3764 r:0.5164
ro-en Dev loss: 0.2024 r:0.8908
et-en Dev loss: 0.2996 r:0.7791
si-en Dev loss: 0.3380 r:0.6906
ne-en Dev loss: 0.3109 r:0.7734
Current avg r:0.6932 Best avg r: 0.6950
Epoch 4 Global steps: 34500 Train loss: 0.5025
en-de Dev loss: 0.4479 r:0.4961
en-zh Dev loss: 0.3836 r:0.5272
ro-en Dev loss: 0.2352 r:0.8914
et-en Dev loss: 0.3496 r:0.7744
si-en Dev loss: 0.3744 r:0.6893
ne-en Dev loss: 0.4162 r:0.7747
Current avg r:0.6922 Best avg r: 0.6950
Epoch 5 Global steps: 35000 Train loss: 0.4880
en-de Dev loss: 0.4470 r:0.5069
en-zh Dev loss: 0.3766 r:0.5269
ro-en Dev loss: 0.2001 r:0.8936
et-en Dev loss: 0.3130 r:0.7801
si-en Dev loss: 0.3493 r:0.6953
ne-en Dev loss: 0.3333 r:0.7802
Current avg r:0.6972 Best avg r: 0.6972
Epoch 5 Global steps: 35500 Train loss: 0.4517
en-de Dev loss: 0.4425 r:0.5046
en-zh Dev loss: 0.3695 r:0.5284
ro-en Dev loss: 0.1938 r:0.8933
et-en Dev loss: 0.3059 r:0.7799
si-en Dev loss: 0.3414 r:0.6925
ne-en Dev loss: 0.2870 r:0.7765
Current avg r:0.6959 Best avg r: 0.6972
Epoch 5 Global steps: 36000 Train loss: 0.4785
en-de Dev loss: 0.4581 r:0.4871
en-zh Dev loss: 0.3727 r:0.5270
ro-en Dev loss: 0.2083 r:0.8876
et-en Dev loss: 0.3110 r:0.7733
si-en Dev loss: 0.3552 r:0.6892
ne-en Dev loss: 0.3136 r:0.7747
Current avg r:0.6898 Best avg r: 0.6972
Epoch 5 Global steps: 36500 Train loss: 0.4917
en-de Dev loss: 0.4585 r:0.4938
en-zh Dev loss: 0.3748 r:0.5328
ro-en Dev loss: 0.2019 r:0.8933
et-en Dev loss: 0.3057 r:0.7847
si-en Dev loss: 0.3460 r:0.6973
ne-en Dev loss: 0.3144 r:0.7793
Current avg r:0.6969 Best avg r: 0.6972
Epoch 5 Global steps: 37000 Train loss: 0.4984
en-de Dev loss: 0.4425 r:0.5063
en-zh Dev loss: 0.3753 r:0.5275
ro-en Dev loss: 0.2154 r:0.8910
et-en Dev loss: 0.3063 r:0.7810
si-en Dev loss: 0.3367 r:0.6968
ne-en Dev loss: 0.3294 r:0.7775
Current avg r:0.6967 Best avg r: 0.6972
Epoch 5 Global steps: 37500 Train loss: 0.4867
en-de Dev loss: 0.4327 r:0.5193
en-zh Dev loss: 0.3771 r:0.5229
ro-en Dev loss: 0.2043 r:0.8889
et-en Dev loss: 0.2983 r:0.7812
si-en Dev loss: 0.3368 r:0.6964
ne-en Dev loss: 0.3034 r:0.7792
Current avg r:0.6980 Best avg r: 0.6980
Epoch 5 Global steps: 38000 Train loss: 0.4880
en-de Dev loss: 0.4400 r:0.4974
en-zh Dev loss: 0.3938 r:0.5186
ro-en Dev loss: 0.2234 r:0.8882
et-en Dev loss: 0.3383 r:0.7750
si-en Dev loss: 0.3867 r:0.6860
ne-en Dev loss: 0.3677 r:0.7770
Current avg r:0.6904 Best avg r: 0.6980
Epoch 5 Global steps: 38500 Train loss: 0.4796
en-de Dev loss: 0.4579 r:0.4861
en-zh Dev loss: 0.3952 r:0.5170
ro-en Dev loss: 0.2493 r:0.8863
et-en Dev loss: 0.3646 r:0.7666
si-en Dev loss: 0.4085 r:0.6804
ne-en Dev loss: 0.3986 r:0.7722
Current avg r:0.6848 Best avg r: 0.6980
Epoch 5 Global steps: 39000 Train loss: 0.4852
en-de Dev loss: 0.4681 r:0.4862
en-zh Dev loss: 0.3830 r:0.5179
ro-en Dev loss: 0.2398 r:0.8861
et-en Dev loss: 0.3451 r:0.7707
si-en Dev loss: 0.3772 r:0.6873
ne-en Dev loss: 0.3944 r:0.7745
Current avg r:0.6871 Best avg r: 0.6980
Epoch 5 Global steps: 39500 Train loss: 0.4768
en-de Dev loss: 0.4510 r:0.5047
en-zh Dev loss: 0.3897 r:0.5146
ro-en Dev loss: 0.2495 r:0.8887
et-en Dev loss: 0.3546 r:0.7751
si-en Dev loss: 0.3742 r:0.6886
ne-en Dev loss: 0.3977 r:0.7712
Current avg r:0.6905 Best avg r: 0.6980
Epoch 5 Global steps: 40000 Train loss: 0.4841
en-de Dev loss: 0.4541 r:0.5055
en-zh Dev loss: 0.3785 r:0.5272
ro-en Dev loss: 0.2075 r:0.8939
et-en Dev loss: 0.3048 r:0.7862
si-en Dev loss: 0.3411 r:0.6957
ne-en Dev loss: 0.3259 r:0.7760
Current avg r:0.6974 Best avg r: 0.6980
Epoch 5 Global steps: 40500 Train loss: 0.5077
en-de Dev loss: 0.4406 r:0.4976
en-zh Dev loss: 0.3821 r:0.5255
ro-en Dev loss: 0.2083 r:0.8920
et-en Dev loss: 0.3138 r:0.7786
si-en Dev loss: 0.3568 r:0.6887
ne-en Dev loss: 0.3436 r:0.7736
Current avg r:0.6927 Best avg r: 0.6980
Epoch 5 Global steps: 41000 Train loss: 0.4560
en-de Dev loss: 0.4482 r:0.4899
en-zh Dev loss: 0.3855 r:0.5243
ro-en Dev loss: 0.1969 r:0.8939
et-en Dev loss: 0.3033 r:0.7819
si-en Dev loss: 0.3359 r:0.6981
ne-en Dev loss: 0.3084 r:0.7732
Current avg r:0.6935 Best avg r: 0.6980
Epoch 5 Global steps: 41500 Train loss: 0.4823
en-de Dev loss: 0.4479 r:0.4927
en-zh Dev loss: 0.3896 r:0.5171
ro-en Dev loss: 0.2243 r:0.8877
et-en Dev loss: 0.3380 r:0.7699
si-en Dev loss: 0.3693 r:0.6849
ne-en Dev loss: 0.3580 r:0.7708
Current avg r:0.6872 Best avg r: 0.6980
Epoch 6 Global steps: 42000 Train loss: 0.4698
en-de Dev loss: 0.4405 r:0.5036
en-zh Dev loss: 0.3965 r:0.5204
ro-en Dev loss: 0.2492 r:0.8884
et-en Dev loss: 0.3511 r:0.7725
si-en Dev loss: 0.3822 r:0.6856
ne-en Dev loss: 0.3659 r:0.7716
Current avg r:0.6904 Best avg r: 0.6980
Epoch 6 Global steps: 42500 Train loss: 0.4883
en-de Dev loss: 0.4553 r:0.4940
en-zh Dev loss: 0.3854 r:0.5221
ro-en Dev loss: 0.2535 r:0.8842
et-en Dev loss: 0.3429 r:0.7728
si-en Dev loss: 0.3725 r:0.6876
ne-en Dev loss: 0.3856 r:0.7727
Current avg r:0.6889 Best avg r: 0.6980
Epoch 6 Global steps: 43000 Train loss: 0.4816
en-de Dev loss: 0.4556 r:0.4847
en-zh Dev loss: 0.4058 r:0.5129
ro-en Dev loss: 0.2474 r:0.8859
et-en Dev loss: 0.3769 r:0.7621
si-en Dev loss: 0.4012 r:0.6806
ne-en Dev loss: 0.4270 r:0.7681
Current avg r:0.6824 Best avg r: 0.6980
Epoch 6 Global steps: 43500 Train loss: 0.4552
en-de Dev loss: 0.4763 r:0.4910
en-zh Dev loss: 0.4178 r:0.5185
ro-en Dev loss: 0.2837 r:0.8863
et-en Dev loss: 0.3881 r:0.7683
si-en Dev loss: 0.3998 r:0.6850
ne-en Dev loss: 0.4156 r:0.7710
Current avg r:0.6867 Best avg r: 0.6980
Epoch 6 Global steps: 44000 Train loss: 0.4681
en-de Dev loss: 0.4515 r:0.5014
en-zh Dev loss: 0.4145 r:0.5175
ro-en Dev loss: 0.2554 r:0.8884
et-en Dev loss: 0.3678 r:0.7772
si-en Dev loss: 0.3744 r:0.6896
ne-en Dev loss: 0.3645 r:0.7716
Current avg r:0.6910 Best avg r: 0.6980
Epoch 6 Global steps: 44500 Train loss: 0.4511
en-de Dev loss: 0.4472 r:0.5008
en-zh Dev loss: 0.3843 r:0.5109
ro-en Dev loss: 0.2162 r:0.8873
et-en Dev loss: 0.3264 r:0.7747
si-en Dev loss: 0.3434 r:0.6897
ne-en Dev loss: 0.3124 r:0.7732
Current avg r:0.6894 Best avg r: 0.6980
Epoch 6 Global steps: 45000 Train loss: 0.4667
en-de Dev loss: 0.4445 r:0.4891
en-zh Dev loss: 0.3888 r:0.5050
ro-en Dev loss: 0.2007 r:0.8890
et-en Dev loss: 0.3205 r:0.7739
si-en Dev loss: 0.3581 r:0.6845
ne-en Dev loss: 0.3212 r:0.7691
Current avg r:0.6851 Best avg r: 0.6980
Epoch 6 Global steps: 45500 Train loss: 0.4522
en-de Dev loss: 0.4969 r:0.4847
en-zh Dev loss: 0.4372 r:0.5103
ro-en Dev loss: 0.2966 r:0.8853
et-en Dev loss: 0.3897 r:0.7730
si-en Dev loss: 0.4279 r:0.6851
ne-en Dev loss: 0.4204 r:0.7713
Current avg r:0.6850 Best avg r: 0.6980
Epoch 6 Global steps: 46000 Train loss: 0.4627
en-de Dev loss: 0.4398 r:0.4934
en-zh Dev loss: 0.3754 r:0.5256
ro-en Dev loss: 0.1970 r:0.8915
et-en Dev loss: 0.3185 r:0.7774
si-en Dev loss: 0.3509 r:0.6943
ne-en Dev loss: 0.3261 r:0.7719
Current avg r:0.6923 Best avg r: 0.6980
Epoch 6 Global steps: 46500 Train loss: 0.4309
en-de Dev loss: 0.4870 r:0.4925
en-zh Dev loss: 0.4185 r:0.5186
ro-en Dev loss: 0.2459 r:0.8910
et-en Dev loss: 0.3405 r:0.7787
si-en Dev loss: 0.3868 r:0.6924
ne-en Dev loss: 0.4025 r:0.7688
Current avg r:0.6903 Best avg r: 0.6980
Epoch 6 Global steps: 47000 Train loss: 0.4851
en-de Dev loss: 0.4461 r:0.4946
en-zh Dev loss: 0.3912 r:0.5188
ro-en Dev loss: 0.2304 r:0.8891
et-en Dev loss: 0.3564 r:0.7767
si-en Dev loss: 0.4063 r:0.6886
ne-en Dev loss: 0.3727 r:0.7659
Current avg r:0.6889 Best avg r: 0.6980
Epoch 6 Global steps: 47500 Train loss: 0.4308
en-de Dev loss: 0.4520 r:0.4910
en-zh Dev loss: 0.3953 r:0.5169
ro-en Dev loss: 0.2339 r:0.8915
et-en Dev loss: 0.3461 r:0.7784
si-en Dev loss: 0.3989 r:0.6881
ne-en Dev loss: 0.3901 r:0.7640
Current avg r:0.6883 Best avg r: 0.6980
Epoch 6 Global steps: 48000 Train loss: 0.4955
en-de Dev loss: 0.4337 r:0.4954
en-zh Dev loss: 0.3869 r:0.5225
ro-en Dev loss: 0.2277 r:0.8930
et-en Dev loss: 0.3293 r:0.7795
si-en Dev loss: 0.3714 r:0.6960
ne-en Dev loss: 0.3556 r:0.7643
Current avg r:0.6918 Best avg r: 0.6980
Epoch 6 Global steps: 48500 Train loss: 0.4574
en-de Dev loss: 0.4865 r:0.4763
en-zh Dev loss: 0.4142 r:0.5084
ro-en Dev loss: 0.2539 r:0.8879
et-en Dev loss: 0.3546 r:0.7695
si-en Dev loss: 0.3987 r:0.6899
ne-en Dev loss: 0.4081 r:0.7669
Current avg r:0.6831 Best avg r: 0.6980
Epoch 7 Global steps: 49000 Train loss: 0.4767
en-de Dev loss: 0.4764 r:0.4666
en-zh Dev loss: 0.4242 r:0.5022
ro-en Dev loss: 0.2433 r:0.8838
et-en Dev loss: 0.3611 r:0.7609
si-en Dev loss: 0.4098 r:0.6830
ne-en Dev loss: 0.4303 r:0.7607
Current avg r:0.6762 Best avg r: 0.6980
Epoch 7 Global steps: 49500 Train loss: 0.4271
en-de Dev loss: 0.4570 r:0.4886
en-zh Dev loss: 0.4127 r:0.5107
ro-en Dev loss: 0.2214 r:0.8889
et-en Dev loss: 0.3320 r:0.7771
si-en Dev loss: 0.3741 r:0.6953
ne-en Dev loss: 0.3555 r:0.7692
Current avg r:0.6883 Best avg r: 0.6980
Epoch 7 Global steps: 50000 Train loss: 0.4530
en-de Dev loss: 0.4362 r:0.5036
en-zh Dev loss: 0.3895 r:0.5209
ro-en Dev loss: 0.2061 r:0.8934
et-en Dev loss: 0.3308 r:0.7812
si-en Dev loss: 0.3611 r:0.6960
ne-en Dev loss: 0.3152 r:0.7687
Current avg r:0.6940 Best avg r: 0.6980
Epoch 7 Global steps: 50500 Train loss: 0.4457
en-de Dev loss: 0.4790 r:0.4659
en-zh Dev loss: 0.3969 r:0.4980
ro-en Dev loss: 0.2250 r:0.8819
et-en Dev loss: 0.3379 r:0.7590
si-en Dev loss: 0.3607 r:0.6905
ne-en Dev loss: 0.3580 r:0.7666
Current avg r:0.6770 Best avg r: 0.6980
