Epoch 0 Global steps: 5500 Train loss: 0.6405
en-de Dev loss: 0.4777 r:0.4139
en-zh Dev loss: 0.4151 r:0.4615
ro-en Dev loss: 0.2950 r:0.8567
et-en Dev loss: 0.3085 r:0.7695
si-en Dev loss: 0.3626 r:0.6620
ne-en Dev loss: 0.3087 r:0.7690
ru-en Dev loss: 0.4201 r:0.7119
Current avg r:0.6635 Best avg r: 0.6635
Epoch 0 Global steps: 6000 Train loss: 0.6385
en-de Dev loss: 0.6664 r:0.3432
en-zh Dev loss: 0.4811 r:0.3952
ro-en Dev loss: 0.5266 r:0.8008
et-en Dev loss: 0.5157 r:0.7023
si-en Dev loss: 0.5569 r:0.5854
ne-en Dev loss: 0.4309 r:0.7220
ru-en Dev loss: 0.6463 r:0.6461
Current avg r:0.5993 Best avg r: 0.6635
Epoch 0 Global steps: 6500 Train loss: 0.5999
en-de Dev loss: 0.4910 r:0.3894
en-zh Dev loss: 0.4159 r:0.4359
ro-en Dev loss: 0.3806 r:0.8296
et-en Dev loss: 0.3672 r:0.7406
si-en Dev loss: 0.4111 r:0.6116
ne-en Dev loss: 0.3443 r:0.7301
ru-en Dev loss: 0.5097 r:0.6801
Current avg r:0.6311 Best avg r: 0.6635
Epoch 0 Global steps: 7000 Train loss: 0.5497
en-de Dev loss: 0.5857 r:0.3864
en-zh Dev loss: 0.4232 r:0.4375
ro-en Dev loss: 0.3822 r:0.8313
et-en Dev loss: 0.3532 r:0.7575
si-en Dev loss: 0.3939 r:0.6427
ne-en Dev loss: 0.3168 r:0.7526
ru-en Dev loss: 0.5385 r:0.6945
Current avg r:0.6432 Best avg r: 0.6635
Epoch 1 Global steps: 7500 Train loss: 0.5525
en-de Dev loss: 0.5461 r:0.3878
en-zh Dev loss: 0.4254 r:0.4375
ro-en Dev loss: 0.3449 r:0.8176
et-en Dev loss: 0.3599 r:0.7321
si-en Dev loss: 0.4028 r:0.6284
ne-en Dev loss: 0.3282 r:0.7425
ru-en Dev loss: 0.4899 r:0.6797
Current avg r:0.6322 Best avg r: 0.6635
Epoch 1 Global steps: 8000 Train loss: 0.5545
en-de Dev loss: 0.6214 r:0.3881
en-zh Dev loss: 0.4564 r:0.4275
ro-en Dev loss: 0.4174 r:0.8250
et-en Dev loss: 0.4675 r:0.7216
si-en Dev loss: 0.5393 r:0.6054
ne-en Dev loss: 0.5209 r:0.7297
ru-en Dev loss: 0.5865 r:0.6708
Current avg r:0.6240 Best avg r: 0.6635
Epoch 1 Global steps: 8500 Train loss: 0.4849
en-de Dev loss: 0.5140 r:0.4194
en-zh Dev loss: 0.4154 r:0.4541
ro-en Dev loss: 0.3003 r:0.8444
et-en Dev loss: 0.3696 r:0.7438
si-en Dev loss: 0.4508 r:0.6282
ne-en Dev loss: 0.3789 r:0.7479
ru-en Dev loss: 0.5080 r:0.6898
Current avg r:0.6468 Best avg r: 0.6635
Epoch 1 Global steps: 9000 Train loss: 0.5374
en-de Dev loss: 0.5471 r:0.4195
en-zh Dev loss: 0.4194 r:0.4489
ro-en Dev loss: 0.3087 r:0.8457
et-en Dev loss: 0.3631 r:0.7415
si-en Dev loss: 0.4460 r:0.6354
ne-en Dev loss: 0.3778 r:0.7487
ru-en Dev loss: 0.4936 r:0.6998
Current avg r:0.6485 Best avg r: 0.6635
Epoch 1 Global steps: 9500 Train loss: 0.5004
en-de Dev loss: 0.5829 r:0.4084
en-zh Dev loss: 0.4439 r:0.4262
ro-en Dev loss: 0.3332 r:0.8363
et-en Dev loss: 0.3833 r:0.7320
si-en Dev loss: 0.4536 r:0.6288
ne-en Dev loss: 0.3783 r:0.7425
ru-en Dev loss: 0.5557 r:0.6718
Current avg r:0.6351 Best avg r: 0.6635
Epoch 1 Global steps: 10000 Train loss: 0.5262
en-de Dev loss: 0.4949 r:0.4293
en-zh Dev loss: 0.4002 r:0.4728
ro-en Dev loss: 0.2545 r:0.8676
et-en Dev loss: 0.3108 r:0.7682
si-en Dev loss: 0.3758 r:0.6728
ne-en Dev loss: 0.3088 r:0.7694
ru-en Dev loss: 0.4677 r:0.7087
Current avg r:0.6698 Best avg r: 0.6698
Epoch 1 Global steps: 10500 Train loss: 0.5107
en-de Dev loss: 0.4983 r:0.4297
en-zh Dev loss: 0.4095 r:0.4670
ro-en Dev loss: 0.2901 r:0.8478
et-en Dev loss: 0.3679 r:0.7300
si-en Dev loss: 0.4187 r:0.6435
ne-en Dev loss: 0.3615 r:0.7464
ru-en Dev loss: 0.4843 r:0.6888
Current avg r:0.6504 Best avg r: 0.6698
Epoch 1 Global steps: 11000 Train loss: 0.4851
en-de Dev loss: 0.4892 r:0.4400
en-zh Dev loss: 0.4059 r:0.4789
ro-en Dev loss: 0.2532 r:0.8661
et-en Dev loss: 0.3357 r:0.7558
si-en Dev loss: 0.3886 r:0.6630
ne-en Dev loss: 0.3226 r:0.7662
ru-en Dev loss: 0.4483 r:0.7128
Current avg r:0.6690 Best avg r: 0.6698
Epoch 1 Global steps: 11500 Train loss: 0.5077
en-de Dev loss: 0.4829 r:0.4325
en-zh Dev loss: 0.4160 r:0.4633
ro-en Dev loss: 0.2562 r:0.8597
et-en Dev loss: 0.3331 r:0.7517
si-en Dev loss: 0.3832 r:0.6585
ne-en Dev loss: 0.3165 r:0.7608
ru-en Dev loss: 0.4501 r:0.7034
Current avg r:0.6614 Best avg r: 0.6698
Epoch 1 Global steps: 12000 Train loss: 0.4906
en-de Dev loss: 0.6062 r:0.4257
en-zh Dev loss: 0.4485 r:0.4451
ro-en Dev loss: 0.3955 r:0.8622
et-en Dev loss: 0.4494 r:0.7526
si-en Dev loss: 0.4876 r:0.6513
ne-en Dev loss: 0.4827 r:0.7453
ru-en Dev loss: 0.5551 r:0.7014
Current avg r:0.6548 Best avg r: 0.6698
Epoch 1 Global steps: 12500 Train loss: 0.4917
en-de Dev loss: 0.5601 r:0.4253
en-zh Dev loss: 0.4338 r:0.4469
ro-en Dev loss: 0.2993 r:0.8601
et-en Dev loss: 0.3649 r:0.7514
si-en Dev loss: 0.4314 r:0.6494
ne-en Dev loss: 0.3395 r:0.7524
ru-en Dev loss: 0.5244 r:0.6953
Current avg r:0.6544 Best avg r: 0.6698
Epoch 1 Global steps: 13000 Train loss: 0.5210
en-de Dev loss: 0.4968 r:0.4533
en-zh Dev loss: 0.4094 r:0.4691
ro-en Dev loss: 0.2699 r:0.8752
et-en Dev loss: 0.3474 r:0.7706
si-en Dev loss: 0.4255 r:0.6784
ne-en Dev loss: 0.3547 r:0.7745
ru-en Dev loss: 0.4496 r:0.7269
Current avg r:0.6783 Best avg r: 0.6783
Epoch 1 Global steps: 13500 Train loss: 0.5187
en-de Dev loss: 0.5011 r:0.4390
en-zh Dev loss: 0.4167 r:0.4662
ro-en Dev loss: 0.2445 r:0.8674
et-en Dev loss: 0.3404 r:0.7567
si-en Dev loss: 0.3869 r:0.6740
ne-en Dev loss: 0.4188 r:0.7629
ru-en Dev loss: 0.4279 r:0.7195
Current avg r:0.6694 Best avg r: 0.6783
Epoch 1 Global steps: 14000 Train loss: 0.5198
en-de Dev loss: 0.5051 r:0.4506
en-zh Dev loss: 0.4158 r:0.4880
ro-en Dev loss: 0.2397 r:0.8743
et-en Dev loss: 0.3313 r:0.7676
si-en Dev loss: 0.3483 r:0.6948
ne-en Dev loss: 0.3368 r:0.7727
ru-en Dev loss: 0.4230 r:0.7325
Current avg r:0.6829 Best avg r: 0.6829
Epoch 2 Global steps: 14500 Train loss: 0.4764
en-de Dev loss: 0.5563 r:0.4461
en-zh Dev loss: 0.4189 r:0.4715
ro-en Dev loss: 0.2712 r:0.8761
et-en Dev loss: 0.3704 r:0.7612
si-en Dev loss: 0.3804 r:0.6852
ne-en Dev loss: 0.4277 r:0.7633
ru-en Dev loss: 0.4755 r:0.7180
Current avg r:0.6745 Best avg r: 0.6829
Epoch 2 Global steps: 15000 Train loss: 0.4791
en-de Dev loss: 0.4916 r:0.4519
en-zh Dev loss: 0.4296 r:0.5014
ro-en Dev loss: 0.2031 r:0.8843
et-en Dev loss: 0.3168 r:0.7767
si-en Dev loss: 0.3581 r:0.7016
ne-en Dev loss: 0.3087 r:0.7835
ru-en Dev loss: 0.4261 r:0.7299
Current avg r:0.6899 Best avg r: 0.6899
Epoch 2 Global steps: 15500 Train loss: 0.4986
en-de Dev loss: 0.5267 r:0.4556
en-zh Dev loss: 0.3985 r:0.4764
ro-en Dev loss: 0.2780 r:0.8835
et-en Dev loss: 0.3977 r:0.7562
si-en Dev loss: 0.4337 r:0.6690
ne-en Dev loss: 0.4473 r:0.7616
ru-en Dev loss: 0.4760 r:0.7110
Current avg r:0.6733 Best avg r: 0.6899
Epoch 2 Global steps: 16000 Train loss: 0.4796
en-de Dev loss: 0.5197 r:0.4542
en-zh Dev loss: 0.4053 r:0.4683
ro-en Dev loss: 0.2188 r:0.8877
et-en Dev loss: 0.3250 r:0.7697
si-en Dev loss: 0.3800 r:0.6828
ne-en Dev loss: 0.3081 r:0.7776
ru-en Dev loss: 0.4491 r:0.7151
Current avg r:0.6793 Best avg r: 0.6899
Epoch 2 Global steps: 16500 Train loss: 0.4642
en-de Dev loss: 0.4694 r:0.4652
en-zh Dev loss: 0.4313 r:0.4827
ro-en Dev loss: 0.2069 r:0.8793
et-en Dev loss: 0.3241 r:0.7632
si-en Dev loss: 0.3815 r:0.6831
ne-en Dev loss: 0.3225 r:0.7782
ru-en Dev loss: 0.4186 r:0.7237
Current avg r:0.6822 Best avg r: 0.6899
Epoch 2 Global steps: 17000 Train loss: 0.4777
en-de Dev loss: 0.5469 r:0.4499
en-zh Dev loss: 0.4245 r:0.4564
ro-en Dev loss: 0.2779 r:0.8711
et-en Dev loss: 0.3925 r:0.7405
si-en Dev loss: 0.4742 r:0.6509
ne-en Dev loss: 0.4087 r:0.7516
ru-en Dev loss: 0.5137 r:0.6932
Current avg r:0.6591 Best avg r: 0.6899
Epoch 2 Global steps: 17500 Train loss: 0.4479
en-de Dev loss: 0.5129 r:0.4510
en-zh Dev loss: 0.3999 r:0.4725
ro-en Dev loss: 0.2237 r:0.8863
et-en Dev loss: 0.3136 r:0.7701
si-en Dev loss: 0.3679 r:0.6830
ne-en Dev loss: 0.3047 r:0.7779
ru-en Dev loss: 0.4769 r:0.7018
Current avg r:0.6775 Best avg r: 0.6899
Epoch 2 Global steps: 18000 Train loss: 0.4954
en-de Dev loss: 0.4704 r:0.4550
en-zh Dev loss: 0.3916 r:0.4823
ro-en Dev loss: 0.2267 r:0.8869
et-en Dev loss: 0.3148 r:0.7722
si-en Dev loss: 0.3905 r:0.6756
ne-en Dev loss: 0.2866 r:0.7808
ru-en Dev loss: 0.4338 r:0.7180
Current avg r:0.6815 Best avg r: 0.6899
Epoch 2 Global steps: 18500 Train loss: 0.4770
en-de Dev loss: 0.5175 r:0.4559
en-zh Dev loss: 0.4276 r:0.4823
ro-en Dev loss: 0.2440 r:0.8828
et-en Dev loss: 0.3435 r:0.7706
si-en Dev loss: 0.4309 r:0.6872
ne-en Dev loss: 0.3293 r:0.7810
ru-en Dev loss: 0.4797 r:0.7148
Current avg r:0.6821 Best avg r: 0.6899
Epoch 2 Global steps: 19000 Train loss: 0.4579
en-de Dev loss: 0.5150 r:0.4575
en-zh Dev loss: 0.4268 r:0.4688
ro-en Dev loss: 0.2413 r:0.8751
et-en Dev loss: 0.3331 r:0.7600
si-en Dev loss: 0.3918 r:0.6742
ne-en Dev loss: 0.3113 r:0.7760
ru-en Dev loss: 0.4711 r:0.7089
Current avg r:0.6744 Best avg r: 0.6899
Epoch 2 Global steps: 19500 Train loss: 0.4392
en-de Dev loss: 0.5360 r:0.4619
en-zh Dev loss: 0.4204 r:0.4881
ro-en Dev loss: 0.2872 r:0.8794
et-en Dev loss: 0.3788 r:0.7628
si-en Dev loss: 0.4258 r:0.6725
ne-en Dev loss: 0.3316 r:0.7744
ru-en Dev loss: 0.4977 r:0.7137
Current avg r:0.6790 Best avg r: 0.6899
Epoch 2 Global steps: 20000 Train loss: 0.4842
en-de Dev loss: 0.4708 r:0.4629
en-zh Dev loss: 0.3909 r:0.5001
ro-en Dev loss: 0.2327 r:0.8828
et-en Dev loss: 0.3241 r:0.7731
si-en Dev loss: 0.3434 r:0.6964
ne-en Dev loss: 0.3021 r:0.7837
ru-en Dev loss: 0.4481 r:0.7162
Current avg r:0.6879 Best avg r: 0.6899
Epoch 2 Global steps: 20500 Train loss: 0.4625
en-de Dev loss: 0.5091 r:0.4529
en-zh Dev loss: 0.4156 r:0.4635
ro-en Dev loss: 0.2854 r:0.8661
et-en Dev loss: 0.3805 r:0.7473
si-en Dev loss: 0.4077 r:0.6689
ne-en Dev loss: 0.3227 r:0.7727
ru-en Dev loss: 0.5305 r:0.6788
Current avg r:0.6643 Best avg r: 0.6899
Epoch 2 Global steps: 21000 Train loss: 0.4474
en-de Dev loss: 0.5174 r:0.4628
en-zh Dev loss: 0.4192 r:0.4736
ro-en Dev loss: 0.2915 r:0.8783
et-en Dev loss: 0.4021 r:0.7591
si-en Dev loss: 0.4241 r:0.6782
ne-en Dev loss: 0.3454 r:0.7790
ru-en Dev loss: 0.5589 r:0.6816
Current avg r:0.6732 Best avg r: 0.6899
Epoch 3 Global steps: 21500 Train loss: 0.4597
en-de Dev loss: 0.5419 r:0.4659
en-zh Dev loss: 0.4344 r:0.4672
ro-en Dev loss: 0.2732 r:0.8758
et-en Dev loss: 0.3801 r:0.7573
si-en Dev loss: 0.4165 r:0.6768
ne-en Dev loss: 0.3227 r:0.7743
ru-en Dev loss: 0.5450 r:0.6884
Current avg r:0.6722 Best avg r: 0.6899
Epoch 3 Global steps: 22000 Train loss: 0.4474
en-de Dev loss: 0.4786 r:0.4708
en-zh Dev loss: 0.4037 r:0.4719
ro-en Dev loss: 0.2257 r:0.8786
et-en Dev loss: 0.3164 r:0.7671
si-en Dev loss: 0.3536 r:0.6849
ne-en Dev loss: 0.2847 r:0.7761
ru-en Dev loss: 0.4809 r:0.6888
Current avg r:0.6769 Best avg r: 0.6899
Epoch 3 Global steps: 22500 Train loss: 0.4394
en-de Dev loss: 0.4743 r:0.4803
en-zh Dev loss: 0.4008 r:0.4886
ro-en Dev loss: 0.2208 r:0.8841
et-en Dev loss: 0.3185 r:0.7689
si-en Dev loss: 0.3563 r:0.6932
ne-en Dev loss: 0.2866 r:0.7797
ru-en Dev loss: 0.4601 r:0.7091
Current avg r:0.6863 Best avg r: 0.6899
Epoch 3 Global steps: 23000 Train loss: 0.4230
en-de Dev loss: 0.5479 r:0.4700
en-zh Dev loss: 0.4371 r:0.4779
ro-en Dev loss: 0.3049 r:0.8817
et-en Dev loss: 0.3880 r:0.7629
si-en Dev loss: 0.5725 r:0.6794
ne-en Dev loss: 0.5095 r:0.7767
ru-en Dev loss: 0.5289 r:0.7018
Current avg r:0.6786 Best avg r: 0.6899
Epoch 3 Global steps: 23500 Train loss: 0.4284
en-de Dev loss: 0.4584 r:0.4752
en-zh Dev loss: 0.4121 r:0.4895
ro-en Dev loss: 0.1988 r:0.8855
et-en Dev loss: 0.3125 r:0.7707
si-en Dev loss: 0.3673 r:0.6984
ne-en Dev loss: 0.2969 r:0.7877
ru-en Dev loss: 0.4423 r:0.7103
Current avg r:0.6882 Best avg r: 0.6899
Epoch 3 Global steps: 24000 Train loss: 0.4422
en-de Dev loss: 0.4585 r:0.4764
en-zh Dev loss: 0.4136 r:0.4999
ro-en Dev loss: 0.2057 r:0.8826
et-en Dev loss: 0.3076 r:0.7723
si-en Dev loss: 0.3813 r:0.6919
ne-en Dev loss: 0.3133 r:0.7892
ru-en Dev loss: 0.4311 r:0.7163
Current avg r:0.6898 Best avg r: 0.6899
Epoch 3 Global steps: 24500 Train loss: 0.3987
en-de Dev loss: 0.5126 r:0.4708
en-zh Dev loss: 0.4195 r:0.4783
ro-en Dev loss: 0.2388 r:0.8740
et-en Dev loss: 0.3243 r:0.7663
si-en Dev loss: 0.3974 r:0.6809
ne-en Dev loss: 0.3471 r:0.7798
ru-en Dev loss: 0.4562 r:0.7103
Current avg r:0.6801 Best avg r: 0.6899
Epoch 3 Global steps: 25000 Train loss: 0.4148
en-de Dev loss: 0.5173 r:0.4601
en-zh Dev loss: 0.4281 r:0.4506
ro-en Dev loss: 0.2527 r:0.8660
et-en Dev loss: 0.3368 r:0.7541
si-en Dev loss: 0.3974 r:0.6681
ne-en Dev loss: 0.3348 r:0.7664
ru-en Dev loss: 0.4986 r:0.6824
Current avg r:0.6639 Best avg r: 0.6899
Epoch 3 Global steps: 25500 Train loss: 0.4515
en-de Dev loss: 0.4746 r:0.4789
en-zh Dev loss: 0.4285 r:0.4738
ro-en Dev loss: 0.2536 r:0.8732
et-en Dev loss: 0.3526 r:0.7532
si-en Dev loss: 0.4426 r:0.6770
ne-en Dev loss: 0.3633 r:0.7765
ru-en Dev loss: 0.4913 r:0.6968
Current avg r:0.6756 Best avg r: 0.6899
Epoch 3 Global steps: 26000 Train loss: 0.4482
en-de Dev loss: 0.4644 r:0.4843
en-zh Dev loss: 0.3989 r:0.4795
ro-en Dev loss: 0.2262 r:0.8799
et-en Dev loss: 0.3211 r:0.7647
si-en Dev loss: 0.3889 r:0.6886
ne-en Dev loss: 0.3960 r:0.7823
ru-en Dev loss: 0.4436 r:0.7087
Current avg r:0.6840 Best avg r: 0.6899
Epoch 3 Global steps: 26500 Train loss: 0.4586
en-de Dev loss: 0.5097 r:0.4743
en-zh Dev loss: 0.4360 r:0.4594
ro-en Dev loss: 0.2609 r:0.8743
et-en Dev loss: 0.3495 r:0.7550
si-en Dev loss: 0.4318 r:0.6796
ne-en Dev loss: 0.4430 r:0.7749
ru-en Dev loss: 0.4891 r:0.7011
Current avg r:0.6741 Best avg r: 0.6899
Epoch 3 Global steps: 27000 Train loss: 0.4734
en-de Dev loss: 0.4721 r:0.4712
en-zh Dev loss: 0.4161 r:0.4755
ro-en Dev loss: 0.2392 r:0.8750
et-en Dev loss: 0.3334 r:0.7585
si-en Dev loss: 0.3963 r:0.6853
ne-en Dev loss: 0.4924 r:0.7768
ru-en Dev loss: 0.4641 r:0.7052
Current avg r:0.6782 Best avg r: 0.6899
Epoch 3 Global steps: 27500 Train loss: 0.4315
en-de Dev loss: 0.4753 r:0.4786
en-zh Dev loss: 0.4134 r:0.4755
ro-en Dev loss: 0.2198 r:0.8805
et-en Dev loss: 0.3166 r:0.7694
si-en Dev loss: 0.3667 r:0.6949
ne-en Dev loss: 0.3754 r:0.7792
ru-en Dev loss: 0.4532 r:0.7129
Current avg r:0.6844 Best avg r: 0.6899
Epoch 3 Global steps: 28000 Train loss: 0.4312
en-de Dev loss: 0.4514 r:0.4909
en-zh Dev loss: 0.3978 r:0.5019
ro-en Dev loss: 0.2298 r:0.8844
et-en Dev loss: 0.3442 r:0.7644
si-en Dev loss: 0.4169 r:0.6878
ne-en Dev loss: 0.4268 r:0.7797
ru-en Dev loss: 0.4487 r:0.7207
Current avg r:0.6900 Best avg r: 0.6900
Epoch 4 Global steps: 28500 Train loss: 0.3858
en-de Dev loss: 0.5215 r:0.4784
en-zh Dev loss: 0.4489 r:0.4730
ro-en Dev loss: 0.2879 r:0.8763
et-en Dev loss: 0.3960 r:0.7544
si-en Dev loss: 0.5276 r:0.6752
ne-en Dev loss: 0.4052 r:0.7755
ru-en Dev loss: 0.5595 r:0.6933
Current avg r:0.6752 Best avg r: 0.6900
Epoch 4 Global steps: 29000 Train loss: 0.4063
en-de Dev loss: 0.4755 r:0.4732
en-zh Dev loss: 0.4066 r:0.4748
ro-en Dev loss: 0.2220 r:0.8784
et-en Dev loss: 0.3143 r:0.7650
si-en Dev loss: 0.3420 r:0.6907
ne-en Dev loss: 0.2951 r:0.7750
ru-en Dev loss: 0.4599 r:0.7028
Current avg r:0.6800 Best avg r: 0.6900
Epoch 4 Global steps: 29500 Train loss: 0.4067
en-de Dev loss: 0.4571 r:0.4737
en-zh Dev loss: 0.4257 r:0.4834
ro-en Dev loss: 0.2156 r:0.8778
et-en Dev loss: 0.3209 r:0.7626
si-en Dev loss: 0.3635 r:0.6868
ne-en Dev loss: 0.3015 r:0.7754
ru-en Dev loss: 0.4552 r:0.7059
Current avg r:0.6808 Best avg r: 0.6900
Epoch 4 Global steps: 30000 Train loss: 0.3869
en-de Dev loss: 0.5297 r:0.4795
en-zh Dev loss: 0.4516 r:0.4816
ro-en Dev loss: 0.2819 r:0.8773
et-en Dev loss: 0.3913 r:0.7573
si-en Dev loss: 0.4275 r:0.6887
ne-en Dev loss: 0.3986 r:0.7780
ru-en Dev loss: 0.5495 r:0.6996
Current avg r:0.6803 Best avg r: 0.6900
Epoch 4 Global steps: 30500 Train loss: 0.3954
en-de Dev loss: 0.5055 r:0.4746
en-zh Dev loss: 0.4545 r:0.4609
ro-en Dev loss: 0.2524 r:0.8742
et-en Dev loss: 0.3562 r:0.7571
si-en Dev loss: 0.4318 r:0.6781
ne-en Dev loss: 0.3818 r:0.7697
ru-en Dev loss: 0.5178 r:0.6925
Current avg r:0.6725 Best avg r: 0.6900
Epoch 4 Global steps: 31000 Train loss: 0.3763
en-de Dev loss: 0.4911 r:0.4750
en-zh Dev loss: 0.4260 r:0.4666
ro-en Dev loss: 0.2813 r:0.8721
et-en Dev loss: 0.3893 r:0.7445
si-en Dev loss: 0.4693 r:0.6631
ne-en Dev loss: 0.5251 r:0.7661
ru-en Dev loss: 0.5119 r:0.6873
Current avg r:0.6678 Best avg r: 0.6900
Epoch 4 Global steps: 31500 Train loss: 0.4309
en-de Dev loss: 0.4261 r:0.4994
en-zh Dev loss: 0.4263 r:0.4773
ro-en Dev loss: 0.2086 r:0.8824
et-en Dev loss: 0.3220 r:0.7612
si-en Dev loss: 0.3827 r:0.6858
ne-en Dev loss: 0.3411 r:0.7802
ru-en Dev loss: 0.4261 r:0.7171
Current avg r:0.6862 Best avg r: 0.6900
Epoch 4 Global steps: 32000 Train loss: 0.4141
en-de Dev loss: 0.4651 r:0.4952
en-zh Dev loss: 0.4404 r:0.4664
ro-en Dev loss: 0.2462 r:0.8784
et-en Dev loss: 0.3479 r:0.7555
si-en Dev loss: 0.4087 r:0.6821
ne-en Dev loss: 0.3831 r:0.7737
ru-en Dev loss: 0.5046 r:0.6948
Current avg r:0.6780 Best avg r: 0.6900
Epoch 4 Global steps: 32500 Train loss: 0.4019
en-de Dev loss: 0.4379 r:0.5001
en-zh Dev loss: 0.4128 r:0.4662
ro-en Dev loss: 0.2004 r:0.8849
et-en Dev loss: 0.3128 r:0.7659
si-en Dev loss: 0.3454 r:0.6920
ne-en Dev loss: 0.2883 r:0.7774
ru-en Dev loss: 0.4467 r:0.7052
Current avg r:0.6845 Best avg r: 0.6900
Epoch 4 Global steps: 33000 Train loss: 0.4175
en-de Dev loss: 0.4666 r:0.4924
en-zh Dev loss: 0.4308 r:0.4608
ro-en Dev loss: 0.2238 r:0.8784
et-en Dev loss: 0.3306 r:0.7583
si-en Dev loss: 0.3629 r:0.6848
ne-en Dev loss: 0.2973 r:0.7743
ru-en Dev loss: 0.4731 r:0.6972
Current avg r:0.6780 Best avg r: 0.6900
Epoch 4 Global steps: 33500 Train loss: 0.4174
en-de Dev loss: 0.4684 r:0.4803
en-zh Dev loss: 0.4071 r:0.4757
ro-en Dev loss: 0.2253 r:0.8814
et-en Dev loss: 0.3441 r:0.7549
si-en Dev loss: 0.3829 r:0.6825
ne-en Dev loss: 0.3530 r:0.7768
ru-en Dev loss: 0.4841 r:0.6863
Current avg r:0.6768 Best avg r: 0.6900
Epoch 4 Global steps: 34000 Train loss: 0.4134
en-de Dev loss: 0.4784 r:0.5034
en-zh Dev loss: 0.4488 r:0.4574
ro-en Dev loss: 0.2663 r:0.8764
et-en Dev loss: 0.4094 r:0.7411
si-en Dev loss: 0.4666 r:0.6737
ne-en Dev loss: 0.4746 r:0.7727
ru-en Dev loss: 0.5490 r:0.6702
Current avg r:0.6707 Best avg r: 0.6900
Epoch 4 Global steps: 34500 Train loss: 0.4097
en-de Dev loss: 0.4539 r:0.4982
en-zh Dev loss: 0.4181 r:0.4745
ro-en Dev loss: 0.2161 r:0.8834
et-en Dev loss: 0.3490 r:0.7538
si-en Dev loss: 0.3625 r:0.6968
ne-en Dev loss: 0.3031 r:0.7864
ru-en Dev loss: 0.5062 r:0.6821
Current avg r:0.6822 Best avg r: 0.6900
Epoch 4 Global steps: 35000 Train loss: 0.4405
en-de Dev loss: 0.4610 r:0.4857
en-zh Dev loss: 0.4132 r:0.4656
ro-en Dev loss: 0.2420 r:0.8749
et-en Dev loss: 0.3690 r:0.7461
si-en Dev loss: 0.3647 r:0.6889
ne-en Dev loss: 0.4592 r:0.7707
ru-en Dev loss: 0.5225 r:0.6720
Current avg r:0.6720 Best avg r: 0.6900
Epoch 5 Global steps: 35500 Train loss: 0.3859
en-de Dev loss: 0.4573 r:0.4965
en-zh Dev loss: 0.4502 r:0.4728
ro-en Dev loss: 0.2329 r:0.8791
et-en Dev loss: 0.3727 r:0.7512
si-en Dev loss: 0.3849 r:0.6907
ne-en Dev loss: 0.3366 r:0.7766
ru-en Dev loss: 0.5184 r:0.6884
Current avg r:0.6793 Best avg r: 0.6900
Epoch 5 Global steps: 36000 Train loss: 0.3734
en-de Dev loss: 0.4688 r:0.4931
en-zh Dev loss: 0.4481 r:0.4726
ro-en Dev loss: 0.2521 r:0.8779
et-en Dev loss: 0.4035 r:0.7441
si-en Dev loss: 0.4630 r:0.6871
ne-en Dev loss: 0.3879 r:0.7752
ru-en Dev loss: 0.5351 r:0.6838
Current avg r:0.6763 Best avg r: 0.6900
Epoch 5 Global steps: 36500 Train loss: 0.3720
en-de Dev loss: 0.4683 r:0.4880
en-zh Dev loss: 0.4474 r:0.4576
ro-en Dev loss: 0.2410 r:0.8734
et-en Dev loss: 0.3752 r:0.7442
si-en Dev loss: 0.4356 r:0.6840
ne-en Dev loss: 0.3688 r:0.7702
ru-en Dev loss: 0.5682 r:0.6541
Current avg r:0.6674 Best avg r: 0.6900
Epoch 5 Global steps: 37000 Train loss: 0.3644
en-de Dev loss: 0.5299 r:0.4801
en-zh Dev loss: 0.4658 r:0.4436
ro-en Dev loss: 0.2923 r:0.8639
et-en Dev loss: 0.4053 r:0.7372
si-en Dev loss: 0.4816 r:0.6714
ne-en Dev loss: 0.3735 r:0.7727
ru-en Dev loss: 0.5742 r:0.6656
Current avg r:0.6621 Best avg r: 0.6900
Epoch 5 Global steps: 37500 Train loss: 0.3722
en-de Dev loss: 0.4640 r:0.4815
en-zh Dev loss: 0.4331 r:0.4452
ro-en Dev loss: 0.2344 r:0.8709
et-en Dev loss: 0.3564 r:0.7420
si-en Dev loss: 0.4358 r:0.6749
ne-en Dev loss: 0.3688 r:0.7665
ru-en Dev loss: 0.5115 r:0.6732
Current avg r:0.6649 Best avg r: 0.6900
Epoch 5 Global steps: 38000 Train loss: 0.3765
en-de Dev loss: 0.4757 r:0.4821
en-zh Dev loss: 0.4368 r:0.4699
ro-en Dev loss: 0.2298 r:0.8810
et-en Dev loss: 0.3455 r:0.7586
si-en Dev loss: 0.4151 r:0.6872
ne-en Dev loss: 0.3427 r:0.7778
ru-en Dev loss: 0.4760 r:0.7047
Current avg r:0.6802 Best avg r: 0.6900
Epoch 5 Global steps: 38500 Train loss: 0.3698
en-de Dev loss: 0.4606 r:0.4798
en-zh Dev loss: 0.4455 r:0.4629
ro-en Dev loss: 0.2305 r:0.8759
et-en Dev loss: 0.3632 r:0.7523
si-en Dev loss: 0.4727 r:0.6799
ne-en Dev loss: 0.3627 r:0.7737
ru-en Dev loss: 0.4781 r:0.7022
Current avg r:0.6752 Best avg r: 0.6900
Epoch 5 Global steps: 39000 Train loss: 0.3690
en-de Dev loss: 0.4868 r:0.4667
en-zh Dev loss: 0.4327 r:0.4534
ro-en Dev loss: 0.2515 r:0.8698
et-en Dev loss: 0.3818 r:0.7412
si-en Dev loss: 0.4762 r:0.6759
ne-en Dev loss: 0.3969 r:0.7728
ru-en Dev loss: 0.5025 r:0.6871
Current avg r:0.6667 Best avg r: 0.6900
Epoch 5 Global steps: 39500 Train loss: 0.3788
en-de Dev loss: 0.4920 r:0.4663
en-zh Dev loss: 0.4132 r:0.4562
ro-en Dev loss: 0.2478 r:0.8713
et-en Dev loss: 0.3810 r:0.7369
si-en Dev loss: 0.4198 r:0.6713
ne-en Dev loss: 0.3626 r:0.7633
ru-en Dev loss: 0.4713 r:0.6956
Current avg r:0.6659 Best avg r: 0.6900
Epoch 5 Global steps: 40000 Train loss: 0.3805
en-de Dev loss: 0.5494 r:0.4688
en-zh Dev loss: 0.4610 r:0.4660
ro-en Dev loss: 0.2913 r:0.8752
et-en Dev loss: 0.4343 r:0.7391
si-en Dev loss: 0.4809 r:0.6882
ne-en Dev loss: 0.3548 r:0.7726
ru-en Dev loss: 0.5555 r:0.6926
Current avg r:0.6718 Best avg r: 0.6900
Epoch 5 Global steps: 40500 Train loss: 0.3422
en-de Dev loss: 0.4765 r:0.4702
en-zh Dev loss: 0.4252 r:0.4764
ro-en Dev loss: 0.2229 r:0.8771
et-en Dev loss: 0.3532 r:0.7468
si-en Dev loss: 0.3801 r:0.6859
ne-en Dev loss: 0.2975 r:0.7748
ru-en Dev loss: 0.4755 r:0.6998
Current avg r:0.6759 Best avg r: 0.6900
Epoch 5 Global steps: 41000 Train loss: 0.3901
en-de Dev loss: 0.5043 r:0.4668
en-zh Dev loss: 0.4488 r:0.4509
ro-en Dev loss: 0.2508 r:0.8741
et-en Dev loss: 0.3935 r:0.7317
si-en Dev loss: 0.4375 r:0.6786
ne-en Dev loss: 0.3674 r:0.7719
ru-en Dev loss: 0.4859 r:0.7013
Current avg r:0.6679 Best avg r: 0.6900
